#
# A fatal error has been detected by the Java Runtime Environment:
#
#  EXCEPTION_ACCESS_VIOLATION (0xc0000005) at pc=0x00007ffe359796a6, pid=23612, tid=14964
#
# JRE version: Java(TM) SE Runtime Environment (17.0.1+12) (build 17.0.1+12-LTS-39)
# Java VM: Java HotSpot(TM) 64-Bit Server VM (17.0.1+12-LTS-39, mixed mode, sharing, tiered, compressed oops, compressed class ptrs, g1 gc, windows-amd64)
# Problematic frame:
# C  [msvcrt.dll+0x796a6]
#
# No core dump will be written. Minidumps are not enabled by default on client versions of Windows
#
# If you would like to submit a bug report, please visit:
#   https://bugreport.java.com/bugreport/crash.jsp
# The crash happened outside the Java Virtual Machine in native code.
# See problematic frame for where to report the bug.
#

---------------  S U M M A R Y ------------

Command Line: -XX:+ShowCodeDetailsInExceptionMessages inf112.skeleton.app.Main

Host: 11th Gen Intel(R) Core(TM) i7-1165G7 @ 2.80GHz, 8 cores, 15G,  Windows 10 , 64 bit Build 22621 (10.0.22621.3374)
Time: Sun Apr 28 20:15:24 2024 Vest-Europa (sommertid) elapsed time: 5.496229 seconds (0d 0h 0m 5s)

---------------  T H R E A D  ---------------

Current thread (0x000001807fca6a30):  JavaThread "main" [_thread_in_native, id=14964, stack(0x0000004a62900000,0x0000004a62a00000)]

Stack: [0x0000004a62900000,0x0000004a62a00000],  sp=0x0000004a629fe998,  free space=1018k
Native frames: (J=compiled Java code, j=interpreted, Vv=VM code, C=native code)
C  [msvcrt.dll+0x796a6]
C  [gdx64.dll+0x20e6]

Java frames: (J=compiled Java code, j=interpreted, Vv=VM code)
J 1278  com.badlogic.gdx.utils.BufferUtils.copyJni([FLjava/nio/Buffer;II)V (0 bytes) @ 0x0000018010684218 [0x00000180106841a0+0x0000000000000078]
J 1327 c1 com.badlogic.gdx.utils.BufferUtils.copy([FLjava/nio/Buffer;II)V (45 bytes) @ 0x000001800935409c [0x0000018009353c00+0x000000000000049c]
J 1262 c1 com.badlogic.gdx.graphics.glutils.VertexArray.setVertices([FII)V (29 bytes) @ 0x0000018009329cf4 [0x0000018009329c60+0x0000000000000094]
J 1211 c1 com.badlogic.gdx.graphics.g2d.SpriteBatch.flush()V (196 bytes) @ 0x0000018009308c6c [0x0000018009308860+0x000000000000040c]
J 1231 c1 com.badlogic.gdx.graphics.g2d.SpriteBatch.end()V (66 bytes) @ 0x000001800930fba4 [0x000001800930faa0+0x0000000000000104]
j  com.badlogic.gdx.maps.tiled.renderers.BatchTiledMapRenderer.endRender()V+4
j  com.badlogic.gdx.maps.tiled.renderers.BatchTiledMapRenderer.render()V+43
j  inf112.Screens.ShowGame.drawGameWorld()V+4
j  inf112.Screens.ShowGame.render(F)V+12
j  com.badlogic.gdx.Game.render()V+19
j  com.badlogic.gdx.backends.lwjgl3.Lwjgl3Window.update()Z+187
j  com.badlogic.gdx.backends.lwjgl3.Lwjgl3Application.loop()V+111
j  com.badlogic.gdx.backends.lwjgl3.Lwjgl3Application.<init>(Lcom/badlogic/gdx/ApplicationListener;Lcom/badlogic/gdx/backends/lwjgl3/Lwjgl3ApplicationConfiguration;)V+269
j  inf112.skeleton.app.Main.main([Ljava/lang/String;)V+17
v  ~StubRoutines::call_stub

siginfo: EXCEPTION_ACCESS_VIOLATION (0xc0000005), writing address 0x0000018027730000


Register to memory mapping:

RIP=0x00007ffe359796a6 msvcrt.dll
RAX=0x000001802772fc10 points into unknown readable memory: 0x400f5c2900000000 | 00 00 00 00 29 5c 0f 40
RBX=0x000000071169ffe8 is pointing into object: [F 
{0x000000071169ffd8} - klass: {type array float}
 - length: 20000
RCX=0x0000018027730020 is an unknown value
RDX=0xfffffe86e9f703d8 is an unknown value
RSP=0x0000004a629fe998 is pointing into the stack for thread: 0x000001807fca6a30
RBP=0x0000004a629fea70 is pointing into the stack for thread: 0x000001807fca6a30
RSI=0x0000000000002328 is an unknown value
RDI=0x0 is NULL
R8 =0x0000000000000010 is an unknown value
R9 =0x0000000000000222 is an unknown value
R10=0x00007ffd8bd62970 jvm.dll
R11=0x00000007116a8c88 is pointing into object: [F 
{0x000000071169ffd8} - klass: {type array float}
 - length: 20000
R12=0x000001807fca6cd8 points into unknown readable memory: 0x0000018024cc0690 | 90 06 cc 24 80 01 00 00
R13=0x000001802772fc10 points into unknown readable memory: 0x400f5c2900000000 | 00 00 00 00 29 5c 0f 40
R14=0x0000004a629fea30 is pointing into the stack for thread: 0x000001807fca6a30
R15=0x000001807fca6a30 is a thread


Registers:
RAX=0x000001802772fc10, RBX=0x000000071169ffe8, RCX=0x0000018027730020, RDX=0xfffffe86e9f703d8
RSP=0x0000004a629fe998, RBP=0x0000004a629fea70, RSI=0x0000000000002328, RDI=0x0000000000000000
R8 =0x0000000000000010, R9 =0x0000000000000222, R10=0x00007ffd8bd62970, R11=0x00000007116a8c88
R12=0x000001807fca6cd8, R13=0x000001802772fc10, R14=0x0000004a629fea30, R15=0x000001807fca6a30
RIP=0x00007ffe359796a6, EFLAGS=0x0000000000010206

Top of Stack: (sp=0x0000004a629fe998)
0x0000004a629fe998:   000000006e7020e6 0000000000000158
0x0000004a629fe9a8:   0000000000002328 0000018008b48e10
0x0000004a629fe9b8:   0000018000000000 0000004a629feb68
0x0000004a629fe9c8:   0000000000000158 0000000711997118
0x0000004a629fe9d8:   0000000000000000 0000000000000000
0x0000004a629fe9e8:   0000004a629fecb0 0000004a629fea60
0x0000004a629fe9f8:   00000180106842b8 0000004a629fed00
0x0000004a629fea08:   0000018009294434 0000004a629fea60
0x0000004a629fea18:   0000000000004e20 0000000000002328
0x0000004a629fea28:   0000000000000000 000000071169ffd8
0x0000004a629fea38:   0000000711997118 0000000000000014
0x0000004a629fea48:   00000007116a8c38 000000071168f818
0x0000004a629fea58:   0000000711997118 0000000711996f08
0x0000004a629fea68:   000001801067cca9 0000004a629fed00
0x0000004a629fea78:   000001800935409c 0000004a629feae8
0x0000004a629fea88:   0000018008b49588 0000018008b49588 

Instructions: (pc=0x00007ffe359796a6)
0x00007ffe359795a6:   0f 10 02 42 0f 10 4c 02 f0 0f 11 01 42 0f 11 4c
0x00007ffe359795b6:   01 f0 c3 0f 1f 80 00 00 00 00 4d 85 c0 74 15 48
0x00007ffe359795c6:   2b d1 72 16 44 8a 1c 11 48 ff c1 49 ff c8 44 88
0x00007ffe359795d6:   59 ff 75 f0 c3 0f 1f 44 00 00 49 03 c8 44 8a 5c
0x00007ffe359795e6:   11 ff 48 ff c9 49 ff c8 44 88 19 75 f0 c3 66 66
0x00007ffe359795f6:   66 66 0f 1f 84 00 00 00 00 00 4e 8d 1c 02 48 2b
0x00007ffe35979606:   d1 73 09 4c 3b d9 0f 87 6e 01 00 00 0f 10 04 11
0x00007ffe35979616:   48 83 c1 10 f6 c1 0f 74 12 48 83 e1 f0 0f 10 0c
0x00007ffe35979626:   11 0f 11 00 0f 28 c1 48 83 c1 10 4c 03 c0 4c 2b
0x00007ffe35979636:   c1 4d 8b c8 49 c1 e9 06 74 6f 49 81 f9 00 10 00
0x00007ffe35979646:   00 0f 87 b3 00 00 00 49 83 e0 3f eb 2d 66 66 66
0x00007ffe35979656:   66 66 66 66 0f 1f 84 00 00 00 00 00 66 66 66 66
0x00007ffe35979666:   66 66 66 0f 1f 84 00 00 00 00 00 66 66 66 66 66
0x00007ffe35979676:   66 66 0f 1f 84 00 00 00 00 00 0f 10 0c 11 0f 10
0x00007ffe35979686:   54 11 10 0f 10 5c 11 20 0f 10 64 11 30 0f 29 41
0x00007ffe35979696:   f0 48 83 c1 40 49 ff c9 0f 29 49 c0 0f 29 51 d0
0x00007ffe359796a6:   0f 29 59 e0 0f 28 c4 75 d1 4d 8b c8 49 c1 e9 04
0x00007ffe359796b6:   74 19 0f 1f 84 00 00 00 00 00 0f 29 41 f0 0f 10
0x00007ffe359796c6:   04 11 48 83 c1 10 49 ff c9 75 ef 49 83 e0 0f 74
0x00007ffe359796d6:   0e 4e 8d 5c 01 f0 41 0f 10 0c 13 41 0f 11 0b 0f
0x00007ffe359796e6:   29 41 f0 c3 66 66 66 66 66 66 66 0f 1f 84 00 00
0x00007ffe359796f6:   00 00 00 0f 1f 80 00 00 00 00 4d 8b c8 49 c1 e9
0x00007ffe35979706:   06 49 83 e0 3f 0f 18 44 11 40 eb 2e 66 66 66 66
0x00007ffe35979716:   66 66 66 0f 1f 84 00 00 00 00 00 66 66 66 66 66
0x00007ffe35979726:   66 66 0f 1f 84 00 00 00 00 00 66 66 66 66 66 66
0x00007ffe35979736:   66 0f 1f 84 00 00 00 00 00 90 0f 10 0c 11 0f 10
0x00007ffe35979746:   54 11 10 0f 10 5c 11 20 0f 10 64 11 30 0f 2b 41
0x00007ffe35979756:   f0 48 83 c1 40 0f 18 44 11 40 49 ff c9 0f 2b 49
0x00007ffe35979766:   c0 0f 2b 51 d0 0f 2b 59 e0 0f 28 c4 75 cc 0f ae
0x00007ffe35979776:   f8 e9 33 ff ff ff 0f 1f 40 00 49 03 c8 0f 10 44
0x00007ffe35979786:   11 f0 48 83 e9 10 49 83 e8 10 f6 c1 0f 74 18 4c
0x00007ffe35979796:   8b d9 48 83 e1 f0 0f 10 0c 11 41 0f 11 03 0f 28 


Stack slot to memory mapping:
stack at sp + 0 slots: 0x000000006e7020e6 gdx64.dll
stack at sp + 1 slots: 0x0000000000000158 is an unknown value
stack at sp + 2 slots: 0x0000000000002328 is an unknown value
stack at sp + 3 slots: 0x0000018008b48e10 is at code_begin+-112 in 
[CodeBlob (0x0000018008b48e10)]
Framesize: 0
BufferBlob (0x0000018008b48e10) used for Interpreter
stack at sp + 4 slots: 0x0000018000000000 points into unknown readable memory: 0x0000000000001400 | 00 14 00 00 00 00 00 00
stack at sp + 5 slots: 0x0000004a629feb68 is pointing into the stack for thread: 0x000001807fca6a30
stack at sp + 6 slots: 0x0000000000000158 is an unknown value
stack at sp + 7 slots: 0x0000000711997118 is an oop: java.nio.DirectByteBuffer 
{0x0000000711997118} - klass: 'java/nio/DirectByteBuffer'
 - ---- fields (total size 8 words):
 - private 'mark' 'I' @12  -1 (ffffffff)
 - 'address' 'J' @16  1649929288720 (2772fc10 180)
 - private 'position' 'I' @24  8
 - private 'limit' 'I' @28  36000 (8ca0)
 - private 'capacity' 'I' @32  80000 (13880)
 - final 'segment' 'Ljdk/internal/access/foreign/MemorySegmentProxy;' @36  NULL (0)
 - final 'offset' 'I' @40  0
 - 'isReadOnly' 'Z' @44  false
 - 'bigEndian' 'Z' @45  false
 - 'nativeByteOrder' 'Z' @46  true
 - final 'hb' '[B' @48  NULL (0)
 - private final 'isSync' 'Z' @47  false
 - private final 'fd' 'Ljava/io/FileDescriptor;' @52  NULL (0)
 - private final 'att' 'Ljava/lang/Object;' @56  NULL (0)
 - private final 'cleaner' 'Ljdk/internal/ref/Cleaner;' @60  NULL (0)


---------------  P R O C E S S  ---------------

Threads class SMR info:
_java_thread_list=0x00000180270555e0, length=14, elements={
0x000001807fca6a30, 0x0000018023cf59c0, 0x0000018023cf7380, 0x0000018023d0dfc0,
0x0000018023d0f890, 0x0000018023d12160, 0x0000018023d12a20, 0x0000018023d136c0,
0x0000018023d17570, 0x0000018023d21e90, 0x00000180249246f0, 0x0000018024929370,
0x00000180251b2c50, 0x0000018026d7c9d0
}

Java Threads: ( => current thread )
=>0x000001807fca6a30 JavaThread "main" [_thread_in_native, id=14964, stack(0x0000004a62900000,0x0000004a62a00000)]
  0x0000018023cf59c0 JavaThread "Reference Handler" daemon [_thread_blocked, id=22880, stack(0x0000004a63000000,0x0000004a63100000)]
  0x0000018023cf7380 JavaThread "Finalizer" daemon [_thread_blocked, id=19948, stack(0x0000004a63100000,0x0000004a63200000)]
  0x0000018023d0dfc0 JavaThread "Signal Dispatcher" daemon [_thread_blocked, id=19356, stack(0x0000004a63200000,0x0000004a63300000)]
  0x0000018023d0f890 JavaThread "Attach Listener" daemon [_thread_blocked, id=13240, stack(0x0000004a63300000,0x0000004a63400000)]
  0x0000018023d12160 JavaThread "Service Thread" daemon [_thread_blocked, id=16348, stack(0x0000004a63400000,0x0000004a63500000)]
  0x0000018023d12a20 JavaThread "Monitor Deflation Thread" daemon [_thread_blocked, id=12048, stack(0x0000004a63500000,0x0000004a63600000)]
  0x0000018023d136c0 JavaThread "C2 CompilerThread0" daemon [_thread_blocked, id=9400, stack(0x0000004a63600000,0x0000004a63700000)]
  0x0000018023d17570 JavaThread "C1 CompilerThread0" daemon [_thread_blocked, id=22112, stack(0x0000004a63700000,0x0000004a63800000)]
  0x0000018023d21e90 JavaThread "Sweeper thread" daemon [_thread_blocked, id=18456, stack(0x0000004a63800000,0x0000004a63900000)]
  0x00000180249246f0 JavaThread "Notification Thread" daemon [_thread_blocked, id=7120, stack(0x0000004a63900000,0x0000004a63a00000)]
  0x0000018024929370 JavaThread "Common-Cleaner" daemon [_thread_blocked, id=20452, stack(0x0000004a63b00000,0x0000004a63c00000)]
  0x00000180251b2c50 JavaThread "Thread-0" daemon [_thread_blocked, id=21212, stack(0x0000004a63f00000,0x0000004a64000000)]
  0x0000018026d7c9d0 JavaThread "AssetManager" daemon [_thread_blocked, id=17492, stack(0x0000004a64400000,0x0000004a64500000)]

Other Threads:
  0x0000018023cf2030 VMThread "VM Thread" [stack: 0x0000004a62f00000,0x0000004a63000000] [id=19040]
  0x000001807fd1a5a0 WatcherThread [stack: 0x0000004a63a00000,0x0000004a63b00000] [id=9900]
  0x000001807fd000a0 GCTaskThread "GC Thread#0" [stack: 0x0000004a62a00000,0x0000004a62b00000] [id=21568]
  0x0000018026fe93a0 GCTaskThread "GC Thread#1" [stack: 0x0000004a64700000,0x0000004a64800000] [id=2400]
  0x0000018026e53910 GCTaskThread "GC Thread#2" [stack: 0x0000004a64800000,0x0000004a64900000] [id=7836]
  0x0000018026f3b150 GCTaskThread "GC Thread#3" [stack: 0x0000004a64900000,0x0000004a64a00000] [id=24144]
  0x0000018026f3b400 GCTaskThread "GC Thread#4" [stack: 0x0000004a64a00000,0x0000004a64b00000] [id=18696]
  0x0000018026feb6f0 GCTaskThread "GC Thread#5" [stack: 0x0000004a64b00000,0x0000004a64c00000] [id=19364]
  0x0000018026d72fd0 GCTaskThread "GC Thread#6" [stack: 0x0000004a64c00000,0x0000004a64d00000] [id=20976]
  0x0000018026dc8660 GCTaskThread "GC Thread#7" [stack: 0x0000004a64d00000,0x0000004a64e00000] [id=10376]
  0x000001807fd11bc0 ConcurrentGCThread "G1 Main Marker" [stack: 0x0000004a62b00000,0x0000004a62c00000] [id=7296]
  0x000001807fd15090 ConcurrentGCThread "G1 Conc#0" [stack: 0x0000004a62c00000,0x0000004a62d00000] [id=23112]
  0x0000018023bb34e0 ConcurrentGCThread "G1 Refine#0" [stack: 0x0000004a62d00000,0x0000004a62e00000] [id=5488]
  0x0000018023bb3e00 ConcurrentGCThread "G1 Service" [stack: 0x0000004a62e00000,0x0000004a62f00000] [id=21248]

Threads with active compile tasks:

VM state: not at safepoint (normal execution)

VM Mutex/Monitor currently owned by a thread: None

Heap address: 0x0000000703200000, size: 4046 MB, Compressed Oops mode: Zero based, Oop shift amount: 3

CDS archive(s) mapped at: [0x0000000800000000-0x0000000800bc0000-0x0000000800bc0000), size 12320768, SharedBaseAddress: 0x0000000800000000, ArchiveRelocationMode: 0.
Compressed class space mapped at: 0x0000000800c00000-0x0000000840c00000, reserved size: 1073741824
Narrow klass base: 0x0000000800000000, Narrow klass shift: 0, Narrow klass range: 0x100000000

GC Precious Log:
 CPUs: 8 total, 8 available
 Memory: 16179M
 Large Page Support: Disabled
 NUMA Support: Disabled
 Compressed Oops: Enabled (Zero based)
 Heap Region Size: 2M
 Heap Min Capacity: 8M
 Heap Initial Capacity: 254M
 Heap Max Capacity: 4046M
 Pre-touch: Disabled
 Parallel Workers: 8
 Concurrent Workers: 2
 Concurrent Refinement Workers: 8
 Periodic GC: Disabled

Heap:
 garbage-first heap   total 260096K, used 7875K [0x0000000703200000, 0x0000000800000000)
  region size 2048K, 5 young (10240K), 2 survivors (4096K)
 Metaspace       used 8191K, committed 8384K, reserved 1064960K
  class space    used 638K, committed 768K, reserved 1048576K

Heap Regions: E=young(eden), S=young(survivor), O=old, HS=humongous(starts), HC=humongous(continues), CS=collection set, F=free, OA=open archive, CA=closed archive, TAMS=top-at-mark-start (previous, next)
|   0|0x0000000703200000, 0x0000000703200000, 0x0000000703400000|  0%| F|  |TAMS 0x0000000703200000, 0x0000000703200000| Untracked 
|   1|0x0000000703400000, 0x0000000703400000, 0x0000000703600000|  0%| F|  |TAMS 0x0000000703400000, 0x0000000703400000| Untracked 
|   2|0x0000000703600000, 0x0000000703600000, 0x0000000703800000|  0%| F|  |TAMS 0x0000000703600000, 0x0000000703600000| Untracked 
|   3|0x0000000703800000, 0x0000000703800000, 0x0000000703a00000|  0%| F|  |TAMS 0x0000000703800000, 0x0000000703800000| Untracked 
|   4|0x0000000703a00000, 0x0000000703a00000, 0x0000000703c00000|  0%| F|  |TAMS 0x0000000703a00000, 0x0000000703a00000| Untracked 
|   5|0x0000000703c00000, 0x0000000703c00000, 0x0000000703e00000|  0%| F|  |TAMS 0x0000000703c00000, 0x0000000703c00000| Untracked 
|   6|0x0000000703e00000, 0x0000000703e00000, 0x0000000704000000|  0%| F|  |TAMS 0x0000000703e00000, 0x0000000703e00000| Untracked 
|   7|0x0000000704000000, 0x0000000704000000, 0x0000000704200000|  0%| F|  |TAMS 0x0000000704000000, 0x0000000704000000| Untracked 
|   8|0x0000000704200000, 0x0000000704200000, 0x0000000704400000|  0%| F|  |TAMS 0x0000000704200000, 0x0000000704200000| Untracked 
|   9|0x0000000704400000, 0x0000000704400000, 0x0000000704600000|  0%| F|  |TAMS 0x0000000704400000, 0x0000000704400000| Untracked 
|  10|0x0000000704600000, 0x0000000704600000, 0x0000000704800000|  0%| F|  |TAMS 0x0000000704600000, 0x0000000704600000| Untracked 
|  11|0x0000000704800000, 0x0000000704800000, 0x0000000704a00000|  0%| F|  |TAMS 0x0000000704800000, 0x0000000704800000| Untracked 
|  12|0x0000000704a00000, 0x0000000704a00000, 0x0000000704c00000|  0%| F|  |TAMS 0x0000000704a00000, 0x0000000704a00000| Untracked 
|  13|0x0000000704c00000, 0x0000000704c00000, 0x0000000704e00000|  0%| F|  |TAMS 0x0000000704c00000, 0x0000000704c00000| Untracked 
|  14|0x0000000704e00000, 0x0000000704e00000, 0x0000000705000000|  0%| F|  |TAMS 0x0000000704e00000, 0x0000000704e00000| Untracked 
|  15|0x0000000705000000, 0x0000000705000000, 0x0000000705200000|  0%| F|  |TAMS 0x0000000705000000, 0x0000000705000000| Untracked 
|  16|0x0000000705200000, 0x0000000705200000, 0x0000000705400000|  0%| F|  |TAMS 0x0000000705200000, 0x0000000705200000| Untracked 
|  17|0x0000000705400000, 0x0000000705400000, 0x0000000705600000|  0%| F|  |TAMS 0x0000000705400000, 0x0000000705400000| Untracked 
|  18|0x0000000705600000, 0x0000000705600000, 0x0000000705800000|  0%| F|  |TAMS 0x0000000705600000, 0x0000000705600000| Untracked 
|  19|0x0000000705800000, 0x0000000705800000, 0x0000000705a00000|  0%| F|  |TAMS 0x0000000705800000, 0x0000000705800000| Untracked 
|  20|0x0000000705a00000, 0x0000000705a00000, 0x0000000705c00000|  0%| F|  |TAMS 0x0000000705a00000, 0x0000000705a00000| Untracked 
|  21|0x0000000705c00000, 0x0000000705c00000, 0x0000000705e00000|  0%| F|  |TAMS 0x0000000705c00000, 0x0000000705c00000| Untracked 
|  22|0x0000000705e00000, 0x0000000705e00000, 0x0000000706000000|  0%| F|  |TAMS 0x0000000705e00000, 0x0000000705e00000| Untracked 
|  23|0x0000000706000000, 0x0000000706000000, 0x0000000706200000|  0%| F|  |TAMS 0x0000000706000000, 0x0000000706000000| Untracked 
|  24|0x0000000706200000, 0x0000000706200000, 0x0000000706400000|  0%| F|  |TAMS 0x0000000706200000, 0x0000000706200000| Untracked 
|  25|0x0000000706400000, 0x0000000706400000, 0x0000000706600000|  0%| F|  |TAMS 0x0000000706400000, 0x0000000706400000| Untracked 
|  26|0x0000000706600000, 0x0000000706600000, 0x0000000706800000|  0%| F|  |TAMS 0x0000000706600000, 0x0000000706600000| Untracked 
|  27|0x0000000706800000, 0x0000000706800000, 0x0000000706a00000|  0%| F|  |TAMS 0x0000000706800000, 0x0000000706800000| Untracked 
|  28|0x0000000706a00000, 0x0000000706a00000, 0x0000000706c00000|  0%| F|  |TAMS 0x0000000706a00000, 0x0000000706a00000| Untracked 
|  29|0x0000000706c00000, 0x0000000706c00000, 0x0000000706e00000|  0%| F|  |TAMS 0x0000000706c00000, 0x0000000706c00000| Untracked 
|  30|0x0000000706e00000, 0x0000000706e00000, 0x0000000707000000|  0%| F|  |TAMS 0x0000000706e00000, 0x0000000706e00000| Untracked 
|  31|0x0000000707000000, 0x0000000707000000, 0x0000000707200000|  0%| F|  |TAMS 0x0000000707000000, 0x0000000707000000| Untracked 
|  32|0x0000000707200000, 0x0000000707200000, 0x0000000707400000|  0%| F|  |TAMS 0x0000000707200000, 0x0000000707200000| Untracked 
|  33|0x0000000707400000, 0x0000000707400000, 0x0000000707600000|  0%| F|  |TAMS 0x0000000707400000, 0x0000000707400000| Untracked 
|  34|0x0000000707600000, 0x0000000707600000, 0x0000000707800000|  0%| F|  |TAMS 0x0000000707600000, 0x0000000707600000| Untracked 
|  35|0x0000000707800000, 0x0000000707800000, 0x0000000707a00000|  0%| F|  |TAMS 0x0000000707800000, 0x0000000707800000| Untracked 
|  36|0x0000000707a00000, 0x0000000707a00000, 0x0000000707c00000|  0%| F|  |TAMS 0x0000000707a00000, 0x0000000707a00000| Untracked 
|  37|0x0000000707c00000, 0x0000000707c00000, 0x0000000707e00000|  0%| F|  |TAMS 0x0000000707c00000, 0x0000000707c00000| Untracked 
|  38|0x0000000707e00000, 0x0000000707e00000, 0x0000000708000000|  0%| F|  |TAMS 0x0000000707e00000, 0x0000000707e00000| Untracked 
|  39|0x0000000708000000, 0x0000000708000000, 0x0000000708200000|  0%| F|  |TAMS 0x0000000708000000, 0x0000000708000000| Untracked 
|  40|0x0000000708200000, 0x0000000708200000, 0x0000000708400000|  0%| F|  |TAMS 0x0000000708200000, 0x0000000708200000| Untracked 
|  41|0x0000000708400000, 0x0000000708400000, 0x0000000708600000|  0%| F|  |TAMS 0x0000000708400000, 0x0000000708400000| Untracked 
|  42|0x0000000708600000, 0x0000000708600000, 0x0000000708800000|  0%| F|  |TAMS 0x0000000708600000, 0x0000000708600000| Untracked 
|  43|0x0000000708800000, 0x0000000708800000, 0x0000000708a00000|  0%| F|  |TAMS 0x0000000708800000, 0x0000000708800000| Untracked 
|  44|0x0000000708a00000, 0x0000000708a00000, 0x0000000708c00000|  0%| F|  |TAMS 0x0000000708a00000, 0x0000000708a00000| Untracked 
|  45|0x0000000708c00000, 0x0000000708c00000, 0x0000000708e00000|  0%| F|  |TAMS 0x0000000708c00000, 0x0000000708c00000| Untracked 
|  46|0x0000000708e00000, 0x0000000708e00000, 0x0000000709000000|  0%| F|  |TAMS 0x0000000708e00000, 0x0000000708e00000| Untracked 
|  47|0x0000000709000000, 0x0000000709000000, 0x0000000709200000|  0%| F|  |TAMS 0x0000000709000000, 0x0000000709000000| Untracked 
|  48|0x0000000709200000, 0x0000000709200000, 0x0000000709400000|  0%| F|  |TAMS 0x0000000709200000, 0x0000000709200000| Untracked 
|  49|0x0000000709400000, 0x0000000709400000, 0x0000000709600000|  0%| F|  |TAMS 0x0000000709400000, 0x0000000709400000| Untracked 
|  50|0x0000000709600000, 0x0000000709600000, 0x0000000709800000|  0%| F|  |TAMS 0x0000000709600000, 0x0000000709600000| Untracked 
|  51|0x0000000709800000, 0x0000000709800000, 0x0000000709a00000|  0%| F|  |TAMS 0x0000000709800000, 0x0000000709800000| Untracked 
|  52|0x0000000709a00000, 0x0000000709a00000, 0x0000000709c00000|  0%| F|  |TAMS 0x0000000709a00000, 0x0000000709a00000| Untracked 
|  53|0x0000000709c00000, 0x0000000709c00000, 0x0000000709e00000|  0%| F|  |TAMS 0x0000000709c00000, 0x0000000709c00000| Untracked 
|  54|0x0000000709e00000, 0x0000000709e00000, 0x000000070a000000|  0%| F|  |TAMS 0x0000000709e00000, 0x0000000709e00000| Untracked 
|  55|0x000000070a000000, 0x000000070a000000, 0x000000070a200000|  0%| F|  |TAMS 0x000000070a000000, 0x000000070a000000| Untracked 
|  56|0x000000070a200000, 0x000000070a200000, 0x000000070a400000|  0%| F|  |TAMS 0x000000070a200000, 0x000000070a200000| Untracked 
|  57|0x000000070a400000, 0x000000070a400000, 0x000000070a600000|  0%| F|  |TAMS 0x000000070a400000, 0x000000070a400000| Untracked 
|  58|0x000000070a600000, 0x000000070a600000, 0x000000070a800000|  0%| F|  |TAMS 0x000000070a600000, 0x000000070a600000| Untracked 
|  59|0x000000070a800000, 0x000000070a800000, 0x000000070aa00000|  0%| F|  |TAMS 0x000000070a800000, 0x000000070a800000| Untracked 
|  60|0x000000070aa00000, 0x000000070aa00000, 0x000000070ac00000|  0%| F|  |TAMS 0x000000070aa00000, 0x000000070aa00000| Untracked 
|  61|0x000000070ac00000, 0x000000070ac00000, 0x000000070ae00000|  0%| F|  |TAMS 0x000000070ac00000, 0x000000070ac00000| Untracked 
|  62|0x000000070ae00000, 0x000000070ae00000, 0x000000070b000000|  0%| F|  |TAMS 0x000000070ae00000, 0x000000070ae00000| Untracked 
|  63|0x000000070b000000, 0x000000070b000000, 0x000000070b200000|  0%| F|  |TAMS 0x000000070b000000, 0x000000070b000000| Untracked 
|  64|0x000000070b200000, 0x000000070b200000, 0x000000070b400000|  0%| F|  |TAMS 0x000000070b200000, 0x000000070b200000| Untracked 
|  65|0x000000070b400000, 0x000000070b400000, 0x000000070b600000|  0%| F|  |TAMS 0x000000070b400000, 0x000000070b400000| Untracked 
|  66|0x000000070b600000, 0x000000070b600000, 0x000000070b800000|  0%| F|  |TAMS 0x000000070b600000, 0x000000070b600000| Untracked 
|  67|0x000000070b800000, 0x000000070b800000, 0x000000070ba00000|  0%| F|  |TAMS 0x000000070b800000, 0x000000070b800000| Untracked 
|  68|0x000000070ba00000, 0x000000070ba00000, 0x000000070bc00000|  0%| F|  |TAMS 0x000000070ba00000, 0x000000070ba00000| Untracked 
|  69|0x000000070bc00000, 0x000000070bc00000, 0x000000070be00000|  0%| F|  |TAMS 0x000000070bc00000, 0x000000070bc00000| Untracked 
|  70|0x000000070be00000, 0x000000070be00000, 0x000000070c000000|  0%| F|  |TAMS 0x000000070be00000, 0x000000070be00000| Untracked 
|  71|0x000000070c000000, 0x000000070c000000, 0x000000070c200000|  0%| F|  |TAMS 0x000000070c000000, 0x000000070c000000| Untracked 
|  72|0x000000070c200000, 0x000000070c200000, 0x000000070c400000|  0%| F|  |TAMS 0x000000070c200000, 0x000000070c200000| Untracked 
|  73|0x000000070c400000, 0x000000070c400000, 0x000000070c600000|  0%| F|  |TAMS 0x000000070c400000, 0x000000070c400000| Untracked 
|  74|0x000000070c600000, 0x000000070c600000, 0x000000070c800000|  0%| F|  |TAMS 0x000000070c600000, 0x000000070c600000| Untracked 
|  75|0x000000070c800000, 0x000000070c800000, 0x000000070ca00000|  0%| F|  |TAMS 0x000000070c800000, 0x000000070c800000| Untracked 
|  76|0x000000070ca00000, 0x000000070ca00000, 0x000000070cc00000|  0%| F|  |TAMS 0x000000070ca00000, 0x000000070ca00000| Untracked 
|  77|0x000000070cc00000, 0x000000070cc00000, 0x000000070ce00000|  0%| F|  |TAMS 0x000000070cc00000, 0x000000070cc00000| Untracked 
|  78|0x000000070ce00000, 0x000000070ce00000, 0x000000070d000000|  0%| F|  |TAMS 0x000000070ce00000, 0x000000070ce00000| Untracked 
|  79|0x000000070d000000, 0x000000070d000000, 0x000000070d200000|  0%| F|  |TAMS 0x000000070d000000, 0x000000070d000000| Untracked 
|  80|0x000000070d200000, 0x000000070d200000, 0x000000070d400000|  0%| F|  |TAMS 0x000000070d200000, 0x000000070d200000| Untracked 
|  81|0x000000070d400000, 0x000000070d400000, 0x000000070d600000|  0%| F|  |TAMS 0x000000070d400000, 0x000000070d400000| Untracked 
|  82|0x000000070d600000, 0x000000070d600000, 0x000000070d800000|  0%| F|  |TAMS 0x000000070d600000, 0x000000070d600000| Untracked 
|  83|0x000000070d800000, 0x000000070d800000, 0x000000070da00000|  0%| F|  |TAMS 0x000000070d800000, 0x000000070d800000| Untracked 
|  84|0x000000070da00000, 0x000000070da00000, 0x000000070dc00000|  0%| F|  |TAMS 0x000000070da00000, 0x000000070da00000| Untracked 
|  85|0x000000070dc00000, 0x000000070dc00000, 0x000000070de00000|  0%| F|  |TAMS 0x000000070dc00000, 0x000000070dc00000| Untracked 
|  86|0x000000070de00000, 0x000000070de00000, 0x000000070e000000|  0%| F|  |TAMS 0x000000070de00000, 0x000000070de00000| Untracked 
|  87|0x000000070e000000, 0x000000070e000000, 0x000000070e200000|  0%| F|  |TAMS 0x000000070e000000, 0x000000070e000000| Untracked 
|  88|0x000000070e200000, 0x000000070e200000, 0x000000070e400000|  0%| F|  |TAMS 0x000000070e200000, 0x000000070e200000| Untracked 
|  89|0x000000070e400000, 0x000000070e400000, 0x000000070e600000|  0%| F|  |TAMS 0x000000070e400000, 0x000000070e400000| Untracked 
|  90|0x000000070e600000, 0x000000070e600000, 0x000000070e800000|  0%| F|  |TAMS 0x000000070e600000, 0x000000070e600000| Untracked 
|  91|0x000000070e800000, 0x000000070e800000, 0x000000070ea00000|  0%| F|  |TAMS 0x000000070e800000, 0x000000070e800000| Untracked 
|  92|0x000000070ea00000, 0x000000070ea00000, 0x000000070ec00000|  0%| F|  |TAMS 0x000000070ea00000, 0x000000070ea00000| Untracked 
|  93|0x000000070ec00000, 0x000000070ec00000, 0x000000070ee00000|  0%| F|  |TAMS 0x000000070ec00000, 0x000000070ec00000| Untracked 
|  94|0x000000070ee00000, 0x000000070ee00000, 0x000000070f000000|  0%| F|  |TAMS 0x000000070ee00000, 0x000000070ee00000| Untracked 
|  95|0x000000070f000000, 0x000000070f000000, 0x000000070f200000|  0%| F|  |TAMS 0x000000070f000000, 0x000000070f000000| Untracked 
|  96|0x000000070f200000, 0x000000070f200000, 0x000000070f400000|  0%| F|  |TAMS 0x000000070f200000, 0x000000070f200000| Untracked 
|  97|0x000000070f400000, 0x000000070f400000, 0x000000070f600000|  0%| F|  |TAMS 0x000000070f400000, 0x000000070f400000| Untracked 
|  98|0x000000070f600000, 0x000000070f600000, 0x000000070f800000|  0%| F|  |TAMS 0x000000070f600000, 0x000000070f600000| Untracked 
|  99|0x000000070f800000, 0x000000070f800000, 0x000000070fa00000|  0%| F|  |TAMS 0x000000070f800000, 0x000000070f800000| Untracked 
| 100|0x000000070fa00000, 0x000000070fa00000, 0x000000070fc00000|  0%| F|  |TAMS 0x000000070fa00000, 0x000000070fa00000| Untracked 
| 101|0x000000070fc00000, 0x000000070fc00000, 0x000000070fe00000|  0%| F|  |TAMS 0x000000070fc00000, 0x000000070fc00000| Untracked 
| 102|0x000000070fe00000, 0x000000070fe00000, 0x0000000710000000|  0%| F|  |TAMS 0x000000070fe00000, 0x000000070fe00000| Untracked 
| 103|0x0000000710000000, 0x0000000710000000, 0x0000000710200000|  0%| F|  |TAMS 0x0000000710000000, 0x0000000710000000| Untracked 
| 104|0x0000000710200000, 0x0000000710200000, 0x0000000710400000|  0%| F|  |TAMS 0x0000000710200000, 0x0000000710200000| Untracked 
| 105|0x0000000710400000, 0x0000000710400000, 0x0000000710600000|  0%| F|  |TAMS 0x0000000710400000, 0x0000000710400000| Untracked 
| 106|0x0000000710600000, 0x0000000710600000, 0x0000000710800000|  0%| F|  |TAMS 0x0000000710600000, 0x0000000710600000| Untracked 
| 107|0x0000000710800000, 0x0000000710800000, 0x0000000710a00000|  0%| F|  |TAMS 0x0000000710800000, 0x0000000710800000| Untracked 
| 108|0x0000000710a00000, 0x0000000710a00000, 0x0000000710c00000|  0%| F|  |TAMS 0x0000000710a00000, 0x0000000710a00000| Untracked 
| 109|0x0000000710c00000, 0x0000000710c00000, 0x0000000710e00000|  0%| F|  |TAMS 0x0000000710c00000, 0x0000000710c00000| Untracked 
| 110|0x0000000710e00000, 0x0000000710e00000, 0x0000000711000000|  0%| F|  |TAMS 0x0000000710e00000, 0x0000000710e00000| Untracked 
| 111|0x0000000711000000, 0x0000000711000000, 0x0000000711200000|  0%| F|  |TAMS 0x0000000711000000, 0x0000000711000000| Untracked 
| 112|0x0000000711200000, 0x0000000711200000, 0x0000000711400000|  0%| F|  |TAMS 0x0000000711200000, 0x0000000711200000| Untracked 
| 113|0x0000000711400000, 0x0000000711400000, 0x0000000711600000|  0%| F|  |TAMS 0x0000000711400000, 0x0000000711400000| Untracked 
| 114|0x0000000711600000, 0x00000007117b0da0, 0x0000000711800000| 84%| S|CS|TAMS 0x0000000711600000, 0x0000000711600000| Complete 
| 115|0x0000000711800000, 0x0000000711a00000, 0x0000000711a00000|100%| S|CS|TAMS 0x0000000711800000, 0x0000000711800000| Complete 
| 116|0x0000000711a00000, 0x0000000711a00000, 0x0000000711c00000|  0%| F|  |TAMS 0x0000000711a00000, 0x0000000711a00000| Untracked 
| 117|0x0000000711c00000, 0x0000000711c00000, 0x0000000711e00000|  0%| F|  |TAMS 0x0000000711c00000, 0x0000000711c00000| Untracked 
| 118|0x0000000711e00000, 0x0000000711e00000, 0x0000000712000000|  0%| F|  |TAMS 0x0000000711e00000, 0x0000000711e00000| Untracked 
| 119|0x0000000712000000, 0x0000000712000000, 0x0000000712200000|  0%| F|  |TAMS 0x0000000712000000, 0x0000000712000000| Untracked 
| 120|0x0000000712200000, 0x0000000712200000, 0x0000000712400000|  0%| F|  |TAMS 0x0000000712200000, 0x0000000712200000| Untracked 
| 121|0x0000000712400000, 0x0000000712400000, 0x0000000712600000|  0%| F|  |TAMS 0x0000000712400000, 0x0000000712400000| Untracked 
| 122|0x0000000712600000, 0x0000000712600000, 0x0000000712800000|  0%| F|  |TAMS 0x0000000712600000, 0x0000000712600000| Untracked 
| 123|0x0000000712800000, 0x0000000712800000, 0x0000000712a00000|  0%| F|  |TAMS 0x0000000712800000, 0x0000000712800000| Untracked 
| 124|0x0000000712a00000, 0x0000000712b1a278, 0x0000000712c00000| 55%| E|  |TAMS 0x0000000712a00000, 0x0000000712a00000| Complete 
| 125|0x0000000712c00000, 0x0000000712e00000, 0x0000000712e00000|100%| E|CS|TAMS 0x0000000712c00000, 0x0000000712c00000| Complete 
| 126|0x0000000712e00000, 0x0000000713000000, 0x0000000713000000|100%| E|CS|TAMS 0x0000000712e00000, 0x0000000712e00000| Complete 

Card table byte_map: [0x0000018018440000,0x0000018018c30000] _byte_map_base: 0x0000018014c27000

Marking Bits (Prev, Next): (CMBitMap*) 0x000001807fd005b0, (CMBitMap*) 0x000001807fd005f0
 Prev Bits: [0x0000018019420000, 0x000001801d358000)
 Next Bits: [0x000001801d360000, 0x0000018021298000)

Polling page: 0x000001807f090000

Metaspace:

Usage:
  Non-class:      7.38 MB used.
      Class:    638.19 KB used.
       Both:      8.00 MB used.

Virtual space:
  Non-class space:       16.00 MB reserved,       7.44 MB ( 46%) committed,  2 nodes.
      Class space:        1.00 GB reserved,     768.00 KB ( <1%) committed,  1 nodes.
             Both:        1.02 GB reserved,       8.19 MB ( <1%) committed. 

Chunk freelists:
   Non-Class:  2.88 MB
       Class:  3.31 MB
        Both:  6.19 MB

MaxMetaspaceSize: unlimited
CompressedClassSpaceSize: 1.00 GB
Initial GC threshold: 21.00 MB
Current GC threshold: 21.00 MB
CDS: on
MetaspaceReclaimPolicy: balanced
 - commit_granule_bytes: 65536.
 - commit_granule_words: 8192.
 - virtual_space_node_default_size: 1048576.
 - enlarge_chunks_in_place: 1.
 - new_chunks_are_fully_committed: 0.
 - uncommit_free_chunks: 1.
 - use_allocation_guard: 0.
 - handle_deallocations: 1.


Internal statistics:

num_allocs_failed_limit: 0.
num_arena_births: 94.
num_arena_deaths: 0.
num_vsnodes_births: 3.
num_vsnodes_deaths: 0.
num_space_committed: 129.
num_space_uncommitted: 0.
num_chunks_returned_to_freelist: 0.
num_chunks_taken_from_freelist: 313.
num_chunk_merges: 0.
num_chunk_splits: 232.
num_chunks_enlarged: 186.
num_purges: 0.
num_inconsistent_stats: 0.

CodeHeap 'non-profiled nmethods': size=120000Kb used=660Kb max_used=660Kb free=119339Kb
 bounds [0x0000018010610000, 0x0000018010880000, 0x0000018017b40000]
CodeHeap 'profiled nmethods': size=120000Kb used=2648Kb max_used=2648Kb free=117351Kb
 bounds [0x00000180090e0000, 0x0000018009380000, 0x0000018010610000]
CodeHeap 'non-nmethods': size=5760Kb used=1688Kb max_used=1712Kb free=4071Kb
 bounds [0x0000018008b40000, 0x0000018008db0000, 0x00000180090e0000]
 total_blobs=2562 nmethods=1431 adapters=1044
 compilation: enabled
              stopped_count=0, restarted_count=0
 full_count=0

Compilation events (20 events):
Event: 5.481 Thread 0x0000018023d17570 nmethod 1410 0x000001800936b990 code [0x000001800936bb40, 0x000001800936bdb8]
Event: 5.482 Thread 0x0000018023d17570 1408       3       java.lang.invoke.LambdaForm$NamedFunction::returnType (11 bytes)
Event: 5.482 Thread 0x0000018023d17570 nmethod 1408 0x000001800936be90 code [0x000001800936c080, 0x000001800936c508]
Event: 5.482 Thread 0x0000018023d17570 1415       3       java.lang.invoke.MethodType::insertParameterTypes (121 bytes)
Event: 5.483 Thread 0x0000018023d17570 nmethod 1415 0x000001800936c710 code [0x000001800936c9e0, 0x000001800936d7e8]
Event: 5.483 Thread 0x0000018023d17570 1414       3       java.lang.invoke.InvokerBytecodeGenerator::emitImplicitConversion (161 bytes)
Event: 5.483 Thread 0x0000018023d136c0 1425       4       java.lang.StringLatin1::charAt (28 bytes)
Event: 5.483 Thread 0x0000018023d17570 nmethod 1414 0x000001800936dd10 code [0x000001800936e020, 0x000001800936eeb8]
Event: 5.483 Thread 0x0000018023d17570 1423       3       java.lang.invoke.InvokerBytecodeGenerator::emitPushArgument (150 bytes)
Event: 5.484 Thread 0x0000018023d136c0 nmethod 1425 0x00000180106b4f90 code [0x00000180106b5100, 0x00000180106b5198]
Event: 5.484 Thread 0x0000018023d17570 nmethod 1423 0x000001800936f390 code [0x000001800936f660, 0x0000018009370568]
Event: 5.484 Thread 0x0000018023d17570 1412       3       java.lang.invoke.MemberName::<init> (50 bytes)
Event: 5.484 Thread 0x0000018023d17570 nmethod 1412 0x0000018009370990 code [0x0000018009370b60, 0x0000018009370e78]
Event: 5.484 Thread 0x0000018023d17570 1428       3       java.util.ArrayList$Itr::next (66 bytes)
Event: 5.484 Thread 0x0000018023d17570 nmethod 1428 0x0000018009371010 code [0x0000018009371200, 0x0000018009371628]
Event: 5.487 Thread 0x0000018023d17570 1429   !   3       org.lwjgl.openal.AL10::alGetSourcei (52 bytes)
Event: 5.488 Thread 0x0000018023d17570 nmethod 1429 0x0000018009371810 code [0x0000018009371a80, 0x0000018009372748]
Event: 5.488 Thread 0x0000018023d17570 1430       3       org.lwjgl.openal.AL10::nalGetSourcei (17 bytes)
Event: 5.488 Thread 0x0000018023d17570 nmethod 1430 0x0000018009372c90 code [0x0000018009372e60, 0x0000018009373108]
Event: 5.488 Thread 0x0000018023d17570 1431       3       com.badlogic.gdx.maps.tiled.renderers.OrthogonalTiledMapRenderer::renderTileLayer (1023 bytes)

GC Heap History (2 events):
Event: 3.271 GC heap before
{Heap before GC invocations=0 (full 0):
 garbage-first heap   total 260096K, used 24576K [0x0000000703200000, 0x0000000800000000)
  region size 2048K, 11 young (22528K), 0 survivors (0K)
 Metaspace       used 7258K, committed 7424K, reserved 1064960K
  class space    used 560K, committed 640K, reserved 1048576K
}
Event: 3.274 GC heap after
{Heap after GC invocations=1 (full 0):
 garbage-first heap   total 260096K, used 3779K [0x0000000703200000, 0x0000000800000000)
  region size 2048K, 2 young (4096K), 2 survivors (4096K)
 Metaspace       used 7258K, committed 7424K, reserved 1064960K
  class space    used 560K, committed 640K, reserved 1048576K
}

Deoptimization events (20 events):
Event: 4.397 Thread 0x000001807fca6a30 DEOPT PACKING pc=0x00000180093367e6 sp=0x0000004a629feb70
Event: 4.397 Thread 0x000001807fca6a30 DEOPT UNPACKING pc=0x0000018008b96763 sp=0x0000004a629fe000 mode 0
Event: 4.592 Thread 0x000001807fca6a30 DEOPT PACKING pc=0x00000180092f8fe6 sp=0x0000004a629feb80
Event: 4.592 Thread 0x000001807fca6a30 DEOPT UNPACKING pc=0x0000018008b96763 sp=0x0000004a629fdfc0 mode 0
Event: 4.593 Thread 0x000001807fca6a30 DEOPT PACKING pc=0x0000018009336795 sp=0x0000004a629feb70
Event: 4.593 Thread 0x000001807fca6a30 DEOPT UNPACKING pc=0x0000018008b96763 sp=0x0000004a629fe000 mode 0
Event: 4.593 Thread 0x000001807fca6a30 DEOPT PACKING pc=0x00000180093367e6 sp=0x0000004a629feb70
Event: 4.593 Thread 0x000001807fca6a30 DEOPT UNPACKING pc=0x0000018008b96763 sp=0x0000004a629fe000 mode 0
Event: 4.594 Thread 0x000001807fca6a30 DEOPT PACKING pc=0x00000180092f8fe6 sp=0x0000004a629feb80
Event: 4.594 Thread 0x000001807fca6a30 DEOPT UNPACKING pc=0x0000018008b96763 sp=0x0000004a629fdfc0 mode 0
Event: 4.595 Thread 0x000001807fca6a30 DEOPT PACKING pc=0x0000018009336795 sp=0x0000004a629feb70
Event: 4.595 Thread 0x000001807fca6a30 DEOPT UNPACKING pc=0x0000018008b96763 sp=0x0000004a629fe000 mode 0
Event: 4.595 Thread 0x000001807fca6a30 DEOPT PACKING pc=0x00000180092f8fe6 sp=0x0000004a629feb80
Event: 4.595 Thread 0x000001807fca6a30 DEOPT UNPACKING pc=0x0000018008b96763 sp=0x0000004a629fdfc0 mode 0
Event: 4.823 Thread 0x000001807fca6a30 DEOPT PACKING pc=0x00000180092ff3b4 sp=0x0000004a629feb40
Event: 4.823 Thread 0x000001807fca6a30 DEOPT UNPACKING pc=0x0000018008b96763 sp=0x0000004a629fdfe8 mode 0
Event: 5.442 Thread 0x000001807fca6a30 Uncommon trap: trap_request=0xffffff45 fr.pc=0x00000180106a80f4 relative=0x00000000000000f4
Event: 5.442 Thread 0x000001807fca6a30 Uncommon trap: reason=unstable_if action=reinterpret pc=0x00000180106a80f4 method=javazoom.jl.decoder.BitReserve.hgetbits(I)I @ 22 c2
Event: 5.442 Thread 0x000001807fca6a30 DEOPT PACKING pc=0x00000180106a80f4 sp=0x0000004a629fe940
Event: 5.442 Thread 0x000001807fca6a30 DEOPT UNPACKING pc=0x0000018008b95c23 sp=0x0000004a629fe8c8 mode 2

Classes unloaded (0 events):
No events

Classes redefined (0 events):
No events

Internal exceptions (20 events):
Event: 0.169 Thread 0x000001807fca6a30 Exception <a 'java/lang/NoSuchMethodError'{0x0000000712a05238}: 'int java.lang.invoke.DirectMethodHandle$Holder.invokeSpecial(java.lang.Object, java.lang.Object, java.lang.Object)'> (0x0000000712a05238) 
thrown [t:\workspace\open\src\hotspot\share\interpreter\linkResolver.cpp, line 766]
Event: 0.209 Thread 0x000001807fca6a30 Exception <a 'sun/nio/fs/WindowsException'{0x0000000712a4cba0}> (0x0000000712a4cba0) 
thrown [t:\workspace\open\src\hotspot\share\prims\jni.cpp, line 516]
Event: 0.209 Thread 0x000001807fca6a30 Exception <a 'sun/nio/fs/WindowsException'{0x0000000712a4d0f0}> (0x0000000712a4d0f0) 
thrown [t:\workspace\open\src\hotspot\share\prims\jni.cpp, line 516]
Event: 0.269 Thread 0x000001807fca6a30 Exception <a 'java/lang/NoSuchMethodError'{0x00000007129092b0}: 'int java.lang.invoke.DirectMethodHandle$Holder.invokeStaticInit(java.lang.Object, java.lang.Object, int, long)'> (0x00000007129092b0) 
thrown [t:\workspace\open\src\hotspot\share\interpreter\linkResolver.cpp, line 766]
Event: 0.270 Thread 0x000001807fca6a30 Exception <a 'java/lang/NoSuchMethodError'{0x000000071290eb78}: 'java.lang.Object java.lang.invoke.DirectMethodHandle$Holder.newInvokeSpecial(java.lang.Object, java.lang.Object, int)'> (0x000000071290eb78) 
thrown [t:\workspace\open\src\hotspot\share\interpreter\linkResolver.cpp, line 766]
Event: 0.271 Thread 0x000001807fca6a30 Exception <a 'java/lang/NoSuchMethodError'{0x000000071291d7c8}: 'int java.lang.invoke.DirectMethodHandle$Holder.invokeStaticInit(java.lang.Object, java.lang.Object, long, long)'> (0x000000071291d7c8) 
thrown [t:\workspace\open\src\hotspot\share\interpreter\linkResolver.cpp, line 766]
Event: 0.271 Thread 0x000001807fca6a30 Exception <a 'java/lang/NoSuchMethodError'{0x00000007129238d8}: 'java.lang.Object java.lang.invoke.DirectMethodHandle$Holder.newInvokeSpecial(java.lang.Object, java.lang.Object, long)'> (0x00000007129238d8) 
thrown [t:\workspace\open\src\hotspot\share\interpreter\linkResolver.cpp, line 766]
Event: 0.272 Thread 0x000001807fca6a30 Exception <a 'java/lang/NoSuchMethodError'{0x0000000712927920}: 'java.lang.Object java.lang.invoke.Invokers$Holder.linkToTargetMethod(java.lang.Object, long, java.lang.Object)'> (0x0000000712927920) 
thrown [t:\workspace\open\src\hotspot\share\interpreter\linkResolver.cpp, line 766]
Event: 0.272 Thread 0x000001807fca6a30 Exception <a 'java/lang/NoSuchMethodError'{0x000000071292f038}: 'int java.lang.invoke.DirectMethodHandle$Holder.invokeStaticInit(java.lang.Object, java.lang.Object, java.lang.Object, long)'> (0x000000071292f038) 
thrown [t:\workspace\open\src\hotspot\share\interpreter\linkResolver.cpp, line 766]
Event: 0.284 Thread 0x000001807fca6a30 Exception <a 'sun/nio/fs/WindowsException'{0x00000007129965b0}> (0x00000007129965b0) 
thrown [t:\workspace\open\src\hotspot\share\prims\jni.cpp, line 516]
Event: 0.284 Thread 0x000001807fca6a30 Exception <a 'sun/nio/fs/WindowsException'{0x0000000712996940}> (0x0000000712996940) 
thrown [t:\workspace\open\src\hotspot\share\prims\jni.cpp, line 516]
Event: 0.305 Thread 0x000001807fca6a30 Exception <a 'sun/nio/fs/WindowsException'{0x0000000712634d78}> (0x0000000712634d78) 
thrown [t:\workspace\open\src\hotspot\share\prims\jni.cpp, line 516]
Event: 0.306 Thread 0x000001807fca6a30 Exception <a 'sun/nio/fs/WindowsException'{0x00000007126350d8}> (0x00000007126350d8) 
thrown [t:\workspace\open\src\hotspot\share\prims\jni.cpp, line 516]
Event: 0.336 Thread 0x000001807fca6a30 Exception <a 'sun/nio/fs/WindowsException'{0x00000007126c1568}> (0x00000007126c1568) 
thrown [t:\workspace\open\src\hotspot\share\prims\jni.cpp, line 516]
Event: 0.336 Thread 0x000001807fca6a30 Exception <a 'sun/nio/fs/WindowsException'{0x00000007126c18e8}> (0x00000007126c18e8) 
thrown [t:\workspace\open\src\hotspot\share\prims\jni.cpp, line 516]
Event: 1.227 Thread 0x000001807fca6a30 Exception <a 'java/lang/NoSuchMethodError'{0x0000000712706c48}: 'java.lang.Object java.lang.invoke.DirectMethodHandle$Holder.newInvokeSpecial(java.lang.Object, long)'> (0x0000000712706c48) 
thrown [t:\workspace\open\src\hotspot\share\interpreter\linkResolver.cpp, line 766]
Event: 1.313 Thread 0x000001807fca6a30 Exception <a 'sun/nio/fs/WindowsException'{0x000000071247d400}> (0x000000071247d400) 
thrown [t:\workspace\open\src\hotspot\share\prims\jni.cpp, line 516]
Event: 1.313 Thread 0x000001807fca6a30 Exception <a 'sun/nio/fs/WindowsException'{0x000000071247d7a0}> (0x000000071247d7a0) 
thrown [t:\workspace\open\src\hotspot\share\prims\jni.cpp, line 516]
Event: 1.316 Thread 0x000001807fca6a30 Exception <a 'sun/nio/fs/WindowsException'{0x000000071248dc70}> (0x000000071248dc70) 
thrown [t:\workspace\open\src\hotspot\share\prims\jni.cpp, line 516]
Event: 1.316 Thread 0x000001807fca6a30 Exception <a 'sun/nio/fs/WindowsException'{0x000000071248df40}> (0x000000071248df40) 
thrown [t:\workspace\open\src\hotspot\share\prims\jni.cpp, line 516]

VM Operations (18 events):
Event: 0.076 Executing VM operation: HandshakeAllThreads
Event: 0.076 Executing VM operation: HandshakeAllThreads done
Event: 1.087 Executing VM operation: Cleanup
Event: 1.087 Executing VM operation: Cleanup done
Event: 1.489 Executing VM operation: HandshakeAllThreads
Event: 1.489 Executing VM operation: HandshakeAllThreads done
Event: 2.492 Executing VM operation: Cleanup
Event: 2.492 Executing VM operation: Cleanup done
Event: 3.220 Executing VM operation: HandshakeAllThreads
Event: 3.220 Executing VM operation: HandshakeAllThreads done
Event: 3.270 Executing VM operation: G1CollectForAllocation
Event: 3.274 Executing VM operation: G1CollectForAllocation done
Event: 3.285 Executing VM operation: HandshakeAllThreads
Event: 3.285 Executing VM operation: HandshakeAllThreads done
Event: 3.373 Executing VM operation: HandshakeAllThreads
Event: 3.373 Executing VM operation: HandshakeAllThreads done
Event: 4.372 Executing VM operation: Cleanup
Event: 4.372 Executing VM operation: Cleanup done

Events (20 events):
Event: 3.305 loading class java/io/ObjectStreamClass$EntryFuture done
Event: 3.305 loading class java/lang/reflect/Proxy
Event: 3.305 loading class java/lang/reflect/Proxy done
Event: 3.305 loading class java/lang/reflect/InvocationHandler
Event: 3.305 loading class java/lang/reflect/InvocationHandler done
Event: 3.305 loading class java/lang/reflect/Proxy$1
Event: 3.305 loading class java/lang/reflect/Proxy$1 done
Event: 3.305 loading class java/io/Externalizable
Event: 3.305 loading class java/io/Externalizable done
Event: 3.305 loading class java/io/ObjectStreamClass$2
Event: 3.305 loading class java/io/ObjectStreamClass$2 done
Event: 3.305 loading class java/io/ObjectStreamClass$FieldReflectorKey
Event: 3.305 loading class java/io/ObjectStreamClass$FieldReflectorKey done
Event: 3.305 loading class java/io/ObjectStreamClass$FieldReflector
Event: 3.305 loading class java/io/ObjectStreamClass$FieldReflector done
Event: 3.305 loading class java/io/ObjectStreamClass$ExceptionInfo
Event: 3.305 loading class java/io/ObjectStreamClass$ExceptionInfo done
Event: 3.474 Thread 0x0000018026dcb3d0 Thread exited: 0x0000018026dcb3d0
Event: 4.181 Thread 0x00000180273a3cc0 Thread added: 0x00000180273a3cc0
Event: 4.574 Thread 0x00000180273a3cc0 Thread exited: 0x00000180273a3cc0


Dynamic libraries:
0x00007ff69e6e0000 - 0x00007ff69e6f0000 	C:\Program Files\Java\jdk-17.0.1\bin\java.exe
0x00007ffe36970000 - 0x00007ffe36b86000 	C:\WINDOWS\SYSTEM32\ntdll.dll
0x00007ffe35750000 - 0x00007ffe35814000 	C:\WINDOWS\System32\KERNEL32.DLL
0x00007ffe34060000 - 0x00007ffe34407000 	C:\WINDOWS\System32\KERNELBASE.dll
0x00007ffe344d0000 - 0x00007ffe345e1000 	C:\WINDOWS\System32\ucrtbase.dll
0x00007ffe0d900000 - 0x00007ffe0d91a000 	C:\Program Files\Java\jdk-17.0.1\bin\VCRUNTIME140.dll
0x00007ffe18de0000 - 0x00007ffe18df8000 	C:\Program Files\Java\jdk-17.0.1\bin\jli.dll
0x00007ffe346a0000 - 0x00007ffe34752000 	C:\WINDOWS\System32\ADVAPI32.dll
0x00007ffe35900000 - 0x00007ffe359a7000 	C:\WINDOWS\System32\msvcrt.dll
0x00007ffe35690000 - 0x00007ffe35738000 	C:\WINDOWS\System32\sechost.dll
0x00007ffe34670000 - 0x00007ffe34698000 	C:\WINDOWS\System32\bcrypt.dll
0x00007ffe35570000 - 0x00007ffe35685000 	C:\WINDOWS\System32\RPCRT4.dll
0x00007ffe35200000 - 0x00007ffe353ae000 	C:\WINDOWS\System32\USER32.dll
0x00007ffe33f90000 - 0x00007ffe33fb6000 	C:\WINDOWS\System32\win32u.dll
0x00007ffe34760000 - 0x00007ffe34789000 	C:\WINDOWS\System32\GDI32.dll
0x00007ffe33e00000 - 0x00007ffe33f19000 	C:\WINDOWS\System32\gdi32full.dll
0x00007ffe224d0000 - 0x00007ffe22763000 	C:\WINDOWS\WinSxS\amd64_microsoft.windows.common-controls_6595b64144ccf1df_6.0.22621.3235_none_270f74e173860f98\COMCTL32.dll
0x00007ffe33fc0000 - 0x00007ffe3405a000 	C:\WINDOWS\System32\msvcp_win.dll
0x00007ffe244e0000 - 0x00007ffe244ea000 	C:\WINDOWS\SYSTEM32\VERSION.dll
0x00007ffe34eb0000 - 0x00007ffe34ee1000 	C:\WINDOWS\System32\IMM32.DLL
0x00007ffe1cb40000 - 0x00007ffe1cb4c000 	C:\Program Files\Java\jdk-17.0.1\bin\vcruntime140_1.dll
0x00007ffda68b0000 - 0x00007ffda693d000 	C:\Program Files\Java\jdk-17.0.1\bin\msvcp140.dll
0x00007ffd8b260000 - 0x00007ffd8be1e000 	C:\Program Files\Java\jdk-17.0.1\bin\server\jvm.dll
0x00007ffe35740000 - 0x00007ffe35748000 	C:\WINDOWS\System32\PSAPI.DLL
0x00007ffe2aa00000 - 0x00007ffe2aa34000 	C:\WINDOWS\SYSTEM32\WINMM.dll
0x00007ffe17410000 - 0x00007ffe17419000 	C:\WINDOWS\SYSTEM32\WSOCK32.dll
0x00007ffe359b0000 - 0x00007ffe35a21000 	C:\WINDOWS\System32\WS2_32.dll
0x00007ffe32c90000 - 0x00007ffe32ca8000 	C:\WINDOWS\SYSTEM32\kernel.appcore.dll
0x00007ffe1ab80000 - 0x00007ffe1ab8a000 	C:\Program Files\Java\jdk-17.0.1\bin\jimage.dll
0x00007ffe313c0000 - 0x00007ffe315f3000 	C:\WINDOWS\SYSTEM32\DBGHELP.DLL
0x00007ffe363c0000 - 0x00007ffe36748000 	C:\WINDOWS\System32\combase.dll
0x00007ffe35820000 - 0x00007ffe358f7000 	C:\WINDOWS\System32\OLEAUT32.dll
0x00007ffe24550000 - 0x00007ffe24582000 	C:\WINDOWS\SYSTEM32\dbgcore.DLL
0x00007ffe345f0000 - 0x00007ffe34669000 	C:\WINDOWS\System32\bcryptPrimitives.dll
0x00007ffe0d6f0000 - 0x00007ffe0d715000 	C:\Program Files\Java\jdk-17.0.1\bin\java.dll
0x00007ffda6580000 - 0x00007ffda6656000 	C:\Program Files\Java\jdk-17.0.1\bin\svml.dll
0x00007ffe35a30000 - 0x00007ffe3628c000 	C:\WINDOWS\System32\SHELL32.dll
0x00007ffe31ba0000 - 0x00007ffe32499000 	C:\WINDOWS\SYSTEM32\windows.storage.dll
0x00007ffe31a60000 - 0x00007ffe31b9e000 	C:\WINDOWS\SYSTEM32\wintypes.dll
0x00007ffe34db0000 - 0x00007ffe34ea3000 	C:\WINDOWS\System32\SHCORE.dll
0x00007ffe368d0000 - 0x00007ffe3692e000 	C:\WINDOWS\System32\shlwapi.dll
0x00007ffe33bc0000 - 0x00007ffe33be1000 	C:\WINDOWS\SYSTEM32\profapi.dll
0x00007ffe0d8e0000 - 0x00007ffe0d8f9000 	C:\Program Files\Java\jdk-17.0.1\bin\net.dll
0x00007ffe2dba0000 - 0x00007ffe2dcd6000 	C:\WINDOWS\SYSTEM32\WINHTTP.dll
0x00007ffe33100000 - 0x00007ffe33169000 	C:\WINDOWS\system32\mswsock.dll
0x00007ffe0d870000 - 0x00007ffe0d885000 	C:\Program Files\Java\jdk-17.0.1\bin\nio.dll
0x00007ffe031a0000 - 0x00007ffe031b8000 	C:\Program Files\Java\jdk-17.0.1\bin\zip.dll
0x000000006e700000 - 0x000000006e72d000 	C:\Users\henri\AppData\Local\Temp\libgdxhenri\2a9d7f76\gdx64.dll
0x00007ffddbaa0000 - 0x00007ffddbb1b000 	C:\Users\henri\AppData\Local\Temp\lwjgl_henri\3.3.3+5\x64\lwjgl.dll
0x00007ffda4cc0000 - 0x00007ffda4f30000 	C:\Users\henri\AppData\Local\Temp\lwjgl_henri\3.3.3+5\x64\jemalloc.dll
0x00007ffda6820000 - 0x00007ffda68a2000 	C:\Users\henri\AppData\Local\Temp\lwjgl_henri\3.3.3+5\x64\glfw.dll
0x00007ffddf670000 - 0x00007ffddf6b6000 	C:\WINDOWS\SYSTEM32\dinput8.dll
0x00007ffe282a0000 - 0x00007ffe282b1000 	C:\WINDOWS\SYSTEM32\xinput1_4.dll
0x00007ffe339a0000 - 0x00007ffe339ee000 	C:\WINDOWS\SYSTEM32\cfgmgr32.dll
0x00007ffe33950000 - 0x00007ffe3397c000 	C:\WINDOWS\SYSTEM32\DEVOBJ.dll
0x00007ffe30d70000 - 0x00007ffe30d9b000 	C:\WINDOWS\SYSTEM32\dwmapi.dll
0x00007ffe0f610000 - 0x00007ffe0f81a000 	C:\WINDOWS\SYSTEM32\inputhost.dll
0x00007ffe306c0000 - 0x00007ffe307f4000 	C:\WINDOWS\SYSTEM32\CoreMessaging.dll
0x00007ffe30ac0000 - 0x00007ffe30b6b000 	C:\WINDOWS\system32\uxtheme.dll
0x00007ffe36770000 - 0x00007ffe368c3000 	C:\WINDOWS\System32\MSCTF.dll
0x00007ffe333a0000 - 0x00007ffe333ac000 	C:\WINDOWS\SYSTEM32\CRYPTBASE.DLL
0x00007ffda4fe0000 - 0x00007ffda51a7000 	C:\Users\henri\AppData\Local\Temp\lwjgl_henri\3.3.3+5\x64\OpenAL.dll
0x00007ffe353c0000 - 0x00007ffe35565000 	C:\WINDOWS\System32\ole32.dll
0x00007ffe36310000 - 0x00007ffe363c0000 	C:\WINDOWS\System32\clbcatq.dll
0x00007ffe23bc0000 - 0x00007ffe23c5d000 	C:\WINDOWS\System32\MMDevApi.dll
0x00007ffe15cb0000 - 0x00007ffe15e9c000 	C:\WINDOWS\SYSTEM32\AUDIOSES.DLL
0x00007ffe310b0000 - 0x00007ffe310c5000 	C:\WINDOWS\SYSTEM32\resourcepolicyclient.dll
0x00007ffe33510000 - 0x00007ffe3355d000 	C:\WINDOWS\SYSTEM32\powrprof.dll
0x00007ffe334f0000 - 0x00007ffe33503000 	C:\WINDOWS\SYSTEM32\UMPDC.dll
0x00007ffdf6be0000 - 0x00007ffdf6ce0000 	C:\WINDOWS\SYSTEM32\opengl32.dll
0x00007ffdf6b70000 - 0x00007ffdf6b9d000 	C:\WINDOWS\SYSTEM32\GLU32.dll
0x00007ffe30c00000 - 0x00007ffe30c39000 	C:\WINDOWS\SYSTEM32\dxcore.dll
0x00007ffe2d250000 - 0x00007ffe2d29a000 	C:\WINDOWS\SYSTEM32\directxdatabasehelper.dll
0x00007ffe2cbe0000 - 0x00007ffe2cd17000 	C:\Windows\System32\AppXDeploymentClient.dll
0x00007ffd89580000 - 0x00007ffd8a553000 	C:\WINDOWS\System32\DriverStore\FileRepository\iigd_dch.inf_amd64_3a2f90c1eb2e1524\igxelpicd64.dll
0x00007ffe30c60000 - 0x00007ffe30d58000 	C:\WINDOWS\system32\dxgi.dll
0x00007ffd890f0000 - 0x00007ffd89577000 	C:\WINDOWS\System32\DriverStore\FileRepository\iigd_dch.inf_amd64_3a2f90c1eb2e1524\igdml64.dll
0x00007ffe27cb0000 - 0x00007ffe28071000 	C:\WINDOWS\System32\DriverStore\FileRepository\iigd_dch.inf_amd64_3a2f90c1eb2e1524\igdgmm64.dll
0x00007ffe24aa0000 - 0x00007ffe27ca6000 	C:\WINDOWS\System32\DriverStore\FileRepository\iigd_dch.inf_amd64_3a2f90c1eb2e1524\igc64.dll
0x00007ffddd770000 - 0x00007ffddd7ce000 	C:\Users\henri\AppData\Local\Temp\lwjgl_henri\3.3.3+5\x64\lwjgl_opengl.dll
0x00007ffe0f420000 - 0x00007ffe0f56a000 	C:\WINDOWS\SYSTEM32\textinputframework.dll
0x00007ffe2c030000 - 0x00007ffe2c39c000 	C:\WINDOWS\SYSTEM32\CoreUIComponents.dll
0x0000000066b00000 - 0x0000000066b5a000 	C:\Users\henri\AppData\Local\Temp\libgdxhenri\5e84b8da\gdx-box2d64.dll

dbghelp: loaded successfully - version: 4.0.5 - missing functions: none
symbol engine: initialized successfully - sym options: 0x614 - pdb path: .;C:\Program Files\Java\jdk-17.0.1\bin;C:\WINDOWS\SYSTEM32;C:\WINDOWS\WinSxS\amd64_microsoft.windows.common-controls_6595b64144ccf1df_6.0.22621.3235_none_270f74e173860f98;C:\Program Files\Java\jdk-17.0.1\bin\server;C:\Users\henri\AppData\Local\Temp\libgdxhenri\2a9d7f76;C:\Users\henri\AppData\Local\Temp\lwjgl_henri\3.3.3+5\x64;C:\WINDOWS\System32\DriverStore\FileRepository\iigd_dch.inf_amd64_3a2f90c1eb2e1524;C:\Users\henri\AppData\Local\Temp\libgdxhenri\5e84b8da

VM Arguments:
jvm_args: -XX:+ShowCodeDetailsInExceptionMessages 
java_command: inf112.skeleton.app.Main
java_class_path (initial): C:\Users\henri\.vscode\ctrl-alt-defeat\target\classes;C:\Users\henri\.m2\repository\com\badlogicgames\gdx\gdx\1.12.1\gdx-1.12.1.jar;C:\Users\henri\.m2\repository\com\badlogicgames\gdx\gdx-jnigen-loader\2.3.1\gdx-jnigen-loader-2.3.1.jar;C:\Users\henri\.m2\repository\com\badlogicgames\gdx\gdx-platform\1.12.1\gdx-platform-1.12.1-natives-desktop.jar;C:\Users\henri\.m2\repository\com\badlogicgames\gdx\gdx-backend-lwjgl3\1.12.1\gdx-backend-lwjgl3-1.12.1.jar;C:\Users\henri\.m2\repository\org\lwjgl\lwjgl\3.3.3\lwjgl-3.3.3.jar;C:\Users\henri\.m2\repository\org\lwjgl\lwjgl\3.3.3\lwjgl-3.3.3-natives-linux.jar;C:\Users\henri\.m2\repository\org\lwjgl\lwjgl\3.3.3\lwjgl-3.3.3-natives-linux-arm32.jar;C:\Users\henri\.m2\repository\org\lwjgl\lwjgl\3.3.3\lwjgl-3.3.3-natives-linux-arm64.jar;C:\Users\henri\.m2\repository\org\lwjgl\lwjgl\3.3.3\lwjgl-3.3.3-natives-macos.jar;C:\Users\henri\.m2\repository\org\lwjgl\lwjgl\3.3.3\lwjgl-3.3.3-natives-macos-arm64.jar;C:\Users\henri\.m2\repository\org\lwjgl\lwjgl\3.3.3\lwjgl-3.3.3-natives-windows.jar;C:\Users\henri\.m2\repository\org\lwjgl\lwjgl\3.3.3\lwjgl-3.3.3-natives-windows-x86.jar;C:\Users\henri\.m2\repository\org\lwjgl\lwjgl-glfw\3.3.3\lwjgl-glfw-3.3.3.jar;C:\Users\henri\.m2\repository\org\lwjgl\lwjgl-glfw\3.3.3\lwjgl-glfw-3.3.3-natives-linux.jar;C:\Users\henri\.m2\repository\org\lwjgl\lwjgl-glfw\3.3.3\lwjgl-glfw-3.3.3-natives-linux-arm32.jar;C:\Users\henri\.m2\repository\org\lwjgl\lwjgl-glfw\3.3.3\lwjgl-glfw-3.3.3-natives-linux-arm64.jar;C:\Users\henri\.m2\repository\org\lwjgl\lwjgl-glfw\3.3.3\lwjgl-glfw-3.3.3-natives-macos.jar;C:\Users\henri\.m2\repository\org\lwjgl\lwjgl-glfw\3.3.3\lwjgl-glfw-3.3.3-natives-macos-arm64.jar;C:\Users\henri\.m2\repository\org\lwjgl\lwjgl-glfw\3.3.3\lwjgl-glfw-3.3.3-natives-windows.jar;C:\Users\henri\.m2\repository\org\lwjgl\lwjgl-glfw\3.3.3\lwjgl-glfw-3.3.3-natives-windows-x86.jar;C:\Users\henri\.m2\repository\org\lwjgl\lwjgl-jemalloc\3.3.3\lwjgl-jemalloc-3.3.3.jar;C:\Users\henr
Launcher Type: SUN_STANDARD

[Global flags]
     intx CICompilerCount                          = 4                                         {product} {ergonomic}
     uint ConcGCThreads                            = 2                                         {product} {ergonomic}
     uint G1ConcRefinementThreads                  = 8                                         {product} {ergonomic}
   size_t G1HeapRegionSize                         = 2097152                                   {product} {ergonomic}
    uintx GCDrainStackTargetSize                   = 64                                        {product} {ergonomic}
   size_t InitialHeapSize                          = 266338304                                 {product} {ergonomic}
   size_t MarkStackSize                            = 4194304                                   {product} {ergonomic}
   size_t MaxHeapSize                              = 4242538496                                {product} {ergonomic}
   size_t MaxNewSize                               = 2543845376                                {product} {ergonomic}
   size_t MinHeapDeltaBytes                        = 2097152                                   {product} {ergonomic}
   size_t MinHeapSize                              = 8388608                                   {product} {ergonomic}
    uintx NonNMethodCodeHeapSize                   = 5839372                                {pd product} {ergonomic}
    uintx NonProfiledCodeHeapSize                  = 122909434                              {pd product} {ergonomic}
    uintx ProfiledCodeHeapSize                     = 122909434                              {pd product} {ergonomic}
    uintx ReservedCodeCacheSize                    = 251658240                              {pd product} {ergonomic}
     bool SegmentedCodeCache                       = true                                      {product} {ergonomic}
     bool ShowCodeDetailsInExceptionMessages       = true                                   {manageable} {command line}
   size_t SoftMaxHeapSize                          = 4242538496                             {manageable} {ergonomic}
     bool UseCompressedClassPointers               = true                           {product lp64_product} {ergonomic}
     bool UseCompressedOops                        = true                           {product lp64_product} {ergonomic}
     bool UseG1GC                                  = true                                      {product} {ergonomic}
     bool UseLargePagesIndividualAllocation        = false                                  {pd product} {ergonomic}

Logging:
Log output configuration:
 #0: stdout all=warning uptime,level,tags
 #1: stderr all=off uptime,level,tags

Environment Variables:
PATH=C:\Program Files\Common Files\Oracle\Java\javapath;C:\Program Files (x86)\Common Files\Oracle\Java\javapath;C:\WINDOWS\system32;C:\WINDOWS;C:\WINDOWS\System32\Wbem;C:\WINDOWS\System32\WindowsPowerShell\v1.0\;C:\WINDOWS\System32\OpenSSH\;C:\Program Files (x86)\Calibre2\;C:\Program Files\Git\cmd;C:\Program Files\dotnet\;C:\Program Files\MATLAB\R2023a\bin;C:\Program Files\MATLAB\R2022b\bin;C:\Users\henri\AppData\Local\Programs\Python\Python39\Scripts\;C:\Users\henri\AppData\Local\Programs\Python\Python39\;C:\Users\henri\AppData\Local\Microsoft\WindowsApps;C:\Users\henri\AppData\Local\Programs\Microsoft VS Code\bin;C:\Users\henri\AppData\Local\GitHubDesktop\bin;C:\ghcup\bin;
USERNAME=henri
LANG=en_US.UTF-8
OS=Windows_NT
PROCESSOR_IDENTIFIER=Intel64 Family 6 Model 140 Stepping 1, GenuineIntel



---------------  S Y S T E M  ---------------

OS:
 Windows 10 , 64 bit Build 22621 (10.0.22621.3374)
OS uptime: 3 days 7:58 hours
Hyper-V role detected

CPU: total 8 (initial active 8) (4 cores per cpu, 2 threads per core) family 6 model 140 stepping 1 microcode 0x86, cx8, cmov, fxsr, ht, mmx, 3dnowpref, sse, sse2, sse3, ssse3, sse4.1, sse4.2, popcnt, lzcnt, tsc, tscinvbit, avx, avx2, aes, erms, clmul, bmi1, bmi2, adx, avx512f, avx512dq, avx512cd, avx512bw, avx512vl, sha, fma, vzeroupper, avx512_vpopcntdq, avx512_vpclmulqdq, avx512_vaes, avx512_vnni, clflush, clflushopt, clwb, avx512_vbmi2, avx512_vbmi, hv

Memory: 4k page, system-wide physical 16179M (6180M free)
TotalPageFile size 32563M (AvailPageFile size 17052M)
current process WorkingSet (physical memory assigned to process): 238M, peak: 256M
current process commit charge ("private bytes"): 460M, peak: 480M

vm_info: Java HotSpot(TM) 64-Bit Server VM (17.0.1+12-LTS-39) for windows-amd64 JRE (17.0.1+12-LTS-39), built on Sep 27 2021 18:41:35 by "mach5one" with MS VC++ 16.8 (VS2019)

END.
