#
# A fatal error has been detected by the Java Runtime Environment:
#
#  EXCEPTION_ACCESS_VIOLATION (0xc0000005) at pc=0x0000000066b0ae0a, pid=21348, tid=23544
#
# JRE version: Java(TM) SE Runtime Environment (17.0.1+12) (build 17.0.1+12-LTS-39)
# Java VM: Java HotSpot(TM) 64-Bit Server VM (17.0.1+12-LTS-39, mixed mode, sharing, tiered, compressed oops, compressed class ptrs, g1 gc, windows-amd64)
# Problematic frame:
# C  [gdx-box2d64.dll+0xae0a]
#
# No core dump will be written. Minidumps are not enabled by default on client versions of Windows
#
# If you would like to submit a bug report, please visit:
#   https://bugreport.java.com/bugreport/crash.jsp
# The crash happened outside the Java Virtual Machine in native code.
# See problematic frame for where to report the bug.
#

---------------  S U M M A R Y ------------

Command Line: -XX:+ShowCodeDetailsInExceptionMessages inf112.skeleton.app.Main

Host: 11th Gen Intel(R) Core(TM) i7-1165G7 @ 2.80GHz, 8 cores, 15G,  Windows 10 , 64 bit Build 22621 (10.0.22621.3235)
Time: Wed Apr 24 12:48:19 2024 Vest-Europa (sommertid) elapsed time: 128.896166 seconds (0d 0h 2m 8s)

---------------  T H R E A D  ---------------

Current thread (0x0000020acbdf5c00):  JavaThread "main" [_thread_in_native, id=23544, stack(0x0000009ca0600000,0x0000009ca0700000)]

Stack: [0x0000009ca0600000,0x0000009ca0700000],  sp=0x0000009ca06fef30,  free space=1019k
Native frames: (J=compiled Java code, j=interpreted, Vv=VM code, C=native code)
C  [gdx-box2d64.dll+0xae0a]

Java frames: (J=compiled Java code, j=interpreted, Vv=VM code)
J 1724  com.badlogic.gdx.physics.box2d.World.jniCreateBody(JIFFFFFFFFZZZZZF)J (0 bytes) @ 0x0000020adb1b8bce [0x0000020adb1b8b20+0x00000000000000ae]
J 1723 c1 com.badlogic.gdx.physics.box2d.World.createBody(Lcom/badlogic/gdx/physics/box2d/BodyDef;)Lcom/badlogic/gdx/physics/box2d/Body; (120 bytes) @ 0x0000020ad3eb3944 [0x0000020ad3eb3820+0x0000000000000124]
j  inf112.Entities.Blocks.CoinAnimation.defineItem()V+37
J 2028 c2 inf112.Screens.ShowGame.update(F)V (245 bytes) @ 0x0000020adb2509bc [0x0000020adb24dec0+0x0000000000002afc]
J 1823 c2 inf112.Screens.ShowGame.render(F)V (310 bytes) @ 0x0000020adb1ee2dc [0x0000020adb1ee2a0+0x000000000000003c]
J 1983 c2 com.badlogic.gdx.backends.lwjgl3.Lwjgl3Window.update()Z (217 bytes) @ 0x0000020adb2406cc [0x0000020adb23d080+0x000000000000364c]
j  com.badlogic.gdx.backends.lwjgl3.Lwjgl3Application.loop()V+111
j  com.badlogic.gdx.backends.lwjgl3.Lwjgl3Application.<init>(Lcom/badlogic/gdx/ApplicationListener;Lcom/badlogic/gdx/backends/lwjgl3/Lwjgl3ApplicationConfiguration;)V+269
j  inf112.skeleton.app.Main.main([Ljava/lang/String;)V+17
v  ~StubRoutines::call_stub

siginfo: EXCEPTION_ACCESS_VIOLATION (0xc0000005), reading address 0x0000022af23e5ad0


Register to memory mapping:

RIP=0x0000000066b0ae0a gdx-box2d64.dll
RAX=0x0000000066b4f080 gdx-box2d64.dll
RBX=0x0000020af2398740 points into unknown readable memory: 0x0000020af23b1ad0 | d0 1a 3b f2 0a 02 00 00
RCX=0x0000020af2398740 points into unknown readable memory: 0x0000020af23b1ad0 | d0 1a 3b f2 0a 02 00 00
RDX=0x00000000000000b8 is an unknown value
RSP=0x0000009ca06fef30 is pointing into the stack for thread: 0x0000020acbdf5c00
RBP=0x0000020af2398770 points into unknown readable memory: 0x0000000000000000 | 00 00 00 00 00 00 00 00
RSI=0x0000000000000006 is an unknown value
RDI=0x0000000000000001 is an unknown value
R8 =0x0 is NULL
R9 =0x0000000000000002 is an unknown value
R10=0x0 is NULL
R11=0x0000000000000001 is an unknown value
R12=0x0000022af23e5ad0 is an unknown value
R13=0x0000009ca06ff000 is pointing into the stack for thread: 0x0000020acbdf5c00
R14=0x0000009ca06ff298 is pointing into the stack for thread: 0x0000020acbdf5c00
R15=0x0000020acbdf5c00 is a thread


Registers:
RAX=0x0000000066b4f080, RBX=0x0000020af2398740, RCX=0x0000020af2398740, RDX=0x00000000000000b8
RSP=0x0000009ca06fef30, RBP=0x0000020af2398770, RSI=0x0000000000000006, RDI=0x0000000000000001
R8 =0x0000000000000000, R9 =0x0000000000000002, R10=0x0000000000000000, R11=0x0000000000000001
R12=0x0000022af23e5ad0, R13=0x0000009ca06ff000, R14=0x0000009ca06ff298, R15=0x0000020acbdf5c00
RIP=0x0000000066b0ae0a, EFLAGS=0x0000000000010202

Top of Stack: (sp=0x0000009ca06fef30)
0x0000009ca06fef30:   0000000000000000 0000000000000000
0x0000009ca06fef40:   0000000000000000 0000000000000000
0x0000009ca06fef50:   0000000000000020 0000009ca06ff110
0x0000009ca06fef60:   0000020af2398740 0000000000000001
0x0000009ca06fef70:   0000000000000001 0000009ca06ff120
0x0000009ca06fef80:   0000000000000000 0000009ca06ff000
0x0000009ca06fef90:   0000009ca06ff298 0000000066b20055
0x0000009ca06fefa0:   0000000000000000 00007ffb2ca85154
0x0000009ca06fefb0:   000000f000000000 00000008003fee28
0x0000009ca06fefc0:   0000000000000001 0000000000000000
0x0000009ca06fefd0:   0000020afd129d98 0000000066b258e8
0x0000009ca06fefe0:   0000000711835780 00000008003fee28
0x0000009ca06feff0:   0000020acbdf5c00 0000009ca06ff0c8
0x0000009ca06ff000:   419b851f00000002 000000003f851eb8
0x0000009ca06ff010:   0000000000000000 0000000000000000
0x0000009ca06ff020:   0000010100000000 0000020acbdf5c01 

Instructions: (pc=0x0000000066b0ae0a)
0x0000000066b0ad0a:   00 4c 8d 2d 3e 4e 03 00 4c 8d 25 9c 4e 03 00 eb
0x0000000066b0ad1a:   1c 0f 1f 44 00 00 83 fe 0d 7e 0e 41 b8 49 00 00
0x0000000066b0ad2a:   00 4c 89 ea 4c 89 e1 ff d5 48 83 c3 01 48 63 c6
0x0000000066b0ad3a:   41 39 1c 86 7d 03 83 c6 01 40 88 34 1f 48 81 fb
0x0000000066b0ad4a:   80 02 00 00 75 d0 c6 05 09 43 04 00 01 48 83 c4
0x0000000066b0ad5a:   20 5b 5e 5f 5d 41 5c 41 5d 41 5e c3 66 2e 0f 1f
0x0000000066b0ad6a:   84 00 00 00 00 00 56 53 48 83 ec 28 8b 41 08 48
0x0000000066b0ad7a:   89 ce 85 c0 7e 24 31 db 66 0f 1f 44 00 00 48 89
0x0000000066b0ad8a:   d8 48 83 c3 01 48 c1 e0 04 48 03 06 48 8b 48 08
0x0000000066b0ad9a:   e8 d1 08 00 00 39 5e 08 7f e4 48 8b 0e e8 c4 08
0x0000000066b0adaa:   00 00 90 48 83 c4 28 5b 5e c3 66 66 2e 0f 1f 84
0x0000000066b0adba:   00 00 00 00 00 90 41 56 41 55 41 54 55 57 56 53
0x0000000066b0adca:   48 83 ec 30 4c 63 e2 48 89 cb 45 85 e4 0f 84 43
0x0000000066b0adda:   01 00 00 7e 61 41 81 fc 80 02 00 00 7f 40 48 8d
0x0000000066b0adea:   05 91 42 04 00 42 0f b6 34 20 49 89 f4 40 80 fe
0x0000000066b0adfa:   0d 77 63 4a 8d 2c e3 4c 8b 65 10 4d 85 e4 74 7d
0x0000000066b0ae0a:   49 8b 04 24 48 89 45 10 4c 89 e0 48 83 c4 30 5b
0x0000000066b0ae1a:   5e 5f 5d 41 5c 41 5d 41 5e c3 0f 1f 40 00 44 89
0x0000000066b0ae2a:   e1 48 83 c4 30 5b 5e 5f 5d 41 5c 41 5d 41 5e e9
0x0000000066b0ae3a:   22 08 00 00 66 90 41 b8 68 00 00 00 48 8d 15 03
0x0000000066b0ae4a:   4d 03 00 48 8d 0d 73 4d 03 00 ff 15 5a b5 04 00
0x0000000066b0ae5a:   eb 8c 0f 1f 40 00 4a 8d 2c e3 41 b8 70 00 00 00
0x0000000066b0ae6a:   48 8d 15 df 4c 03 00 48 8d 0d 58 4d 03 00 ff 15
0x0000000066b0ae7a:   36 b5 04 00 4c 8b 65 10 4d 85 e4 75 83 48 63 43
0x0000000066b0ae8a:   08 4c 8b 2b 3b 43 0c 0f 84 c9 00 00 00 48 c1 e0
0x0000000066b0ae9a:   04 b9 00 40 00 00 48 63 f6 49 01 c5 e8 b5 07 00
0x0000000066b0aeaa:   00 49 89 45 08 49 89 c4 48 8d 05 67 31 03 00 8b
0x0000000066b0aeba:   3c b0 b8 00 40 00 00 99 f7 ff 41 89 7d 00 41 89
0x0000000066b0aeca:   fe 44 0f af f0 41 81 fe 00 40 00 00 7f 58 83 f8
0x0000000066b0aeda:   01 7e 23 4c 63 cf 4c 89 e1 83 e8 01 31 d2 0f 1f
0x0000000066b0aeea:   84 00 00 00 00 00 49 89 c8 83 c2 01 4c 01 c9 49
0x0000000066b0aefa:   89 08 39 c2 75 f0 41 29 fe 4d 63 f6 4b c7 04 34 


Stack slot to memory mapping:
stack at sp + 0 slots: 0x0 is NULL
stack at sp + 1 slots: 0x0 is NULL
stack at sp + 2 slots: 0x0 is NULL
stack at sp + 3 slots: 0x0 is NULL
stack at sp + 4 slots: 0x0000000000000020 is an unknown value
stack at sp + 5 slots: 0x0000009ca06ff110 is pointing into the stack for thread: 0x0000020acbdf5c00
stack at sp + 6 slots: 0x0000020af2398740 points into unknown readable memory: 0x0000020af23b1ad0 | d0 1a 3b f2 0a 02 00 00
stack at sp + 7 slots: 0x0000000000000001 is an unknown value


---------------  P R O C E S S  ---------------

Threads class SMR info:
_java_thread_list=0x0000020afd899990, length=14, elements={
0x0000020acbdf5c00, 0x0000020aee9fdfe0, 0x0000020aee9feaa0, 0x0000020aef419980,
0x0000020aef41a440, 0x0000020aef41ee20, 0x0000020aef4276f0, 0x0000020aef431e20,
0x0000020aef4327d0, 0x0000020aef4350e0, 0x0000020aef56b6e0, 0x0000020aef574840,
0x0000020aefffbeb0, 0x0000020af1a8edc0
}

Java Threads: ( => current thread )
=>0x0000020acbdf5c00 JavaThread "main" [_thread_in_native, id=23544, stack(0x0000009ca0600000,0x0000009ca0700000)]
  0x0000020aee9fdfe0 JavaThread "Reference Handler" daemon [_thread_blocked, id=38740, stack(0x0000009ca0d00000,0x0000009ca0e00000)]
  0x0000020aee9feaa0 JavaThread "Finalizer" daemon [_thread_blocked, id=14424, stack(0x0000009ca0e00000,0x0000009ca0f00000)]
  0x0000020aef419980 JavaThread "Signal Dispatcher" daemon [_thread_blocked, id=31256, stack(0x0000009ca0f00000,0x0000009ca1000000)]
  0x0000020aef41a440 JavaThread "Attach Listener" daemon [_thread_blocked, id=39476, stack(0x0000009ca1000000,0x0000009ca1100000)]
  0x0000020aef41ee20 JavaThread "Service Thread" daemon [_thread_blocked, id=11912, stack(0x0000009ca1100000,0x0000009ca1200000)]
  0x0000020aef4276f0 JavaThread "Monitor Deflation Thread" daemon [_thread_blocked, id=33848, stack(0x0000009ca1200000,0x0000009ca1300000)]
  0x0000020aef431e20 JavaThread "C2 CompilerThread0" daemon [_thread_blocked, id=30272, stack(0x0000009ca1300000,0x0000009ca1400000)]
  0x0000020aef4327d0 JavaThread "C1 CompilerThread0" daemon [_thread_blocked, id=16412, stack(0x0000009ca1400000,0x0000009ca1500000)]
  0x0000020aef4350e0 JavaThread "Sweeper thread" daemon [_thread_blocked, id=30108, stack(0x0000009ca1500000,0x0000009ca1600000)]
  0x0000020aef56b6e0 JavaThread "Notification Thread" daemon [_thread_blocked, id=23216, stack(0x0000009ca1600000,0x0000009ca1700000)]
  0x0000020aef574840 JavaThread "Common-Cleaner" daemon [_thread_blocked, id=3188, stack(0x0000009ca1800000,0x0000009ca1900000)]
  0x0000020aefffbeb0 JavaThread "Thread-0" daemon [_thread_blocked, id=34052, stack(0x0000009ca1f00000,0x0000009ca2000000)]
  0x0000020af1a8edc0 JavaThread "AssetManager" daemon [_thread_blocked, id=36944, stack(0x0000009ca2200000,0x0000009ca2300000)]

Other Threads:
  0x0000020aee9fc650 VMThread "VM Thread" [stack: 0x0000009ca0c00000,0x0000009ca0d00000] [id=3584]
  0x0000020aef570bd0 WatcherThread [stack: 0x0000009ca1700000,0x0000009ca1800000] [id=13964]
  0x0000020acbe4d110 GCTaskThread "GC Thread#0" [stack: 0x0000009ca0700000,0x0000009ca0800000] [id=35528]
  0x0000020af1aed170 GCTaskThread "GC Thread#1" [stack: 0x0000009ca2400000,0x0000009ca2500000] [id=18368]
  0x0000020af1aecc10 GCTaskThread "GC Thread#2" [stack: 0x0000009ca2500000,0x0000009ca2600000] [id=11560]
  0x0000020af1aec6b0 GCTaskThread "GC Thread#3" [stack: 0x0000009ca2600000,0x0000009ca2700000] [id=34268]
  0x0000020af1aed980 GCTaskThread "GC Thread#4" [stack: 0x0000009ca2700000,0x0000009ca2800000] [id=36372]
  0x0000020af1aed420 GCTaskThread "GC Thread#5" [stack: 0x0000009ca2800000,0x0000009ca2900000] [id=18808]
  0x0000020af1aed6d0 GCTaskThread "GC Thread#6" [stack: 0x0000009ca2900000,0x0000009ca2a00000] [id=18176]
  0x0000020af1aec960 GCTaskThread "GC Thread#7" [stack: 0x0000009ca2a00000,0x0000009ca2b00000] [id=24076]
  0x0000020acbe5ec40 ConcurrentGCThread "G1 Main Marker" [stack: 0x0000009ca0800000,0x0000009ca0900000] [id=16248]
  0x0000020acbe60570 ConcurrentGCThread "G1 Conc#0" [stack: 0x0000009ca0900000,0x0000009ca0a00000] [id=36248]
  0x0000020acbeb2090 ConcurrentGCThread "G1 Refine#0" [stack: 0x0000009ca0a00000,0x0000009ca0b00000] [id=11824]
  0x0000020acbeb29c0 ConcurrentGCThread "G1 Service" [stack: 0x0000009ca0b00000,0x0000009ca0c00000] [id=11576]

Threads with active compile tasks:

VM state: not at safepoint (normal execution)

VM Mutex/Monitor currently owned by a thread: None

Heap address: 0x0000000703200000, size: 4046 MB, Compressed Oops mode: Zero based, Oop shift amount: 3

CDS archive(s) mapped at: [0x0000000800000000-0x0000000800bc0000-0x0000000800bc0000), size 12320768, SharedBaseAddress: 0x0000000800000000, ArchiveRelocationMode: 0.
Compressed class space mapped at: 0x0000000800c00000-0x0000000840c00000, reserved size: 1073741824
Narrow klass base: 0x0000000800000000, Narrow klass shift: 0, Narrow klass range: 0x100000000

GC Precious Log:
 CPUs: 8 total, 8 available
 Memory: 16179M
 Large Page Support: Disabled
 NUMA Support: Disabled
 Compressed Oops: Enabled (Zero based)
 Heap Region Size: 2M
 Heap Min Capacity: 8M
 Heap Initial Capacity: 254M
 Heap Max Capacity: 4046M
 Pre-touch: Disabled
 Parallel Workers: 8
 Concurrent Workers: 2
 Concurrent Refinement Workers: 8
 Periodic GC: Disabled

Heap:
 garbage-first heap   total 260096K, used 22211K [0x0000000703200000, 0x0000000800000000)
  region size 2048K, 12 young (24576K), 2 survivors (4096K)
 Metaspace       used 8563K, committed 8768K, reserved 1064960K
  class space    used 648K, committed 768K, reserved 1048576K

Heap Regions: E=young(eden), S=young(survivor), O=old, HS=humongous(starts), HC=humongous(continues), CS=collection set, F=free, OA=open archive, CA=closed archive, TAMS=top-at-mark-start (previous, next)
|   0|0x0000000703200000, 0x0000000703200000, 0x0000000703400000|  0%| F|  |TAMS 0x0000000703200000, 0x0000000703200000| Untracked 
|   1|0x0000000703400000, 0x0000000703400000, 0x0000000703600000|  0%| F|  |TAMS 0x0000000703400000, 0x0000000703400000| Untracked 
|   2|0x0000000703600000, 0x0000000703600000, 0x0000000703800000|  0%| F|  |TAMS 0x0000000703600000, 0x0000000703600000| Untracked 
|   3|0x0000000703800000, 0x0000000703800000, 0x0000000703a00000|  0%| F|  |TAMS 0x0000000703800000, 0x0000000703800000| Untracked 
|   4|0x0000000703a00000, 0x0000000703a00000, 0x0000000703c00000|  0%| F|  |TAMS 0x0000000703a00000, 0x0000000703a00000| Untracked 
|   5|0x0000000703c00000, 0x0000000703c00000, 0x0000000703e00000|  0%| F|  |TAMS 0x0000000703c00000, 0x0000000703c00000| Untracked 
|   6|0x0000000703e00000, 0x0000000703e00000, 0x0000000704000000|  0%| F|  |TAMS 0x0000000703e00000, 0x0000000703e00000| Untracked 
|   7|0x0000000704000000, 0x0000000704000000, 0x0000000704200000|  0%| F|  |TAMS 0x0000000704000000, 0x0000000704000000| Untracked 
|   8|0x0000000704200000, 0x0000000704200000, 0x0000000704400000|  0%| F|  |TAMS 0x0000000704200000, 0x0000000704200000| Untracked 
|   9|0x0000000704400000, 0x0000000704400000, 0x0000000704600000|  0%| F|  |TAMS 0x0000000704400000, 0x0000000704400000| Untracked 
|  10|0x0000000704600000, 0x0000000704600000, 0x0000000704800000|  0%| F|  |TAMS 0x0000000704600000, 0x0000000704600000| Untracked 
|  11|0x0000000704800000, 0x0000000704800000, 0x0000000704a00000|  0%| F|  |TAMS 0x0000000704800000, 0x0000000704800000| Untracked 
|  12|0x0000000704a00000, 0x0000000704a00000, 0x0000000704c00000|  0%| F|  |TAMS 0x0000000704a00000, 0x0000000704a00000| Untracked 
|  13|0x0000000704c00000, 0x0000000704c00000, 0x0000000704e00000|  0%| F|  |TAMS 0x0000000704c00000, 0x0000000704c00000| Untracked 
|  14|0x0000000704e00000, 0x0000000704e00000, 0x0000000705000000|  0%| F|  |TAMS 0x0000000704e00000, 0x0000000704e00000| Untracked 
|  15|0x0000000705000000, 0x0000000705000000, 0x0000000705200000|  0%| F|  |TAMS 0x0000000705000000, 0x0000000705000000| Untracked 
|  16|0x0000000705200000, 0x0000000705200000, 0x0000000705400000|  0%| F|  |TAMS 0x0000000705200000, 0x0000000705200000| Untracked 
|  17|0x0000000705400000, 0x0000000705400000, 0x0000000705600000|  0%| F|  |TAMS 0x0000000705400000, 0x0000000705400000| Untracked 
|  18|0x0000000705600000, 0x0000000705600000, 0x0000000705800000|  0%| F|  |TAMS 0x0000000705600000, 0x0000000705600000| Untracked 
|  19|0x0000000705800000, 0x0000000705800000, 0x0000000705a00000|  0%| F|  |TAMS 0x0000000705800000, 0x0000000705800000| Untracked 
|  20|0x0000000705a00000, 0x0000000705a00000, 0x0000000705c00000|  0%| F|  |TAMS 0x0000000705a00000, 0x0000000705a00000| Untracked 
|  21|0x0000000705c00000, 0x0000000705c00000, 0x0000000705e00000|  0%| F|  |TAMS 0x0000000705c00000, 0x0000000705c00000| Untracked 
|  22|0x0000000705e00000, 0x0000000705e00000, 0x0000000706000000|  0%| F|  |TAMS 0x0000000705e00000, 0x0000000705e00000| Untracked 
|  23|0x0000000706000000, 0x0000000706000000, 0x0000000706200000|  0%| F|  |TAMS 0x0000000706000000, 0x0000000706000000| Untracked 
|  24|0x0000000706200000, 0x0000000706200000, 0x0000000706400000|  0%| F|  |TAMS 0x0000000706200000, 0x0000000706200000| Untracked 
|  25|0x0000000706400000, 0x0000000706400000, 0x0000000706600000|  0%| F|  |TAMS 0x0000000706400000, 0x0000000706400000| Untracked 
|  26|0x0000000706600000, 0x0000000706600000, 0x0000000706800000|  0%| F|  |TAMS 0x0000000706600000, 0x0000000706600000| Untracked 
|  27|0x0000000706800000, 0x0000000706800000, 0x0000000706a00000|  0%| F|  |TAMS 0x0000000706800000, 0x0000000706800000| Untracked 
|  28|0x0000000706a00000, 0x0000000706a00000, 0x0000000706c00000|  0%| F|  |TAMS 0x0000000706a00000, 0x0000000706a00000| Untracked 
|  29|0x0000000706c00000, 0x0000000706c00000, 0x0000000706e00000|  0%| F|  |TAMS 0x0000000706c00000, 0x0000000706c00000| Untracked 
|  30|0x0000000706e00000, 0x0000000706e00000, 0x0000000707000000|  0%| F|  |TAMS 0x0000000706e00000, 0x0000000706e00000| Untracked 
|  31|0x0000000707000000, 0x0000000707000000, 0x0000000707200000|  0%| F|  |TAMS 0x0000000707000000, 0x0000000707000000| Untracked 
|  32|0x0000000707200000, 0x0000000707200000, 0x0000000707400000|  0%| F|  |TAMS 0x0000000707200000, 0x0000000707200000| Untracked 
|  33|0x0000000707400000, 0x0000000707400000, 0x0000000707600000|  0%| F|  |TAMS 0x0000000707400000, 0x0000000707400000| Untracked 
|  34|0x0000000707600000, 0x0000000707600000, 0x0000000707800000|  0%| F|  |TAMS 0x0000000707600000, 0x0000000707600000| Untracked 
|  35|0x0000000707800000, 0x0000000707800000, 0x0000000707a00000|  0%| F|  |TAMS 0x0000000707800000, 0x0000000707800000| Untracked 
|  36|0x0000000707a00000, 0x0000000707a00000, 0x0000000707c00000|  0%| F|  |TAMS 0x0000000707a00000, 0x0000000707a00000| Untracked 
|  37|0x0000000707c00000, 0x0000000707c00000, 0x0000000707e00000|  0%| F|  |TAMS 0x0000000707c00000, 0x0000000707c00000| Untracked 
|  38|0x0000000707e00000, 0x0000000707e00000, 0x0000000708000000|  0%| F|  |TAMS 0x0000000707e00000, 0x0000000707e00000| Untracked 
|  39|0x0000000708000000, 0x0000000708000000, 0x0000000708200000|  0%| F|  |TAMS 0x0000000708000000, 0x0000000708000000| Untracked 
|  40|0x0000000708200000, 0x0000000708200000, 0x0000000708400000|  0%| F|  |TAMS 0x0000000708200000, 0x0000000708200000| Untracked 
|  41|0x0000000708400000, 0x0000000708400000, 0x0000000708600000|  0%| F|  |TAMS 0x0000000708400000, 0x0000000708400000| Untracked 
|  42|0x0000000708600000, 0x0000000708600000, 0x0000000708800000|  0%| F|  |TAMS 0x0000000708600000, 0x0000000708600000| Untracked 
|  43|0x0000000708800000, 0x0000000708800000, 0x0000000708a00000|  0%| F|  |TAMS 0x0000000708800000, 0x0000000708800000| Untracked 
|  44|0x0000000708a00000, 0x0000000708a00000, 0x0000000708c00000|  0%| F|  |TAMS 0x0000000708a00000, 0x0000000708a00000| Untracked 
|  45|0x0000000708c00000, 0x0000000708c00000, 0x0000000708e00000|  0%| F|  |TAMS 0x0000000708c00000, 0x0000000708c00000| Untracked 
|  46|0x0000000708e00000, 0x0000000708e00000, 0x0000000709000000|  0%| F|  |TAMS 0x0000000708e00000, 0x0000000708e00000| Untracked 
|  47|0x0000000709000000, 0x0000000709000000, 0x0000000709200000|  0%| F|  |TAMS 0x0000000709000000, 0x0000000709000000| Untracked 
|  48|0x0000000709200000, 0x0000000709200000, 0x0000000709400000|  0%| F|  |TAMS 0x0000000709200000, 0x0000000709200000| Untracked 
|  49|0x0000000709400000, 0x0000000709400000, 0x0000000709600000|  0%| F|  |TAMS 0x0000000709400000, 0x0000000709400000| Untracked 
|  50|0x0000000709600000, 0x0000000709600000, 0x0000000709800000|  0%| F|  |TAMS 0x0000000709600000, 0x0000000709600000| Untracked 
|  51|0x0000000709800000, 0x0000000709800000, 0x0000000709a00000|  0%| F|  |TAMS 0x0000000709800000, 0x0000000709800000| Untracked 
|  52|0x0000000709a00000, 0x0000000709a00000, 0x0000000709c00000|  0%| F|  |TAMS 0x0000000709a00000, 0x0000000709a00000| Untracked 
|  53|0x0000000709c00000, 0x0000000709c00000, 0x0000000709e00000|  0%| F|  |TAMS 0x0000000709c00000, 0x0000000709c00000| Untracked 
|  54|0x0000000709e00000, 0x0000000709e00000, 0x000000070a000000|  0%| F|  |TAMS 0x0000000709e00000, 0x0000000709e00000| Untracked 
|  55|0x000000070a000000, 0x000000070a000000, 0x000000070a200000|  0%| F|  |TAMS 0x000000070a000000, 0x000000070a000000| Untracked 
|  56|0x000000070a200000, 0x000000070a200000, 0x000000070a400000|  0%| F|  |TAMS 0x000000070a200000, 0x000000070a200000| Untracked 
|  57|0x000000070a400000, 0x000000070a400000, 0x000000070a600000|  0%| F|  |TAMS 0x000000070a400000, 0x000000070a400000| Untracked 
|  58|0x000000070a600000, 0x000000070a600000, 0x000000070a800000|  0%| F|  |TAMS 0x000000070a600000, 0x000000070a600000| Untracked 
|  59|0x000000070a800000, 0x000000070a800000, 0x000000070aa00000|  0%| F|  |TAMS 0x000000070a800000, 0x000000070a800000| Untracked 
|  60|0x000000070aa00000, 0x000000070aa00000, 0x000000070ac00000|  0%| F|  |TAMS 0x000000070aa00000, 0x000000070aa00000| Untracked 
|  61|0x000000070ac00000, 0x000000070ac00000, 0x000000070ae00000|  0%| F|  |TAMS 0x000000070ac00000, 0x000000070ac00000| Untracked 
|  62|0x000000070ae00000, 0x000000070ae00000, 0x000000070b000000|  0%| F|  |TAMS 0x000000070ae00000, 0x000000070ae00000| Untracked 
|  63|0x000000070b000000, 0x000000070b000000, 0x000000070b200000|  0%| F|  |TAMS 0x000000070b000000, 0x000000070b000000| Untracked 
|  64|0x000000070b200000, 0x000000070b200000, 0x000000070b400000|  0%| F|  |TAMS 0x000000070b200000, 0x000000070b200000| Untracked 
|  65|0x000000070b400000, 0x000000070b400000, 0x000000070b600000|  0%| F|  |TAMS 0x000000070b400000, 0x000000070b400000| Untracked 
|  66|0x000000070b600000, 0x000000070b600000, 0x000000070b800000|  0%| F|  |TAMS 0x000000070b600000, 0x000000070b600000| Untracked 
|  67|0x000000070b800000, 0x000000070b800000, 0x000000070ba00000|  0%| F|  |TAMS 0x000000070b800000, 0x000000070b800000| Untracked 
|  68|0x000000070ba00000, 0x000000070ba00000, 0x000000070bc00000|  0%| F|  |TAMS 0x000000070ba00000, 0x000000070ba00000| Untracked 
|  69|0x000000070bc00000, 0x000000070bc00000, 0x000000070be00000|  0%| F|  |TAMS 0x000000070bc00000, 0x000000070bc00000| Untracked 
|  70|0x000000070be00000, 0x000000070be00000, 0x000000070c000000|  0%| F|  |TAMS 0x000000070be00000, 0x000000070be00000| Untracked 
|  71|0x000000070c000000, 0x000000070c000000, 0x000000070c200000|  0%| F|  |TAMS 0x000000070c000000, 0x000000070c000000| Untracked 
|  72|0x000000070c200000, 0x000000070c200000, 0x000000070c400000|  0%| F|  |TAMS 0x000000070c200000, 0x000000070c200000| Untracked 
|  73|0x000000070c400000, 0x000000070c400000, 0x000000070c600000|  0%| F|  |TAMS 0x000000070c400000, 0x000000070c400000| Untracked 
|  74|0x000000070c600000, 0x000000070c600000, 0x000000070c800000|  0%| F|  |TAMS 0x000000070c600000, 0x000000070c600000| Untracked 
|  75|0x000000070c800000, 0x000000070c800000, 0x000000070ca00000|  0%| F|  |TAMS 0x000000070c800000, 0x000000070c800000| Untracked 
|  76|0x000000070ca00000, 0x000000070ca00000, 0x000000070cc00000|  0%| F|  |TAMS 0x000000070ca00000, 0x000000070ca00000| Untracked 
|  77|0x000000070cc00000, 0x000000070cc00000, 0x000000070ce00000|  0%| F|  |TAMS 0x000000070cc00000, 0x000000070cc00000| Untracked 
|  78|0x000000070ce00000, 0x000000070ce00000, 0x000000070d000000|  0%| F|  |TAMS 0x000000070ce00000, 0x000000070ce00000| Untracked 
|  79|0x000000070d000000, 0x000000070d000000, 0x000000070d200000|  0%| F|  |TAMS 0x000000070d000000, 0x000000070d000000| Untracked 
|  80|0x000000070d200000, 0x000000070d200000, 0x000000070d400000|  0%| F|  |TAMS 0x000000070d200000, 0x000000070d200000| Untracked 
|  81|0x000000070d400000, 0x000000070d400000, 0x000000070d600000|  0%| F|  |TAMS 0x000000070d400000, 0x000000070d400000| Untracked 
|  82|0x000000070d600000, 0x000000070d600000, 0x000000070d800000|  0%| F|  |TAMS 0x000000070d600000, 0x000000070d600000| Untracked 
|  83|0x000000070d800000, 0x000000070d800000, 0x000000070da00000|  0%| F|  |TAMS 0x000000070d800000, 0x000000070d800000| Untracked 
|  84|0x000000070da00000, 0x000000070da00000, 0x000000070dc00000|  0%| F|  |TAMS 0x000000070da00000, 0x000000070da00000| Untracked 
|  85|0x000000070dc00000, 0x000000070dc00000, 0x000000070de00000|  0%| F|  |TAMS 0x000000070dc00000, 0x000000070dc00000| Untracked 
|  86|0x000000070de00000, 0x000000070de00000, 0x000000070e000000|  0%| F|  |TAMS 0x000000070de00000, 0x000000070de00000| Untracked 
|  87|0x000000070e000000, 0x000000070e000000, 0x000000070e200000|  0%| F|  |TAMS 0x000000070e000000, 0x000000070e000000| Untracked 
|  88|0x000000070e200000, 0x000000070e200000, 0x000000070e400000|  0%| F|  |TAMS 0x000000070e200000, 0x000000070e200000| Untracked 
|  89|0x000000070e400000, 0x000000070e400000, 0x000000070e600000|  0%| F|  |TAMS 0x000000070e400000, 0x000000070e400000| Untracked 
|  90|0x000000070e600000, 0x000000070e600000, 0x000000070e800000|  0%| F|  |TAMS 0x000000070e600000, 0x000000070e600000| Untracked 
|  91|0x000000070e800000, 0x000000070e800000, 0x000000070ea00000|  0%| F|  |TAMS 0x000000070e800000, 0x000000070e800000| Untracked 
|  92|0x000000070ea00000, 0x000000070ea00000, 0x000000070ec00000|  0%| F|  |TAMS 0x000000070ea00000, 0x000000070ea00000| Untracked 
|  93|0x000000070ec00000, 0x000000070ec00000, 0x000000070ee00000|  0%| F|  |TAMS 0x000000070ec00000, 0x000000070ec00000| Untracked 
|  94|0x000000070ee00000, 0x000000070ee00000, 0x000000070f000000|  0%| F|  |TAMS 0x000000070ee00000, 0x000000070ee00000| Untracked 
|  95|0x000000070f000000, 0x000000070f000000, 0x000000070f200000|  0%| F|  |TAMS 0x000000070f000000, 0x000000070f000000| Untracked 
|  96|0x000000070f200000, 0x000000070f200000, 0x000000070f400000|  0%| F|  |TAMS 0x000000070f200000, 0x000000070f200000| Untracked 
|  97|0x000000070f400000, 0x000000070f400000, 0x000000070f600000|  0%| F|  |TAMS 0x000000070f400000, 0x000000070f400000| Untracked 
|  98|0x000000070f600000, 0x000000070f600000, 0x000000070f800000|  0%| F|  |TAMS 0x000000070f600000, 0x000000070f600000| Untracked 
|  99|0x000000070f800000, 0x000000070f800000, 0x000000070fa00000|  0%| F|  |TAMS 0x000000070f800000, 0x000000070f800000| Untracked 
| 100|0x000000070fa00000, 0x000000070fa00000, 0x000000070fc00000|  0%| F|  |TAMS 0x000000070fa00000, 0x000000070fa00000| Untracked 
| 101|0x000000070fc00000, 0x000000070fc00000, 0x000000070fe00000|  0%| F|  |TAMS 0x000000070fc00000, 0x000000070fc00000| Untracked 
| 102|0x000000070fe00000, 0x000000070fe00000, 0x0000000710000000|  0%| F|  |TAMS 0x000000070fe00000, 0x000000070fe00000| Untracked 
| 103|0x0000000710000000, 0x0000000710000000, 0x0000000710200000|  0%| F|  |TAMS 0x0000000710000000, 0x0000000710000000| Untracked 
| 104|0x0000000710200000, 0x0000000710200000, 0x0000000710400000|  0%| F|  |TAMS 0x0000000710200000, 0x0000000710200000| Untracked 
| 105|0x0000000710400000, 0x0000000710400000, 0x0000000710600000|  0%| F|  |TAMS 0x0000000710400000, 0x0000000710400000| Untracked 
| 106|0x0000000710600000, 0x0000000710600000, 0x0000000710800000|  0%| F|  |TAMS 0x0000000710600000, 0x0000000710600000| Untracked 
| 107|0x0000000710800000, 0x0000000710800000, 0x0000000710a00000|  0%| F|  |TAMS 0x0000000710800000, 0x0000000710800000| Untracked 
| 108|0x0000000710a00000, 0x0000000710a00000, 0x0000000710c00000|  0%| F|  |TAMS 0x0000000710a00000, 0x0000000710a00000| Untracked 
| 109|0x0000000710c00000, 0x0000000710c00000, 0x0000000710e00000|  0%| F|  |TAMS 0x0000000710c00000, 0x0000000710c00000| Untracked 
| 110|0x0000000710e00000, 0x0000000710e00000, 0x0000000711000000|  0%| F|  |TAMS 0x0000000710e00000, 0x0000000710e00000| Untracked 
| 111|0x0000000711000000, 0x0000000711000000, 0x0000000711200000|  0%| F|  |TAMS 0x0000000711000000, 0x0000000711000000| Untracked 
| 112|0x0000000711200000, 0x0000000711200000, 0x0000000711400000|  0%| F|  |TAMS 0x0000000711200000, 0x0000000711200000| Untracked 
| 113|0x0000000711400000, 0x0000000711400000, 0x0000000711600000|  0%| F|  |TAMS 0x0000000711400000, 0x0000000711400000| Untracked 
| 114|0x0000000711600000, 0x00000007117b0d88, 0x0000000711800000| 84%| S|CS|TAMS 0x0000000711600000, 0x0000000711600000| Complete 
| 115|0x0000000711800000, 0x0000000711a00000, 0x0000000711a00000|100%| S|CS|TAMS 0x0000000711800000, 0x0000000711800000| Complete 
| 116|0x0000000711a00000, 0x0000000711a00000, 0x0000000711c00000|  0%| F|  |TAMS 0x0000000711a00000, 0x0000000711a00000| Untracked 
| 117|0x0000000711c00000, 0x0000000711dd0f88, 0x0000000711e00000| 90%| E|  |TAMS 0x0000000711c00000, 0x0000000711c00000| Complete 
| 118|0x0000000711e00000, 0x0000000712000000, 0x0000000712000000|100%| E|CS|TAMS 0x0000000711e00000, 0x0000000711e00000| Complete 
| 119|0x0000000712000000, 0x0000000712200000, 0x0000000712200000|100%| E|CS|TAMS 0x0000000712000000, 0x0000000712000000| Complete 
| 120|0x0000000712200000, 0x0000000712400000, 0x0000000712400000|100%| E|CS|TAMS 0x0000000712200000, 0x0000000712200000| Complete 
| 121|0x0000000712400000, 0x0000000712600000, 0x0000000712600000|100%| E|CS|TAMS 0x0000000712400000, 0x0000000712400000| Complete 
| 122|0x0000000712600000, 0x0000000712800000, 0x0000000712800000|100%| E|CS|TAMS 0x0000000712600000, 0x0000000712600000| Complete 
| 123|0x0000000712800000, 0x0000000712a00000, 0x0000000712a00000|100%| E|CS|TAMS 0x0000000712800000, 0x0000000712800000| Complete 
| 124|0x0000000712a00000, 0x0000000712c00000, 0x0000000712c00000|100%| E|CS|TAMS 0x0000000712a00000, 0x0000000712a00000| Complete 
| 125|0x0000000712c00000, 0x0000000712e00000, 0x0000000712e00000|100%| E|CS|TAMS 0x0000000712c00000, 0x0000000712c00000| Complete 
| 126|0x0000000712e00000, 0x0000000713000000, 0x0000000713000000|100%| E|CS|TAMS 0x0000000712e00000, 0x0000000712e00000| Complete 

Card table byte_map: [0x0000020ae3110000,0x0000020ae3900000] _byte_map_base: 0x0000020adf8f7000

Marking Bits (Prev, Next): (CMBitMap*) 0x0000020acbe4d630, (CMBitMap*) 0x0000020acbe4d670
 Prev Bits: [0x0000020ae40f0000, 0x0000020ae8028000)
 Next Bits: [0x0000020ae8030000, 0x0000020aebf68000)

Polling page: 0x0000020ac9f90000

Metaspace:

Usage:
  Non-class:      7.73 MB used.
      Class:    648.53 KB used.
       Both:      8.36 MB used.

Virtual space:
  Non-class space:       16.00 MB reserved,       7.81 MB ( 49%) committed,  2 nodes.
      Class space:        1.00 GB reserved,     768.00 KB ( <1%) committed,  1 nodes.
             Both:        1.02 GB reserved,       8.56 MB ( <1%) committed. 

Chunk freelists:
   Non-Class:  2.72 MB
       Class:  3.29 MB
        Both:  6.01 MB

MaxMetaspaceSize: unlimited
CompressedClassSpaceSize: 1.00 GB
Initial GC threshold: 21.00 MB
Current GC threshold: 21.00 MB
CDS: on
MetaspaceReclaimPolicy: balanced
 - commit_granule_bytes: 65536.
 - commit_granule_words: 8192.
 - virtual_space_node_default_size: 1048576.
 - enlarge_chunks_in_place: 1.
 - new_chunks_are_fully_committed: 0.
 - uncommit_free_chunks: 1.
 - use_allocation_guard: 0.
 - handle_deallocations: 1.


Internal statistics:

num_allocs_failed_limit: 0.
num_arena_births: 96.
num_arena_deaths: 0.
num_vsnodes_births: 3.
num_vsnodes_deaths: 0.
num_space_committed: 135.
num_space_uncommitted: 0.
num_chunks_returned_to_freelist: 0.
num_chunks_taken_from_freelist: 338.
num_chunk_merges: 0.
num_chunk_splits: 239.
num_chunks_enlarged: 180.
num_purges: 0.
num_inconsistent_stats: 0.

CodeHeap 'non-profiled nmethods': size=120000Kb used=1645Kb max_used=1645Kb free=118354Kb
 bounds [0x0000020adb0c0000, 0x0000020adb330000, 0x0000020ae25f0000]
CodeHeap 'profiled nmethods': size=120000Kb used=3885Kb max_used=3885Kb free=116114Kb
 bounds [0x0000020ad3b90000, 0x0000020ad3f60000, 0x0000020adb0c0000]
CodeHeap 'non-nmethods': size=5760Kb used=1684Kb max_used=1737Kb free=4076Kb
 bounds [0x0000020ad35f0000, 0x0000020ad3860000, 0x0000020ad3b90000]
 total_blobs=3155 nmethods=2032 adapters=1036
 compilation: enabled
              stopped_count=0, restarted_count=0
 full_count=0

Compilation events (20 events):
Event: 113.793 Thread 0x0000020aef4327d0 2021       1       java.util.Formatter$FormatSpecifier::index (5 bytes)
Event: 113.793 Thread 0x0000020aef4327d0 nmethod 2021 0x0000020adb24cc10 code [0x0000020adb24cda0, 0x0000020adb24ce78]
Event: 113.793 Thread 0x0000020aef4327d0 2026       1       java.text.DecimalFormatSymbols::getZeroDigit (5 bytes)
Event: 113.793 Thread 0x0000020aef4327d0 nmethod 2026 0x0000020adb24cf10 code [0x0000020adb24d0a0, 0x0000020adb24d178]
Event: 117.237 Thread 0x0000020aef431e20 2027       4       com.badlogic.gdx.utils.LongMap::locateKey (55 bytes)
Event: 117.239 Thread 0x0000020aef431e20 nmethod 2027 0x0000020adb24d210 code [0x0000020adb24d380, 0x0000020adb24d4b8]
Event: 118.884 Thread 0x0000020aef431e20 2028       4       inf112.Screens.ShowGame::update (245 bytes)
Event: 119.107 Thread 0x0000020aef431e20 nmethod 2028 0x0000020adb24d610 code [0x0000020adb24dec0, 0x0000020adb254f10]
Event: 119.854 Thread 0x0000020aef4327d0 2029       3       com.badlogic.gdx.scenes.scene2d.ui.Table::layout (2009 bytes)
Event: 119.860 Thread 0x0000020aef4327d0 nmethod 2029 0x0000020ad3f52f90 code [0x0000020ad3f53780, 0x0000020ad3f58428]
Event: 121.919 Thread 0x0000020aef431e20 2030       4       java.io.PushbackInputStream::read (145 bytes)
Event: 121.932 Thread 0x0000020aef431e20 nmethod 2030 0x0000020adb259010 code [0x0000020adb259200, 0x0000020adb259ea8]
Event: 124.197 Thread 0x0000020aef431e20 2031       4       inf112.Entities.Enemies.Turtle::getFrame (145 bytes)
Event: 124.202 Thread 0x0000020aef431e20 nmethod 2031 0x0000020adb25a710 code [0x0000020adb25a900, 0x0000020adb25aff8]
Event: 126.749 Thread 0x0000020aef4327d0 2032       3       org.lwjgl.openal.ALC::getICD (35 bytes)
Event: 126.749 Thread 0x0000020aef4327d0 nmethod 2032 0x0000020ad3f5ab90 code [0x0000020ad3f5ad60, 0x0000020ad3f5b228]
Event: 126.749 Thread 0x0000020aef4327d0 2033       3       org.lwjgl.openal.ALC$ICDStatic::get (4 bytes)
Event: 126.749 Thread 0x0000020aef4327d0 nmethod 2033 0x0000020ad3f5b390 code [0x0000020ad3f5b520, 0x0000020ad3f5b638]
Event: 128.770 Thread 0x0000020aef4327d0 2034       1       com.badlogic.gdx.backends.lwjgl3.audio.OpenALLwjgl3Audio::access$100 (5 bytes)
Event: 128.770 Thread 0x0000020aef4327d0 nmethod 2034 0x0000020adb25b490 code [0x0000020adb25b620, 0x0000020adb25b6d8]

GC Heap History (2 events):
Event: 2.958 GC heap before
{Heap before GC invocations=0 (full 0):
 garbage-first heap   total 260096K, used 24576K [0x0000000703200000, 0x0000000800000000)
  region size 2048K, 11 young (22528K), 0 survivors (0K)
 Metaspace       used 7334K, committed 7488K, reserved 1064960K
  class space    used 570K, committed 640K, reserved 1048576K
}
Event: 2.965 GC heap after
{Heap after GC invocations=1 (full 0):
 garbage-first heap   total 260096K, used 3779K [0x0000000703200000, 0x0000000800000000)
  region size 2048K, 2 young (4096K), 2 survivors (4096K)
 Metaspace       used 7334K, committed 7488K, reserved 1064960K
  class space    used 570K, committed 640K, reserved 1048576K
}

Deoptimization events (20 events):
Event: 64.484 Thread 0x0000020acbdf5c00 DEOPT PACKING pc=0x0000020ad3ebf8c6 sp=0x0000009ca06fef60
Event: 64.484 Thread 0x0000020acbdf5c00 DEOPT UNPACKING pc=0x0000020ad3646763 sp=0x0000009ca06fe518 mode 0
Event: 88.544 Thread 0x0000020acbdf5c00 Uncommon trap: trap_request=0xffffff45 fr.pc=0x0000020adb1e06a0 relative=0x0000000000000720
Event: 88.544 Thread 0x0000020acbdf5c00 Uncommon trap: reason=unstable_if action=reinterpret pc=0x0000020adb1e06a0 method=java.io.PushbackInputStream.read([BII)I @ 122 c2
Event: 88.544 Thread 0x0000020acbdf5c00 DEOPT PACKING pc=0x0000020adb1e06a0 sp=0x0000009ca06fefb0
Event: 88.544 Thread 0x0000020acbdf5c00 DEOPT UNPACKING pc=0x0000020ad3645c23 sp=0x0000009ca06fef60 mode 2
Event: 88.544 Thread 0x0000020acbdf5c00 Uncommon trap: trap_request=0xffffff45 fr.pc=0x0000020adb1fc3f0 relative=0x00000000000000d0
Event: 88.544 Thread 0x0000020acbdf5c00 Uncommon trap: reason=unstable_if action=reinterpret pc=0x0000020adb1fc3f0 method=javazoom.jl.decoder.Bitstream.readBytes([BII)I @ 22 c2
Event: 88.544 Thread 0x0000020acbdf5c00 DEOPT PACKING pc=0x0000020adb1fc3f0 sp=0x0000009ca06ff020
Event: 88.544 Thread 0x0000020acbdf5c00 DEOPT UNPACKING pc=0x0000020ad3645c23 sp=0x0000009ca06fefa8 mode 2
Event: 88.775 Thread 0x0000020acbdf5c00 Uncommon trap: trap_request=0xffffff45 fr.pc=0x0000020adb235aa8 relative=0x0000000000000108
Event: 88.775 Thread 0x0000020acbdf5c00 Uncommon trap: reason=unstable_if action=reinterpret pc=0x0000020adb235aa8 method=javazoom.jl.decoder.Bitstream.isSyncMark(III)Z @ 7 c2
Event: 88.775 Thread 0x0000020acbdf5c00 DEOPT PACKING pc=0x0000020adb235aa8 sp=0x0000009ca06ff010
Event: 88.775 Thread 0x0000020acbdf5c00 DEOPT UNPACKING pc=0x0000020ad3645c23 sp=0x0000009ca06fef80 mode 2
Event: 94.415 Thread 0x0000020aefffbeb0 DEOPT PACKING pc=0x0000020ad3c00df4 sp=0x0000009ca1fff430
Event: 94.415 Thread 0x0000020aefffbeb0 DEOPT UNPACKING pc=0x0000020ad3646763 sp=0x0000009ca1ffe8e0 mode 0
Event: 105.865 Thread 0x0000020acbdf5c00 Uncommon trap: trap_request=0xffffff45 fr.pc=0x0000020adb22e1a0 relative=0x0000000000004a20
Event: 105.865 Thread 0x0000020acbdf5c00 Uncommon trap: reason=unstable_if action=reinterpret pc=0x0000020adb22e1a0 method=inf112.Entities.Enemies.Turtle.update(F)V @ 16 c2
Event: 105.865 Thread 0x0000020acbdf5c00 DEOPT PACKING pc=0x0000020adb22e1a0 sp=0x0000009ca06ff2a0
Event: 105.865 Thread 0x0000020acbdf5c00 DEOPT UNPACKING pc=0x0000020ad3645c23 sp=0x0000009ca06ff230 mode 2

Classes unloaded (0 events):
No events

Classes redefined (0 events):
No events

Internal exceptions (20 events):
Event: 0.194 Thread 0x0000020acbdf5c00 Exception <a 'sun/nio/fs/WindowsException'{0x0000000712a4cb38}> (0x0000000712a4cb38) 
thrown [t:\workspace\open\src\hotspot\share\prims\jni.cpp, line 516]
Event: 0.195 Thread 0x0000020acbdf5c00 Exception <a 'sun/nio/fs/WindowsException'{0x0000000712a4d088}> (0x0000000712a4d088) 
thrown [t:\workspace\open\src\hotspot\share\prims\jni.cpp, line 516]
Event: 0.257 Thread 0x0000020acbdf5c00 Exception <a 'java/lang/NoSuchMethodError'{0x00000007129092e8}: 'int java.lang.invoke.DirectMethodHandle$Holder.invokeStaticInit(java.lang.Object, java.lang.Object, int, long)'> (0x00000007129092e8) 
thrown [t:\workspace\open\src\hotspot\share\interpreter\linkResolver.cpp, line 766]
Event: 0.258 Thread 0x0000020acbdf5c00 Exception <a 'java/lang/NoSuchMethodError'{0x000000071290ebb0}: 'java.lang.Object java.lang.invoke.DirectMethodHandle$Holder.newInvokeSpecial(java.lang.Object, java.lang.Object, int)'> (0x000000071290ebb0) 
thrown [t:\workspace\open\src\hotspot\share\interpreter\linkResolver.cpp, line 766]
Event: 0.260 Thread 0x0000020acbdf5c00 Exception <a 'java/lang/NoSuchMethodError'{0x000000071291d800}: 'int java.lang.invoke.DirectMethodHandle$Holder.invokeStaticInit(java.lang.Object, java.lang.Object, long, long)'> (0x000000071291d800) 
thrown [t:\workspace\open\src\hotspot\share\interpreter\linkResolver.cpp, line 766]
Event: 0.261 Thread 0x0000020acbdf5c00 Exception <a 'java/lang/NoSuchMethodError'{0x0000000712923910}: 'java.lang.Object java.lang.invoke.DirectMethodHandle$Holder.newInvokeSpecial(java.lang.Object, java.lang.Object, long)'> (0x0000000712923910) 
thrown [t:\workspace\open\src\hotspot\share\interpreter\linkResolver.cpp, line 766]
Event: 0.262 Thread 0x0000020acbdf5c00 Exception <a 'java/lang/NoSuchMethodError'{0x0000000712927958}: 'java.lang.Object java.lang.invoke.Invokers$Holder.linkToTargetMethod(java.lang.Object, long, java.lang.Object)'> (0x0000000712927958) 
thrown [t:\workspace\open\src\hotspot\share\interpreter\linkResolver.cpp, line 766]
Event: 0.262 Thread 0x0000020acbdf5c00 Exception <a 'java/lang/NoSuchMethodError'{0x000000071292f0d8}: 'int java.lang.invoke.DirectMethodHandle$Holder.invokeStaticInit(java.lang.Object, java.lang.Object, java.lang.Object, long)'> (0x000000071292f0d8) 
thrown [t:\workspace\open\src\hotspot\share\interpreter\linkResolver.cpp, line 766]
Event: 0.275 Thread 0x0000020acbdf5c00 Exception <a 'sun/nio/fs/WindowsException'{0x00000007129965e8}> (0x00000007129965e8) 
thrown [t:\workspace\open\src\hotspot\share\prims\jni.cpp, line 516]
Event: 0.275 Thread 0x0000020acbdf5c00 Exception <a 'sun/nio/fs/WindowsException'{0x0000000712996978}> (0x0000000712996978) 
thrown [t:\workspace\open\src\hotspot\share\prims\jni.cpp, line 516]
Event: 0.299 Thread 0x0000020acbdf5c00 Exception <a 'sun/nio/fs/WindowsException'{0x0000000712634d78}> (0x0000000712634d78) 
thrown [t:\workspace\open\src\hotspot\share\prims\jni.cpp, line 516]
Event: 0.299 Thread 0x0000020acbdf5c00 Exception <a 'sun/nio/fs/WindowsException'{0x00000007126350d8}> (0x00000007126350d8) 
thrown [t:\workspace\open\src\hotspot\share\prims\jni.cpp, line 516]
Event: 0.339 Thread 0x0000020acbdf5c00 Exception <a 'sun/nio/fs/WindowsException'{0x00000007126c15a0}> (0x00000007126c15a0) 
thrown [t:\workspace\open\src\hotspot\share\prims\jni.cpp, line 516]
Event: 0.339 Thread 0x0000020acbdf5c00 Exception <a 'sun/nio/fs/WindowsException'{0x00000007126c1920}> (0x00000007126c1920) 
thrown [t:\workspace\open\src\hotspot\share\prims\jni.cpp, line 516]
Event: 0.393 Thread 0x0000020acbdf5c00 Exception <a 'java/lang/NoSuchMethodError'{0x0000000712706ba0}: 'java.lang.Object java.lang.invoke.DirectMethodHandle$Holder.newInvokeSpecial(java.lang.Object, long)'> (0x0000000712706ba0) 
thrown [t:\workspace\open\src\hotspot\share\interpreter\linkResolver.cpp, line 766]
Event: 0.555 Thread 0x0000020acbdf5c00 Exception <a 'sun/nio/fs/WindowsException'{0x000000071247d400}> (0x000000071247d400) 
thrown [t:\workspace\open\src\hotspot\share\prims\jni.cpp, line 516]
Event: 0.556 Thread 0x0000020acbdf5c00 Exception <a 'sun/nio/fs/WindowsException'{0x000000071247d7a0}> (0x000000071247d7a0) 
thrown [t:\workspace\open\src\hotspot\share\prims\jni.cpp, line 516]
Event: 0.561 Thread 0x0000020acbdf5c00 Exception <a 'sun/nio/fs/WindowsException'{0x000000071248dc70}> (0x000000071248dc70) 
thrown [t:\workspace\open\src\hotspot\share\prims\jni.cpp, line 516]
Event: 0.561 Thread 0x0000020acbdf5c00 Exception <a 'sun/nio/fs/WindowsException'{0x000000071248df40}> (0x000000071248df40) 
thrown [t:\workspace\open\src\hotspot\share\prims\jni.cpp, line 516]
Event: 27.828 Thread 0x0000020acbdf5c00 Implicit null exception at 0x0000020adb16bded to 0x0000020adb16ca44

VM Operations (20 events):
Event: 119.555 Executing VM operation: Cleanup
Event: 119.555 Executing VM operation: Cleanup done
Event: 120.559 Executing VM operation: Cleanup
Event: 120.559 Executing VM operation: Cleanup done
Event: 121.561 Executing VM operation: Cleanup
Event: 121.561 Executing VM operation: Cleanup done
Event: 122.566 Executing VM operation: Cleanup
Event: 122.566 Executing VM operation: Cleanup done
Event: 123.571 Executing VM operation: Cleanup
Event: 123.571 Executing VM operation: Cleanup done
Event: 124.577 Executing VM operation: Cleanup
Event: 124.577 Executing VM operation: Cleanup done
Event: 125.583 Executing VM operation: Cleanup
Event: 125.584 Executing VM operation: Cleanup done
Event: 126.590 Executing VM operation: Cleanup
Event: 126.590 Executing VM operation: Cleanup done
Event: 127.593 Executing VM operation: Cleanup
Event: 127.593 Executing VM operation: Cleanup done
Event: 128.605 Executing VM operation: Cleanup
Event: 128.605 Executing VM operation: Cleanup done

Events (20 events):
Event: 11.150 loading class jdk/internal/reflect/ClassFileAssembler done
Event: 11.150 loading class jdk/internal/reflect/UTF8
Event: 11.150 loading class jdk/internal/reflect/UTF8 done
Event: 11.151 loading class jdk/internal/reflect/Label
Event: 11.151 loading class jdk/internal/reflect/Label done
Event: 11.151 loading class jdk/internal/reflect/Label$PatchInfo
Event: 11.151 loading class jdk/internal/reflect/Label$PatchInfo done
Event: 11.151 loading class jdk/internal/reflect/MethodAccessorGenerator$1
Event: 11.151 loading class jdk/internal/reflect/MethodAccessorGenerator$1 done
Event: 11.151 loading class jdk/internal/reflect/ClassDefiner
Event: 11.151 loading class jdk/internal/reflect/ClassDefiner done
Event: 11.151 loading class jdk/internal/reflect/ClassDefiner$1
Event: 11.151 loading class jdk/internal/reflect/ClassDefiner$1 done
Event: 11.151 loading class jdk/internal/reflect/BootstrapConstructorAccessorImpl
Event: 11.151 loading class jdk/internal/reflect/BootstrapConstructorAccessorImpl done
Event: 11.841 Thread 0x0000020af1bbe6c0 Thread exited: 0x0000020af1bbe6c0
Event: 53.733 Thread 0x0000020af20e87b0 Thread added: 0x0000020af20e87b0
Event: 55.105 Thread 0x0000020af20e87b0 Thread exited: 0x0000020af20e87b0
Event: 64.509 Thread 0x0000020af1aef620 Thread added: 0x0000020af1aef620
Event: 69.527 Thread 0x0000020af1aef620 Thread exited: 0x0000020af1aef620


Dynamic libraries:
0x00007ff6173d0000 - 0x00007ff6173e0000 	C:\Program Files\Java\jdk-17.0.1\bin\java.exe
0x00007ffc47710000 - 0x00007ffc47926000 	C:\WINDOWS\SYSTEM32\ntdll.dll
0x00007ffc467a0000 - 0x00007ffc46864000 	C:\WINDOWS\System32\KERNEL32.DLL
0x00007ffc44d90000 - 0x00007ffc45136000 	C:\WINDOWS\System32\KERNELBASE.dll
0x00007ffc44bd0000 - 0x00007ffc44ce1000 	C:\WINDOWS\System32\ucrtbase.dll
0x00007ffc05fc0000 - 0x00007ffc05fd8000 	C:\Program Files\Java\jdk-17.0.1\bin\jli.dll
0x00007ffc46430000 - 0x00007ffc464e2000 	C:\WINDOWS\System32\ADVAPI32.dll
0x00007ffc04410000 - 0x00007ffc0442a000 	C:\Program Files\Java\jdk-17.0.1\bin\VCRUNTIME140.dll
0x00007ffc46530000 - 0x00007ffc465d7000 	C:\WINDOWS\System32\msvcrt.dll
0x00007ffc46a60000 - 0x00007ffc46b08000 	C:\WINDOWS\System32\sechost.dll
0x00007ffc44a50000 - 0x00007ffc44a78000 	C:\WINDOWS\System32\bcrypt.dll
0x00007ffc47530000 - 0x00007ffc47645000 	C:\WINDOWS\System32\RPCRT4.dll
0x00007ffc465f0000 - 0x00007ffc4679d000 	C:\WINDOWS\System32\USER32.dll
0x00007ffc44a80000 - 0x00007ffc44aa6000 	C:\WINDOWS\System32\win32u.dll
0x00007ffc387e0000 - 0x00007ffc38a73000 	C:\WINDOWS\WinSxS\amd64_microsoft.windows.common-controls_6595b64144ccf1df_6.0.22621.3235_none_270f74e173860f98\COMCTL32.dll
0x00007ffc45e00000 - 0x00007ffc45e29000 	C:\WINDOWS\System32\GDI32.dll
0x00007ffc44ab0000 - 0x00007ffc44bc8000 	C:\WINDOWS\System32\gdi32full.dll
0x00007ffc44cf0000 - 0x00007ffc44d8a000 	C:\WINDOWS\System32\msvcp_win.dll
0x00007ffc38340000 - 0x00007ffc3834a000 	C:\WINDOWS\SYSTEM32\VERSION.dll
0x00007ffc464f0000 - 0x00007ffc46521000 	C:\WINDOWS\System32\IMM32.DLL
0x00007ffc05be0000 - 0x00007ffc05bec000 	C:\Program Files\Java\jdk-17.0.1\bin\vcruntime140_1.dll
0x00007ffbe7140000 - 0x00007ffbe71cd000 	C:\Program Files\Java\jdk-17.0.1\bin\msvcp140.dll
0x00007ffb2c2e0000 - 0x00007ffb2ce9e000 	C:\Program Files\Java\jdk-17.0.1\bin\server\jvm.dll
0x00007ffc46a50000 - 0x00007ffc46a58000 	C:\WINDOWS\System32\PSAPI.DLL
0x00007ffc18e70000 - 0x00007ffc18e79000 	C:\WINDOWS\SYSTEM32\WSOCK32.dll
0x00007ffc3b280000 - 0x00007ffc3b2b4000 	C:\WINDOWS\SYSTEM32\WINMM.dll
0x00007ffc47650000 - 0x00007ffc476c1000 	C:\WINDOWS\System32\WS2_32.dll
0x00007ffc43ae0000 - 0x00007ffc43af8000 	C:\WINDOWS\SYSTEM32\kernel.appcore.dll
0x00007ffc04ba0000 - 0x00007ffc04baa000 	C:\Program Files\Java\jdk-17.0.1\bin\jimage.dll
0x00007ffc42150000 - 0x00007ffc42383000 	C:\WINDOWS\SYSTEM32\DBGHELP.DLL
0x00007ffc47000000 - 0x00007ffc47388000 	C:\WINDOWS\System32\combase.dll
0x00007ffc46bd0000 - 0x00007ffc46ca7000 	C:\WINDOWS\System32\OLEAUT32.dll
0x00007ffc37010000 - 0x00007ffc37042000 	C:\WINDOWS\SYSTEM32\dbgcore.DLL
0x00007ffc45320000 - 0x00007ffc4539a000 	C:\WINDOWS\System32\bcryptPrimitives.dll
0x00007ffbffec0000 - 0x00007ffbffee5000 	C:\Program Files\Java\jdk-17.0.1\bin\java.dll
0x00007ffbb8ac0000 - 0x00007ffbb8b96000 	C:\Program Files\Java\jdk-17.0.1\bin\svml.dll
0x00007ffc45460000 - 0x00007ffc45cbd000 	C:\WINDOWS\System32\SHELL32.dll
0x00007ffc42960000 - 0x00007ffc43258000 	C:\WINDOWS\SYSTEM32\windows.storage.dll
0x00007ffc42820000 - 0x00007ffc4295e000 	C:\WINDOWS\SYSTEM32\wintypes.dll
0x00007ffc46f00000 - 0x00007ffc46ff3000 	C:\WINDOWS\System32\SHCORE.dll
0x00007ffc463b0000 - 0x00007ffc4640e000 	C:\WINDOWS\System32\shlwapi.dll
0x00007ffc44980000 - 0x00007ffc449a6000 	C:\WINDOWS\SYSTEM32\profapi.dll
0x00007ffbfec10000 - 0x00007ffbfec29000 	C:\Program Files\Java\jdk-17.0.1\bin\net.dll
0x00007ffc3e260000 - 0x00007ffc3e397000 	C:\WINDOWS\SYSTEM32\WINHTTP.dll
0x00007ffc44000000 - 0x00007ffc44069000 	C:\WINDOWS\system32\mswsock.dll
0x00007ffbf1010000 - 0x00007ffbf1025000 	C:\Program Files\Java\jdk-17.0.1\bin\nio.dll
0x00007ffbe9aa0000 - 0x00007ffbe9ab8000 	C:\Program Files\Java\jdk-17.0.1\bin\zip.dll
0x000000006e700000 - 0x000000006e72d000 	C:\Users\henri\AppData\Local\Temp\libgdxhenri\2a9d7f76\gdx64.dll
0x00007ffbe1d80000 - 0x00007ffbe1dfb000 	C:\Users\henri\AppData\Local\Temp\lwjgl_henri\3.3.3+5\x64\lwjgl.dll
0x00007ffb9c880000 - 0x00007ffb9caf0000 	C:\Users\henri\AppData\Local\Temp\lwjgl_henri\3.3.3+5\x64\jemalloc.dll
0x00007ffbdff50000 - 0x00007ffbdffd2000 	C:\Users\henri\AppData\Local\Temp\lwjgl_henri\3.3.3+5\x64\glfw.dll
0x00007ffbe8870000 - 0x00007ffbe88b6000 	C:\WINDOWS\SYSTEM32\dinput8.dll
0x00007ffc39000000 - 0x00007ffc39011000 	C:\WINDOWS\SYSTEM32\xinput1_4.dll
0x00007ffc44740000 - 0x00007ffc4478e000 	C:\WINDOWS\SYSTEM32\cfgmgr32.dll
0x00007ffc44710000 - 0x00007ffc4473c000 	C:\WINDOWS\SYSTEM32\DEVOBJ.dll
0x00007ffc41b30000 - 0x00007ffc41b5b000 	C:\WINDOWS\SYSTEM32\dwmapi.dll
0x00007ffc2b970000 - 0x00007ffc2bb7a000 	C:\WINDOWS\SYSTEM32\inputhost.dll
0x00007ffc41420000 - 0x00007ffc41554000 	C:\WINDOWS\SYSTEM32\CoreMessaging.dll
0x00007ffc418e0000 - 0x00007ffc4198b000 	C:\WINDOWS\system32\uxtheme.dll
0x00007ffc44250000 - 0x00007ffc4425c000 	C:\WINDOWS\SYSTEM32\CRYPTBASE.DLL
0x00007ffc468f0000 - 0x00007ffc46a44000 	C:\WINDOWS\System32\MSCTF.dll
0x00007ffb50840000 - 0x00007ffb50a07000 	C:\Users\henri\AppData\Local\Temp\lwjgl_henri\3.3.3+5\x64\OpenAL.dll
0x00007ffc47390000 - 0x00007ffc4752f000 	C:\WINDOWS\System32\ole32.dll
0x00007ffc45cc0000 - 0x00007ffc45d70000 	C:\WINDOWS\System32\clbcatq.dll
0x00007ffc372f0000 - 0x00007ffc3738d000 	C:\WINDOWS\System32\MMDevApi.dll
0x00007ffc2ea40000 - 0x00007ffc2ec2c000 	C:\WINDOWS\SYSTEM32\AUDIOSES.DLL
0x00007ffc41f40000 - 0x00007ffc41f55000 	C:\WINDOWS\SYSTEM32\resourcepolicyclient.dll
0x00007ffc43c80000 - 0x00007ffc43ccd000 	C:\WINDOWS\SYSTEM32\powrprof.dll
0x00007ffc43c60000 - 0x00007ffc43c73000 	C:\WINDOWS\SYSTEM32\UMPDC.dll
0x00007ffc1fe90000 - 0x00007ffc1ff90000 	C:\WINDOWS\SYSTEM32\opengl32.dll
0x00007ffc200f0000 - 0x00007ffc2011d000 	C:\WINDOWS\SYSTEM32\GLU32.dll
0x00007ffc419e0000 - 0x00007ffc41a19000 	C:\WINDOWS\SYSTEM32\dxcore.dll
0x00007ffc3e430000 - 0x00007ffc3e47a000 	C:\WINDOWS\SYSTEM32\directxdatabasehelper.dll
0x00007ffc3ad50000 - 0x00007ffc3ae85000 	C:\Windows\System32\AppXDeploymentClient.dll
0x00007ffb2b300000 - 0x00007ffb2c2d3000 	C:\WINDOWS\System32\DriverStore\FileRepository\iigd_dch.inf_amd64_3a2f90c1eb2e1524\igxelpicd64.dll
0x00007ffc41a20000 - 0x00007ffc41b18000 	C:\WINDOWS\system32\dxgi.dll
0x00007ffb31eb0000 - 0x00007ffb32337000 	C:\WINDOWS\System32\DriverStore\FileRepository\iigd_dch.inf_amd64_3a2f90c1eb2e1524\igdml64.dll
0x00007ffc38bb0000 - 0x00007ffc38f71000 	C:\WINDOWS\System32\DriverStore\FileRepository\iigd_dch.inf_amd64_3a2f90c1eb2e1524\igdgmm64.dll
0x00007ffc32980000 - 0x00007ffc35b86000 	C:\WINDOWS\System32\DriverStore\FileRepository\iigd_dch.inf_amd64_3a2f90c1eb2e1524\igc64.dll
0x00007ffbc9a90000 - 0x00007ffbc9aee000 	C:\Users\henri\AppData\Local\Temp\lwjgl_henri\3.3.3+5\x64\lwjgl_opengl.dll
0x00007ffc2e430000 - 0x00007ffc2e57a000 	C:\WINDOWS\SYSTEM32\textinputframework.dll
0x00007ffc3db90000 - 0x00007ffc3defc000 	C:\WINDOWS\SYSTEM32\CoreUIComponents.dll
0x0000000066b00000 - 0x0000000066b5a000 	C:\Users\henri\AppData\Local\Temp\libgdxhenri\5e84b8da\gdx-box2d64.dll

dbghelp: loaded successfully - version: 4.0.5 - missing functions: none
symbol engine: initialized successfully - sym options: 0x614 - pdb path: .;C:\Program Files\Java\jdk-17.0.1\bin;C:\WINDOWS\SYSTEM32;C:\WINDOWS\WinSxS\amd64_microsoft.windows.common-controls_6595b64144ccf1df_6.0.22621.3235_none_270f74e173860f98;C:\Program Files\Java\jdk-17.0.1\bin\server;C:\Users\henri\AppData\Local\Temp\libgdxhenri\2a9d7f76;C:\Users\henri\AppData\Local\Temp\lwjgl_henri\3.3.3+5\x64;C:\WINDOWS\System32\DriverStore\FileRepository\iigd_dch.inf_amd64_3a2f90c1eb2e1524;C:\Users\henri\AppData\Local\Temp\libgdxhenri\5e84b8da

VM Arguments:
jvm_args: -XX:+ShowCodeDetailsInExceptionMessages 
java_command: inf112.skeleton.app.Main
java_class_path (initial): C:\Users\henri\.vscode\ctrl-alt-defeat\target\classes;C:\Users\henri\.m2\repository\com\badlogicgames\gdx\gdx\1.12.1\gdx-1.12.1.jar;C:\Users\henri\.m2\repository\com\badlogicgames\gdx\gdx-jnigen-loader\2.3.1\gdx-jnigen-loader-2.3.1.jar;C:\Users\henri\.m2\repository\com\badlogicgames\gdx\gdx-platform\1.12.1\gdx-platform-1.12.1-natives-desktop.jar;C:\Users\henri\.m2\repository\com\badlogicgames\gdx\gdx-backend-lwjgl3\1.12.1\gdx-backend-lwjgl3-1.12.1.jar;C:\Users\henri\.m2\repository\org\lwjgl\lwjgl\3.3.3\lwjgl-3.3.3.jar;C:\Users\henri\.m2\repository\org\lwjgl\lwjgl\3.3.3\lwjgl-3.3.3-natives-linux.jar;C:\Users\henri\.m2\repository\org\lwjgl\lwjgl\3.3.3\lwjgl-3.3.3-natives-linux-arm32.jar;C:\Users\henri\.m2\repository\org\lwjgl\lwjgl\3.3.3\lwjgl-3.3.3-natives-linux-arm64.jar;C:\Users\henri\.m2\repository\org\lwjgl\lwjgl\3.3.3\lwjgl-3.3.3-natives-macos.jar;C:\Users\henri\.m2\repository\org\lwjgl\lwjgl\3.3.3\lwjgl-3.3.3-natives-macos-arm64.jar;C:\Users\henri\.m2\repository\org\lwjgl\lwjgl\3.3.3\lwjgl-3.3.3-natives-windows.jar;C:\Users\henri\.m2\repository\org\lwjgl\lwjgl\3.3.3\lwjgl-3.3.3-natives-windows-x86.jar;C:\Users\henri\.m2\repository\org\lwjgl\lwjgl-glfw\3.3.3\lwjgl-glfw-3.3.3.jar;C:\Users\henri\.m2\repository\org\lwjgl\lwjgl-glfw\3.3.3\lwjgl-glfw-3.3.3-natives-linux.jar;C:\Users\henri\.m2\repository\org\lwjgl\lwjgl-glfw\3.3.3\lwjgl-glfw-3.3.3-natives-linux-arm32.jar;C:\Users\henri\.m2\repository\org\lwjgl\lwjgl-glfw\3.3.3\lwjgl-glfw-3.3.3-natives-linux-arm64.jar;C:\Users\henri\.m2\repository\org\lwjgl\lwjgl-glfw\3.3.3\lwjgl-glfw-3.3.3-natives-macos.jar;C:\Users\henri\.m2\repository\org\lwjgl\lwjgl-glfw\3.3.3\lwjgl-glfw-3.3.3-natives-macos-arm64.jar;C:\Users\henri\.m2\repository\org\lwjgl\lwjgl-glfw\3.3.3\lwjgl-glfw-3.3.3-natives-windows.jar;C:\Users\henri\.m2\repository\org\lwjgl\lwjgl-glfw\3.3.3\lwjgl-glfw-3.3.3-natives-windows-x86.jar;C:\Users\henri\.m2\repository\org\lwjgl\lwjgl-jemalloc\3.3.3\lwjgl-jemalloc-3.3.3.jar;C:\Users\henr
Launcher Type: SUN_STANDARD

[Global flags]
     intx CICompilerCount                          = 4                                         {product} {ergonomic}
     uint ConcGCThreads                            = 2                                         {product} {ergonomic}
     uint G1ConcRefinementThreads                  = 8                                         {product} {ergonomic}
   size_t G1HeapRegionSize                         = 2097152                                   {product} {ergonomic}
    uintx GCDrainStackTargetSize                   = 64                                        {product} {ergonomic}
   size_t InitialHeapSize                          = 266338304                                 {product} {ergonomic}
   size_t MarkStackSize                            = 4194304                                   {product} {ergonomic}
   size_t MaxHeapSize                              = 4242538496                                {product} {ergonomic}
   size_t MaxNewSize                               = 2543845376                                {product} {ergonomic}
   size_t MinHeapDeltaBytes                        = 2097152                                   {product} {ergonomic}
   size_t MinHeapSize                              = 8388608                                   {product} {ergonomic}
    uintx NonNMethodCodeHeapSize                   = 5839372                                {pd product} {ergonomic}
    uintx NonProfiledCodeHeapSize                  = 122909434                              {pd product} {ergonomic}
    uintx ProfiledCodeHeapSize                     = 122909434                              {pd product} {ergonomic}
    uintx ReservedCodeCacheSize                    = 251658240                              {pd product} {ergonomic}
     bool SegmentedCodeCache                       = true                                      {product} {ergonomic}
     bool ShowCodeDetailsInExceptionMessages       = true                                   {manageable} {command line}
   size_t SoftMaxHeapSize                          = 4242538496                             {manageable} {ergonomic}
     bool UseCompressedClassPointers               = true                           {product lp64_product} {ergonomic}
     bool UseCompressedOops                        = true                           {product lp64_product} {ergonomic}
     bool UseG1GC                                  = true                                      {product} {ergonomic}
     bool UseLargePagesIndividualAllocation        = false                                  {pd product} {ergonomic}

Logging:
Log output configuration:
 #0: stdout all=warning uptime,level,tags
 #1: stderr all=off uptime,level,tags

Environment Variables:
PATH=C:\Program Files\Common Files\Oracle\Java\javapath;C:\Program Files (x86)\Common Files\Oracle\Java\javapath;C:\WINDOWS\system32;C:\WINDOWS;C:\WINDOWS\System32\Wbem;C:\WINDOWS\System32\WindowsPowerShell\v1.0\;C:\WINDOWS\System32\OpenSSH\;C:\Program Files (x86)\Calibre2\;C:\Program Files\Git\cmd;C:\Program Files\dotnet\;C:\Program Files\MATLAB\R2023a\bin;C:\Program Files\MATLAB\R2022b\bin;C:\Users\henri\AppData\Local\Programs\Python\Python39\Scripts\;C:\Users\henri\AppData\Local\Programs\Python\Python39\;C:\Users\henri\AppData\Local\Microsoft\WindowsApps;C:\Users\henri\AppData\Local\Programs\Microsoft VS Code\bin;C:\Users\henri\AppData\Local\GitHubDesktop\bin;C:\ghcup\bin;
USERNAME=henri
LANG=en_US.UTF-8
OS=Windows_NT
PROCESSOR_IDENTIFIER=Intel64 Family 6 Model 140 Stepping 1, GenuineIntel



---------------  S Y S T E M  ---------------

OS:
 Windows 10 , 64 bit Build 22621 (10.0.22621.3235)
OS uptime: 14 days 18:21 hours
Hyper-V role detected

CPU: total 8 (initial active 8) (4 cores per cpu, 2 threads per core) family 6 model 140 stepping 1 microcode 0x86, cx8, cmov, fxsr, ht, mmx, 3dnowpref, sse, sse2, sse3, ssse3, sse4.1, sse4.2, popcnt, lzcnt, tsc, tscinvbit, avx, avx2, aes, erms, clmul, bmi1, bmi2, adx, avx512f, avx512dq, avx512cd, avx512bw, avx512vl, sha, fma, vzeroupper, avx512_vpopcntdq, avx512_vpclmulqdq, avx512_vaes, avx512_vnni, clflush, clflushopt, clwb, avx512_vbmi2, avx512_vbmi, hv

Memory: 4k page, system-wide physical 16179M (2733M free)
TotalPageFile size 32804M (AvailPageFile size 5025M)
current process WorkingSet (physical memory assigned to process): 204M, peak: 242M
current process commit charge ("private bytes"): 423M, peak: 462M

vm_info: Java HotSpot(TM) 64-Bit Server VM (17.0.1+12-LTS-39) for windows-amd64 JRE (17.0.1+12-LTS-39), built on Sep 27 2021 18:41:35 by "mach5one" with MS VC++ 16.8 (VS2019)

END.
