#
# A fatal error has been detected by the Java Runtime Environment:
#
#  EXCEPTION_ACCESS_VIOLATION (0xc0000005) at pc=0x0000000066b20000, pid=16868, tid=11580
#
# JRE version: Java(TM) SE Runtime Environment (17.0.1+12) (build 17.0.1+12-LTS-39)
# Java VM: Java HotSpot(TM) 64-Bit Server VM (17.0.1+12-LTS-39, mixed mode, sharing, tiered, compressed oops, compressed class ptrs, g1 gc, windows-amd64)
# Problematic frame:
# C  [gdx-box2d64.dll+0x20000]
#
# No core dump will be written. Minidumps are not enabled by default on client versions of Windows
#
# If you would like to submit a bug report, please visit:
#   https://bugreport.java.com/bugreport/crash.jsp
# The crash happened outside the Java Virtual Machine in native code.
# See problematic frame for where to report the bug.
#

---------------  S U M M A R Y ------------

Command Line: -XX:+ShowCodeDetailsInExceptionMessages inf112.skeleton.app.Main

Host: 11th Gen Intel(R) Core(TM) i7-1165G7 @ 2.80GHz, 8 cores, 15G,  Windows 10 , 64 bit Build 22621 (10.0.22621.3374)
Time: Sat Apr 27 03:09:47 2024 Vest-Europa (sommertid) elapsed time: 7.381158 seconds (0d 0h 0m 7s)

---------------  T H R E A D  ---------------

Current thread (0x000002d2f0e55870):  JavaThread "main" [_thread_in_native, id=11580, stack(0x000000e1c5800000,0x000000e1c5900000)]

Stack: [0x000000e1c5800000,0x000000e1c5900000],  sp=0x000000e1c58fed18,  free space=1019k
Native frames: (J=compiled Java code, j=interpreted, Vv=VM code, C=native code)
C  [gdx-box2d64.dll+0x20000]

Java frames: (J=compiled Java code, j=interpreted, Vv=VM code)
j  com.badlogic.gdx.physics.box2d.World.jniStep(JFII)V+0
j  com.badlogic.gdx.physics.box2d.World.step(FII)V+8
j  inf112.Screens.ShowGame.update(F)V+53
j  inf112.Screens.ShowGame.render(F)V+2
J 1517 c1 com.badlogic.gdx.backends.lwjgl3.Lwjgl3Window.update()Z (217 bytes) @ 0x000002d28083d28c [0x000002d28083c500+0x0000000000000d8c]
j  com.badlogic.gdx.backends.lwjgl3.Lwjgl3Application.loop()V+111
j  com.badlogic.gdx.backends.lwjgl3.Lwjgl3Application.<init>(Lcom/badlogic/gdx/ApplicationListener;Lcom/badlogic/gdx/backends/lwjgl3/Lwjgl3ApplicationConfiguration;)V+269
j  inf112.skeleton.app.Main.main([Ljava/lang/String;)V+17
v  ~StubRoutines::call_stub

siginfo: EXCEPTION_ACCESS_VIOLATION (0xc0000005), writing address 0x000002d299401aa8


Register to memory mapping:

RIP=0x0000000066b20000 gdx-box2d64.dll
RAX=0x0000000066b46700 gdx-box2d64.dll
RBX={method} {0x000002d2a408ca48} 'jniStep' '(JFII)V' in 'com/badlogic/gdx/physics/box2d/World'
RCX=0x000002d2993e87a0 points into unknown readable memory: 0x000002d29944c9c0 | c0 c9 44 99 d2 02 00 00
RDX=0x000000e1c58fed40 is pointing into the stack for thread: 0x000002d2f0e55870
RSP=0x000000e1c58fed18 is pointing into the stack for thread: 0x000002d2f0e55870
RBP=0x000000e1c58fee40 is pointing into the stack for thread: 0x000002d2f0e55870
RSI=0x000002d295defac0 is pointing into metadata
RDI=0x00000000000001b0 is an unknown value
R8 =0x000002d2993e87a0 points into unknown readable memory: 0x000002d29944c9c0 | c0 c9 44 99 d2 02 00 00
R9 =0x0000000712cd8808 is an oop: java.util.concurrent.atomic.AtomicInteger 
{0x0000000712cd8808} - klass: 'java/util/concurrent/atomic/AtomicInteger'
 - ---- fields (total size 2 words):
 - private volatile 'value' 'I' @12  0
R10=0x000002d28000d5f2 is at code_begin+946 in an Interpreter codelet
method entry point (kind = native)  [0x000002d28000d240, 0x000002d28000dbc0]  2432 bytes
R11=0x0000000000000102 is an unknown value
R12=0x000002d2993e87a0 points into unknown readable memory: 0x000002d29944c9c0 | c0 c9 44 99 d2 02 00 00
R13={method} {0x000002d2a408ca48} 'jniStep' '(JFII)V' in 'com/badlogic/gdx/physics/box2d/World'
R14=0x000000e1c58fee88 is pointing into the stack for thread: 0x000002d2f0e55870
R15=0x000002d2f0e55870 is a thread


Registers:
RAX=0x0000000066b46700, RBX=0x000002d2a408ca40, RCX=0x000002d2993e87a0, RDX=0x000000e1c58fed40
RSP=0x000000e1c58fed18, RBP=0x000000e1c58fee40, RSI=0x000002d295defac0, RDI=0x00000000000001b0
R8 =0x000002d2993e87a0, R9 =0x0000000712cd8808, R10=0x000002d28000d5f2, R11=0x0000000000000102
R12=0x000002d2993e87a0, R13=0x000002d2a408ca40, R14=0x000000e1c58fee88, R15=0x000002d2f0e55870
RIP=0x0000000066b20000, EFLAGS=0x0000000000010202

Top of Stack: (sp=0x000000e1c58fed18)
0x000000e1c58fed18:   0000000066b263aa 000002d298686e58
0x000000e1c58fed28:   00007ffd867022e7 0000000040010a42
0x000000e1c58fed38:   0000000000000001 0000000066b466a0
0x000000e1c58fed48:   000002d2f0e55b18 000000e1c58fee88
0x000000e1c58fed58:   00007ffd86708fe4 0000000066b46700
0x000000e1c58fed68:   000002d2f0e55b18 000000e1c58fee88
0x000000e1c58fed78:   0000000000000000 800000003e15f8c0
0x000000e1c58fed88:   8000000080000000 0000000000000000
0x000000e1c58fed98:   000002d28000d621 0000000000000000
0x000000e1c58feda8:   00000007117b6d50 000000080038b280
0x000000e1c58fedb8:   0000000000000000 000000e100000006
0x000000e1c58fedc8:   000000e100000002 000002d280009612
0x000000e1c58fedd8:   0000000712cd8808 000000e1c58fede0
0x000000e1c58fede8:   000002d295da0cd4 000000e1c58fee38
0x000000e1c58fedf8:   000000e1c58fedf8 0000000000000000
0x000000e1c58fee08:   000000e1c58fee88 000002d2a409ccd0 

Instructions: (pc=0x0000000066b20000)
0x0000000066b1ff00:   89 a4 24 18 93 01 00 49 c7 84 24 60 93 01 00 00
0x0000000066b1ff10:   00 00 00 49 c7 84 24 68 93 01 00 00 00 00 00 49
0x0000000066b1ff20:   c7 84 24 70 93 01 00 00 00 00 00 49 c7 84 24 78
0x0000000066b1ff30:   93 01 00 00 00 00 00 48 83 c4 20 5b 41 5c 41 5d
0x0000000066b1ff40:   c3 49 89 c5 4c 89 e1 e8 24 ae fe ff 4c 89 e9 e8
0x0000000066b1ff50:   7c 37 01 00 48 89 c3 4c 89 e9 e8 91 b7 fe ff 49
0x0000000066b1ff60:   89 dd eb e0 66 66 2e 0f 1f 84 00 00 00 00 00 90
0x0000000066b1ff70:   41 54 56 53 48 83 ec 20 48 8b b1 20 93 01 00 49
0x0000000066b1ff80:   89 cc 48 85 f6 74 39 48 89 f0 48 8b 76 68 48 8b
0x0000000066b1ff90:   58 70 48 85 db 74 eb 66 0f 1f 84 00 00 00 00 00
0x0000000066b1ffa0:   48 89 d9 48 8b 5b 08 4c 89 e2 c7 41 30 00 00 00
0x0000000066b1ffb0:   00 e8 5a e8 ff ff 48 85 db 75 e5 48 85 f6 75 c7
0x0000000066b1ffc0:   49 8d 8c 24 a0 92 01 00 e8 93 35 fe ff 49 8d 8c
0x0000000066b1ffd0:   24 80 00 00 00 e8 16 b7 fe ff 4c 89 e1 48 83 c4
0x0000000066b1ffe0:   20 5b 5e 41 5c e9 86 ad fe ff 66 0f 1f 44 00 00
0x0000000066b1fff0:   48 89 91 48 93 01 00 c3 0f 1f 84 00 00 00 00 00
0x0000000066b20000:   48 89 91 08 93 01 00 c3 0f 1f 84 00 00 00 00 00
0x0000000066b20010:   48 89 91 10 93 01 00 c3 0f 1f 84 00 00 00 00 00
0x0000000066b20020:   48 89 91 50 93 01 00 c3 0f 1f 84 00 00 00 00 00
0x0000000066b20030:   41 55 41 54 53 48 83 ec 20 48 89 cb 49 89 d5 f6
0x0000000066b20040:   81 98 92 01 00 02 75 58 ba b8 00 00 00 48 89 d9
0x0000000066b20050:   e8 6b ad fe ff 49 89 d8 4c 89 ea 49 89 c4 48 89
0x0000000066b20060:   c1 e8 4a cf ff ff 49 c7 44 24 60 00 00 00 00 48
0x0000000066b20070:   8b 83 20 93 01 00 49 89 44 24 68 48 85 c0 74 04
0x0000000066b20080:   4c 89 60 60 83 83 30 93 01 00 01 4c 89 e0 4c 89
0x0000000066b20090:   a3 20 93 01 00 48 83 c4 20 5b 41 5c 41 5d c3 90
0x0000000066b200a0:   41 b8 6d 00 00 00 48 8d 15 73 26 02 00 48 8d 0d
0x0000000066b200b0:   ca 26 02 00 45 31 e4 ff 15 f7 62 03 00 f6 83 98
0x0000000066b200c0:   92 01 00 02 74 82 4c 89 e0 48 83 c4 20 5b 41 5c
0x0000000066b200d0:   41 5d c3 90 66 66 2e 0f 1f 84 00 00 00 00 00 90
0x0000000066b200e0:   56 53 48 83 ec 28 48 89 cb 48 89 d6 f6 81 98 92
0x0000000066b200f0:   01 00 02 0f 85 e7 00 00 00 48 89 da 48 89 f1 e8 


Stack slot to memory mapping:
stack at sp + 0 slots: 0x0000000066b263aa gdx-box2d64.dll
stack at sp + 1 slots: 0x000002d298686e58 points into unknown readable memory: 0x00007ffd86f68458 | 58 84 f6 86 fd 7f 00 00
stack at sp + 2 slots: 0x00007ffd867022e7 igxelpicd64.dll
stack at sp + 3 slots: 0x0000000040010a42 is an unknown value
stack at sp + 4 slots: 0x0000000000000001 is an unknown value
stack at sp + 5 slots: 0x0000000066b466a0 gdx-box2d64.dll
stack at sp + 6 slots: 0x000002d2f0e55b18 points into unknown readable memory: 0x000002d296a144a0 | a0 44 a1 96 d2 02 00 00
stack at sp + 7 slots: 0x000000e1c58fee88 is pointing into the stack for thread: 0x000002d2f0e55870


---------------  P R O C E S S  ---------------

Threads class SMR info:
_java_thread_list=0x000002d2a4dd11e0, length=14, elements={
0x000002d2f0e55870, 0x000002d295a16ae0, 0x000002d295a185b0, 0x000002d295a2c730,
0x000002d295a2d1f0, 0x000002d295a31ad0, 0x000002d295a32390, 0x000002d295a33030,
0x000002d295a3b9f0, 0x000002d295a41800, 0x000002d2965217c0, 0x000002d29652ce80,
0x000002d29855ab50, 0x000002d2989a00b0
}

Java Threads: ( => current thread )
=>0x000002d2f0e55870 JavaThread "main" [_thread_in_native, id=11580, stack(0x000000e1c5800000,0x000000e1c5900000)]
  0x000002d295a16ae0 JavaThread "Reference Handler" daemon [_thread_blocked, id=23472, stack(0x000000e1c5f00000,0x000000e1c6000000)]
  0x000002d295a185b0 JavaThread "Finalizer" daemon [_thread_blocked, id=324, stack(0x000000e1c6000000,0x000000e1c6100000)]
  0x000002d295a2c730 JavaThread "Signal Dispatcher" daemon [_thread_blocked, id=24200, stack(0x000000e1c6100000,0x000000e1c6200000)]
  0x000002d295a2d1f0 JavaThread "Attach Listener" daemon [_thread_blocked, id=22552, stack(0x000000e1c6200000,0x000000e1c6300000)]
  0x000002d295a31ad0 JavaThread "Service Thread" daemon [_thread_blocked, id=10208, stack(0x000000e1c6300000,0x000000e1c6400000)]
  0x000002d295a32390 JavaThread "Monitor Deflation Thread" daemon [_thread_blocked, id=19908, stack(0x000000e1c6400000,0x000000e1c6500000)]
  0x000002d295a33030 JavaThread "C2 CompilerThread0" daemon [_thread_blocked, id=14684, stack(0x000000e1c6500000,0x000000e1c6600000)]
  0x000002d295a3b9f0 JavaThread "C1 CompilerThread0" daemon [_thread_blocked, id=14148, stack(0x000000e1c6600000,0x000000e1c6700000)]
  0x000002d295a41800 JavaThread "Sweeper thread" daemon [_thread_blocked, id=24516, stack(0x000000e1c6700000,0x000000e1c6800000)]
  0x000002d2965217c0 JavaThread "Notification Thread" daemon [_thread_blocked, id=4032, stack(0x000000e1c6800000,0x000000e1c6900000)]
  0x000002d29652ce80 JavaThread "Common-Cleaner" daemon [_thread_blocked, id=7448, stack(0x000000e1c6a00000,0x000000e1c6b00000)]
  0x000002d29855ab50 JavaThread "Thread-0" daemon [_thread_blocked, id=22776, stack(0x000000e1c6b00000,0x000000e1c6c00000)]
  0x000002d2989a00b0 JavaThread "AssetManager" daemon [_thread_blocked, id=10408, stack(0x000000e1c7300000,0x000000e1c7400000)]

Other Threads:
  0x000002d295a11d00 VMThread "VM Thread" [stack: 0x000000e1c5e00000,0x000000e1c5f00000] [id=22212]
  0x000002d2f0ee1d60 WatcherThread [stack: 0x000000e1c6900000,0x000000e1c6a00000] [id=15324]
  0x000002d2f0eac1e0 GCTaskThread "GC Thread#0" [stack: 0x000000e1c5900000,0x000000e1c5a00000] [id=3500]
  0x000002d298bdcf50 GCTaskThread "GC Thread#1" [stack: 0x000000e1c7600000,0x000000e1c7700000] [id=17932]
  0x000002d296575980 GCTaskThread "GC Thread#2" [stack: 0x000000e1c7700000,0x000000e1c7800000] [id=5856]
  0x000002d298b73f90 GCTaskThread "GC Thread#3" [stack: 0x000000e1c7800000,0x000000e1c7900000] [id=3596]
  0x000002d2969f5530 GCTaskThread "GC Thread#4" [stack: 0x000000e1c7900000,0x000000e1c7a00000] [id=16808]
  0x000002d296b74c10 GCTaskThread "GC Thread#5" [stack: 0x000000e1c7a00000,0x000000e1c7b00000] [id=9344]
  0x000002d298bf5010 GCTaskThread "GC Thread#6" [stack: 0x000000e1c7b00000,0x000000e1c7c00000] [id=22012]
  0x000002d298bf52c0 GCTaskThread "GC Thread#7" [stack: 0x000000e1c7c00000,0x000000e1c7d00000] [id=21576]
  0x000002d2f0ebdd10 ConcurrentGCThread "G1 Main Marker" [stack: 0x000000e1c5a00000,0x000000e1c5b00000] [id=7120]
  0x000002d2f0ec0650 ConcurrentGCThread "G1 Conc#0" [stack: 0x000000e1c5b00000,0x000000e1c5c00000] [id=7652]
  0x000002d2958d24d0 ConcurrentGCThread "G1 Refine#0" [stack: 0x000000e1c5c00000,0x000000e1c5d00000] [id=22824]
  0x000002d2958d2e00 ConcurrentGCThread "G1 Service" [stack: 0x000000e1c5d00000,0x000000e1c5e00000] [id=3592]

Threads with active compile tasks:

VM state: not at safepoint (normal execution)

VM Mutex/Monitor currently owned by a thread: None

Heap address: 0x0000000703200000, size: 4046 MB, Compressed Oops mode: Zero based, Oop shift amount: 3

CDS archive(s) mapped at: [0x0000000800000000-0x0000000800bc0000-0x0000000800bc0000), size 12320768, SharedBaseAddress: 0x0000000800000000, ArchiveRelocationMode: 0.
Compressed class space mapped at: 0x0000000800c00000-0x0000000840c00000, reserved size: 1073741824
Narrow klass base: 0x0000000800000000, Narrow klass shift: 0, Narrow klass range: 0x100000000

GC Precious Log:
 CPUs: 8 total, 8 available
 Memory: 16179M
 Large Page Support: Disabled
 NUMA Support: Disabled
 Compressed Oops: Enabled (Zero based)
 Heap Region Size: 2M
 Heap Min Capacity: 8M
 Heap Initial Capacity: 254M
 Heap Max Capacity: 4046M
 Pre-touch: Disabled
 Parallel Workers: 8
 Concurrent Workers: 2
 Concurrent Refinement Workers: 8
 Periodic GC: Disabled

Heap:
 garbage-first heap   total 260096K, used 7939K [0x0000000703200000, 0x0000000800000000)
  region size 2048K, 5 young (10240K), 2 survivors (4096K)
 Metaspace       used 8268K, committed 8448K, reserved 1064960K
  class space    used 642K, committed 768K, reserved 1048576K

Heap Regions: E=young(eden), S=young(survivor), O=old, HS=humongous(starts), HC=humongous(continues), CS=collection set, F=free, OA=open archive, CA=closed archive, TAMS=top-at-mark-start (previous, next)
|   0|0x0000000703200000, 0x0000000703200000, 0x0000000703400000|  0%| F|  |TAMS 0x0000000703200000, 0x0000000703200000| Untracked 
|   1|0x0000000703400000, 0x0000000703400000, 0x0000000703600000|  0%| F|  |TAMS 0x0000000703400000, 0x0000000703400000| Untracked 
|   2|0x0000000703600000, 0x0000000703600000, 0x0000000703800000|  0%| F|  |TAMS 0x0000000703600000, 0x0000000703600000| Untracked 
|   3|0x0000000703800000, 0x0000000703800000, 0x0000000703a00000|  0%| F|  |TAMS 0x0000000703800000, 0x0000000703800000| Untracked 
|   4|0x0000000703a00000, 0x0000000703a00000, 0x0000000703c00000|  0%| F|  |TAMS 0x0000000703a00000, 0x0000000703a00000| Untracked 
|   5|0x0000000703c00000, 0x0000000703c00000, 0x0000000703e00000|  0%| F|  |TAMS 0x0000000703c00000, 0x0000000703c00000| Untracked 
|   6|0x0000000703e00000, 0x0000000703e00000, 0x0000000704000000|  0%| F|  |TAMS 0x0000000703e00000, 0x0000000703e00000| Untracked 
|   7|0x0000000704000000, 0x0000000704000000, 0x0000000704200000|  0%| F|  |TAMS 0x0000000704000000, 0x0000000704000000| Untracked 
|   8|0x0000000704200000, 0x0000000704200000, 0x0000000704400000|  0%| F|  |TAMS 0x0000000704200000, 0x0000000704200000| Untracked 
|   9|0x0000000704400000, 0x0000000704400000, 0x0000000704600000|  0%| F|  |TAMS 0x0000000704400000, 0x0000000704400000| Untracked 
|  10|0x0000000704600000, 0x0000000704600000, 0x0000000704800000|  0%| F|  |TAMS 0x0000000704600000, 0x0000000704600000| Untracked 
|  11|0x0000000704800000, 0x0000000704800000, 0x0000000704a00000|  0%| F|  |TAMS 0x0000000704800000, 0x0000000704800000| Untracked 
|  12|0x0000000704a00000, 0x0000000704a00000, 0x0000000704c00000|  0%| F|  |TAMS 0x0000000704a00000, 0x0000000704a00000| Untracked 
|  13|0x0000000704c00000, 0x0000000704c00000, 0x0000000704e00000|  0%| F|  |TAMS 0x0000000704c00000, 0x0000000704c00000| Untracked 
|  14|0x0000000704e00000, 0x0000000704e00000, 0x0000000705000000|  0%| F|  |TAMS 0x0000000704e00000, 0x0000000704e00000| Untracked 
|  15|0x0000000705000000, 0x0000000705000000, 0x0000000705200000|  0%| F|  |TAMS 0x0000000705000000, 0x0000000705000000| Untracked 
|  16|0x0000000705200000, 0x0000000705200000, 0x0000000705400000|  0%| F|  |TAMS 0x0000000705200000, 0x0000000705200000| Untracked 
|  17|0x0000000705400000, 0x0000000705400000, 0x0000000705600000|  0%| F|  |TAMS 0x0000000705400000, 0x0000000705400000| Untracked 
|  18|0x0000000705600000, 0x0000000705600000, 0x0000000705800000|  0%| F|  |TAMS 0x0000000705600000, 0x0000000705600000| Untracked 
|  19|0x0000000705800000, 0x0000000705800000, 0x0000000705a00000|  0%| F|  |TAMS 0x0000000705800000, 0x0000000705800000| Untracked 
|  20|0x0000000705a00000, 0x0000000705a00000, 0x0000000705c00000|  0%| F|  |TAMS 0x0000000705a00000, 0x0000000705a00000| Untracked 
|  21|0x0000000705c00000, 0x0000000705c00000, 0x0000000705e00000|  0%| F|  |TAMS 0x0000000705c00000, 0x0000000705c00000| Untracked 
|  22|0x0000000705e00000, 0x0000000705e00000, 0x0000000706000000|  0%| F|  |TAMS 0x0000000705e00000, 0x0000000705e00000| Untracked 
|  23|0x0000000706000000, 0x0000000706000000, 0x0000000706200000|  0%| F|  |TAMS 0x0000000706000000, 0x0000000706000000| Untracked 
|  24|0x0000000706200000, 0x0000000706200000, 0x0000000706400000|  0%| F|  |TAMS 0x0000000706200000, 0x0000000706200000| Untracked 
|  25|0x0000000706400000, 0x0000000706400000, 0x0000000706600000|  0%| F|  |TAMS 0x0000000706400000, 0x0000000706400000| Untracked 
|  26|0x0000000706600000, 0x0000000706600000, 0x0000000706800000|  0%| F|  |TAMS 0x0000000706600000, 0x0000000706600000| Untracked 
|  27|0x0000000706800000, 0x0000000706800000, 0x0000000706a00000|  0%| F|  |TAMS 0x0000000706800000, 0x0000000706800000| Untracked 
|  28|0x0000000706a00000, 0x0000000706a00000, 0x0000000706c00000|  0%| F|  |TAMS 0x0000000706a00000, 0x0000000706a00000| Untracked 
|  29|0x0000000706c00000, 0x0000000706c00000, 0x0000000706e00000|  0%| F|  |TAMS 0x0000000706c00000, 0x0000000706c00000| Untracked 
|  30|0x0000000706e00000, 0x0000000706e00000, 0x0000000707000000|  0%| F|  |TAMS 0x0000000706e00000, 0x0000000706e00000| Untracked 
|  31|0x0000000707000000, 0x0000000707000000, 0x0000000707200000|  0%| F|  |TAMS 0x0000000707000000, 0x0000000707000000| Untracked 
|  32|0x0000000707200000, 0x0000000707200000, 0x0000000707400000|  0%| F|  |TAMS 0x0000000707200000, 0x0000000707200000| Untracked 
|  33|0x0000000707400000, 0x0000000707400000, 0x0000000707600000|  0%| F|  |TAMS 0x0000000707400000, 0x0000000707400000| Untracked 
|  34|0x0000000707600000, 0x0000000707600000, 0x0000000707800000|  0%| F|  |TAMS 0x0000000707600000, 0x0000000707600000| Untracked 
|  35|0x0000000707800000, 0x0000000707800000, 0x0000000707a00000|  0%| F|  |TAMS 0x0000000707800000, 0x0000000707800000| Untracked 
|  36|0x0000000707a00000, 0x0000000707a00000, 0x0000000707c00000|  0%| F|  |TAMS 0x0000000707a00000, 0x0000000707a00000| Untracked 
|  37|0x0000000707c00000, 0x0000000707c00000, 0x0000000707e00000|  0%| F|  |TAMS 0x0000000707c00000, 0x0000000707c00000| Untracked 
|  38|0x0000000707e00000, 0x0000000707e00000, 0x0000000708000000|  0%| F|  |TAMS 0x0000000707e00000, 0x0000000707e00000| Untracked 
|  39|0x0000000708000000, 0x0000000708000000, 0x0000000708200000|  0%| F|  |TAMS 0x0000000708000000, 0x0000000708000000| Untracked 
|  40|0x0000000708200000, 0x0000000708200000, 0x0000000708400000|  0%| F|  |TAMS 0x0000000708200000, 0x0000000708200000| Untracked 
|  41|0x0000000708400000, 0x0000000708400000, 0x0000000708600000|  0%| F|  |TAMS 0x0000000708400000, 0x0000000708400000| Untracked 
|  42|0x0000000708600000, 0x0000000708600000, 0x0000000708800000|  0%| F|  |TAMS 0x0000000708600000, 0x0000000708600000| Untracked 
|  43|0x0000000708800000, 0x0000000708800000, 0x0000000708a00000|  0%| F|  |TAMS 0x0000000708800000, 0x0000000708800000| Untracked 
|  44|0x0000000708a00000, 0x0000000708a00000, 0x0000000708c00000|  0%| F|  |TAMS 0x0000000708a00000, 0x0000000708a00000| Untracked 
|  45|0x0000000708c00000, 0x0000000708c00000, 0x0000000708e00000|  0%| F|  |TAMS 0x0000000708c00000, 0x0000000708c00000| Untracked 
|  46|0x0000000708e00000, 0x0000000708e00000, 0x0000000709000000|  0%| F|  |TAMS 0x0000000708e00000, 0x0000000708e00000| Untracked 
|  47|0x0000000709000000, 0x0000000709000000, 0x0000000709200000|  0%| F|  |TAMS 0x0000000709000000, 0x0000000709000000| Untracked 
|  48|0x0000000709200000, 0x0000000709200000, 0x0000000709400000|  0%| F|  |TAMS 0x0000000709200000, 0x0000000709200000| Untracked 
|  49|0x0000000709400000, 0x0000000709400000, 0x0000000709600000|  0%| F|  |TAMS 0x0000000709400000, 0x0000000709400000| Untracked 
|  50|0x0000000709600000, 0x0000000709600000, 0x0000000709800000|  0%| F|  |TAMS 0x0000000709600000, 0x0000000709600000| Untracked 
|  51|0x0000000709800000, 0x0000000709800000, 0x0000000709a00000|  0%| F|  |TAMS 0x0000000709800000, 0x0000000709800000| Untracked 
|  52|0x0000000709a00000, 0x0000000709a00000, 0x0000000709c00000|  0%| F|  |TAMS 0x0000000709a00000, 0x0000000709a00000| Untracked 
|  53|0x0000000709c00000, 0x0000000709c00000, 0x0000000709e00000|  0%| F|  |TAMS 0x0000000709c00000, 0x0000000709c00000| Untracked 
|  54|0x0000000709e00000, 0x0000000709e00000, 0x000000070a000000|  0%| F|  |TAMS 0x0000000709e00000, 0x0000000709e00000| Untracked 
|  55|0x000000070a000000, 0x000000070a000000, 0x000000070a200000|  0%| F|  |TAMS 0x000000070a000000, 0x000000070a000000| Untracked 
|  56|0x000000070a200000, 0x000000070a200000, 0x000000070a400000|  0%| F|  |TAMS 0x000000070a200000, 0x000000070a200000| Untracked 
|  57|0x000000070a400000, 0x000000070a400000, 0x000000070a600000|  0%| F|  |TAMS 0x000000070a400000, 0x000000070a400000| Untracked 
|  58|0x000000070a600000, 0x000000070a600000, 0x000000070a800000|  0%| F|  |TAMS 0x000000070a600000, 0x000000070a600000| Untracked 
|  59|0x000000070a800000, 0x000000070a800000, 0x000000070aa00000|  0%| F|  |TAMS 0x000000070a800000, 0x000000070a800000| Untracked 
|  60|0x000000070aa00000, 0x000000070aa00000, 0x000000070ac00000|  0%| F|  |TAMS 0x000000070aa00000, 0x000000070aa00000| Untracked 
|  61|0x000000070ac00000, 0x000000070ac00000, 0x000000070ae00000|  0%| F|  |TAMS 0x000000070ac00000, 0x000000070ac00000| Untracked 
|  62|0x000000070ae00000, 0x000000070ae00000, 0x000000070b000000|  0%| F|  |TAMS 0x000000070ae00000, 0x000000070ae00000| Untracked 
|  63|0x000000070b000000, 0x000000070b000000, 0x000000070b200000|  0%| F|  |TAMS 0x000000070b000000, 0x000000070b000000| Untracked 
|  64|0x000000070b200000, 0x000000070b200000, 0x000000070b400000|  0%| F|  |TAMS 0x000000070b200000, 0x000000070b200000| Untracked 
|  65|0x000000070b400000, 0x000000070b400000, 0x000000070b600000|  0%| F|  |TAMS 0x000000070b400000, 0x000000070b400000| Untracked 
|  66|0x000000070b600000, 0x000000070b600000, 0x000000070b800000|  0%| F|  |TAMS 0x000000070b600000, 0x000000070b600000| Untracked 
|  67|0x000000070b800000, 0x000000070b800000, 0x000000070ba00000|  0%| F|  |TAMS 0x000000070b800000, 0x000000070b800000| Untracked 
|  68|0x000000070ba00000, 0x000000070ba00000, 0x000000070bc00000|  0%| F|  |TAMS 0x000000070ba00000, 0x000000070ba00000| Untracked 
|  69|0x000000070bc00000, 0x000000070bc00000, 0x000000070be00000|  0%| F|  |TAMS 0x000000070bc00000, 0x000000070bc00000| Untracked 
|  70|0x000000070be00000, 0x000000070be00000, 0x000000070c000000|  0%| F|  |TAMS 0x000000070be00000, 0x000000070be00000| Untracked 
|  71|0x000000070c000000, 0x000000070c000000, 0x000000070c200000|  0%| F|  |TAMS 0x000000070c000000, 0x000000070c000000| Untracked 
|  72|0x000000070c200000, 0x000000070c200000, 0x000000070c400000|  0%| F|  |TAMS 0x000000070c200000, 0x000000070c200000| Untracked 
|  73|0x000000070c400000, 0x000000070c400000, 0x000000070c600000|  0%| F|  |TAMS 0x000000070c400000, 0x000000070c400000| Untracked 
|  74|0x000000070c600000, 0x000000070c600000, 0x000000070c800000|  0%| F|  |TAMS 0x000000070c600000, 0x000000070c600000| Untracked 
|  75|0x000000070c800000, 0x000000070c800000, 0x000000070ca00000|  0%| F|  |TAMS 0x000000070c800000, 0x000000070c800000| Untracked 
|  76|0x000000070ca00000, 0x000000070ca00000, 0x000000070cc00000|  0%| F|  |TAMS 0x000000070ca00000, 0x000000070ca00000| Untracked 
|  77|0x000000070cc00000, 0x000000070cc00000, 0x000000070ce00000|  0%| F|  |TAMS 0x000000070cc00000, 0x000000070cc00000| Untracked 
|  78|0x000000070ce00000, 0x000000070ce00000, 0x000000070d000000|  0%| F|  |TAMS 0x000000070ce00000, 0x000000070ce00000| Untracked 
|  79|0x000000070d000000, 0x000000070d000000, 0x000000070d200000|  0%| F|  |TAMS 0x000000070d000000, 0x000000070d000000| Untracked 
|  80|0x000000070d200000, 0x000000070d200000, 0x000000070d400000|  0%| F|  |TAMS 0x000000070d200000, 0x000000070d200000| Untracked 
|  81|0x000000070d400000, 0x000000070d400000, 0x000000070d600000|  0%| F|  |TAMS 0x000000070d400000, 0x000000070d400000| Untracked 
|  82|0x000000070d600000, 0x000000070d600000, 0x000000070d800000|  0%| F|  |TAMS 0x000000070d600000, 0x000000070d600000| Untracked 
|  83|0x000000070d800000, 0x000000070d800000, 0x000000070da00000|  0%| F|  |TAMS 0x000000070d800000, 0x000000070d800000| Untracked 
|  84|0x000000070da00000, 0x000000070da00000, 0x000000070dc00000|  0%| F|  |TAMS 0x000000070da00000, 0x000000070da00000| Untracked 
|  85|0x000000070dc00000, 0x000000070dc00000, 0x000000070de00000|  0%| F|  |TAMS 0x000000070dc00000, 0x000000070dc00000| Untracked 
|  86|0x000000070de00000, 0x000000070de00000, 0x000000070e000000|  0%| F|  |TAMS 0x000000070de00000, 0x000000070de00000| Untracked 
|  87|0x000000070e000000, 0x000000070e000000, 0x000000070e200000|  0%| F|  |TAMS 0x000000070e000000, 0x000000070e000000| Untracked 
|  88|0x000000070e200000, 0x000000070e200000, 0x000000070e400000|  0%| F|  |TAMS 0x000000070e200000, 0x000000070e200000| Untracked 
|  89|0x000000070e400000, 0x000000070e400000, 0x000000070e600000|  0%| F|  |TAMS 0x000000070e400000, 0x000000070e400000| Untracked 
|  90|0x000000070e600000, 0x000000070e600000, 0x000000070e800000|  0%| F|  |TAMS 0x000000070e600000, 0x000000070e600000| Untracked 
|  91|0x000000070e800000, 0x000000070e800000, 0x000000070ea00000|  0%| F|  |TAMS 0x000000070e800000, 0x000000070e800000| Untracked 
|  92|0x000000070ea00000, 0x000000070ea00000, 0x000000070ec00000|  0%| F|  |TAMS 0x000000070ea00000, 0x000000070ea00000| Untracked 
|  93|0x000000070ec00000, 0x000000070ec00000, 0x000000070ee00000|  0%| F|  |TAMS 0x000000070ec00000, 0x000000070ec00000| Untracked 
|  94|0x000000070ee00000, 0x000000070ee00000, 0x000000070f000000|  0%| F|  |TAMS 0x000000070ee00000, 0x000000070ee00000| Untracked 
|  95|0x000000070f000000, 0x000000070f000000, 0x000000070f200000|  0%| F|  |TAMS 0x000000070f000000, 0x000000070f000000| Untracked 
|  96|0x000000070f200000, 0x000000070f200000, 0x000000070f400000|  0%| F|  |TAMS 0x000000070f200000, 0x000000070f200000| Untracked 
|  97|0x000000070f400000, 0x000000070f400000, 0x000000070f600000|  0%| F|  |TAMS 0x000000070f400000, 0x000000070f400000| Untracked 
|  98|0x000000070f600000, 0x000000070f600000, 0x000000070f800000|  0%| F|  |TAMS 0x000000070f600000, 0x000000070f600000| Untracked 
|  99|0x000000070f800000, 0x000000070f800000, 0x000000070fa00000|  0%| F|  |TAMS 0x000000070f800000, 0x000000070f800000| Untracked 
| 100|0x000000070fa00000, 0x000000070fa00000, 0x000000070fc00000|  0%| F|  |TAMS 0x000000070fa00000, 0x000000070fa00000| Untracked 
| 101|0x000000070fc00000, 0x000000070fc00000, 0x000000070fe00000|  0%| F|  |TAMS 0x000000070fc00000, 0x000000070fc00000| Untracked 
| 102|0x000000070fe00000, 0x000000070fe00000, 0x0000000710000000|  0%| F|  |TAMS 0x000000070fe00000, 0x000000070fe00000| Untracked 
| 103|0x0000000710000000, 0x0000000710000000, 0x0000000710200000|  0%| F|  |TAMS 0x0000000710000000, 0x0000000710000000| Untracked 
| 104|0x0000000710200000, 0x0000000710200000, 0x0000000710400000|  0%| F|  |TAMS 0x0000000710200000, 0x0000000710200000| Untracked 
| 105|0x0000000710400000, 0x0000000710400000, 0x0000000710600000|  0%| F|  |TAMS 0x0000000710400000, 0x0000000710400000| Untracked 
| 106|0x0000000710600000, 0x0000000710600000, 0x0000000710800000|  0%| F|  |TAMS 0x0000000710600000, 0x0000000710600000| Untracked 
| 107|0x0000000710800000, 0x0000000710800000, 0x0000000710a00000|  0%| F|  |TAMS 0x0000000710800000, 0x0000000710800000| Untracked 
| 108|0x0000000710a00000, 0x0000000710a00000, 0x0000000710c00000|  0%| F|  |TAMS 0x0000000710a00000, 0x0000000710a00000| Untracked 
| 109|0x0000000710c00000, 0x0000000710c00000, 0x0000000710e00000|  0%| F|  |TAMS 0x0000000710c00000, 0x0000000710c00000| Untracked 
| 110|0x0000000710e00000, 0x0000000710e00000, 0x0000000711000000|  0%| F|  |TAMS 0x0000000710e00000, 0x0000000710e00000| Untracked 
| 111|0x0000000711000000, 0x0000000711000000, 0x0000000711200000|  0%| F|  |TAMS 0x0000000711000000, 0x0000000711000000| Untracked 
| 112|0x0000000711200000, 0x0000000711200000, 0x0000000711400000|  0%| F|  |TAMS 0x0000000711200000, 0x0000000711200000| Untracked 
| 113|0x0000000711400000, 0x0000000711400000, 0x0000000711600000|  0%| F|  |TAMS 0x0000000711400000, 0x0000000711400000| Untracked 
| 114|0x0000000711600000, 0x00000007117c0dd0, 0x0000000711800000| 87%| S|CS|TAMS 0x0000000711600000, 0x0000000711600000| Complete 
| 115|0x0000000711800000, 0x0000000711a00000, 0x0000000711a00000|100%| S|CS|TAMS 0x0000000711800000, 0x0000000711800000| Complete 
| 116|0x0000000711a00000, 0x0000000711a00000, 0x0000000711c00000|  0%| F|  |TAMS 0x0000000711a00000, 0x0000000711a00000| Untracked 
| 117|0x0000000711c00000, 0x0000000711c00000, 0x0000000711e00000|  0%| F|  |TAMS 0x0000000711c00000, 0x0000000711c00000| Untracked 
| 118|0x0000000711e00000, 0x0000000711e00000, 0x0000000712000000|  0%| F|  |TAMS 0x0000000711e00000, 0x0000000711e00000| Untracked 
| 119|0x0000000712000000, 0x0000000712000000, 0x0000000712200000|  0%| F|  |TAMS 0x0000000712000000, 0x0000000712000000| Untracked 
| 120|0x0000000712200000, 0x0000000712200000, 0x0000000712400000|  0%| F|  |TAMS 0x0000000712200000, 0x0000000712200000| Untracked 
| 121|0x0000000712400000, 0x0000000712400000, 0x0000000712600000|  0%| F|  |TAMS 0x0000000712400000, 0x0000000712400000| Untracked 
| 122|0x0000000712600000, 0x0000000712600000, 0x0000000712800000|  0%| F|  |TAMS 0x0000000712600000, 0x0000000712600000| Untracked 
| 123|0x0000000712800000, 0x0000000712800000, 0x0000000712a00000|  0%| F|  |TAMS 0x0000000712800000, 0x0000000712800000| Untracked 
| 124|0x0000000712a00000, 0x0000000712a808c8, 0x0000000712c00000| 25%| E|  |TAMS 0x0000000712a00000, 0x0000000712a00000| Complete 
| 125|0x0000000712c00000, 0x0000000712e00000, 0x0000000712e00000|100%| E|CS|TAMS 0x0000000712c00000, 0x0000000712c00000| Complete 
| 126|0x0000000712e00000, 0x0000000713000000, 0x0000000713000000|100%| E|CS|TAMS 0x0000000712e00000, 0x0000000712e00000| Complete 

Card table byte_map: [0x000002d2fb090000,0x000002d2fb880000] _byte_map_base: 0x000002d2f7877000

Marking Bits (Prev, Next): (CMBitMap*) 0x000002d2f0eac700, (CMBitMap*) 0x000002d2f0eac740
 Prev Bits: [0x000002d2fc070000, 0x000002d2fffa8000)
 Next Bits: [0x000002d28f000000, 0x000002d292f38000)

Polling page: 0x000002d2f0f20000

Metaspace:

Usage:
  Non-class:      7.45 MB used.
      Class:    642.78 KB used.
       Both:      8.07 MB used.

Virtual space:
  Non-class space:       16.00 MB reserved,       7.50 MB ( 47%) committed,  2 nodes.
      Class space:        1.00 GB reserved,     768.00 KB ( <1%) committed,  1 nodes.
             Both:        1.02 GB reserved,       8.25 MB ( <1%) committed. 

Chunk freelists:
   Non-Class:  2.81 MB
       Class:  3.30 MB
        Both:  6.11 MB

MaxMetaspaceSize: unlimited
CompressedClassSpaceSize: 1.00 GB
Initial GC threshold: 21.00 MB
Current GC threshold: 21.00 MB
CDS: on
MetaspaceReclaimPolicy: balanced
 - commit_granule_bytes: 65536.
 - commit_granule_words: 8192.
 - virtual_space_node_default_size: 1048576.
 - enlarge_chunks_in_place: 1.
 - new_chunks_are_fully_committed: 0.
 - uncommit_free_chunks: 1.
 - use_allocation_guard: 0.
 - handle_deallocations: 1.


Internal statistics:

num_allocs_failed_limit: 0.
num_arena_births: 94.
num_arena_deaths: 0.
num_vsnodes_births: 3.
num_vsnodes_deaths: 0.
num_space_committed: 130.
num_space_uncommitted: 0.
num_chunks_returned_to_freelist: 0.
num_chunks_taken_from_freelist: 318.
num_chunk_merges: 0.
num_chunk_splits: 232.
num_chunks_enlarged: 189.
num_purges: 0.
num_inconsistent_stats: 0.

CodeHeap 'non-profiled nmethods': size=120000Kb used=763Kb max_used=763Kb free=119236Kb
 bounds [0x000002d287ad0000, 0x000002d287d40000, 0x000002d28f000000]
CodeHeap 'profiled nmethods': size=120000Kb used=2769Kb max_used=2769Kb free=117230Kb
 bounds [0x000002d2805a0000, 0x000002d280860000, 0x000002d287ad0000]
CodeHeap 'non-nmethods': size=5760Kb used=1690Kb max_used=1718Kb free=4069Kb
 bounds [0x000002d280000000, 0x000002d280270000, 0x000002d2805a0000]
 total_blobs=2678 nmethods=1546 adapters=1045
 compilation: enabled
              stopped_count=0, restarted_count=0
 full_count=0

Compilation events (20 events):
Event: 6.900 Thread 0x000002d295a3b9f0 nmethod 1536 0x000002d280844d90 code [0x000002d280845000, 0x000002d280845758]
Event: 6.900 Thread 0x000002d295a3b9f0 1537       3       com.badlogic.gdx.math.Matrix4::setToTranslation (31 bytes)
Event: 6.900 Thread 0x000002d295a3b9f0 nmethod 1537 0x000002d280845b10 code [0x000002d280845cc0, 0x000002d280845ec8]
Event: 6.900 Thread 0x000002d295a3b9f0 1538       3       com.badlogic.gdx.math.Matrix4::det (444 bytes)
Event: 6.901 Thread 0x000002d295a3b9f0 nmethod 1538 0x000002d280846010 code [0x000002d2808461c0, 0x000002d2808465f8]
Event: 6.912 Thread 0x000002d295a3b9f0 1540       3       com.badlogic.gdx.math.Matrix4::inv (1502 bytes)
Event: 6.913 Thread 0x000002d295a3b9f0 nmethod 1540 0x000002d280846790 code [0x000002d280846960, 0x000002d280847408]
Event: 6.948 Thread 0x000002d295a3b9f0 1541       3       javazoom.jl.decoder.LayerIIIDecoder::get_scale_factors (1671 bytes)
Event: 6.953 Thread 0x000002d295a3b9f0 nmethod 1541 0x000002d280847590 code [0x000002d280848040, 0x000002d28084c678]
Event: 6.953 Thread 0x000002d295a3b9f0 1542   !   3       javazoom.jl.decoder.Bitstream::readBytes (66 bytes)
Event: 6.954 Thread 0x000002d295a3b9f0 nmethod 1542 0x000002d280851490 code [0x000002d280851660, 0x000002d280851a78]
Event: 7.063 Thread 0x000002d295a3b9f0 1543       3       org.lwjgl.system.MemoryStack::callocInt (30 bytes)
Event: 7.064 Thread 0x000002d295a3b9f0 nmethod 1543 0x000002d280851c90 code [0x000002d280851e60, 0x000002d2808521a8]
Event: 7.064 Thread 0x000002d295a3b9f0 1544       3       org.lwjgl.system.MemoryUtil::memSet (92 bytes)
Event: 7.064 Thread 0x000002d295a3b9f0 nmethod 1544 0x000002d280852310 code [0x000002d2808524c0, 0x000002d2808526d8]
Event: 7.097 Thread 0x000002d295a3b9f0 1545       3       com.badlogic.gdx.scenes.scene2d.Stage::act (155 bytes)
Event: 7.098 Thread 0x000002d295a3b9f0 nmethod 1545 0x000002d280852790 code [0x000002d2808529c0, 0x000002d2808533b8]
Event: 7.365 Thread 0x000002d295a3b9f0 1548       3       javazoom.jl.decoder.BitReserve::hgetbits (105 bytes)
Event: 7.366 Thread 0x000002d295a3b9f0 nmethod 1548 0x000002d280853810 code [0x000002d2808539c0, 0x000002d280853db8]
Event: 7.366 Thread 0x000002d295a3b9f0 1547       3       javazoom.jl.decoder.Bitstream::parse_frame (149 bytes)

GC Heap History (2 events):
Event: 5.169 GC heap before
{Heap before GC invocations=0 (full 0):
 garbage-first heap   total 260096K, used 24576K [0x0000000703200000, 0x0000000800000000)
  region size 2048K, 11 young (22528K), 0 survivors (0K)
 Metaspace       used 7293K, committed 7488K, reserved 1064960K
  class space    used 562K, committed 640K, reserved 1048576K
}
Event: 5.173 GC heap after
{Heap after GC invocations=1 (full 0):
 garbage-first heap   total 260096K, used 3843K [0x0000000703200000, 0x0000000800000000)
  region size 2048K, 2 young (4096K), 2 survivors (4096K)
 Metaspace       used 7293K, committed 7488K, reserved 1064960K
  class space    used 562K, committed 640K, reserved 1048576K
}

Deoptimization events (20 events):
Event: 6.335 Thread 0x000002d2f0e55870 DEOPT PACKING pc=0x000002d2807cb86a sp=0x000000e1c58fed50
Event: 6.335 Thread 0x000002d2f0e55870 DEOPT UNPACKING pc=0x000002d280056763 sp=0x000000e1c58fe1f8 mode 0
Event: 6.336 Thread 0x000002d2f0e55870 DEOPT PACKING pc=0x000002d280822295 sp=0x000000e1c58fece0
Event: 6.336 Thread 0x000002d2f0e55870 DEOPT UNPACKING pc=0x000002d280056763 sp=0x000000e1c58fe170 mode 0
Event: 6.336 Thread 0x000002d2f0e55870 DEOPT PACKING pc=0x000002d2807cb6b3 sp=0x000000e1c58fed50
Event: 6.336 Thread 0x000002d2f0e55870 DEOPT UNPACKING pc=0x000002d280056763 sp=0x000000e1c58fe1f8 mode 0
Event: 6.337 Thread 0x000002d2f0e55870 DEOPT PACKING pc=0x000002d280822295 sp=0x000000e1c58fece0
Event: 6.337 Thread 0x000002d2f0e55870 DEOPT UNPACKING pc=0x000002d280056763 sp=0x000000e1c58fe170 mode 0
Event: 6.337 Thread 0x000002d2f0e55870 DEOPT PACKING pc=0x000002d2807cb86a sp=0x000000e1c58fed50
Event: 6.337 Thread 0x000002d2f0e55870 DEOPT UNPACKING pc=0x000002d280056763 sp=0x000000e1c58fe1f8 mode 0
Event: 6.532 Thread 0x000002d2f0e55870 DEOPT PACKING pc=0x000002d2807edf34 sp=0x000000e1c58fecb0
Event: 6.532 Thread 0x000002d2f0e55870 DEOPT UNPACKING pc=0x000002d280056763 sp=0x000000e1c58fe158 mode 0
Event: 6.802 Thread 0x000002d2f0e55870 Uncommon trap: trap_request=0xffffff45 fr.pc=0x000002d287b2ce4c relative=0x000000000000040c
Event: 6.802 Thread 0x000002d2f0e55870 Uncommon trap: reason=unstable_if action=reinterpret pc=0x000002d287b2ce4c method=java.io.BufferedInputStream.read1([BII)I @ 68 c2
Event: 6.802 Thread 0x000002d2f0e55870 DEOPT PACKING pc=0x000002d287b2ce4c sp=0x000000e1c58fea30
Event: 6.802 Thread 0x000002d2f0e55870 DEOPT UNPACKING pc=0x000002d280055c23 sp=0x000000e1c58fe8f0 mode 2
Event: 7.365 Thread 0x000002d2f0e55870 Uncommon trap: trap_request=0xffffff45 fr.pc=0x000002d287b89774 relative=0x00000000000000f4
Event: 7.365 Thread 0x000002d2f0e55870 Uncommon trap: reason=unstable_if action=reinterpret pc=0x000002d287b89774 method=javazoom.jl.decoder.BitReserve.hgetbits(I)I @ 22 c2
Event: 7.365 Thread 0x000002d2f0e55870 DEOPT PACKING pc=0x000002d287b89774 sp=0x000000e1c58feab0
Event: 7.365 Thread 0x000002d2f0e55870 DEOPT UNPACKING pc=0x000002d280055c23 sp=0x000000e1c58fea38 mode 2

Classes unloaded (0 events):
No events

Classes redefined (0 events):
No events

Internal exceptions (20 events):
Event: 0.164 Thread 0x000002d2f0e55870 Exception <a 'java/lang/NoSuchMethodError'{0x0000000712a05238}: 'int java.lang.invoke.DirectMethodHandle$Holder.invokeSpecial(java.lang.Object, java.lang.Object, java.lang.Object)'> (0x0000000712a05238) 
thrown [t:\workspace\open\src\hotspot\share\interpreter\linkResolver.cpp, line 766]
Event: 0.182 Thread 0x000002d2f0e55870 Exception <a 'sun/nio/fs/WindowsException'{0x0000000712a4cb38}> (0x0000000712a4cb38) 
thrown [t:\workspace\open\src\hotspot\share\prims\jni.cpp, line 516]
Event: 0.182 Thread 0x000002d2f0e55870 Exception <a 'sun/nio/fs/WindowsException'{0x0000000712a4d088}> (0x0000000712a4d088) 
thrown [t:\workspace\open\src\hotspot\share\prims\jni.cpp, line 516]
Event: 0.242 Thread 0x000002d2f0e55870 Exception <a 'java/lang/NoSuchMethodError'{0x0000000712907a10}: 'int java.lang.invoke.DirectMethodHandle$Holder.invokeStaticInit(java.lang.Object, java.lang.Object, int, long)'> (0x0000000712907a10) 
thrown [t:\workspace\open\src\hotspot\share\interpreter\linkResolver.cpp, line 766]
Event: 0.242 Thread 0x000002d2f0e55870 Exception <a 'java/lang/NoSuchMethodError'{0x000000071290d2d8}: 'java.lang.Object java.lang.invoke.DirectMethodHandle$Holder.newInvokeSpecial(java.lang.Object, java.lang.Object, int)'> (0x000000071290d2d8) 
thrown [t:\workspace\open\src\hotspot\share\interpreter\linkResolver.cpp, line 766]
Event: 0.244 Thread 0x000002d2f0e55870 Exception <a 'java/lang/NoSuchMethodError'{0x000000071291bf28}: 'int java.lang.invoke.DirectMethodHandle$Holder.invokeStaticInit(java.lang.Object, java.lang.Object, long, long)'> (0x000000071291bf28) 
thrown [t:\workspace\open\src\hotspot\share\interpreter\linkResolver.cpp, line 766]
Event: 0.244 Thread 0x000002d2f0e55870 Exception <a 'java/lang/NoSuchMethodError'{0x0000000712922038}: 'java.lang.Object java.lang.invoke.DirectMethodHandle$Holder.newInvokeSpecial(java.lang.Object, java.lang.Object, long)'> (0x0000000712922038) 
thrown [t:\workspace\open\src\hotspot\share\interpreter\linkResolver.cpp, line 766]
Event: 0.244 Thread 0x000002d2f0e55870 Exception <a 'java/lang/NoSuchMethodError'{0x0000000712926080}: 'java.lang.Object java.lang.invoke.Invokers$Holder.linkToTargetMethod(java.lang.Object, long, java.lang.Object)'> (0x0000000712926080) 
thrown [t:\workspace\open\src\hotspot\share\interpreter\linkResolver.cpp, line 766]
Event: 0.245 Thread 0x000002d2f0e55870 Exception <a 'java/lang/NoSuchMethodError'{0x000000071292d800}: 'int java.lang.invoke.DirectMethodHandle$Holder.invokeStaticInit(java.lang.Object, java.lang.Object, java.lang.Object, long)'> (0x000000071292d800) 
thrown [t:\workspace\open\src\hotspot\share\interpreter\linkResolver.cpp, line 766]
Event: 0.260 Thread 0x000002d2f0e55870 Exception <a 'sun/nio/fs/WindowsException'{0x0000000712995548}> (0x0000000712995548) 
thrown [t:\workspace\open\src\hotspot\share\prims\jni.cpp, line 516]
Event: 0.260 Thread 0x000002d2f0e55870 Exception <a 'sun/nio/fs/WindowsException'{0x00000007129958d8}> (0x00000007129958d8) 
thrown [t:\workspace\open\src\hotspot\share\prims\jni.cpp, line 516]
Event: 0.284 Thread 0x000002d2f0e55870 Exception <a 'sun/nio/fs/WindowsException'{0x0000000712633e48}> (0x0000000712633e48) 
thrown [t:\workspace\open\src\hotspot\share\prims\jni.cpp, line 516]
Event: 0.284 Thread 0x000002d2f0e55870 Exception <a 'sun/nio/fs/WindowsException'{0x00000007126341a8}> (0x00000007126341a8) 
thrown [t:\workspace\open\src\hotspot\share\prims\jni.cpp, line 516]
Event: 0.319 Thread 0x000002d2f0e55870 Exception <a 'sun/nio/fs/WindowsException'{0x00000007126c0cd8}> (0x00000007126c0cd8) 
thrown [t:\workspace\open\src\hotspot\share\prims\jni.cpp, line 516]
Event: 0.319 Thread 0x000002d2f0e55870 Exception <a 'sun/nio/fs/WindowsException'{0x00000007126c1058}> (0x00000007126c1058) 
thrown [t:\workspace\open\src\hotspot\share\prims\jni.cpp, line 516]
Event: 1.472 Thread 0x000002d2f0e55870 Exception <a 'java/lang/NoSuchMethodError'{0x0000000712706010}: 'java.lang.Object java.lang.invoke.DirectMethodHandle$Holder.newInvokeSpecial(java.lang.Object, long)'> (0x0000000712706010) 
thrown [t:\workspace\open\src\hotspot\share\interpreter\linkResolver.cpp, line 766]
Event: 1.591 Thread 0x000002d2f0e55870 Exception <a 'sun/nio/fs/WindowsException'{0x000000071247c518}> (0x000000071247c518) 
thrown [t:\workspace\open\src\hotspot\share\prims\jni.cpp, line 516]
Event: 1.591 Thread 0x000002d2f0e55870 Exception <a 'sun/nio/fs/WindowsException'{0x000000071247c8b8}> (0x000000071247c8b8) 
thrown [t:\workspace\open\src\hotspot\share\prims\jni.cpp, line 516]
Event: 1.597 Thread 0x000002d2f0e55870 Exception <a 'sun/nio/fs/WindowsException'{0x000000071248cd88}> (0x000000071248cd88) 
thrown [t:\workspace\open\src\hotspot\share\prims\jni.cpp, line 516]
Event: 1.597 Thread 0x000002d2f0e55870 Exception <a 'sun/nio/fs/WindowsException'{0x000000071248d058}> (0x000000071248d058) 
thrown [t:\workspace\open\src\hotspot\share\prims\jni.cpp, line 516]

VM Operations (20 events):
Event: 2.872 Executing VM operation: Cleanup
Event: 2.873 Executing VM operation: Cleanup done
Event: 3.885 Executing VM operation: Cleanup
Event: 3.885 Executing VM operation: Cleanup done
Event: 5.064 Executing VM operation: HandshakeAllThreads
Event: 5.064 Executing VM operation: HandshakeAllThreads done
Event: 5.064 Executing VM operation: Cleanup
Event: 5.064 Executing VM operation: Cleanup done
Event: 5.106 Executing VM operation: HandshakeAllThreads
Event: 5.106 Executing VM operation: HandshakeAllThreads done
Event: 5.169 Executing VM operation: G1CollectForAllocation
Event: 5.173 Executing VM operation: G1CollectForAllocation done
Event: 5.196 Executing VM operation: HandshakeAllThreads
Event: 5.196 Executing VM operation: HandshakeAllThreads done
Event: 5.205 Executing VM operation: HandshakeAllThreads
Event: 5.205 Executing VM operation: HandshakeAllThreads done
Event: 6.210 Executing VM operation: Cleanup
Event: 6.211 Executing VM operation: Cleanup done
Event: 7.225 Executing VM operation: Cleanup
Event: 7.225 Executing VM operation: Cleanup done

Events (20 events):
Event: 5.221 loading class java/io/ObjectStreamClass$EntryFuture done
Event: 5.221 loading class java/lang/reflect/Proxy
Event: 5.222 loading class java/lang/reflect/Proxy done
Event: 5.222 loading class java/lang/reflect/InvocationHandler
Event: 5.222 loading class java/lang/reflect/InvocationHandler done
Event: 5.222 loading class java/lang/reflect/Proxy$1
Event: 5.222 loading class java/lang/reflect/Proxy$1 done
Event: 5.222 loading class java/io/Externalizable
Event: 5.222 loading class java/io/Externalizable done
Event: 5.222 loading class java/io/ObjectStreamClass$2
Event: 5.222 loading class java/io/ObjectStreamClass$2 done
Event: 5.222 loading class java/io/ObjectStreamClass$FieldReflectorKey
Event: 5.222 loading class java/io/ObjectStreamClass$FieldReflectorKey done
Event: 5.222 loading class java/io/ObjectStreamClass$FieldReflector
Event: 5.222 loading class java/io/ObjectStreamClass$FieldReflector done
Event: 5.222 loading class java/io/ObjectStreamClass$ExceptionInfo
Event: 5.222 loading class java/io/ObjectStreamClass$ExceptionInfo done
Event: 5.648 Thread 0x000002d298b40c50 Thread exited: 0x000002d298b40c50
Event: 5.996 Thread 0x000002d296d64680 Thread added: 0x000002d296d64680
Event: 6.898 Thread 0x000002d296d64680 Thread exited: 0x000002d296d64680


Dynamic libraries:
0x00007ff7095e0000 - 0x00007ff7095f0000 	C:\Program Files\Java\jdk-17.0.1\bin\java.exe
0x00007ffe36970000 - 0x00007ffe36b86000 	C:\WINDOWS\SYSTEM32\ntdll.dll
0x00007ffe35750000 - 0x00007ffe35814000 	C:\WINDOWS\System32\KERNEL32.DLL
0x00007ffe34060000 - 0x00007ffe34407000 	C:\WINDOWS\System32\KERNELBASE.dll
0x00007ffe344d0000 - 0x00007ffe345e1000 	C:\WINDOWS\System32\ucrtbase.dll
0x00007ffe18d80000 - 0x00007ffe18d98000 	C:\Program Files\Java\jdk-17.0.1\bin\jli.dll
0x00007ffe029a0000 - 0x00007ffe029ba000 	C:\Program Files\Java\jdk-17.0.1\bin\VCRUNTIME140.dll
0x00007ffe346a0000 - 0x00007ffe34752000 	C:\WINDOWS\System32\ADVAPI32.dll
0x00007ffe35900000 - 0x00007ffe359a7000 	C:\WINDOWS\System32\msvcrt.dll
0x00007ffe35690000 - 0x00007ffe35738000 	C:\WINDOWS\System32\sechost.dll
0x00007ffe34670000 - 0x00007ffe34698000 	C:\WINDOWS\System32\bcrypt.dll
0x00007ffe35570000 - 0x00007ffe35685000 	C:\WINDOWS\System32\RPCRT4.dll
0x00007ffe35200000 - 0x00007ffe353ae000 	C:\WINDOWS\System32\USER32.dll
0x00007ffe33f90000 - 0x00007ffe33fb6000 	C:\WINDOWS\System32\win32u.dll
0x00007ffe224d0000 - 0x00007ffe22763000 	C:\WINDOWS\WinSxS\amd64_microsoft.windows.common-controls_6595b64144ccf1df_6.0.22621.3235_none_270f74e173860f98\COMCTL32.dll
0x00007ffe34760000 - 0x00007ffe34789000 	C:\WINDOWS\System32\GDI32.dll
0x00007ffe33e00000 - 0x00007ffe33f19000 	C:\WINDOWS\System32\gdi32full.dll
0x00007ffe33fc0000 - 0x00007ffe3405a000 	C:\WINDOWS\System32\msvcp_win.dll
0x00007ffe244e0000 - 0x00007ffe244ea000 	C:\WINDOWS\SYSTEM32\VERSION.dll
0x00007ffe34eb0000 - 0x00007ffe34ee1000 	C:\WINDOWS\System32\IMM32.DLL
0x00007ffe1ab80000 - 0x00007ffe1ab8c000 	C:\Program Files\Java\jdk-17.0.1\bin\vcruntime140_1.dll
0x00007ffdd93a0000 - 0x00007ffdd942d000 	C:\Program Files\Java\jdk-17.0.1\bin\msvcp140.dll
0x00007ffd87650000 - 0x00007ffd8820e000 	C:\Program Files\Java\jdk-17.0.1\bin\server\jvm.dll
0x00007ffe35740000 - 0x00007ffe35748000 	C:\WINDOWS\System32\PSAPI.DLL
0x00007ffe2aa00000 - 0x00007ffe2aa34000 	C:\WINDOWS\SYSTEM32\WINMM.dll
0x00007ffe17410000 - 0x00007ffe17419000 	C:\WINDOWS\SYSTEM32\WSOCK32.dll
0x00007ffe359b0000 - 0x00007ffe35a21000 	C:\WINDOWS\System32\WS2_32.dll
0x00007ffe32c90000 - 0x00007ffe32ca8000 	C:\WINDOWS\SYSTEM32\kernel.appcore.dll
0x00007ffe18db0000 - 0x00007ffe18dba000 	C:\Program Files\Java\jdk-17.0.1\bin\jimage.dll
0x00007ffe313c0000 - 0x00007ffe315f3000 	C:\WINDOWS\SYSTEM32\DBGHELP.DLL
0x00007ffe363c0000 - 0x00007ffe36748000 	C:\WINDOWS\System32\combase.dll
0x00007ffe35820000 - 0x00007ffe358f7000 	C:\WINDOWS\System32\OLEAUT32.dll
0x00007ffe24550000 - 0x00007ffe24582000 	C:\WINDOWS\SYSTEM32\dbgcore.DLL
0x00007ffe345f0000 - 0x00007ffe34669000 	C:\WINDOWS\System32\bcryptPrimitives.dll
0x00007ffe02970000 - 0x00007ffe02995000 	C:\Program Files\Java\jdk-17.0.1\bin\java.dll
0x00007ffdbb390000 - 0x00007ffdbb466000 	C:\Program Files\Java\jdk-17.0.1\bin\svml.dll
0x00007ffe35a30000 - 0x00007ffe3628c000 	C:\WINDOWS\System32\SHELL32.dll
0x00007ffe31ba0000 - 0x00007ffe32499000 	C:\WINDOWS\SYSTEM32\windows.storage.dll
0x00007ffe31a60000 - 0x00007ffe31b9e000 	C:\WINDOWS\SYSTEM32\wintypes.dll
0x00007ffe34db0000 - 0x00007ffe34ea3000 	C:\WINDOWS\System32\SHCORE.dll
0x00007ffe368d0000 - 0x00007ffe3692e000 	C:\WINDOWS\System32\shlwapi.dll
0x00007ffe33bc0000 - 0x00007ffe33be1000 	C:\WINDOWS\SYSTEM32\profapi.dll
0x00007ffe02950000 - 0x00007ffe02969000 	C:\Program Files\Java\jdk-17.0.1\bin\net.dll
0x00007ffe2dba0000 - 0x00007ffe2dcd6000 	C:\WINDOWS\SYSTEM32\WINHTTP.dll
0x00007ffe33100000 - 0x00007ffe33169000 	C:\WINDOWS\system32\mswsock.dll
0x00007ffe015f0000 - 0x00007ffe01605000 	C:\Program Files\Java\jdk-17.0.1\bin\nio.dll
0x00007ffdff580000 - 0x00007ffdff598000 	C:\Program Files\Java\jdk-17.0.1\bin\zip.dll
0x000000006e700000 - 0x000000006e72d000 	C:\Users\henri\AppData\Local\Temp\libgdxhenri\2a9d7f76\gdx64.dll
0x00007ffdfec10000 - 0x00007ffdfec8b000 	C:\Users\henri\AppData\Local\Temp\lwjgl_henri\3.3.3+5\x64\lwjgl.dll
0x00007ffda7ec0000 - 0x00007ffda8130000 	C:\Users\henri\AppData\Local\Temp\lwjgl_henri\3.3.3+5\x64\jemalloc.dll
0x00007ffdba590000 - 0x00007ffdba612000 	C:\Users\henri\AppData\Local\Temp\lwjgl_henri\3.3.3+5\x64\glfw.dll
0x00007ffddf670000 - 0x00007ffddf6b6000 	C:\WINDOWS\SYSTEM32\dinput8.dll
0x00007ffe282a0000 - 0x00007ffe282b1000 	C:\WINDOWS\SYSTEM32\xinput1_4.dll
0x00007ffe339a0000 - 0x00007ffe339ee000 	C:\WINDOWS\SYSTEM32\cfgmgr32.dll
0x00007ffe33950000 - 0x00007ffe3397c000 	C:\WINDOWS\SYSTEM32\DEVOBJ.dll
0x00007ffe30d70000 - 0x00007ffe30d9b000 	C:\WINDOWS\SYSTEM32\dwmapi.dll
0x00007ffe0f610000 - 0x00007ffe0f81a000 	C:\WINDOWS\SYSTEM32\inputhost.dll
0x00007ffe306c0000 - 0x00007ffe307f4000 	C:\WINDOWS\SYSTEM32\CoreMessaging.dll
0x00007ffe30ac0000 - 0x00007ffe30b6b000 	C:\WINDOWS\system32\uxtheme.dll
0x00007ffe36770000 - 0x00007ffe368c3000 	C:\WINDOWS\System32\MSCTF.dll
0x00007ffe333a0000 - 0x00007ffe333ac000 	C:\WINDOWS\SYSTEM32\CRYPTBASE.DLL
0x00007ffda4fe0000 - 0x00007ffda51a7000 	C:\Users\henri\AppData\Local\Temp\lwjgl_henri\3.3.3+5\x64\OpenAL.dll
0x00007ffe353c0000 - 0x00007ffe35565000 	C:\WINDOWS\System32\ole32.dll
0x00007ffe36310000 - 0x00007ffe363c0000 	C:\WINDOWS\System32\clbcatq.dll
0x00007ffe23bc0000 - 0x00007ffe23c5d000 	C:\WINDOWS\System32\MMDevApi.dll
0x00007ffe15cb0000 - 0x00007ffe15e9c000 	C:\WINDOWS\SYSTEM32\AUDIOSES.DLL
0x00007ffe310b0000 - 0x00007ffe310c5000 	C:\WINDOWS\SYSTEM32\resourcepolicyclient.dll
0x00007ffe33510000 - 0x00007ffe3355d000 	C:\WINDOWS\SYSTEM32\powrprof.dll
0x00007ffe334f0000 - 0x00007ffe33503000 	C:\WINDOWS\SYSTEM32\UMPDC.dll
0x00007ffdf6be0000 - 0x00007ffdf6ce0000 	C:\WINDOWS\SYSTEM32\opengl32.dll
0x00007ffdf6b70000 - 0x00007ffdf6b9d000 	C:\WINDOWS\SYSTEM32\GLU32.dll
0x00007ffe30c00000 - 0x00007ffe30c39000 	C:\WINDOWS\SYSTEM32\dxcore.dll
0x00007ffe2d250000 - 0x00007ffe2d29a000 	C:\WINDOWS\SYSTEM32\directxdatabasehelper.dll
0x00007ffe2cbe0000 - 0x00007ffe2cd17000 	C:\Windows\System32\AppXDeploymentClient.dll
0x00007ffd86490000 - 0x00007ffd87463000 	C:\WINDOWS\System32\DriverStore\FileRepository\iigd_dch.inf_amd64_3a2f90c1eb2e1524\igxelpicd64.dll
0x00007ffe30c60000 - 0x00007ffe30d58000 	C:\WINDOWS\system32\dxgi.dll
0x00007ffd86000000 - 0x00007ffd86487000 	C:\WINDOWS\System32\DriverStore\FileRepository\iigd_dch.inf_amd64_3a2f90c1eb2e1524\igdml64.dll
0x00007ffe27cb0000 - 0x00007ffe28071000 	C:\WINDOWS\System32\DriverStore\FileRepository\iigd_dch.inf_amd64_3a2f90c1eb2e1524\igdgmm64.dll
0x00007ffe24aa0000 - 0x00007ffe27ca6000 	C:\WINDOWS\System32\DriverStore\FileRepository\iigd_dch.inf_amd64_3a2f90c1eb2e1524\igc64.dll
0x00007ffddd770000 - 0x00007ffddd7ce000 	C:\Users\henri\AppData\Local\Temp\lwjgl_henri\3.3.3+5\x64\lwjgl_opengl.dll
0x00007ffe0f420000 - 0x00007ffe0f56a000 	C:\WINDOWS\SYSTEM32\textinputframework.dll
0x00007ffe2c030000 - 0x00007ffe2c39c000 	C:\WINDOWS\SYSTEM32\CoreUIComponents.dll
0x0000000066b00000 - 0x0000000066b5a000 	C:\Users\henri\AppData\Local\Temp\libgdxhenri\5e84b8da\gdx-box2d64.dll

dbghelp: loaded successfully - version: 4.0.5 - missing functions: none
symbol engine: initialized successfully - sym options: 0x614 - pdb path: .;C:\Program Files\Java\jdk-17.0.1\bin;C:\WINDOWS\SYSTEM32;C:\WINDOWS\WinSxS\amd64_microsoft.windows.common-controls_6595b64144ccf1df_6.0.22621.3235_none_270f74e173860f98;C:\Program Files\Java\jdk-17.0.1\bin\server;C:\Users\henri\AppData\Local\Temp\libgdxhenri\2a9d7f76;C:\Users\henri\AppData\Local\Temp\lwjgl_henri\3.3.3+5\x64;C:\WINDOWS\System32\DriverStore\FileRepository\iigd_dch.inf_amd64_3a2f90c1eb2e1524;C:\Users\henri\AppData\Local\Temp\libgdxhenri\5e84b8da

VM Arguments:
jvm_args: -XX:+ShowCodeDetailsInExceptionMessages 
java_command: inf112.skeleton.app.Main
java_class_path (initial): C:\Users\henri\.vscode\ctrl-alt-defeat\target\classes;C:\Users\henri\.m2\repository\com\badlogicgames\gdx\gdx\1.12.1\gdx-1.12.1.jar;C:\Users\henri\.m2\repository\com\badlogicgames\gdx\gdx-jnigen-loader\2.3.1\gdx-jnigen-loader-2.3.1.jar;C:\Users\henri\.m2\repository\com\badlogicgames\gdx\gdx-platform\1.12.1\gdx-platform-1.12.1-natives-desktop.jar;C:\Users\henri\.m2\repository\com\badlogicgames\gdx\gdx-backend-lwjgl3\1.12.1\gdx-backend-lwjgl3-1.12.1.jar;C:\Users\henri\.m2\repository\org\lwjgl\lwjgl\3.3.3\lwjgl-3.3.3.jar;C:\Users\henri\.m2\repository\org\lwjgl\lwjgl\3.3.3\lwjgl-3.3.3-natives-linux.jar;C:\Users\henri\.m2\repository\org\lwjgl\lwjgl\3.3.3\lwjgl-3.3.3-natives-linux-arm32.jar;C:\Users\henri\.m2\repository\org\lwjgl\lwjgl\3.3.3\lwjgl-3.3.3-natives-linux-arm64.jar;C:\Users\henri\.m2\repository\org\lwjgl\lwjgl\3.3.3\lwjgl-3.3.3-natives-macos.jar;C:\Users\henri\.m2\repository\org\lwjgl\lwjgl\3.3.3\lwjgl-3.3.3-natives-macos-arm64.jar;C:\Users\henri\.m2\repository\org\lwjgl\lwjgl\3.3.3\lwjgl-3.3.3-natives-windows.jar;C:\Users\henri\.m2\repository\org\lwjgl\lwjgl\3.3.3\lwjgl-3.3.3-natives-windows-x86.jar;C:\Users\henri\.m2\repository\org\lwjgl\lwjgl-glfw\3.3.3\lwjgl-glfw-3.3.3.jar;C:\Users\henri\.m2\repository\org\lwjgl\lwjgl-glfw\3.3.3\lwjgl-glfw-3.3.3-natives-linux.jar;C:\Users\henri\.m2\repository\org\lwjgl\lwjgl-glfw\3.3.3\lwjgl-glfw-3.3.3-natives-linux-arm32.jar;C:\Users\henri\.m2\repository\org\lwjgl\lwjgl-glfw\3.3.3\lwjgl-glfw-3.3.3-natives-linux-arm64.jar;C:\Users\henri\.m2\repository\org\lwjgl\lwjgl-glfw\3.3.3\lwjgl-glfw-3.3.3-natives-macos.jar;C:\Users\henri\.m2\repository\org\lwjgl\lwjgl-glfw\3.3.3\lwjgl-glfw-3.3.3-natives-macos-arm64.jar;C:\Users\henri\.m2\repository\org\lwjgl\lwjgl-glfw\3.3.3\lwjgl-glfw-3.3.3-natives-windows.jar;C:\Users\henri\.m2\repository\org\lwjgl\lwjgl-glfw\3.3.3\lwjgl-glfw-3.3.3-natives-windows-x86.jar;C:\Users\henri\.m2\repository\org\lwjgl\lwjgl-jemalloc\3.3.3\lwjgl-jemalloc-3.3.3.jar;C:\Users\henr
Launcher Type: SUN_STANDARD

[Global flags]
     intx CICompilerCount                          = 4                                         {product} {ergonomic}
     uint ConcGCThreads                            = 2                                         {product} {ergonomic}
     uint G1ConcRefinementThreads                  = 8                                         {product} {ergonomic}
   size_t G1HeapRegionSize                         = 2097152                                   {product} {ergonomic}
    uintx GCDrainStackTargetSize                   = 64                                        {product} {ergonomic}
   size_t InitialHeapSize                          = 266338304                                 {product} {ergonomic}
   size_t MarkStackSize                            = 4194304                                   {product} {ergonomic}
   size_t MaxHeapSize                              = 4242538496                                {product} {ergonomic}
   size_t MaxNewSize                               = 2543845376                                {product} {ergonomic}
   size_t MinHeapDeltaBytes                        = 2097152                                   {product} {ergonomic}
   size_t MinHeapSize                              = 8388608                                   {product} {ergonomic}
    uintx NonNMethodCodeHeapSize                   = 5839372                                {pd product} {ergonomic}
    uintx NonProfiledCodeHeapSize                  = 122909434                              {pd product} {ergonomic}
    uintx ProfiledCodeHeapSize                     = 122909434                              {pd product} {ergonomic}
    uintx ReservedCodeCacheSize                    = 251658240                              {pd product} {ergonomic}
     bool SegmentedCodeCache                       = true                                      {product} {ergonomic}
     bool ShowCodeDetailsInExceptionMessages       = true                                   {manageable} {command line}
   size_t SoftMaxHeapSize                          = 4242538496                             {manageable} {ergonomic}
     bool UseCompressedClassPointers               = true                           {product lp64_product} {ergonomic}
     bool UseCompressedOops                        = true                           {product lp64_product} {ergonomic}
     bool UseG1GC                                  = true                                      {product} {ergonomic}
     bool UseLargePagesIndividualAllocation        = false                                  {pd product} {ergonomic}

Logging:
Log output configuration:
 #0: stdout all=warning uptime,level,tags
 #1: stderr all=off uptime,level,tags

Environment Variables:
PATH=C:\Program Files\Common Files\Oracle\Java\javapath;C:\Program Files (x86)\Common Files\Oracle\Java\javapath;C:\WINDOWS\system32;C:\WINDOWS;C:\WINDOWS\System32\Wbem;C:\WINDOWS\System32\WindowsPowerShell\v1.0\;C:\WINDOWS\System32\OpenSSH\;C:\Program Files (x86)\Calibre2\;C:\Program Files\Git\cmd;C:\Program Files\dotnet\;C:\Program Files\MATLAB\R2023a\bin;C:\Program Files\MATLAB\R2022b\bin;C:\Users\henri\AppData\Local\Programs\Python\Python39\Scripts\;C:\Users\henri\AppData\Local\Programs\Python\Python39\;C:\Users\henri\AppData\Local\Microsoft\WindowsApps;C:\Users\henri\AppData\Local\Programs\Microsoft VS Code\bin;C:\Users\henri\AppData\Local\GitHubDesktop\bin;C:\ghcup\bin;
USERNAME=henri
LANG=en_US.UTF-8
OS=Windows_NT
PROCESSOR_IDENTIFIER=Intel64 Family 6 Model 140 Stepping 1, GenuineIntel



---------------  S Y S T E M  ---------------

OS:
 Windows 10 , 64 bit Build 22621 (10.0.22621.3374)
OS uptime: 1 days 14:52 hours
Hyper-V role detected

CPU: total 8 (initial active 8) (4 cores per cpu, 2 threads per core) family 6 model 140 stepping 1 microcode 0x86, cx8, cmov, fxsr, ht, mmx, 3dnowpref, sse, sse2, sse3, ssse3, sse4.1, sse4.2, popcnt, lzcnt, tsc, tscinvbit, avx, avx2, aes, erms, clmul, bmi1, bmi2, adx, avx512f, avx512dq, avx512cd, avx512bw, avx512vl, sha, fma, vzeroupper, avx512_vpopcntdq, avx512_vpclmulqdq, avx512_vaes, avx512_vnni, clflush, clflushopt, clwb, avx512_vbmi2, avx512_vbmi, hv

Memory: 4k page, system-wide physical 16179M (6649M free)
TotalPageFile size 32563M (AvailPageFile size 18555M)
current process WorkingSet (physical memory assigned to process): 237M, peak: 244M
current process commit charge ("private bytes"): 458M, peak: 466M

vm_info: Java HotSpot(TM) 64-Bit Server VM (17.0.1+12-LTS-39) for windows-amd64 JRE (17.0.1+12-LTS-39), built on Sep 27 2021 18:41:35 by "mach5one" with MS VC++ 16.8 (VS2019)

END.
