#
# A fatal error has been detected by the Java Runtime Environment:
#
#  EXCEPTION_ACCESS_VIOLATION (0xc0000005) at pc=0x00007ffb129bb386, pid=16768, tid=20848
#
# JRE version: Java(TM) SE Runtime Environment (17.0.1+12) (build 17.0.1+12-LTS-39)
# Java VM: Java HotSpot(TM) 64-Bit Server VM (17.0.1+12-LTS-39, mixed mode, sharing, tiered, compressed oops, compressed class ptrs, g1 gc, windows-amd64)
# Problematic frame:
# C  [igxelpicd64.dll+0x23b386]
#
# No core dump will be written. Minidumps are not enabled by default on client versions of Windows
#
# If you would like to submit a bug report, please visit:
#   https://bugreport.java.com/bugreport/crash.jsp
#

---------------  S U M M A R Y ------------

Command Line: -XX:+ShowCodeDetailsInExceptionMessages inf112.skeleton.app.Main

Host: 11th Gen Intel(R) Core(TM) i7-1165G7 @ 2.80GHz, 8 cores, 15G,  Windows 10 , 64 bit Build 22621 (10.0.22621.3235)
Time: Tue Apr 16 11:35:16 2024 Vest-Europa (sommertid) elapsed time: 168.485708 seconds (0d 0h 2m 48s)

---------------  T H R E A D  ---------------

Current thread (0x00000256fe141c40):  VMThread "VM Thread" [stack: 0x00000066a8f00000,0x00000066a9000000] [id=20848]

Stack: [0x00000066a8f00000,0x00000066a9000000],  sp=0x00000066a8ffe280,  free space=1016k
Native frames: (J=compiled Java code, j=interpreted, Vv=VM code, C=native code)
C  [igxelpicd64.dll+0x23b386]


siginfo: EXCEPTION_ACCESS_VIOLATION (0xc0000005), reading address 0x0000000000035468


Register to memory mapping:

RIP=0x00007ffb129bb386 igxelpicd64.dll
RAX=0x000002568f71cd40 points into unknown readable memory: 0x0000000000015d24 | 24 5d 01 00 00 00 00 00
RBX=0x000002568f210070 points into unknown readable memory: 0xffffffffffffffff | ff ff ff ff ff ff ff ff
RCX=0x0 is NULL
RDX=0x0000000000015701 is an unknown value
RSP=0x00000066a8ffe280 points into unknown readable memory: 0x000002568f210070 | 70 00 21 8f 56 02 00 00
RBP=0x0 is NULL
RSI=0x000002568f71cc40 points into unknown readable memory: 0x000002568f1da0c0 | c0 a0 1d 8f 56 02 00 00
RDI=0x00000256fefdcde0 points into unknown readable memory: 0x00007ffc47607c00 | 00 7c 60 47 fc 7f 00 00
R8 =0x000002568f71cd40 points into unknown readable memory: 0x0000000000015d24 | 24 5d 01 00 00 00 00 00
R9 =0x0 is NULL
R10=0x0 is NULL
R11=0x0000000000000246 is an unknown value
R12=0x000002568f71cc40 points into unknown readable memory: 0x000002568f1da0c0 | c0 a0 1d 8f 56 02 00 00
R13=0x0 is NULL
R14=0x000002568f71d188 points into unknown readable memory: 0x0000000000000000 | 00 00 00 00 00 00 00 00
R15=0x0 is NULL


Registers:
RAX=0x000002568f71cd40, RBX=0x000002568f210070, RCX=0x0000000000000000, RDX=0x0000000000015701
RSP=0x00000066a8ffe280, RBP=0x0000000000000000, RSI=0x000002568f71cc40, RDI=0x00000256fefdcde0
R8 =0x000002568f71cd40, R9 =0x0000000000000000, R10=0x0000000000000000, R11=0x0000000000000246
R12=0x000002568f71cc40, R13=0x0000000000000000, R14=0x000002568f71d188, R15=0x0000000000000000
RIP=0x00007ffb129bb386, EFLAGS=0x0000000000010202

Top of Stack: (sp=0x00000066a8ffe280)
0x00000066a8ffe280:   000002568f210070 028f356300b4114b
0x00000066a8ffe290:   02005d8a00902c68 02c9a79f0278d798
0x00000066a8ffe2a0:   0000001600000000 0000000000000000
0x00000066a8ffe2b0:   00050105adcd0000 0288812b00000142
0x00000066a8ffe2c0:   000002568f210070 029d25d70208b0d0
0x00000066a8ffe2d0:   ecc0000001430002 0000026672d4007c
0x00000066a8ffe2e0:   000005466fe3ef99 00000256fe00e420
0x00000066a8ffe2f0:   000000000000000f 00000256fe00e420
0x00000066a8ffe300:   0000000000000001 00007ffbaee69c68
0x00000066a8ffe310:   00000066a8ffe410 000002568f759cf0
0x00000066a8ffe320:   0000000000000006 0000000000000001
0x00000066a8ffe330:   000002568f7a38c0 00007ffc477a5511
0x00000066a8ffe340:   000002568f7599b0 00000066a8ffef90
0x00000066a8ffe350:   00007ffbaf47c8b8 00007ffc477a5511
0x00000066a8ffe360:   00007ffbaf47dc88 00007ffc477b3244
0x00000066a8ffe370:   0000000000000000 0000000000000000 

Instructions: (pc=0x00007ffb129bb386)
0x00007ffb129bb286:   00 90 4c 8b bf 80 02 00 00 48 8b 05 9a 85 bd 00
0x00007ffb129bb296:   8b 80 c8 0a 00 00 89 44 24 24 c6 44 24 20 00 48
0x00007ffb129bb2a6:   c7 87 80 02 00 00 00 00 00 00 c7 87 88 02 00 00
0x00007ffb129bb2b6:   00 00 00 00 48 c7 87 a0 02 00 00 00 00 00 00 48
0x00007ffb129bb2c6:   c7 87 90 02 00 00 00 00 00 00 48 85 ed 75 3d 8b
0x00007ffb129bb2d6:   35 0d 77 cd 00 65 48 8b 04 25 58 00 00 00 b9 14
0x00007ffb129bb2e6:   00 00 00 48 8b 04 f0 40 38 2c 01 0f 84 c9 e7 75
0x00007ffb129bb2f6:   00 65 48 8b 04 25 58 00 00 00 bd 20 00 00 00 48
0x00007ffb129bb306:   8b 04 f0 48 8b 2c 28 48 89 6c 24 28 48 3b 2d 07
0x00007ffb129bb316:   9b cd 00 0f 84 9b 10 00 00 4d 85 ff 0f 84 3a 01
0x00007ffb129bb326:   00 00 0f 1f 84 00 00 00 00 00 49 8b f7 4d 8b e7
0x00007ffb129bb336:   4d 8d b7 48 05 00 00 4d 8b 3e 45 84 ed 0f 85 d9
0x00007ffb129bb346:   0e 00 00 8b 8f d0 01 00 00 48 8b 05 da 84 bd 00
0x00007ffb129bb356:   83 b8 64 03 00 00 02 75 34 4d 8d 84 24 00 01 00
0x00007ffb129bb366:   00 83 f9 10 0f 83 3a 01 00 00 8b c1 48 c1 e0 06
0x00007ffb129bb376:   49 03 c0 48 85 c0 0f 84 9b 01 00 00 48 8b 50 08
0x00007ffb129bb386:   48 3b 95 68 54 03 00 0f 87 b6 0e 00 00 48 83 be
0x00007ffb129bb396:   c0 05 00 00 00 0f 85 50 e7 75 00 44 8b 8f d0 01
0x00007ffb129bb3a6:   00 00 48 8b 87 e8 01 00 00 4c 8b 00 8b 8f d0 01
0x00007ffb129bb3b6:   00 00 48 8d 9e 00 01 00 00 83 f9 10 0f 83 1e 01
0x00007ffb129bb3c6:   00 00 8b c1 48 c1 e0 06 48 03 c3 48 85 c0 0f 84
0x00007ffb129bb3d6:   4a 01 00 00 4c 39 40 08 0f 86 40 01 00 00 48 8b
0x00007ffb129bb3e6:   87 80 02 00 00 49 89 06 48 89 b7 80 02 00 00 ff
0x00007ffb129bb3f6:   87 88 02 00 00 48 8b 4e 08 48 8b 01 ba 01 00 00
0x00007ffb129bb406:   00 48 8b 80 e0 02 00 00 ff 15 f4 c1 88 00 0f b7
0x00007ffb129bb416:   c8 48 2b c1 48 05 00 00 01 00 48 01 87 90 02 00
0x00007ffb129bb426:   00 48 8b 4e 08 48 8b 01 ba 01 00 00 00 48 8b 80
0x00007ffb129bb436:   e0 02 00 00 ff 15 c8 c1 88 00 48 01 87 a0 02 00
0x00007ffb129bb446:   00 0f b6 54 24 20 4d 85 ff 0f 85 db fe ff ff 84
0x00007ffb129bb456:   d2 0f 85 37 0f 00 00 48 8b 5c 24 40 48 8b cf 80
0x00007ffb129bb466:   7c 24 22 00 0f 85 40 0f 00 00 e8 3b f9 ff ff 90
0x00007ffb129bb476:   48 8b cb ff 15 99 bc 88 00 48 8b 8c 24 50 01 00 


Stack slot to memory mapping:
stack at sp + 0 slots: 0x000002568f210070 points into unknown readable memory: 0xffffffffffffffff | ff ff ff ff ff ff ff ff
stack at sp + 1 slots: 0x028f356300b4114b is an unknown value
stack at sp + 2 slots: 0x02005d8a00902c68 is an unknown value
stack at sp + 3 slots: 0x02c9a79f0278d798 is an unknown value
stack at sp + 4 slots: 0x0000001600000000 is an unknown value
stack at sp + 5 slots: 0x0 is NULL
stack at sp + 6 slots: 0x00050105adcd0000 is an unknown value
stack at sp + 7 slots: 0x0288812b00000142 is an unknown value

VM_Operation (0x00000066a89fec20): Exit, mode: safepoint, requested by thread 0x00000256ea584b20


---------------  P R O C E S S  ---------------

Threads class SMR info:
_java_thread_list=0x000002568f857570, length=14, elements={
0x00000256ea584b20, 0x00000256fe1455d0, 0x00000256fe146f90, 0x00000256fe15da40,
0x00000256fe15e300, 0x00000256fe160bd0, 0x00000256fe161490, 0x00000256fe162130,
0x00000256fe162ae0, 0x00000256fe1653f0, 0x00000256fed4aa10, 0x00000256fed548e0,
0x00000256ff7fea60, 0x000002568f6eca30
}

Java Threads: ( => current thread )
  0x00000256ea584b20 JavaThread "main" [_thread_blocked, id=19960, stack(0x00000066a8900000,0x00000066a8a00000)]
  0x00000256fe1455d0 JavaThread "Reference Handler" daemon [_thread_blocked, id=31840, stack(0x00000066a9000000,0x00000066a9100000)]
  0x00000256fe146f90 JavaThread "Finalizer" daemon [_thread_blocked, id=31612, stack(0x00000066a9100000,0x00000066a9200000)]
  0x00000256fe15da40 JavaThread "Signal Dispatcher" daemon [_thread_blocked, id=18020, stack(0x00000066a9200000,0x00000066a9300000)]
  0x00000256fe15e300 JavaThread "Attach Listener" daemon [_thread_blocked, id=31196, stack(0x00000066a9300000,0x00000066a9400000)]
  0x00000256fe160bd0 JavaThread "Service Thread" daemon [_thread_blocked, id=24340, stack(0x00000066a9400000,0x00000066a9500000)]
  0x00000256fe161490 JavaThread "Monitor Deflation Thread" daemon [_thread_blocked, id=35144, stack(0x00000066a9500000,0x00000066a9600000)]
  0x00000256fe162130 JavaThread "C2 CompilerThread0" daemon [_thread_blocked, id=24212, stack(0x00000066a9600000,0x00000066a9700000)]
  0x00000256fe162ae0 JavaThread "C1 CompilerThread0" daemon [_thread_blocked, id=18776, stack(0x00000066a9700000,0x00000066a9800000)]
  0x00000256fe1653f0 JavaThread "Sweeper thread" daemon [_thread_blocked, id=17888, stack(0x00000066a9800000,0x00000066a9900000)]
  0x00000256fed4aa10 JavaThread "Notification Thread" daemon [_thread_blocked, id=25856, stack(0x00000066a9900000,0x00000066a9a00000)]
  0x00000256fed548e0 JavaThread "Common-Cleaner" daemon [_thread_blocked, id=23900, stack(0x00000066a9b00000,0x00000066a9c00000)]
  0x00000256ff7fea60 JavaThread "Thread-0" daemon [_thread_blocked, id=18492, stack(0x00000066aa200000,0x00000066aa300000)]
  0x000002568f6eca30 JavaThread "AssetManager" daemon [_thread_blocked, id=35244, stack(0x00000066aa400000,0x00000066aa500000)]

Other Threads:
=>0x00000256fe141c40 VMThread "VM Thread" [stack: 0x00000066a8f00000,0x00000066a9000000] [id=20848]
  0x00000256ea5de190 GCTaskThread "GC Thread#0" [stack: 0x00000066a8a00000,0x00000066a8b00000] [id=6680]
  0x00000256fefaa890 GCTaskThread "GC Thread#1" [stack: 0x00000066aa700000,0x00000066aa800000] [id=20144]
  0x000002568f91a360 GCTaskThread "GC Thread#2" [stack: 0x00000066aa800000,0x00000066aa900000] [id=14552]
  0x000002568f8d2250 GCTaskThread "GC Thread#3" [stack: 0x00000066aa900000,0x00000066aaa00000] [id=22080]
  0x000002568f8d2500 GCTaskThread "GC Thread#4" [stack: 0x00000066aaa00000,0x00000066aab00000] [id=17792]
  0x000002568f8d1cf0 GCTaskThread "GC Thread#5" [stack: 0x00000066aab00000,0x00000066aac00000] [id=33160]
  0x000002568f8d1fa0 GCTaskThread "GC Thread#6" [stack: 0x00000066aac00000,0x00000066aad00000] [id=28728]
  0x000002568f8d27b0 GCTaskThread "GC Thread#7" [stack: 0x00000066aad00000,0x00000066aae00000] [id=12084]
  0x00000256ea5efcb0 ConcurrentGCThread "G1 Main Marker" terminated
  0x00000256ea5f1d70 ConcurrentGCThread "G1 Conc#0" [stack: 0x00000066a8c00000,0x00000066a8d00000] [id=33796]
  0x00000256fe0034e0 ConcurrentGCThread "G1 Refine#0" terminated
  0x00000256fe003e00 ConcurrentGCThread "G1 Service" terminated

Threads with active compile tasks:

VM state: at safepoint (shutting down)

VM Mutex/Monitor currently owned by a thread:  ([mutex/lock_event])
[0x00000256ea580e30] Threads_lock - owner thread: 0x00000256fe141c40
[0x00000256ea5800b0] Heap_lock - owner thread: 0x00000256ea584b20

Heap address: 0x0000000703200000, size: 4046 MB, Compressed Oops mode: Zero based, Oop shift amount: 3

CDS archive(s) mapped at: [0x0000000800000000-0x0000000800bc0000-0x0000000800bc0000), size 12320768, SharedBaseAddress: 0x0000000800000000, ArchiveRelocationMode: 0.
Compressed class space mapped at: 0x0000000800c00000-0x0000000840c00000, reserved size: 1073741824
Narrow klass base: 0x0000000800000000, Narrow klass shift: 0, Narrow klass range: 0x100000000

GC Precious Log:
 CPUs: 8 total, 8 available
 Memory: 16179M
 Large Page Support: Disabled
 NUMA Support: Disabled
 Compressed Oops: Enabled (Zero based)
 Heap Region Size: 2M
 Heap Min Capacity: 8M
 Heap Initial Capacity: 254M
 Heap Max Capacity: 4046M
 Pre-touch: Disabled
 Parallel Workers: 8
 Concurrent Workers: 2
 Concurrent Refinement Workers: 8
 Periodic GC: Disabled

Heap:
 garbage-first heap   total 260096K, used 12177K [0x0000000703200000, 0x0000000800000000)
  region size 2048K, 7 young (14336K), 2 survivors (4096K)
 Metaspace       used 8352K, committed 8576K, reserved 1064960K
  class space    used 637K, committed 768K, reserved 1048576K

Heap Regions: E=young(eden), S=young(survivor), O=old, HS=humongous(starts), HC=humongous(continues), CS=collection set, F=free, OA=open archive, CA=closed archive, TAMS=top-at-mark-start (previous, next)
|   0|0x0000000703200000, 0x0000000703200000, 0x0000000703400000|  0%| F|  |TAMS 0x0000000703200000, 0x0000000703200000| Untracked 
|   1|0x0000000703400000, 0x0000000703400000, 0x0000000703600000|  0%| F|  |TAMS 0x0000000703400000, 0x0000000703400000| Untracked 
|   2|0x0000000703600000, 0x0000000703600000, 0x0000000703800000|  0%| F|  |TAMS 0x0000000703600000, 0x0000000703600000| Untracked 
|   3|0x0000000703800000, 0x0000000703800000, 0x0000000703a00000|  0%| F|  |TAMS 0x0000000703800000, 0x0000000703800000| Untracked 
|   4|0x0000000703a00000, 0x0000000703a00000, 0x0000000703c00000|  0%| F|  |TAMS 0x0000000703a00000, 0x0000000703a00000| Untracked 
|   5|0x0000000703c00000, 0x0000000703c00000, 0x0000000703e00000|  0%| F|  |TAMS 0x0000000703c00000, 0x0000000703c00000| Untracked 
|   6|0x0000000703e00000, 0x0000000703e00000, 0x0000000704000000|  0%| F|  |TAMS 0x0000000703e00000, 0x0000000703e00000| Untracked 
|   7|0x0000000704000000, 0x0000000704000000, 0x0000000704200000|  0%| F|  |TAMS 0x0000000704000000, 0x0000000704000000| Untracked 
|   8|0x0000000704200000, 0x0000000704200000, 0x0000000704400000|  0%| F|  |TAMS 0x0000000704200000, 0x0000000704200000| Untracked 
|   9|0x0000000704400000, 0x0000000704400000, 0x0000000704600000|  0%| F|  |TAMS 0x0000000704400000, 0x0000000704400000| Untracked 
|  10|0x0000000704600000, 0x0000000704600000, 0x0000000704800000|  0%| F|  |TAMS 0x0000000704600000, 0x0000000704600000| Untracked 
|  11|0x0000000704800000, 0x0000000704800000, 0x0000000704a00000|  0%| F|  |TAMS 0x0000000704800000, 0x0000000704800000| Untracked 
|  12|0x0000000704a00000, 0x0000000704a00000, 0x0000000704c00000|  0%| F|  |TAMS 0x0000000704a00000, 0x0000000704a00000| Untracked 
|  13|0x0000000704c00000, 0x0000000704c00000, 0x0000000704e00000|  0%| F|  |TAMS 0x0000000704c00000, 0x0000000704c00000| Untracked 
|  14|0x0000000704e00000, 0x0000000704e00000, 0x0000000705000000|  0%| F|  |TAMS 0x0000000704e00000, 0x0000000704e00000| Untracked 
|  15|0x0000000705000000, 0x0000000705000000, 0x0000000705200000|  0%| F|  |TAMS 0x0000000705000000, 0x0000000705000000| Untracked 
|  16|0x0000000705200000, 0x0000000705200000, 0x0000000705400000|  0%| F|  |TAMS 0x0000000705200000, 0x0000000705200000| Untracked 
|  17|0x0000000705400000, 0x0000000705400000, 0x0000000705600000|  0%| F|  |TAMS 0x0000000705400000, 0x0000000705400000| Untracked 
|  18|0x0000000705600000, 0x0000000705600000, 0x0000000705800000|  0%| F|  |TAMS 0x0000000705600000, 0x0000000705600000| Untracked 
|  19|0x0000000705800000, 0x0000000705800000, 0x0000000705a00000|  0%| F|  |TAMS 0x0000000705800000, 0x0000000705800000| Untracked 
|  20|0x0000000705a00000, 0x0000000705a00000, 0x0000000705c00000|  0%| F|  |TAMS 0x0000000705a00000, 0x0000000705a00000| Untracked 
|  21|0x0000000705c00000, 0x0000000705c00000, 0x0000000705e00000|  0%| F|  |TAMS 0x0000000705c00000, 0x0000000705c00000| Untracked 
|  22|0x0000000705e00000, 0x0000000705e00000, 0x0000000706000000|  0%| F|  |TAMS 0x0000000705e00000, 0x0000000705e00000| Untracked 
|  23|0x0000000706000000, 0x0000000706000000, 0x0000000706200000|  0%| F|  |TAMS 0x0000000706000000, 0x0000000706000000| Untracked 
|  24|0x0000000706200000, 0x0000000706200000, 0x0000000706400000|  0%| F|  |TAMS 0x0000000706200000, 0x0000000706200000| Untracked 
|  25|0x0000000706400000, 0x0000000706400000, 0x0000000706600000|  0%| F|  |TAMS 0x0000000706400000, 0x0000000706400000| Untracked 
|  26|0x0000000706600000, 0x0000000706600000, 0x0000000706800000|  0%| F|  |TAMS 0x0000000706600000, 0x0000000706600000| Untracked 
|  27|0x0000000706800000, 0x0000000706800000, 0x0000000706a00000|  0%| F|  |TAMS 0x0000000706800000, 0x0000000706800000| Untracked 
|  28|0x0000000706a00000, 0x0000000706a00000, 0x0000000706c00000|  0%| F|  |TAMS 0x0000000706a00000, 0x0000000706a00000| Untracked 
|  29|0x0000000706c00000, 0x0000000706c00000, 0x0000000706e00000|  0%| F|  |TAMS 0x0000000706c00000, 0x0000000706c00000| Untracked 
|  30|0x0000000706e00000, 0x0000000706e00000, 0x0000000707000000|  0%| F|  |TAMS 0x0000000706e00000, 0x0000000706e00000| Untracked 
|  31|0x0000000707000000, 0x0000000707000000, 0x0000000707200000|  0%| F|  |TAMS 0x0000000707000000, 0x0000000707000000| Untracked 
|  32|0x0000000707200000, 0x0000000707200000, 0x0000000707400000|  0%| F|  |TAMS 0x0000000707200000, 0x0000000707200000| Untracked 
|  33|0x0000000707400000, 0x0000000707400000, 0x0000000707600000|  0%| F|  |TAMS 0x0000000707400000, 0x0000000707400000| Untracked 
|  34|0x0000000707600000, 0x0000000707600000, 0x0000000707800000|  0%| F|  |TAMS 0x0000000707600000, 0x0000000707600000| Untracked 
|  35|0x0000000707800000, 0x0000000707800000, 0x0000000707a00000|  0%| F|  |TAMS 0x0000000707800000, 0x0000000707800000| Untracked 
|  36|0x0000000707a00000, 0x0000000707a00000, 0x0000000707c00000|  0%| F|  |TAMS 0x0000000707a00000, 0x0000000707a00000| Untracked 
|  37|0x0000000707c00000, 0x0000000707c00000, 0x0000000707e00000|  0%| F|  |TAMS 0x0000000707c00000, 0x0000000707c00000| Untracked 
|  38|0x0000000707e00000, 0x0000000707e00000, 0x0000000708000000|  0%| F|  |TAMS 0x0000000707e00000, 0x0000000707e00000| Untracked 
|  39|0x0000000708000000, 0x0000000708000000, 0x0000000708200000|  0%| F|  |TAMS 0x0000000708000000, 0x0000000708000000| Untracked 
|  40|0x0000000708200000, 0x0000000708200000, 0x0000000708400000|  0%| F|  |TAMS 0x0000000708200000, 0x0000000708200000| Untracked 
|  41|0x0000000708400000, 0x0000000708400000, 0x0000000708600000|  0%| F|  |TAMS 0x0000000708400000, 0x0000000708400000| Untracked 
|  42|0x0000000708600000, 0x0000000708600000, 0x0000000708800000|  0%| F|  |TAMS 0x0000000708600000, 0x0000000708600000| Untracked 
|  43|0x0000000708800000, 0x0000000708800000, 0x0000000708a00000|  0%| F|  |TAMS 0x0000000708800000, 0x0000000708800000| Untracked 
|  44|0x0000000708a00000, 0x0000000708a00000, 0x0000000708c00000|  0%| F|  |TAMS 0x0000000708a00000, 0x0000000708a00000| Untracked 
|  45|0x0000000708c00000, 0x0000000708c00000, 0x0000000708e00000|  0%| F|  |TAMS 0x0000000708c00000, 0x0000000708c00000| Untracked 
|  46|0x0000000708e00000, 0x0000000708e00000, 0x0000000709000000|  0%| F|  |TAMS 0x0000000708e00000, 0x0000000708e00000| Untracked 
|  47|0x0000000709000000, 0x0000000709000000, 0x0000000709200000|  0%| F|  |TAMS 0x0000000709000000, 0x0000000709000000| Untracked 
|  48|0x0000000709200000, 0x0000000709200000, 0x0000000709400000|  0%| F|  |TAMS 0x0000000709200000, 0x0000000709200000| Untracked 
|  49|0x0000000709400000, 0x0000000709400000, 0x0000000709600000|  0%| F|  |TAMS 0x0000000709400000, 0x0000000709400000| Untracked 
|  50|0x0000000709600000, 0x0000000709600000, 0x0000000709800000|  0%| F|  |TAMS 0x0000000709600000, 0x0000000709600000| Untracked 
|  51|0x0000000709800000, 0x0000000709800000, 0x0000000709a00000|  0%| F|  |TAMS 0x0000000709800000, 0x0000000709800000| Untracked 
|  52|0x0000000709a00000, 0x0000000709a00000, 0x0000000709c00000|  0%| F|  |TAMS 0x0000000709a00000, 0x0000000709a00000| Untracked 
|  53|0x0000000709c00000, 0x0000000709c00000, 0x0000000709e00000|  0%| F|  |TAMS 0x0000000709c00000, 0x0000000709c00000| Untracked 
|  54|0x0000000709e00000, 0x0000000709e00000, 0x000000070a000000|  0%| F|  |TAMS 0x0000000709e00000, 0x0000000709e00000| Untracked 
|  55|0x000000070a000000, 0x000000070a000000, 0x000000070a200000|  0%| F|  |TAMS 0x000000070a000000, 0x000000070a000000| Untracked 
|  56|0x000000070a200000, 0x000000070a200000, 0x000000070a400000|  0%| F|  |TAMS 0x000000070a200000, 0x000000070a200000| Untracked 
|  57|0x000000070a400000, 0x000000070a400000, 0x000000070a600000|  0%| F|  |TAMS 0x000000070a400000, 0x000000070a400000| Untracked 
|  58|0x000000070a600000, 0x000000070a600000, 0x000000070a800000|  0%| F|  |TAMS 0x000000070a600000, 0x000000070a600000| Untracked 
|  59|0x000000070a800000, 0x000000070a800000, 0x000000070aa00000|  0%| F|  |TAMS 0x000000070a800000, 0x000000070a800000| Untracked 
|  60|0x000000070aa00000, 0x000000070aa00000, 0x000000070ac00000|  0%| F|  |TAMS 0x000000070aa00000, 0x000000070aa00000| Untracked 
|  61|0x000000070ac00000, 0x000000070ac00000, 0x000000070ae00000|  0%| F|  |TAMS 0x000000070ac00000, 0x000000070ac00000| Untracked 
|  62|0x000000070ae00000, 0x000000070ae00000, 0x000000070b000000|  0%| F|  |TAMS 0x000000070ae00000, 0x000000070ae00000| Untracked 
|  63|0x000000070b000000, 0x000000070b000000, 0x000000070b200000|  0%| F|  |TAMS 0x000000070b000000, 0x000000070b000000| Untracked 
|  64|0x000000070b200000, 0x000000070b200000, 0x000000070b400000|  0%| F|  |TAMS 0x000000070b200000, 0x000000070b200000| Untracked 
|  65|0x000000070b400000, 0x000000070b400000, 0x000000070b600000|  0%| F|  |TAMS 0x000000070b400000, 0x000000070b400000| Untracked 
|  66|0x000000070b600000, 0x000000070b600000, 0x000000070b800000|  0%| F|  |TAMS 0x000000070b600000, 0x000000070b600000| Untracked 
|  67|0x000000070b800000, 0x000000070b800000, 0x000000070ba00000|  0%| F|  |TAMS 0x000000070b800000, 0x000000070b800000| Untracked 
|  68|0x000000070ba00000, 0x000000070ba00000, 0x000000070bc00000|  0%| F|  |TAMS 0x000000070ba00000, 0x000000070ba00000| Untracked 
|  69|0x000000070bc00000, 0x000000070bc00000, 0x000000070be00000|  0%| F|  |TAMS 0x000000070bc00000, 0x000000070bc00000| Untracked 
|  70|0x000000070be00000, 0x000000070be00000, 0x000000070c000000|  0%| F|  |TAMS 0x000000070be00000, 0x000000070be00000| Untracked 
|  71|0x000000070c000000, 0x000000070c000000, 0x000000070c200000|  0%| F|  |TAMS 0x000000070c000000, 0x000000070c000000| Untracked 
|  72|0x000000070c200000, 0x000000070c200000, 0x000000070c400000|  0%| F|  |TAMS 0x000000070c200000, 0x000000070c200000| Untracked 
|  73|0x000000070c400000, 0x000000070c400000, 0x000000070c600000|  0%| F|  |TAMS 0x000000070c400000, 0x000000070c400000| Untracked 
|  74|0x000000070c600000, 0x000000070c600000, 0x000000070c800000|  0%| F|  |TAMS 0x000000070c600000, 0x000000070c600000| Untracked 
|  75|0x000000070c800000, 0x000000070c800000, 0x000000070ca00000|  0%| F|  |TAMS 0x000000070c800000, 0x000000070c800000| Untracked 
|  76|0x000000070ca00000, 0x000000070ca00000, 0x000000070cc00000|  0%| F|  |TAMS 0x000000070ca00000, 0x000000070ca00000| Untracked 
|  77|0x000000070cc00000, 0x000000070cc00000, 0x000000070ce00000|  0%| F|  |TAMS 0x000000070cc00000, 0x000000070cc00000| Untracked 
|  78|0x000000070ce00000, 0x000000070ce00000, 0x000000070d000000|  0%| F|  |TAMS 0x000000070ce00000, 0x000000070ce00000| Untracked 
|  79|0x000000070d000000, 0x000000070d000000, 0x000000070d200000|  0%| F|  |TAMS 0x000000070d000000, 0x000000070d000000| Untracked 
|  80|0x000000070d200000, 0x000000070d200000, 0x000000070d400000|  0%| F|  |TAMS 0x000000070d200000, 0x000000070d200000| Untracked 
|  81|0x000000070d400000, 0x000000070d400000, 0x000000070d600000|  0%| F|  |TAMS 0x000000070d400000, 0x000000070d400000| Untracked 
|  82|0x000000070d600000, 0x000000070d600000, 0x000000070d800000|  0%| F|  |TAMS 0x000000070d600000, 0x000000070d600000| Untracked 
|  83|0x000000070d800000, 0x000000070d800000, 0x000000070da00000|  0%| F|  |TAMS 0x000000070d800000, 0x000000070d800000| Untracked 
|  84|0x000000070da00000, 0x000000070da00000, 0x000000070dc00000|  0%| F|  |TAMS 0x000000070da00000, 0x000000070da00000| Untracked 
|  85|0x000000070dc00000, 0x000000070dc00000, 0x000000070de00000|  0%| F|  |TAMS 0x000000070dc00000, 0x000000070dc00000| Untracked 
|  86|0x000000070de00000, 0x000000070de00000, 0x000000070e000000|  0%| F|  |TAMS 0x000000070de00000, 0x000000070de00000| Untracked 
|  87|0x000000070e000000, 0x000000070e000000, 0x000000070e200000|  0%| F|  |TAMS 0x000000070e000000, 0x000000070e000000| Untracked 
|  88|0x000000070e200000, 0x000000070e200000, 0x000000070e400000|  0%| F|  |TAMS 0x000000070e200000, 0x000000070e200000| Untracked 
|  89|0x000000070e400000, 0x000000070e400000, 0x000000070e600000|  0%| F|  |TAMS 0x000000070e400000, 0x000000070e400000| Untracked 
|  90|0x000000070e600000, 0x000000070e600000, 0x000000070e800000|  0%| F|  |TAMS 0x000000070e600000, 0x000000070e600000| Untracked 
|  91|0x000000070e800000, 0x000000070e800000, 0x000000070ea00000|  0%| F|  |TAMS 0x000000070e800000, 0x000000070e800000| Untracked 
|  92|0x000000070ea00000, 0x000000070ea00000, 0x000000070ec00000|  0%| F|  |TAMS 0x000000070ea00000, 0x000000070ea00000| Untracked 
|  93|0x000000070ec00000, 0x000000070ec00000, 0x000000070ee00000|  0%| F|  |TAMS 0x000000070ec00000, 0x000000070ec00000| Untracked 
|  94|0x000000070ee00000, 0x000000070ee00000, 0x000000070f000000|  0%| F|  |TAMS 0x000000070ee00000, 0x000000070ee00000| Untracked 
|  95|0x000000070f000000, 0x000000070f000000, 0x000000070f200000|  0%| F|  |TAMS 0x000000070f000000, 0x000000070f000000| Untracked 
|  96|0x000000070f200000, 0x000000070f200000, 0x000000070f400000|  0%| F|  |TAMS 0x000000070f200000, 0x000000070f200000| Untracked 
|  97|0x000000070f400000, 0x000000070f400000, 0x000000070f600000|  0%| F|  |TAMS 0x000000070f400000, 0x000000070f400000| Untracked 
|  98|0x000000070f600000, 0x000000070f600000, 0x000000070f800000|  0%| F|  |TAMS 0x000000070f600000, 0x000000070f600000| Untracked 
|  99|0x000000070f800000, 0x000000070f800000, 0x000000070fa00000|  0%| F|  |TAMS 0x000000070f800000, 0x000000070f800000| Untracked 
| 100|0x000000070fa00000, 0x000000070fa00000, 0x000000070fc00000|  0%| F|  |TAMS 0x000000070fa00000, 0x000000070fa00000| Untracked 
| 101|0x000000070fc00000, 0x000000070fc00000, 0x000000070fe00000|  0%| F|  |TAMS 0x000000070fc00000, 0x000000070fc00000| Untracked 
| 102|0x000000070fe00000, 0x000000070fe00000, 0x0000000710000000|  0%| F|  |TAMS 0x000000070fe00000, 0x000000070fe00000| Untracked 
| 103|0x0000000710000000, 0x0000000710000000, 0x0000000710200000|  0%| F|  |TAMS 0x0000000710000000, 0x0000000710000000| Untracked 
| 104|0x0000000710200000, 0x0000000710200000, 0x0000000710400000|  0%| F|  |TAMS 0x0000000710200000, 0x0000000710200000| Untracked 
| 105|0x0000000710400000, 0x0000000710400000, 0x0000000710600000|  0%| F|  |TAMS 0x0000000710400000, 0x0000000710400000| Untracked 
| 106|0x0000000710600000, 0x0000000710600000, 0x0000000710800000|  0%| F|  |TAMS 0x0000000710600000, 0x0000000710600000| Untracked 
| 107|0x0000000710800000, 0x0000000710800000, 0x0000000710a00000|  0%| F|  |TAMS 0x0000000710800000, 0x0000000710800000| Untracked 
| 108|0x0000000710a00000, 0x0000000710a00000, 0x0000000710c00000|  0%| F|  |TAMS 0x0000000710a00000, 0x0000000710a00000| Untracked 
| 109|0x0000000710c00000, 0x0000000710c00000, 0x0000000710e00000|  0%| F|  |TAMS 0x0000000710c00000, 0x0000000710c00000| Untracked 
| 110|0x0000000710e00000, 0x0000000710e00000, 0x0000000711000000|  0%| F|  |TAMS 0x0000000710e00000, 0x0000000710e00000| Untracked 
| 111|0x0000000711000000, 0x0000000711000000, 0x0000000711200000|  0%| F|  |TAMS 0x0000000711000000, 0x0000000711000000| Untracked 
| 112|0x0000000711200000, 0x0000000711200000, 0x0000000711400000|  0%| F|  |TAMS 0x0000000711200000, 0x0000000711200000| Untracked 
| 113|0x0000000711400000, 0x0000000711400000, 0x0000000711600000|  0%| F|  |TAMS 0x0000000711400000, 0x0000000711400000| Untracked 
| 114|0x0000000711600000, 0x00000007117e4610, 0x0000000711800000| 94%| S|CS|TAMS 0x0000000711600000, 0x0000000711600000| Complete 
| 115|0x0000000711800000, 0x0000000711a00000, 0x0000000711a00000|100%| S|CS|TAMS 0x0000000711800000, 0x0000000711800000| Complete 
| 116|0x0000000711a00000, 0x0000000711a00000, 0x0000000711c00000|  0%| F|  |TAMS 0x0000000711a00000, 0x0000000711a00000| Untracked 
| 117|0x0000000711c00000, 0x0000000711c00000, 0x0000000711e00000|  0%| F|  |TAMS 0x0000000711c00000, 0x0000000711c00000| Untracked 
| 118|0x0000000711e00000, 0x0000000711e00000, 0x0000000712000000|  0%| F|  |TAMS 0x0000000711e00000, 0x0000000711e00000| Untracked 
| 119|0x0000000712000000, 0x0000000712000000, 0x0000000712200000|  0%| F|  |TAMS 0x0000000712000000, 0x0000000712000000| Untracked 
| 120|0x0000000712200000, 0x0000000712200000, 0x0000000712400000|  0%| F|  |TAMS 0x0000000712200000, 0x0000000712200000| Untracked 
| 121|0x0000000712400000, 0x0000000712400000, 0x0000000712600000|  0%| F|  |TAMS 0x0000000712400000, 0x0000000712400000| Untracked 
| 122|0x0000000712600000, 0x0000000712754b38, 0x0000000712800000| 66%| E|  |TAMS 0x0000000712600000, 0x0000000712600000| Complete 
| 123|0x0000000712800000, 0x0000000712a00000, 0x0000000712a00000|100%| E|CS|TAMS 0x0000000712800000, 0x0000000712800000| Complete 
| 124|0x0000000712a00000, 0x0000000712c00000, 0x0000000712c00000|100%| E|CS|TAMS 0x0000000712a00000, 0x0000000712a00000| Complete 
| 125|0x0000000712c00000, 0x0000000712e00000, 0x0000000712e00000|100%| E|CS|TAMS 0x0000000712c00000, 0x0000000712c00000| Complete 
| 126|0x0000000712e00000, 0x0000000713000000, 0x0000000713000000|100%| E|CS|TAMS 0x0000000712e00000, 0x0000000712e00000| Complete 

Card table byte_map: [0x00000256f28a0000,0x00000256f3090000] _byte_map_base: 0x00000256ef087000

Marking Bits (Prev, Next): (CMBitMap*) 0x00000256ea5de6a0, (CMBitMap*) 0x00000256ea5de6e0
 Prev Bits: [0x00000256f3880000, 0x00000256f77b8000)
 Next Bits: [0x00000256f77c0000, 0x00000256fb6f8000)

Polling page: 0x00000256e86f0000

Metaspace:

Usage:
  Non-class:      7.53 MB used.
      Class:    637.53 KB used.
       Both:      8.16 MB used.

Virtual space:
  Non-class space:       16.00 MB reserved,       7.62 MB ( 48%) committed,  2 nodes.
      Class space:        1.00 GB reserved,     768.00 KB ( <1%) committed,  1 nodes.
             Both:        1.02 GB reserved,       8.38 MB ( <1%) committed. 

Chunk freelists:
   Non-Class:  2.77 MB
       Class:  3.30 MB
        Both:  6.06 MB

MaxMetaspaceSize: unlimited
CompressedClassSpaceSize: 1.00 GB
Initial GC threshold: 21.00 MB
Current GC threshold: 21.00 MB
CDS: on
MetaspaceReclaimPolicy: balanced
 - commit_granule_bytes: 65536.
 - commit_granule_words: 8192.
 - virtual_space_node_default_size: 1048576.
 - enlarge_chunks_in_place: 1.
 - new_chunks_are_fully_committed: 0.
 - uncommit_free_chunks: 1.
 - use_allocation_guard: 0.
 - handle_deallocations: 1.


Internal statistics:

num_allocs_failed_limit: 0.
num_arena_births: 94.
num_arena_deaths: 0.
num_vsnodes_births: 3.
num_vsnodes_deaths: 0.
num_space_committed: 132.
num_space_uncommitted: 0.
num_chunks_returned_to_freelist: 0.
num_chunks_taken_from_freelist: 327.
num_chunk_merges: 0.
num_chunk_splits: 235.
num_chunks_enlarged: 180.
num_purges: 0.
num_inconsistent_stats: 0.

CodeHeap 'non-profiled nmethods': size=120000Kb used=1588Kb max_used=1588Kb free=118411Kb
 bounds [0x0000025687ad0000, 0x0000025687d40000, 0x000002568f000000]
CodeHeap 'profiled nmethods': size=120000Kb used=3444Kb max_used=3444Kb free=116555Kb
 bounds [0x00000256805a0000, 0x0000025680900000, 0x0000025687ad0000]
CodeHeap 'non-nmethods': size=5760Kb used=1685Kb max_used=1733Kb free=4075Kb
 bounds [0x0000025680000000, 0x0000025680270000, 0x00000256805a0000]
 total_blobs=3024 nmethods=1902 adapters=1035
 compilation: enabled
              stopped_count=0, restarted_count=0
 full_count=0

Compilation events (20 events):
Event: 166.207 Thread 0x00000256fe162ae0 nmethod 1893 0x00000256808f4f10 code [0x00000256808f50c0, 0x00000256808f5248]
Event: 166.390 Thread 0x00000256fe162ae0 1895       3       com.badlogic.gdx.scenes.scene2d.Stage::fireEnterAndExit (205 bytes)
Event: 166.391 Thread 0x00000256fe162ae0 nmethod 1895 0x00000256808f5390 code [0x00000256808f56a0, 0x00000256808f6bb8]
Event: 166.391 Thread 0x00000256fe162ae0 1896       3       com.badlogic.gdx.scenes.scene2d.Group::act (54 bytes)
Event: 166.391 Thread 0x00000256fe162ae0 nmethod 1896 0x00000256808f7110 code [0x00000256808f7300, 0x00000256808f7898]
Event: 166.451 Thread 0x00000256fe162130 nmethod 1891 0x0000025687c4f510 code [0x0000025687c4ffc0, 0x0000025687c58228]
Event: 166.540 Thread 0x00000256fe162ae0 1897       3       com.badlogic.gdx.backends.lwjgl3.Lwjgl3Graphics::getHeight (26 bytes)
Event: 166.541 Thread 0x00000256fe162ae0 nmethod 1897 0x00000256808f7b10 code [0x00000256808f7cc0, 0x00000256808f7e98]
Event: 166.790 Thread 0x00000256fe162ae0 1898       3       com.badlogic.gdx.graphics.Camera::unproject (75 bytes)
Event: 166.791 Thread 0x00000256fe162ae0 nmethod 1898 0x00000256808f7f90 code [0x00000256808f81a0, 0x00000256808f84c8]
Event: 166.791 Thread 0x00000256fe162ae0 1899       3       com.badlogic.gdx.math.Vector3::prj (149 bytes)
Event: 166.791 Thread 0x00000256fe162ae0 nmethod 1899 0x00000256808f8690 code [0x00000256808f8860, 0x00000256808f8b58]
Event: 166.807 Thread 0x00000256fe162ae0 1900       3       com.badlogic.gdx.graphics.g2d.SpriteBatch::draw (279 bytes)
Event: 166.808 Thread 0x00000256fe162ae0 nmethod 1900 0x00000256808f8d10 code [0x00000256808f8f60, 0x00000256808f9908]
Event: 166.808 Thread 0x00000256fe162ae0 1901       3       com.badlogic.gdx.scenes.scene2d.Actor::parentToLocalCoordinates (228 bytes)
Event: 166.808 Thread 0x00000256fe162ae0 nmethod 1901 0x00000256808f9e10 code [0x00000256808fa000, 0x00000256808fa418]
Event: 166.808 Thread 0x00000256fe162ae0 1902       3       com.badlogic.gdx.scenes.scene2d.Group::hit (118 bytes)
Event: 166.809 Thread 0x00000256fe162ae0 nmethod 1902 0x00000256808fa510 code [0x00000256808fa720, 0x00000256808faf88]
Event: 168.342 Thread 0x00000256fe162ae0 1903       3       inf112.Screens.ShowGameOver::render (156 bytes)
Event: 168.343 Thread 0x00000256fe162ae0 nmethod 1903 0x00000256808fb290 code [0x00000256808fb680, 0x00000256808fc9f8]

GC Heap History (2 events):
Event: 3.630 GC heap before
{Heap before GC invocations=0 (full 0):
 garbage-first heap   total 260096K, used 24576K [0x0000000703200000, 0x0000000800000000)
  region size 2048K, 11 young (22528K), 0 survivors (0K)
 Metaspace       used 7392K, committed 7552K, reserved 1064960K
  class space    used 577K, committed 640K, reserved 1048576K
}
Event: 3.635 GC heap after
{Heap after GC invocations=1 (full 0):
 garbage-first heap   total 260096K, used 3985K [0x0000000703200000, 0x0000000800000000)
  region size 2048K, 2 young (4096K), 2 survivors (4096K)
 Metaspace       used 7392K, committed 7552K, reserved 1064960K
  class space    used 577K, committed 640K, reserved 1048576K
}

Deoptimization events (20 events):
Event: 164.077 Thread 0x00000256ea584b20 Uncommon trap: trap_request=0xffffff45 fr.pc=0x0000025687b2884c relative=0x000000000000040c
Event: 164.077 Thread 0x00000256ea584b20 Uncommon trap: reason=unstable_if action=reinterpret pc=0x0000025687b2884c method=java.io.BufferedInputStream.read1([BII)I @ 68 c2
Event: 164.077 Thread 0x00000256ea584b20 DEOPT PACKING pc=0x0000025687b2884c sp=0x00000066a89fe8e0
Event: 164.077 Thread 0x00000256ea584b20 DEOPT UNPACKING pc=0x0000025680055c23 sp=0x00000066a89fe7a0 mode 2
Event: 164.090 Thread 0x00000256ea584b20 Uncommon trap: trap_request=0xffffffde fr.pc=0x0000025687c3d8ac relative=0x000000000000128c
Event: 164.090 Thread 0x00000256ea584b20 Uncommon trap: reason=class_check action=maybe_recompile pc=0x0000025687c3d8ac method=com.badlogic.gdx.Game.render()V @ 19 c2
Event: 164.090 Thread 0x00000256ea584b20 DEOPT PACKING pc=0x0000025687c3d8ac sp=0x00000066a89fef30
Event: 164.090 Thread 0x00000256ea584b20 DEOPT UNPACKING pc=0x0000025680055c23 sp=0x00000066a89fee50 mode 2
Event: 164.109 Thread 0x00000256ea584b20 Uncommon trap: trap_request=0xffffffde fr.pc=0x0000025687c3d8ac relative=0x000000000000128c
Event: 164.109 Thread 0x00000256ea584b20 Uncommon trap: reason=class_check action=maybe_recompile pc=0x0000025687c3d8ac method=com.badlogic.gdx.Game.render()V @ 19 c2
Event: 164.109 Thread 0x00000256ea584b20 DEOPT PACKING pc=0x0000025687c3d8ac sp=0x00000066a89fef30
Event: 164.109 Thread 0x00000256ea584b20 DEOPT UNPACKING pc=0x0000025680055c23 sp=0x00000066a89fee50 mode 2
Event: 164.125 Thread 0x00000256ea584b20 Uncommon trap: trap_request=0xffffffde fr.pc=0x0000025687c3d8ac relative=0x000000000000128c
Event: 164.125 Thread 0x00000256ea584b20 Uncommon trap: reason=class_check action=maybe_recompile pc=0x0000025687c3d8ac method=com.badlogic.gdx.Game.render()V @ 19 c2
Event: 164.125 Thread 0x00000256ea584b20 DEOPT PACKING pc=0x0000025687c3d8ac sp=0x00000066a89fef30
Event: 164.125 Thread 0x00000256ea584b20 DEOPT UNPACKING pc=0x0000025680055c23 sp=0x00000066a89fee50 mode 2
Event: 164.142 Thread 0x00000256ea584b20 Uncommon trap: trap_request=0xffffffde fr.pc=0x0000025687c3d8ac relative=0x000000000000128c
Event: 164.142 Thread 0x00000256ea584b20 Uncommon trap: reason=class_check action=maybe_recompile pc=0x0000025687c3d8ac method=com.badlogic.gdx.Game.render()V @ 19 c2
Event: 164.142 Thread 0x00000256ea584b20 DEOPT PACKING pc=0x0000025687c3d8ac sp=0x00000066a89fef30
Event: 164.142 Thread 0x00000256ea584b20 DEOPT UNPACKING pc=0x0000025680055c23 sp=0x00000066a89fee50 mode 2

Classes unloaded (0 events):
No events

Classes redefined (0 events):
No events

Internal exceptions (20 events):
Event: 0.185 Thread 0x00000256ea584b20 Exception <a 'sun/nio/fs/WindowsException'{0x0000000712a4a690}> (0x0000000712a4a690) 
thrown [t:\workspace\open\src\hotspot\share\prims\jni.cpp, line 516]
Event: 0.260 Thread 0x00000256ea584b20 Exception <a 'java/lang/NoSuchMethodError'{0x0000000712906278}: 'int java.lang.invoke.DirectMethodHandle$Holder.invokeStaticInit(java.lang.Object, java.lang.Object, int, long)'> (0x0000000712906278) 
thrown [t:\workspace\open\src\hotspot\share\interpreter\linkResolver.cpp, line 766]
Event: 0.261 Thread 0x00000256ea584b20 Exception <a 'java/lang/NoSuchMethodError'{0x000000071290bb40}: 'java.lang.Object java.lang.invoke.DirectMethodHandle$Holder.newInvokeSpecial(java.lang.Object, java.lang.Object, int)'> (0x000000071290bb40) 
thrown [t:\workspace\open\src\hotspot\share\interpreter\linkResolver.cpp, line 766]
Event: 0.263 Thread 0x00000256ea584b20 Exception <a 'java/lang/NoSuchMethodError'{0x000000071291a790}: 'int java.lang.invoke.DirectMethodHandle$Holder.invokeStaticInit(java.lang.Object, java.lang.Object, long, long)'> (0x000000071291a790) 
thrown [t:\workspace\open\src\hotspot\share\interpreter\linkResolver.cpp, line 766]
Event: 0.264 Thread 0x00000256ea584b20 Exception <a 'java/lang/NoSuchMethodError'{0x00000007129208a0}: 'java.lang.Object java.lang.invoke.DirectMethodHandle$Holder.newInvokeSpecial(java.lang.Object, java.lang.Object, long)'> (0x00000007129208a0) 
thrown [t:\workspace\open\src\hotspot\share\interpreter\linkResolver.cpp, line 766]
Event: 0.265 Thread 0x00000256ea584b20 Exception <a 'java/lang/NoSuchMethodError'{0x00000007129248e8}: 'java.lang.Object java.lang.invoke.Invokers$Holder.linkToTargetMethod(java.lang.Object, long, java.lang.Object)'> (0x00000007129248e8) 
thrown [t:\workspace\open\src\hotspot\share\interpreter\linkResolver.cpp, line 766]
Event: 0.266 Thread 0x00000256ea584b20 Exception <a 'java/lang/NoSuchMethodError'{0x000000071292c000}: 'int java.lang.invoke.DirectMethodHandle$Holder.invokeStaticInit(java.lang.Object, java.lang.Object, java.lang.Object, long)'> (0x000000071292c000) 
thrown [t:\workspace\open\src\hotspot\share\interpreter\linkResolver.cpp, line 766]
Event: 0.285 Thread 0x00000256ea584b20 Exception <a 'sun/nio/fs/WindowsException'{0x0000000712993520}> (0x0000000712993520) 
thrown [t:\workspace\open\src\hotspot\share\prims\jni.cpp, line 516]
Event: 0.285 Thread 0x00000256ea584b20 Exception <a 'sun/nio/fs/WindowsException'{0x00000007129938b0}> (0x00000007129938b0) 
thrown [t:\workspace\open\src\hotspot\share\prims\jni.cpp, line 516]
Event: 0.319 Thread 0x00000256ea584b20 Exception <a 'sun/nio/fs/WindowsException'{0x0000000712631fc8}> (0x0000000712631fc8) 
thrown [t:\workspace\open\src\hotspot\share\prims\jni.cpp, line 516]
Event: 0.319 Thread 0x00000256ea584b20 Exception <a 'sun/nio/fs/WindowsException'{0x0000000712632328}> (0x0000000712632328) 
thrown [t:\workspace\open\src\hotspot\share\prims\jni.cpp, line 516]
Event: 0.363 Thread 0x00000256ea584b20 Exception <a 'sun/nio/fs/WindowsException'{0x00000007126beeb8}> (0x00000007126beeb8) 
thrown [t:\workspace\open\src\hotspot\share\prims\jni.cpp, line 516]
Event: 0.363 Thread 0x00000256ea584b20 Exception <a 'sun/nio/fs/WindowsException'{0x00000007126bf238}> (0x00000007126bf238) 
thrown [t:\workspace\open\src\hotspot\share\prims\jni.cpp, line 516]
Event: 1.571 Thread 0x00000256ea584b20 Exception <a 'java/lang/NoSuchMethodError'{0x00000007127042a8}: 'java.lang.Object java.lang.invoke.DirectMethodHandle$Holder.newInvokeSpecial(java.lang.Object, long)'> (0x00000007127042a8) 
thrown [t:\workspace\open\src\hotspot\share\interpreter\linkResolver.cpp, line 766]
Event: 1.683 Thread 0x00000256ea584b20 Exception <a 'sun/nio/fs/WindowsException'{0x00000007124798a0}> (0x00000007124798a0) 
thrown [t:\workspace\open\src\hotspot\share\prims\jni.cpp, line 516]
Event: 1.683 Thread 0x00000256ea584b20 Exception <a 'sun/nio/fs/WindowsException'{0x0000000712479c40}> (0x0000000712479c40) 
thrown [t:\workspace\open\src\hotspot\share\prims\jni.cpp, line 516]
Event: 1.687 Thread 0x00000256ea584b20 Exception <a 'sun/nio/fs/WindowsException'{0x000000071248a110}> (0x000000071248a110) 
thrown [t:\workspace\open\src\hotspot\share\prims\jni.cpp, line 516]
Event: 1.687 Thread 0x00000256ea584b20 Exception <a 'sun/nio/fs/WindowsException'{0x000000071248a3e0}> (0x000000071248a3e0) 
thrown [t:\workspace\open\src\hotspot\share\prims\jni.cpp, line 516]
Event: 47.409 Thread 0x00000256ea584b20 Implicit null exception at 0x0000025687b77db5 to 0x0000025687b789d8
Event: 47.424 Thread 0x00000256ea584b20 Implicit null exception at 0x0000025687b7504e to 0x0000025687b761c0

VM Operations (20 events):
Event: 157.624 Executing VM operation: Cleanup done
Event: 158.632 Executing VM operation: Cleanup
Event: 158.632 Executing VM operation: Cleanup done
Event: 159.634 Executing VM operation: Cleanup
Event: 159.634 Executing VM operation: Cleanup done
Event: 160.641 Executing VM operation: Cleanup
Event: 160.641 Executing VM operation: Cleanup done
Event: 161.655 Executing VM operation: Cleanup
Event: 161.655 Executing VM operation: Cleanup done
Event: 162.671 Executing VM operation: Cleanup
Event: 162.672 Executing VM operation: Cleanup done
Event: 163.678 Executing VM operation: Cleanup
Event: 163.678 Executing VM operation: Cleanup done
Event: 164.142 Executing VM operation: HandshakeAllThreads
Event: 164.142 Executing VM operation: HandshakeAllThreads done
Event: 165.145 Executing VM operation: Cleanup
Event: 165.145 Executing VM operation: Cleanup done
Event: 167.164 Executing VM operation: Cleanup
Event: 167.165 Executing VM operation: Cleanup done
Event: 168.440 Executing VM operation: Exit

Events (20 events):
Event: 3.654 loading class java/lang/reflect/InvocationHandler done
Event: 3.654 loading class java/lang/reflect/Proxy$1
Event: 3.654 loading class java/lang/reflect/Proxy$1 done
Event: 3.654 loading class java/io/Externalizable
Event: 3.654 loading class java/io/Externalizable done
Event: 3.654 loading class java/io/ObjectStreamClass$2
Event: 3.654 loading class java/io/ObjectStreamClass$2 done
Event: 3.654 loading class java/io/ObjectStreamClass$FieldReflectorKey
Event: 3.654 loading class java/io/ObjectStreamClass$FieldReflectorKey done
Event: 3.654 loading class java/io/ObjectStreamClass$FieldReflector
Event: 3.654 loading class java/io/ObjectStreamClass$FieldReflector done
Event: 3.654 loading class java/io/ObjectStreamClass$ExceptionInfo
Event: 3.654 loading class java/io/ObjectStreamClass$ExceptionInfo done
Event: 3.825 Thread 0x000002568f7fadd0 Thread exited: 0x000002568f7fadd0
Event: 4.132 Thread 0x000002568f908710 Thread added: 0x000002568f908710
Event: 4.958 Thread 0x000002568f908710 Thread exited: 0x000002568f908710
Event: 13.957 Thread 0x000002568fb72770 Thread added: 0x000002568fb72770
Event: 13.957 Thread 0x000002568f871230 Thread added: 0x000002568f871230
Event: 14.352 Thread 0x000002568f871230 Thread exited: 0x000002568f871230
Event: 14.600 Thread 0x000002568fb72770 Thread exited: 0x000002568fb72770


Dynamic libraries:
0x00007ff789210000 - 0x00007ff789220000 	C:\Program Files\Java\jdk-17.0.1\bin\java.exe
0x00007ffc47710000 - 0x00007ffc47926000 	C:\WINDOWS\SYSTEM32\ntdll.dll
0x00007ffc467a0000 - 0x00007ffc46864000 	C:\WINDOWS\System32\KERNEL32.DLL
0x00007ffc44d90000 - 0x00007ffc45136000 	C:\WINDOWS\System32\KERNELBASE.dll
0x00007ffc44bd0000 - 0x00007ffc44ce1000 	C:\WINDOWS\System32\ucrtbase.dll
0x00007ffc35c80000 - 0x00007ffc35c98000 	C:\Program Files\Java\jdk-17.0.1\bin\jli.dll
0x00007ffc0e030000 - 0x00007ffc0e04a000 	C:\Program Files\Java\jdk-17.0.1\bin\VCRUNTIME140.dll
0x00007ffc46430000 - 0x00007ffc464e2000 	C:\WINDOWS\System32\ADVAPI32.dll
0x00007ffc46530000 - 0x00007ffc465d7000 	C:\WINDOWS\System32\msvcrt.dll
0x00007ffc46a60000 - 0x00007ffc46b08000 	C:\WINDOWS\System32\sechost.dll
0x00007ffc44a50000 - 0x00007ffc44a78000 	C:\WINDOWS\System32\bcrypt.dll
0x00007ffc47530000 - 0x00007ffc47645000 	C:\WINDOWS\System32\RPCRT4.dll
0x00007ffc465f0000 - 0x00007ffc4679d000 	C:\WINDOWS\System32\USER32.dll
0x00007ffc44a80000 - 0x00007ffc44aa6000 	C:\WINDOWS\System32\win32u.dll
0x00007ffc45e00000 - 0x00007ffc45e29000 	C:\WINDOWS\System32\GDI32.dll
0x00007ffc387e0000 - 0x00007ffc38a73000 	C:\WINDOWS\WinSxS\amd64_microsoft.windows.common-controls_6595b64144ccf1df_6.0.22621.3235_none_270f74e173860f98\COMCTL32.dll
0x00007ffc44ab0000 - 0x00007ffc44bc8000 	C:\WINDOWS\System32\gdi32full.dll
0x00007ffc44cf0000 - 0x00007ffc44d8a000 	C:\WINDOWS\System32\msvcp_win.dll
0x00007ffc38340000 - 0x00007ffc3834a000 	C:\WINDOWS\SYSTEM32\VERSION.dll
0x00007ffc464f0000 - 0x00007ffc46521000 	C:\WINDOWS\System32\IMM32.DLL
0x00007ffc37050000 - 0x00007ffc3705c000 	C:\Program Files\Java\jdk-17.0.1\bin\vcruntime140_1.dll
0x00007ffbea540000 - 0x00007ffbea5cd000 	C:\Program Files\Java\jdk-17.0.1\bin\msvcp140.dll
0x00007ffbaeb90000 - 0x00007ffbaf74e000 	C:\Program Files\Java\jdk-17.0.1\bin\server\jvm.dll
0x00007ffc46a50000 - 0x00007ffc46a58000 	C:\WINDOWS\System32\PSAPI.DLL
0x00007ffc18e70000 - 0x00007ffc18e79000 	C:\WINDOWS\SYSTEM32\WSOCK32.dll
0x00007ffc3b280000 - 0x00007ffc3b2b4000 	C:\WINDOWS\SYSTEM32\WINMM.dll
0x00007ffc47650000 - 0x00007ffc476c1000 	C:\WINDOWS\System32\WS2_32.dll
0x00007ffc43ae0000 - 0x00007ffc43af8000 	C:\WINDOWS\SYSTEM32\kernel.appcore.dll
0x00007ffc36100000 - 0x00007ffc3610a000 	C:\Program Files\Java\jdk-17.0.1\bin\jimage.dll
0x00007ffc42150000 - 0x00007ffc42383000 	C:\WINDOWS\SYSTEM32\DBGHELP.DLL
0x00007ffc47000000 - 0x00007ffc47388000 	C:\WINDOWS\System32\combase.dll
0x00007ffc46bd0000 - 0x00007ffc46ca7000 	C:\WINDOWS\System32\OLEAUT32.dll
0x00007ffc37010000 - 0x00007ffc37042000 	C:\WINDOWS\SYSTEM32\dbgcore.DLL
0x00007ffc45320000 - 0x00007ffc4539a000 	C:\WINDOWS\System32\bcryptPrimitives.dll
0x00007ffbfefa0000 - 0x00007ffbfefc5000 	C:\Program Files\Java\jdk-17.0.1\bin\java.dll
0x00007ffbe84c0000 - 0x00007ffbe8596000 	C:\Program Files\Java\jdk-17.0.1\bin\svml.dll
0x00007ffc45460000 - 0x00007ffc45cbd000 	C:\WINDOWS\System32\SHELL32.dll
0x00007ffc42960000 - 0x00007ffc43258000 	C:\WINDOWS\SYSTEM32\windows.storage.dll
0x00007ffc42820000 - 0x00007ffc4295e000 	C:\WINDOWS\SYSTEM32\wintypes.dll
0x00007ffc46f00000 - 0x00007ffc46ff3000 	C:\WINDOWS\System32\SHCORE.dll
0x00007ffc463b0000 - 0x00007ffc4640e000 	C:\WINDOWS\System32\shlwapi.dll
0x00007ffc44980000 - 0x00007ffc449a6000 	C:\WINDOWS\SYSTEM32\profapi.dll
0x00007ffc07640000 - 0x00007ffc07659000 	C:\Program Files\Java\jdk-17.0.1\bin\net.dll
0x00007ffc3e260000 - 0x00007ffc3e397000 	C:\WINDOWS\SYSTEM32\WINHTTP.dll
0x00007ffc44000000 - 0x00007ffc44069000 	C:\WINDOWS\system32\mswsock.dll
0x00007ffc03b70000 - 0x00007ffc03b85000 	C:\Program Files\Java\jdk-17.0.1\bin\nio.dll
0x00007ffc00af0000 - 0x00007ffc00b08000 	C:\Program Files\Java\jdk-17.0.1\bin\zip.dll
0x000000006e700000 - 0x000000006e72d000 	C:\Users\henri\AppData\Local\Temp\libgdxhenri\2a9d7f76\gdx64.dll
0x00007ffbe87d0000 - 0x00007ffbe884b000 	C:\Users\henri\AppData\Local\Temp\lwjgl_henri\3.3.3+5\x64\lwjgl.dll
0x00007ffbe64d0000 - 0x00007ffbe6740000 	C:\Users\henri\AppData\Local\Temp\lwjgl_henri\3.3.3+5\x64\jemalloc.dll
0x00007ffbe7c30000 - 0x00007ffbe7cb2000 	C:\Users\henri\AppData\Local\Temp\lwjgl_henri\3.3.3+5\x64\glfw.dll
0x00007ffbf1610000 - 0x00007ffbf1656000 	C:\WINDOWS\SYSTEM32\dinput8.dll
0x00007ffc39000000 - 0x00007ffc39011000 	C:\WINDOWS\SYSTEM32\xinput1_4.dll
0x00007ffc44740000 - 0x00007ffc4478e000 	C:\WINDOWS\SYSTEM32\cfgmgr32.dll
0x00007ffc44710000 - 0x00007ffc4473c000 	C:\WINDOWS\SYSTEM32\DEVOBJ.dll
0x00007ffc41b30000 - 0x00007ffc41b5b000 	C:\WINDOWS\SYSTEM32\dwmapi.dll
0x00007ffc2b970000 - 0x00007ffc2bb7a000 	C:\WINDOWS\SYSTEM32\inputhost.dll
0x00007ffc41420000 - 0x00007ffc41554000 	C:\WINDOWS\SYSTEM32\CoreMessaging.dll
0x00007ffc418e0000 - 0x00007ffc4198b000 	C:\WINDOWS\system32\uxtheme.dll
0x00007ffc44250000 - 0x00007ffc4425c000 	C:\WINDOWS\SYSTEM32\CRYPTBASE.DLL
0x00007ffc468f0000 - 0x00007ffc46a44000 	C:\WINDOWS\System32\MSCTF.dll
0x00007ffbe7320000 - 0x00007ffbe74e7000 	C:\Users\henri\AppData\Local\Temp\lwjgl_henri\3.3.3+5\x64\OpenAL.dll
0x00007ffc47390000 - 0x00007ffc4752f000 	C:\WINDOWS\System32\ole32.dll
0x00007ffc45cc0000 - 0x00007ffc45d70000 	C:\WINDOWS\System32\clbcatq.dll
0x00007ffc372f0000 - 0x00007ffc3738d000 	C:\WINDOWS\System32\MMDevApi.dll
0x00007ffc2ea40000 - 0x00007ffc2ec2c000 	C:\WINDOWS\SYSTEM32\AUDIOSES.DLL
0x00007ffc41f40000 - 0x00007ffc41f55000 	C:\WINDOWS\SYSTEM32\resourcepolicyclient.dll
0x00007ffc43c80000 - 0x00007ffc43ccd000 	C:\WINDOWS\SYSTEM32\powrprof.dll
0x00007ffc43c60000 - 0x00007ffc43c73000 	C:\WINDOWS\SYSTEM32\UMPDC.dll
0x00007ffc1fe90000 - 0x00007ffc1ff90000 	C:\WINDOWS\SYSTEM32\opengl32.dll
0x00007ffc200f0000 - 0x00007ffc2011d000 	C:\WINDOWS\SYSTEM32\GLU32.dll
0x00007ffc419e0000 - 0x00007ffc41a19000 	C:\WINDOWS\SYSTEM32\dxcore.dll
0x00007ffc3e430000 - 0x00007ffc3e47a000 	C:\WINDOWS\SYSTEM32\directxdatabasehelper.dll
0x00007ffc3ad50000 - 0x00007ffc3ae85000 	C:\Windows\System32\AppXDeploymentClient.dll
0x00007ffb12780000 - 0x00007ffb13753000 	C:\WINDOWS\System32\DriverStore\FileRepository\iigd_dch.inf_amd64_3a2f90c1eb2e1524\igxelpicd64.dll
0x00007ffc41a20000 - 0x00007ffc41b18000 	C:\WINDOWS\system32\dxgi.dll
0x00007ffb122f0000 - 0x00007ffb12777000 	C:\WINDOWS\System32\DriverStore\FileRepository\iigd_dch.inf_amd64_3a2f90c1eb2e1524\igdml64.dll
0x00007ffc38bb0000 - 0x00007ffc38f71000 	C:\WINDOWS\System32\DriverStore\FileRepository\iigd_dch.inf_amd64_3a2f90c1eb2e1524\igdgmm64.dll
0x00007ffc32980000 - 0x00007ffc35b86000 	C:\WINDOWS\System32\DriverStore\FileRepository\iigd_dch.inf_amd64_3a2f90c1eb2e1524\igc64.dll
0x00007ffbea4e0000 - 0x00007ffbea53e000 	C:\Users\henri\AppData\Local\Temp\lwjgl_henri\3.3.3+5\x64\lwjgl_opengl.dll
0x00007ffc2e430000 - 0x00007ffc2e57a000 	C:\WINDOWS\SYSTEM32\textinputframework.dll
0x00007ffc3db90000 - 0x00007ffc3defc000 	C:\WINDOWS\SYSTEM32\CoreUIComponents.dll
0x0000000066b00000 - 0x0000000066b5a000 	C:\Users\henri\AppData\Local\Temp\libgdxhenri\5e84b8da\gdx-box2d64.dll

dbghelp: loaded successfully - version: 4.0.5 - missing functions: none
symbol engine: initialized successfully - sym options: 0x614 - pdb path: .;C:\Program Files\Java\jdk-17.0.1\bin;C:\WINDOWS\SYSTEM32;C:\WINDOWS\WinSxS\amd64_microsoft.windows.common-controls_6595b64144ccf1df_6.0.22621.3235_none_270f74e173860f98;C:\Program Files\Java\jdk-17.0.1\bin\server;C:\Users\henri\AppData\Local\Temp\libgdxhenri\2a9d7f76;C:\Users\henri\AppData\Local\Temp\lwjgl_henri\3.3.3+5\x64;C:\WINDOWS\System32\DriverStore\FileRepository\iigd_dch.inf_amd64_3a2f90c1eb2e1524;C:\Users\henri\AppData\Local\Temp\libgdxhenri\5e84b8da

VM Arguments:
jvm_args: -XX:+ShowCodeDetailsInExceptionMessages 
java_command: inf112.skeleton.app.Main
java_class_path (initial): C:\Users\henri\.vscode\ctrl-alt-defeat\target\classes;C:\Users\henri\.m2\repository\com\badlogicgames\gdx\gdx\1.12.1\gdx-1.12.1.jar;C:\Users\henri\.m2\repository\com\badlogicgames\gdx\gdx-jnigen-loader\2.3.1\gdx-jnigen-loader-2.3.1.jar;C:\Users\henri\.m2\repository\com\badlogicgames\gdx\gdx-platform\1.12.1\gdx-platform-1.12.1-natives-desktop.jar;C:\Users\henri\.m2\repository\com\badlogicgames\gdx\gdx-backend-lwjgl3\1.12.1\gdx-backend-lwjgl3-1.12.1.jar;C:\Users\henri\.m2\repository\org\lwjgl\lwjgl\3.3.3\lwjgl-3.3.3.jar;C:\Users\henri\.m2\repository\org\lwjgl\lwjgl\3.3.3\lwjgl-3.3.3-natives-linux.jar;C:\Users\henri\.m2\repository\org\lwjgl\lwjgl\3.3.3\lwjgl-3.3.3-natives-linux-arm32.jar;C:\Users\henri\.m2\repository\org\lwjgl\lwjgl\3.3.3\lwjgl-3.3.3-natives-linux-arm64.jar;C:\Users\henri\.m2\repository\org\lwjgl\lwjgl\3.3.3\lwjgl-3.3.3-natives-macos.jar;C:\Users\henri\.m2\repository\org\lwjgl\lwjgl\3.3.3\lwjgl-3.3.3-natives-macos-arm64.jar;C:\Users\henri\.m2\repository\org\lwjgl\lwjgl\3.3.3\lwjgl-3.3.3-natives-windows.jar;C:\Users\henri\.m2\repository\org\lwjgl\lwjgl\3.3.3\lwjgl-3.3.3-natives-windows-x86.jar;C:\Users\henri\.m2\repository\org\lwjgl\lwjgl-glfw\3.3.3\lwjgl-glfw-3.3.3.jar;C:\Users\henri\.m2\repository\org\lwjgl\lwjgl-glfw\3.3.3\lwjgl-glfw-3.3.3-natives-linux.jar;C:\Users\henri\.m2\repository\org\lwjgl\lwjgl-glfw\3.3.3\lwjgl-glfw-3.3.3-natives-linux-arm32.jar;C:\Users\henri\.m2\repository\org\lwjgl\lwjgl-glfw\3.3.3\lwjgl-glfw-3.3.3-natives-linux-arm64.jar;C:\Users\henri\.m2\repository\org\lwjgl\lwjgl-glfw\3.3.3\lwjgl-glfw-3.3.3-natives-macos.jar;C:\Users\henri\.m2\repository\org\lwjgl\lwjgl-glfw\3.3.3\lwjgl-glfw-3.3.3-natives-macos-arm64.jar;C:\Users\henri\.m2\repository\org\lwjgl\lwjgl-glfw\3.3.3\lwjgl-glfw-3.3.3-natives-windows.jar;C:\Users\henri\.m2\repository\org\lwjgl\lwjgl-glfw\3.3.3\lwjgl-glfw-3.3.3-natives-windows-x86.jar;C:\Users\henri\.m2\repository\org\lwjgl\lwjgl-jemalloc\3.3.3\lwjgl-jemalloc-3.3.3.jar;C:\Users\henr
Launcher Type: SUN_STANDARD

[Global flags]
     intx CICompilerCount                          = 4                                         {product} {ergonomic}
     uint ConcGCThreads                            = 2                                         {product} {ergonomic}
     uint G1ConcRefinementThreads                  = 8                                         {product} {ergonomic}
   size_t G1HeapRegionSize                         = 2097152                                   {product} {ergonomic}
    uintx GCDrainStackTargetSize                   = 64                                        {product} {ergonomic}
   size_t InitialHeapSize                          = 266338304                                 {product} {ergonomic}
   size_t MarkStackSize                            = 4194304                                   {product} {ergonomic}
   size_t MaxHeapSize                              = 4242538496                                {product} {ergonomic}
   size_t MaxNewSize                               = 2543845376                                {product} {ergonomic}
   size_t MinHeapDeltaBytes                        = 2097152                                   {product} {ergonomic}
   size_t MinHeapSize                              = 8388608                                   {product} {ergonomic}
    uintx NonNMethodCodeHeapSize                   = 5839372                                {pd product} {ergonomic}
    uintx NonProfiledCodeHeapSize                  = 122909434                              {pd product} {ergonomic}
    uintx ProfiledCodeHeapSize                     = 122909434                              {pd product} {ergonomic}
    uintx ReservedCodeCacheSize                    = 251658240                              {pd product} {ergonomic}
     bool SegmentedCodeCache                       = true                                      {product} {ergonomic}
     bool ShowCodeDetailsInExceptionMessages       = true                                   {manageable} {command line}
   size_t SoftMaxHeapSize                          = 4242538496                             {manageable} {ergonomic}
     bool UseCompressedClassPointers               = true                           {product lp64_product} {ergonomic}
     bool UseCompressedOops                        = true                           {product lp64_product} {ergonomic}
     bool UseG1GC                                  = true                                      {product} {ergonomic}
     bool UseLargePagesIndividualAllocation        = false                                  {pd product} {ergonomic}

Logging:
Log output configuration:
 #0: stdout all=off uptime,level,tags
 #1: stderr all=off uptime,level,tags

Environment Variables:
PATH=C:\Program Files\Common Files\Oracle\Java\javapath;C:\Program Files (x86)\Common Files\Oracle\Java\javapath;C:\WINDOWS\system32;C:\WINDOWS;C:\WINDOWS\System32\Wbem;C:\WINDOWS\System32\WindowsPowerShell\v1.0\;C:\WINDOWS\System32\OpenSSH\;C:\Program Files (x86)\Calibre2\;C:\Program Files\Git\cmd;C:\Program Files\dotnet\;C:\Program Files\MATLAB\R2023a\bin;C:\Program Files\MATLAB\R2022b\bin;C:\Users\henri\AppData\Local\Programs\Python\Python39\Scripts\;C:\Users\henri\AppData\Local\Programs\Python\Python39\;C:\Users\henri\AppData\Local\Microsoft\WindowsApps;C:\Users\henri\AppData\Local\Programs\Microsoft VS Code\bin;C:\Users\henri\AppData\Local\GitHubDesktop\bin;C:\ghcup\bin;
USERNAME=henri
LANG=en_US.UTF-8
OS=Windows_NT
PROCESSOR_IDENTIFIER=Intel64 Family 6 Model 140 Stepping 1, GenuineIntel



---------------  S Y S T E M  ---------------

OS:
 Windows 10 , 64 bit Build 22621 (10.0.22621.3235)
OS uptime: 6 days 17:08 hours
Hyper-V role detected

CPU: total 8 (initial active 8) (4 cores per cpu, 2 threads per core) family 6 model 140 stepping 1 microcode 0x86, cx8, cmov, fxsr, ht, mmx, 3dnowpref, sse, sse2, sse3, ssse3, sse4.1, sse4.2, popcnt, lzcnt, tsc, tscinvbit, avx, avx2, aes, erms, clmul, bmi1, bmi2, adx, avx512f, avx512dq, avx512cd, avx512bw, avx512vl, sha, fma, vzeroupper, avx512_vpopcntdq, avx512_vpclmulqdq, avx512_vaes, avx512_vnni, clflush, clflushopt, clwb, avx512_vbmi2, avx512_vbmi, hv

Memory: 4k page, system-wide physical 16179M (3922M free)
TotalPageFile size 29422M (AvailPageFile size 4454M)
current process WorkingSet (physical memory assigned to process): 205M, peak: 230M
current process commit charge ("private bytes"): 433M, peak: 457M

vm_info: Java HotSpot(TM) 64-Bit Server VM (17.0.1+12-LTS-39) for windows-amd64 JRE (17.0.1+12-LTS-39), built on Sep 27 2021 18:41:35 by "mach5one" with MS VC++ 16.8 (VS2019)

END.
