#
# A fatal error has been detected by the Java Runtime Environment:
#
#  EXCEPTION_ACCESS_VIOLATION (0xc0000005) at pc=0x0000000066b1de71, pid=14208, tid=9096
#
# JRE version: Java(TM) SE Runtime Environment (17.0.1+12) (build 17.0.1+12-LTS-39)
# Java VM: Java HotSpot(TM) 64-Bit Server VM (17.0.1+12-LTS-39, mixed mode, sharing, tiered, compressed oops, compressed class ptrs, g1 gc, windows-amd64)
# Problematic frame:
# C  [gdx-box2d64.dll+0x1de71]
#
# No core dump will be written. Minidumps are not enabled by default on client versions of Windows
#
# If you would like to submit a bug report, please visit:
#   https://bugreport.java.com/bugreport/crash.jsp
# The crash happened outside the Java Virtual Machine in native code.
# See problematic frame for where to report the bug.
#

---------------  S U M M A R Y ------------

Command Line: -XX:+ShowCodeDetailsInExceptionMessages inf112.skeleton.app.Main

Host: 11th Gen Intel(R) Core(TM) i7-1165G7 @ 2.80GHz, 8 cores, 15G,  Windows 10 , 64 bit Build 22621 (10.0.22621.3374)
Time: Sun Apr 28 03:43:03 2024 Vest-Europa (sommertid) elapsed time: 12.492175 seconds (0d 0h 0m 12s)

---------------  T H R E A D  ---------------

Current thread (0x0000022e89fb4550):  JavaThread "main" [_thread_in_native, id=9096, stack(0x000000b1e6600000,0x000000b1e6700000)]

Stack: [0x000000b1e6600000,0x000000b1e6700000],  sp=0x000000b1e66ff070,  free space=1020k
Native frames: (J=compiled Java code, j=interpreted, Vv=VM code, C=native code)
C  [gdx-box2d64.dll+0x1de71]

Java frames: (J=compiled Java code, j=interpreted, Vv=VM code)
j  com.badlogic.gdx.physics.box2d.Body.jniSetActive(JZ)V+0
J 1439 c1 inf112.Screens.ShowGame.update(F)V (259 bytes) @ 0x0000022e937bbfdc [0x0000022e937bb0e0+0x0000000000000efc]
J 1456 c1 inf112.Screens.ShowGame.render(F)V (429 bytes) @ 0x0000022e937c2a34 [0x0000022e937c29a0+0x0000000000000094]
J 1434 c1 com.badlogic.gdx.backends.lwjgl3.Lwjgl3Window.update()Z (217 bytes) @ 0x0000022e937b8c0c [0x0000022e937b7e80+0x0000000000000d8c]
j  com.badlogic.gdx.backends.lwjgl3.Lwjgl3Application.loop()V+111
j  com.badlogic.gdx.backends.lwjgl3.Lwjgl3Application.<init>(Lcom/badlogic/gdx/ApplicationListener;Lcom/badlogic/gdx/backends/lwjgl3/Lwjgl3ApplicationConfiguration;)V+269
j  inf112.skeleton.app.Main.main([Ljava/lang/String;)V+17
v  ~StubRoutines::call_stub

siginfo: EXCEPTION_ACCESS_VIOLATION (0xc0000005), reading address 0x0000000100019297


Register to memory mapping:

RIP=0x0000000066b1de71 gdx-box2d64.dll
RAX=0x00000000ffffffff is an unknown value
RBX={method} {0x0000022ebd0a3668} 'jniSetActive' '(JZ)V' in 'com/badlogic/gdx/physics/box2d/Body'
RCX=0x0000022eb2518790 points into unknown readable memory: 0x3da3d70abda3d70a | 0a d7 a3 bd 0a d7 a3 3d
RDX=0x0000000000000001 is an unknown value
RSP=0x000000b1e66ff070 is pointing into the stack for thread: 0x0000022e89fb4550
RBP=0x0000000000000001 is an unknown value
RSI=0x0000022eb2518790 points into unknown readable memory: 0x3da3d70abda3d70a | 0a d7 a3 bd 0a d7 a3 3d
RDI=0x0000022ebd11abe8 is pointing into metadata
R8 =0x0000022eb2518790 points into unknown readable memory: 0x3da3d70abda3d70a | 0a d7 a3 bd 0a d7 a3 3d
R9 =0x0000000000000001 is an unknown value
R10=0x0000022e92f7d5f2 is at code_begin+946 in an Interpreter codelet
method entry point (kind = native)  [0x0000022e92f7d240, 0x0000022e92f7dbc0]  2432 bytes
R11=0x0000000000000102 is an unknown value
R12=0x0 is NULL
R13={method} {0x0000022ebd0a3668} 'jniSetActive' '(JZ)V' in 'com/badlogic/gdx/physics/box2d/Body'
R14=0x000000b1e66ff180 is pointing into the stack for thread: 0x0000022e89fb4550
R15=0x0000022e89fb4550 is a thread


Registers:
RAX=0x00000000ffffffff, RBX=0x0000022ebd0a3660, RCX=0x0000022eb2518790, RDX=0x0000000000000001
RSP=0x000000b1e66ff070, RBP=0x0000000000000001, RSI=0x0000022eb2518790, RDI=0x0000022ebd11abe8
R8 =0x0000022eb2518790, R9 =0x0000000000000001, R10=0x0000022e92f7d5f2, R11=0x0000000000000102
R12=0x0000000000000000, R13=0x0000022ebd0a3660, R14=0x000000b1e66ff180, R15=0x0000022e89fb4550
RIP=0x0000000066b1de71, EFLAGS=0x0000000000010202

Top of Stack: (sp=0x000000b1e66ff070)
0x000000b1e66ff070:   000000b1e66ff0b0 0000000000000000
0x000000b1e66ff080:   0000022eaf3fb1f0 0000000712efd840
0x000000b1e66ff090:   0000000712efd840 0000022ebd0a3660
0x000000b1e66ff0a0:   0000000712efd9a0 0000022ebd11abe8
0x000000b1e66ff0b0:   000000b1e66ff148 0000022e92f7d621
0x000000b1e66ff0c0:   0000022eaf33bfb0 0000000712efd840
0x000000b1e66ff0d0:   00000000000012dd 0000022e9aafc520
0x000000b1e66ff0e0:   000000b1e66ff4d8 0000000000000206
0x000000b1e66ff0f0:   000000b1e66ff4d8 0000022e9375e08c
0x000000b1e66ff100:   000000b1e66ff100 0000000000000000
0x000000b1e66ff110:   000000b1e66ff180 0000022ebd0a4080
0x000000b1e66ff120:   0000000000000000 0000000712e5a028
0x000000b1e66ff130:   0000022ebd0a3660 0000000000000000
0x000000b1e66ff140:   000000b1e66ff190 000000b1e66ff4d8
0x000000b1e66ff150:   0000022e937bbfdc 0000000000000000
0x000000b1e66ff160:   0000022e92f7af78 0000000300000001 

Instructions: (pc=0x0000000066b1de71)
0x0000000066b1dd71:   89 d8 48 8b 5b 18 48 8b 50 08 48 8b 46 58 48 8d
0x0000000066b1dd81:   88 a0 92 01 00 e8 75 04 00 00 48 85 db 75 e0 48
0x0000000066b1dd91:   8b 46 58 48 8b 7e 70 48 c7 86 88 00 00 00 00 00
0x0000000066b1dda1:   00 00 48 8d a8 a0 92 01 00 48 85 ff 74 3b 90 8b
0x0000000066b1ddb1:   47 30 85 c0 7e 2a 8d 70 ff 31 db 48 83 c6 01 48
0x0000000066b1ddc1:   c1 e6 05 0f 1f 40 00 48 8b 47 28 48 89 e9 8b 54
0x0000000066b1ddd1:   18 1c 48 83 c3 20 e8 c4 58 fe ff 48 39 de 75 e7
0x0000000066b1dde1:   48 8b 7f 08 48 85 ff 75 c6 48 83 c4 28 5b 5e 5f
0x0000000066b1ddf1:   5d c3 0f 1f 44 00 00 41 b8 73 00 00 00 48 8d 15
0x0000000066b1de01:   3b 3f 02 00 48 8d 0d 9a 40 02 00 ff 15 a2 85 03
0x0000000066b1de11:   00 48 8b 46 58 f6 80 98 92 01 00 02 0f 84 fb fe
0x0000000066b1de21:   ff ff 48 83 c4 28 5b 5e 5f 5d c3 48 8b 46 2c f3
0x0000000066b1de31:   0f 10 46 38 48 89 f1 48 c7 46 40 00 00 00 00 c7
0x0000000066b1de41:   46 48 00 00 00 00 48 89 46 24 f3 0f 11 46 34 e8
0x0000000066b1de51:   db fd ff ff e9 e0 fe ff ff 66 0f 1f 44 00 00 55
0x0000000066b1de61:   57 56 53 48 83 ec 28 48 8b 41 58 48 89 ce 89 d5
0x0000000066b1de71:   f6 80 98 92 01 00 02 0f 85 ca 00 00 00 0f b7 46
0x0000000066b1de81:   04 89 c2 66 c1 ea 05 83 e2 01 40 38 d5 74 3f 48
0x0000000066b1de91:   8b 7e 58 48 8b 5e 70 48 81 c7 a0 92 01 00 40 84
0x0000000066b1dea1:   ed 74 3c 83 c8 20 66 89 46 04 48 85 db 74 1f 48
0x0000000066b1deb1:   83 c6 0c 0f 1f 40 00 48 89 d9 49 89 f0 48 89 fa
0x0000000066b1dec1:   e8 8a 0a 00 00 48 8b 5b 08 48 85 db 75 e9 48 83
0x0000000066b1ded1:   c4 28 5b 5e 5f 5d c3 0f 1f 84 00 00 00 00 00 83
0x0000000066b1dee1:   e0 df 66 89 46 04 48 85 db 74 18 0f 1f 40 00 48
0x0000000066b1def1:   89 d9 48 89 fa e8 f5 0a 00 00 48 8b 5b 08 48 85
0x0000000066b1df01:   db 75 ec 48 8b 9e 88 00 00 00 48 85 db 74 20 48
0x0000000066b1df11:   89 d8 48 8b 5b 18 48 8b 50 08 48 8b 46 58 48 8d
0x0000000066b1df21:   88 a0 92 01 00 e8 d5 02 00 00 48 85 db 75 e0 48
0x0000000066b1df31:   c7 86 88 00 00 00 00 00 00 00 48 83 c4 28 5b 5e
0x0000000066b1df41:   5f 5d c3 0f 1f 40 00 41 b8 c8 01 00 00 48 8d 15
0x0000000066b1df51:   eb 3d 02 00 48 8d 0d 4a 3f 02 00 ff 15 52 84 03
0x0000000066b1df61:   00 e9 17 ff ff ff 90 0f 1f 84 00 00 00 00 00 0f 


Stack slot to memory mapping:
stack at sp + 0 slots: 0x000000b1e66ff0b0 is pointing into the stack for thread: 0x0000022e89fb4550
stack at sp + 1 slots: 0x0 is NULL
stack at sp + 2 slots: {method} {0x0000022eaf3fb1f8} 'setRegion' '(FFFF)V' in 'com/badlogic/gdx/graphics/g2d/Sprite'
stack at sp + 3 slots: 0x0000000712efd840 is an oop: inf112.Entities.Enemies.Spider 
{0x0000000712efd840} - klass: 'inf112/Entities/Enemies/Spider'
 - ---- fields (total size 15 words):
 - 'u' 'F' @12  0.474609 (3ef30000)
 - 'v' 'F' @16  0.171875 (3e300000)
 - 'u2' 'F' @20  0.505859 (3f018000)
 - 'v2' 'F' @24  0.421875 (3ed80000)
 - 'regionWidth' 'I' @28  16 (10)
 - 'regionHeight' 'I' @32  16 (10)
 - 'texture' 'Lcom/badlogic/gdx/graphics/Texture;' @36  a 'com/badlogic/gdx/graphics/Texture'{0x0000000711922480} (e2324490)
 - private 'x' 'F' @40  -0.080000 (bda3d70a)
 - private 'y' 'F' @44  25.889999 (41cf1eb8)
 - 'width' 'F' @48  0.160000 (3e23d70a)
 - 'height' 'F' @52  0.160000 (3e23d70a)
 - private 'originX' 'F' @56  0.000000
 - private 'originY' 'F' @60  0.000000
 - private 'rotation' 'F' @64  0.000000
 - private 'scaleX' 'F' @68  1.000000 (3f800000)
 - private 'scaleY' 'F' @72  1.000000 (3f800000)
 - private 'dirty' 'Z' @76  false
 - final 'vertices' '[F' @80  [F{0x0000000712efd8b8} (e25dfb17)
 - private final 'color' 'Lcom/badlogic/gdx/graphics/Color;' @84  a 'com/badlogic/gdx/graphics/Color'{0x0000000712efd918} (e25dfb23)
 - private 'bounds' 'Lcom/badlogic/gdx/math/Rectangle;' @88  NULL (0)
 - protected 'world' 'Lcom/badlogic/gdx/physics/box2d/World;' @92  a 'com/badlogic/gdx/physics/box2d/World'{0x00000007118004d0} (e230009a)
 - protected 'screen' 'Linf112/Screens/ShowGame;' @96  a 'inf112/Screens/ShowGame'{0x00000007118005b8} (e23000b7)
 - public 'b2body' 'Lcom/badlogic/gdx/physics/box2d/Body;' @100  a 'com/badlogic/gdx/physics/box2d/Body'{0x0000000712efd9a0} (e25dfb34)
 - public 'velocity' 'Lcom/badlogic/gdx/math/Vector2;' @104  a 'com/badlogic/gdx/math/Vector2'{0x0000000712efdff8} (e25dfbff)
 - private 'setToDestroy' 'Z' @77  false
 - private 'destroyed' 'Z' @78  false
 - private 'stateTime' 'F' @108  4.766042 (4098836b)
 - private 'walkAnimation' 'Lcom/badlogic/gdx/graphics/g2d/Animation;' @112  a 'com/badlogic/gdx/graphics/g2d/Animation'{0x0000000712f02a48} (e25e0549)
 - private 'frames' 'Lcom/badlogic/gdx/utils/Array;' @116  a 'com/badlogic/gdx/utils/Array'{0x0000000712efe0b0} (e25dfc16)
stack at sp + 4 slots: 0x0000000712efd840 is an oop: inf112.Entities.Enemies.Spider 
{0x0000000712efd840} - klass: 'inf112/Entities/Enemies/Spider'
 - ---- fields (total size 15 words):
 - 'u' 'F' @12  0.474609 (3ef30000)
 - 'v' 'F' @16  0.171875 (3e300000)
 - 'u2' 'F' @20  0.505859 (3f018000)
 - 'v2' 'F' @24  0.421875 (3ed80000)
 - 'regionWidth' 'I' @28  16 (10)
 - 'regionHeight' 'I' @32  16 (10)
 - 'texture' 'Lcom/badlogic/gdx/graphics/Texture;' @36  a 'com/badlogic/gdx/graphics/Texture'{0x0000000711922480} (e2324490)
 - private 'x' 'F' @40  -0.080000 (bda3d70a)
 - private 'y' 'F' @44  25.889999 (41cf1eb8)
 - 'width' 'F' @48  0.160000 (3e23d70a)
 - 'height' 'F' @52  0.160000 (3e23d70a)
 - private 'originX' 'F' @56  0.000000
 - private 'originY' 'F' @60  0.000000
 - private 'rotation' 'F' @64  0.000000
 - private 'scaleX' 'F' @68  1.000000 (3f800000)
 - private 'scaleY' 'F' @72  1.000000 (3f800000)
 - private 'dirty' 'Z' @76  false
 - final 'vertices' '[F' @80  [F{0x0000000712efd8b8} (e25dfb17)
 - private final 'color' 'Lcom/badlogic/gdx/graphics/Color;' @84  a 'com/badlogic/gdx/graphics/Color'{0x0000000712efd918} (e25dfb23)
 - private 'bounds' 'Lcom/badlogic/gdx/math/Rectangle;' @88  NULL (0)
 - protected 'world' 'Lcom/badlogic/gdx/physics/box2d/World;' @92  a 'com/badlogic/gdx/physics/box2d/World'{0x00000007118004d0} (e230009a)
 - protected 'screen' 'Linf112/Screens/ShowGame;' @96  a 'inf112/Screens/ShowGame'{0x00000007118005b8} (e23000b7)
 - public 'b2body' 'Lcom/badlogic/gdx/physics/box2d/Body;' @100  a 'com/badlogic/gdx/physics/box2d/Body'{0x0000000712efd9a0} (e25dfb34)
 - public 'velocity' 'Lcom/badlogic/gdx/math/Vector2;' @104  a 'com/badlogic/gdx/math/Vector2'{0x0000000712efdff8} (e25dfbff)
 - private 'setToDestroy' 'Z' @77  false
 - private 'destroyed' 'Z' @78  false
 - private 'stateTime' 'F' @108  4.766042 (4098836b)
 - private 'walkAnimation' 'Lcom/badlogic/gdx/graphics/g2d/Animation;' @112  a 'com/badlogic/gdx/graphics/g2d/Animation'{0x0000000712f02a48} (e25e0549)
 - private 'frames' 'Lcom/badlogic/gdx/utils/Array;' @116  a 'com/badlogic/gdx/utils/Array'{0x0000000712efe0b0} (e25dfc16)
stack at sp + 5 slots: {method} {0x0000022ebd0a3668} 'jniSetActive' '(JZ)V' in 'com/badlogic/gdx/physics/box2d/Body'
stack at sp + 6 slots: 0x0000000712efd9a0 is an oop: com.badlogic.gdx.physics.box2d.Body 
{0x0000000712efd9a0} - klass: 'com/badlogic/gdx/physics/box2d/Body'
 - ---- fields (total size 11 words):
 - private final 'tmp' '[F' @12  [F{0x0000000712efd9f8} (e25dfb3f)
 - protected 'addr' 'J' @16  2399583438736 (b2518790 22e)
 - private final 'world' 'Lcom/badlogic/gdx/physics/box2d/World;' @24  a 'com/badlogic/gdx/physics/box2d/World'{0x00000007118004d0} (e230009a)
 - private 'fixtures' 'Lcom/badlogic/gdx/utils/Array;' @28  a 'com/badlogic/gdx/utils/Array'{0x0000000712efda18} (e25dfb43)
 - protected 'joints' 'Lcom/badlogic/gdx/utils/Array;' @32  a 'com/badlogic/gdx/utils/Array'{0x0000000712efda50} (e25dfb4a)
 - private 'userData' 'Ljava/lang/Object;' @36  NULL (0)
 - private final 'transform' 'Lcom/badlogic/gdx/physics/box2d/Transform;' @40  a 'com/badlogic/gdx/physics/box2d/Transform'{0x0000000712efda88} (e25dfb51)
 - private final 'position' 'Lcom/badlogic/gdx/math/Vector2;' @44  a 'com/badlogic/gdx/math/Vector2'{0x0000000712efdaf0} (e25dfb5e)
 - private final 'worldCenter' 'Lcom/badlogic/gdx/math/Vector2;' @48  a 'com/badlogic/gdx/math/Vector2'{0x0000000712efdb08} (e25dfb61)
 - private final 'localCenter' 'Lcom/badlogic/gdx/math/Vector2;' @52  a 'com/badlogic/gdx/math/Vector2'{0x0000000712efdb20} (e25dfb64)
 - private final 'linearVelocity' 'Lcom/badlogic/gdx/math/Vector2;' @56  a 'com/badlogic/gdx/math/Vector2'{0x0000000712efdb38} (e25dfb67)
 - private final 'massData' 'Lcom/badlogic/gdx/physics/box2d/MassData;' @60  a 'com/badlogic/gdx/physics/box2d/MassData'{0x0000000712efdb50} (e25dfb6a)
 - private final 'localPoint' 'Lcom/badlogic/gdx/math/Vector2;' @64  a 'com/badlogic/gdx/math/Vector2'{0x0000000712efdb80} (e25dfb70)
 - private final 'worldVector' 'Lcom/badlogic/gdx/math/Vector2;' @68  a 'com/badlogic/gdx/math/Vector2'{0x0000000712efdb98} (e25dfb73)
 - public final 'localPoint2' 'Lcom/badlogic/gdx/math/Vector2;' @72  a 'com/badlogic/gdx/math/Vector2'{0x0000000712efdbb0} (e25dfb76)
 - public final 'localVector' 'Lcom/badlogic/gdx/math/Vector2;' @76  a 'com/badlogic/gdx/math/Vector2'{0x0000000712efdbc8} (e25dfb79)
 - public final 'linVelWorld' 'Lcom/badlogic/gdx/math/Vector2;' @80  a 'com/badlogic/gdx/math/Vector2'{0x0000000712efdbe0} (e25dfb7c)
 - public final 'linVelLoc' 'Lcom/badlogic/gdx/math/Vector2;' @84  a 'com/badlogic/gdx/math/Vector2'{0x0000000712efdbf8} (e25dfb7f)
stack at sp + 7 slots: 0x0000022ebd11abe8 is pointing into metadata


---------------  P R O C E S S  ---------------

Threads class SMR info:
_java_thread_list=0x0000022eb1deb3a0, length=14, elements={
0x0000022e89fb4550, 0x0000022eaeb22c80, 0x0000022eaeb26760, 0x0000022eaeb3ae40,
0x0000022eaeb3b900, 0x0000022eaeb402e0, 0x0000022eaeb40ba0, 0x0000022eaeb41840,
0x0000022eaeb46700, 0x0000022eaeb53840, 0x0000022eaf6360e0, 0x0000022eaf63d810,
0x0000022eafc420d0, 0x0000022eb1ce3470
}

Java Threads: ( => current thread )
=>0x0000022e89fb4550 JavaThread "main" [_thread_in_native, id=9096, stack(0x000000b1e6600000,0x000000b1e6700000)]
  0x0000022eaeb22c80 JavaThread "Reference Handler" daemon [_thread_blocked, id=19572, stack(0x000000b1e6d00000,0x000000b1e6e00000)]
  0x0000022eaeb26760 JavaThread "Finalizer" daemon [_thread_blocked, id=2608, stack(0x000000b1e6e00000,0x000000b1e6f00000)]
  0x0000022eaeb3ae40 JavaThread "Signal Dispatcher" daemon [_thread_blocked, id=22956, stack(0x000000b1e6f00000,0x000000b1e7000000)]
  0x0000022eaeb3b900 JavaThread "Attach Listener" daemon [_thread_blocked, id=18676, stack(0x000000b1e7000000,0x000000b1e7100000)]
  0x0000022eaeb402e0 JavaThread "Service Thread" daemon [_thread_blocked, id=7144, stack(0x000000b1e7100000,0x000000b1e7200000)]
  0x0000022eaeb40ba0 JavaThread "Monitor Deflation Thread" daemon [_thread_blocked, id=14992, stack(0x000000b1e7200000,0x000000b1e7300000)]
  0x0000022eaeb41840 JavaThread "C2 CompilerThread0" daemon [_thread_blocked, id=12000, stack(0x000000b1e7300000,0x000000b1e7400000)]
  0x0000022eaeb46700 JavaThread "C1 CompilerThread0" daemon [_thread_blocked, id=20924, stack(0x000000b1e7400000,0x000000b1e7500000)]
  0x0000022eaeb53840 JavaThread "Sweeper thread" daemon [_thread_blocked, id=1872, stack(0x000000b1e7500000,0x000000b1e7600000)]
  0x0000022eaf6360e0 JavaThread "Notification Thread" daemon [_thread_blocked, id=6768, stack(0x000000b1e7600000,0x000000b1e7700000)]
  0x0000022eaf63d810 JavaThread "Common-Cleaner" daemon [_thread_blocked, id=20588, stack(0x000000b1e7800000,0x000000b1e7900000)]
  0x0000022eafc420d0 JavaThread "Thread-0" daemon [_thread_blocked, id=20592, stack(0x000000b1e7900000,0x000000b1e7a00000)]
  0x0000022eb1ce3470 JavaThread "AssetManager" daemon [_thread_blocked, id=17160, stack(0x000000b1e8200000,0x000000b1e8300000)]

Other Threads:
  0x0000022eaeb1ead0 VMThread "VM Thread" [stack: 0x000000b1e6c00000,0x000000b1e6d00000] [id=24372]
  0x0000022eaf6395f0 WatcherThread [stack: 0x000000b1e7700000,0x000000b1e7800000] [id=18832]
  0x0000022e8a00ced0 GCTaskThread "GC Thread#0" [stack: 0x000000b1e6700000,0x000000b1e6800000] [id=13424]
  0x0000022eaf6ab850 GCTaskThread "GC Thread#1" [stack: 0x000000b1e8400000,0x000000b1e8500000] [id=16656]
  0x0000022eb1da8320 GCTaskThread "GC Thread#2" [stack: 0x000000b1e8500000,0x000000b1e8600000] [id=12412]
  0x0000022eb1da85d0 GCTaskThread "GC Thread#3" [stack: 0x000000b1e8600000,0x000000b1e8700000] [id=10072]
  0x0000022eb1e43fb0 GCTaskThread "GC Thread#4" [stack: 0x000000b1e8700000,0x000000b1e8800000] [id=17756]
  0x0000022eb1e44510 GCTaskThread "GC Thread#5" [stack: 0x000000b1e8800000,0x000000b1e8900000] [id=17084]
  0x0000022eb1e43a50 GCTaskThread "GC Thread#6" [stack: 0x000000b1e8900000,0x000000b1e8a00000] [id=9120]
  0x0000022eb1e43d00 GCTaskThread "GC Thread#7" [stack: 0x000000b1e8a00000,0x000000b1e8b00000] [id=22004]
  0x0000022e8a01ea00 ConcurrentGCThread "G1 Main Marker" [stack: 0x000000b1e6800000,0x000000b1e6900000] [id=11368]
  0x0000022e8a021340 ConcurrentGCThread "G1 Conc#0" [stack: 0x000000b1e6900000,0x000000b1e6a00000] [id=22928]
  0x0000022e8a077380 ConcurrentGCThread "G1 Refine#0" [stack: 0x000000b1e6a00000,0x000000b1e6b00000] [id=5196]
  0x0000022e8a077cb0 ConcurrentGCThread "G1 Service" [stack: 0x000000b1e6b00000,0x000000b1e6c00000] [id=23768]

Threads with active compile tasks:

VM state: not at safepoint (normal execution)

VM Mutex/Monitor currently owned by a thread: None

Heap address: 0x0000000703200000, size: 4046 MB, Compressed Oops mode: Zero based, Oop shift amount: 3

CDS archive(s) mapped at: [0x0000000800000000-0x0000000800bc0000-0x0000000800bc0000), size 12320768, SharedBaseAddress: 0x0000000800000000, ArchiveRelocationMode: 0.
Compressed class space mapped at: 0x0000000800c00000-0x0000000840c00000, reserved size: 1073741824
Narrow klass base: 0x0000000800000000, Narrow klass shift: 0, Narrow klass range: 0x100000000

GC Precious Log:
 CPUs: 8 total, 8 available
 Memory: 16179M
 Large Page Support: Disabled
 NUMA Support: Disabled
 Compressed Oops: Enabled (Zero based)
 Heap Region Size: 2M
 Heap Min Capacity: 8M
 Heap Initial Capacity: 254M
 Heap Max Capacity: 4046M
 Pre-touch: Disabled
 Parallel Workers: 8
 Concurrent Workers: 2
 Concurrent Refinement Workers: 8
 Periodic GC: Disabled

Heap:
 garbage-first heap   total 260096K, used 9859K [0x0000000703200000, 0x0000000800000000)
  region size 2048K, 7 young (14336K), 2 survivors (4096K)
 Metaspace       used 8371K, committed 8512K, reserved 1064960K
  class space    used 641K, committed 704K, reserved 1048576K

Heap Regions: E=young(eden), S=young(survivor), O=old, HS=humongous(starts), HC=humongous(continues), CS=collection set, F=free, OA=open archive, CA=closed archive, TAMS=top-at-mark-start (previous, next)
|   0|0x0000000703200000, 0x0000000703200000, 0x0000000703400000|  0%| F|  |TAMS 0x0000000703200000, 0x0000000703200000| Untracked 
|   1|0x0000000703400000, 0x0000000703400000, 0x0000000703600000|  0%| F|  |TAMS 0x0000000703400000, 0x0000000703400000| Untracked 
|   2|0x0000000703600000, 0x0000000703600000, 0x0000000703800000|  0%| F|  |TAMS 0x0000000703600000, 0x0000000703600000| Untracked 
|   3|0x0000000703800000, 0x0000000703800000, 0x0000000703a00000|  0%| F|  |TAMS 0x0000000703800000, 0x0000000703800000| Untracked 
|   4|0x0000000703a00000, 0x0000000703a00000, 0x0000000703c00000|  0%| F|  |TAMS 0x0000000703a00000, 0x0000000703a00000| Untracked 
|   5|0x0000000703c00000, 0x0000000703c00000, 0x0000000703e00000|  0%| F|  |TAMS 0x0000000703c00000, 0x0000000703c00000| Untracked 
|   6|0x0000000703e00000, 0x0000000703e00000, 0x0000000704000000|  0%| F|  |TAMS 0x0000000703e00000, 0x0000000703e00000| Untracked 
|   7|0x0000000704000000, 0x0000000704000000, 0x0000000704200000|  0%| F|  |TAMS 0x0000000704000000, 0x0000000704000000| Untracked 
|   8|0x0000000704200000, 0x0000000704200000, 0x0000000704400000|  0%| F|  |TAMS 0x0000000704200000, 0x0000000704200000| Untracked 
|   9|0x0000000704400000, 0x0000000704400000, 0x0000000704600000|  0%| F|  |TAMS 0x0000000704400000, 0x0000000704400000| Untracked 
|  10|0x0000000704600000, 0x0000000704600000, 0x0000000704800000|  0%| F|  |TAMS 0x0000000704600000, 0x0000000704600000| Untracked 
|  11|0x0000000704800000, 0x0000000704800000, 0x0000000704a00000|  0%| F|  |TAMS 0x0000000704800000, 0x0000000704800000| Untracked 
|  12|0x0000000704a00000, 0x0000000704a00000, 0x0000000704c00000|  0%| F|  |TAMS 0x0000000704a00000, 0x0000000704a00000| Untracked 
|  13|0x0000000704c00000, 0x0000000704c00000, 0x0000000704e00000|  0%| F|  |TAMS 0x0000000704c00000, 0x0000000704c00000| Untracked 
|  14|0x0000000704e00000, 0x0000000704e00000, 0x0000000705000000|  0%| F|  |TAMS 0x0000000704e00000, 0x0000000704e00000| Untracked 
|  15|0x0000000705000000, 0x0000000705000000, 0x0000000705200000|  0%| F|  |TAMS 0x0000000705000000, 0x0000000705000000| Untracked 
|  16|0x0000000705200000, 0x0000000705200000, 0x0000000705400000|  0%| F|  |TAMS 0x0000000705200000, 0x0000000705200000| Untracked 
|  17|0x0000000705400000, 0x0000000705400000, 0x0000000705600000|  0%| F|  |TAMS 0x0000000705400000, 0x0000000705400000| Untracked 
|  18|0x0000000705600000, 0x0000000705600000, 0x0000000705800000|  0%| F|  |TAMS 0x0000000705600000, 0x0000000705600000| Untracked 
|  19|0x0000000705800000, 0x0000000705800000, 0x0000000705a00000|  0%| F|  |TAMS 0x0000000705800000, 0x0000000705800000| Untracked 
|  20|0x0000000705a00000, 0x0000000705a00000, 0x0000000705c00000|  0%| F|  |TAMS 0x0000000705a00000, 0x0000000705a00000| Untracked 
|  21|0x0000000705c00000, 0x0000000705c00000, 0x0000000705e00000|  0%| F|  |TAMS 0x0000000705c00000, 0x0000000705c00000| Untracked 
|  22|0x0000000705e00000, 0x0000000705e00000, 0x0000000706000000|  0%| F|  |TAMS 0x0000000705e00000, 0x0000000705e00000| Untracked 
|  23|0x0000000706000000, 0x0000000706000000, 0x0000000706200000|  0%| F|  |TAMS 0x0000000706000000, 0x0000000706000000| Untracked 
|  24|0x0000000706200000, 0x0000000706200000, 0x0000000706400000|  0%| F|  |TAMS 0x0000000706200000, 0x0000000706200000| Untracked 
|  25|0x0000000706400000, 0x0000000706400000, 0x0000000706600000|  0%| F|  |TAMS 0x0000000706400000, 0x0000000706400000| Untracked 
|  26|0x0000000706600000, 0x0000000706600000, 0x0000000706800000|  0%| F|  |TAMS 0x0000000706600000, 0x0000000706600000| Untracked 
|  27|0x0000000706800000, 0x0000000706800000, 0x0000000706a00000|  0%| F|  |TAMS 0x0000000706800000, 0x0000000706800000| Untracked 
|  28|0x0000000706a00000, 0x0000000706a00000, 0x0000000706c00000|  0%| F|  |TAMS 0x0000000706a00000, 0x0000000706a00000| Untracked 
|  29|0x0000000706c00000, 0x0000000706c00000, 0x0000000706e00000|  0%| F|  |TAMS 0x0000000706c00000, 0x0000000706c00000| Untracked 
|  30|0x0000000706e00000, 0x0000000706e00000, 0x0000000707000000|  0%| F|  |TAMS 0x0000000706e00000, 0x0000000706e00000| Untracked 
|  31|0x0000000707000000, 0x0000000707000000, 0x0000000707200000|  0%| F|  |TAMS 0x0000000707000000, 0x0000000707000000| Untracked 
|  32|0x0000000707200000, 0x0000000707200000, 0x0000000707400000|  0%| F|  |TAMS 0x0000000707200000, 0x0000000707200000| Untracked 
|  33|0x0000000707400000, 0x0000000707400000, 0x0000000707600000|  0%| F|  |TAMS 0x0000000707400000, 0x0000000707400000| Untracked 
|  34|0x0000000707600000, 0x0000000707600000, 0x0000000707800000|  0%| F|  |TAMS 0x0000000707600000, 0x0000000707600000| Untracked 
|  35|0x0000000707800000, 0x0000000707800000, 0x0000000707a00000|  0%| F|  |TAMS 0x0000000707800000, 0x0000000707800000| Untracked 
|  36|0x0000000707a00000, 0x0000000707a00000, 0x0000000707c00000|  0%| F|  |TAMS 0x0000000707a00000, 0x0000000707a00000| Untracked 
|  37|0x0000000707c00000, 0x0000000707c00000, 0x0000000707e00000|  0%| F|  |TAMS 0x0000000707c00000, 0x0000000707c00000| Untracked 
|  38|0x0000000707e00000, 0x0000000707e00000, 0x0000000708000000|  0%| F|  |TAMS 0x0000000707e00000, 0x0000000707e00000| Untracked 
|  39|0x0000000708000000, 0x0000000708000000, 0x0000000708200000|  0%| F|  |TAMS 0x0000000708000000, 0x0000000708000000| Untracked 
|  40|0x0000000708200000, 0x0000000708200000, 0x0000000708400000|  0%| F|  |TAMS 0x0000000708200000, 0x0000000708200000| Untracked 
|  41|0x0000000708400000, 0x0000000708400000, 0x0000000708600000|  0%| F|  |TAMS 0x0000000708400000, 0x0000000708400000| Untracked 
|  42|0x0000000708600000, 0x0000000708600000, 0x0000000708800000|  0%| F|  |TAMS 0x0000000708600000, 0x0000000708600000| Untracked 
|  43|0x0000000708800000, 0x0000000708800000, 0x0000000708a00000|  0%| F|  |TAMS 0x0000000708800000, 0x0000000708800000| Untracked 
|  44|0x0000000708a00000, 0x0000000708a00000, 0x0000000708c00000|  0%| F|  |TAMS 0x0000000708a00000, 0x0000000708a00000| Untracked 
|  45|0x0000000708c00000, 0x0000000708c00000, 0x0000000708e00000|  0%| F|  |TAMS 0x0000000708c00000, 0x0000000708c00000| Untracked 
|  46|0x0000000708e00000, 0x0000000708e00000, 0x0000000709000000|  0%| F|  |TAMS 0x0000000708e00000, 0x0000000708e00000| Untracked 
|  47|0x0000000709000000, 0x0000000709000000, 0x0000000709200000|  0%| F|  |TAMS 0x0000000709000000, 0x0000000709000000| Untracked 
|  48|0x0000000709200000, 0x0000000709200000, 0x0000000709400000|  0%| F|  |TAMS 0x0000000709200000, 0x0000000709200000| Untracked 
|  49|0x0000000709400000, 0x0000000709400000, 0x0000000709600000|  0%| F|  |TAMS 0x0000000709400000, 0x0000000709400000| Untracked 
|  50|0x0000000709600000, 0x0000000709600000, 0x0000000709800000|  0%| F|  |TAMS 0x0000000709600000, 0x0000000709600000| Untracked 
|  51|0x0000000709800000, 0x0000000709800000, 0x0000000709a00000|  0%| F|  |TAMS 0x0000000709800000, 0x0000000709800000| Untracked 
|  52|0x0000000709a00000, 0x0000000709a00000, 0x0000000709c00000|  0%| F|  |TAMS 0x0000000709a00000, 0x0000000709a00000| Untracked 
|  53|0x0000000709c00000, 0x0000000709c00000, 0x0000000709e00000|  0%| F|  |TAMS 0x0000000709c00000, 0x0000000709c00000| Untracked 
|  54|0x0000000709e00000, 0x0000000709e00000, 0x000000070a000000|  0%| F|  |TAMS 0x0000000709e00000, 0x0000000709e00000| Untracked 
|  55|0x000000070a000000, 0x000000070a000000, 0x000000070a200000|  0%| F|  |TAMS 0x000000070a000000, 0x000000070a000000| Untracked 
|  56|0x000000070a200000, 0x000000070a200000, 0x000000070a400000|  0%| F|  |TAMS 0x000000070a200000, 0x000000070a200000| Untracked 
|  57|0x000000070a400000, 0x000000070a400000, 0x000000070a600000|  0%| F|  |TAMS 0x000000070a400000, 0x000000070a400000| Untracked 
|  58|0x000000070a600000, 0x000000070a600000, 0x000000070a800000|  0%| F|  |TAMS 0x000000070a600000, 0x000000070a600000| Untracked 
|  59|0x000000070a800000, 0x000000070a800000, 0x000000070aa00000|  0%| F|  |TAMS 0x000000070a800000, 0x000000070a800000| Untracked 
|  60|0x000000070aa00000, 0x000000070aa00000, 0x000000070ac00000|  0%| F|  |TAMS 0x000000070aa00000, 0x000000070aa00000| Untracked 
|  61|0x000000070ac00000, 0x000000070ac00000, 0x000000070ae00000|  0%| F|  |TAMS 0x000000070ac00000, 0x000000070ac00000| Untracked 
|  62|0x000000070ae00000, 0x000000070ae00000, 0x000000070b000000|  0%| F|  |TAMS 0x000000070ae00000, 0x000000070ae00000| Untracked 
|  63|0x000000070b000000, 0x000000070b000000, 0x000000070b200000|  0%| F|  |TAMS 0x000000070b000000, 0x000000070b000000| Untracked 
|  64|0x000000070b200000, 0x000000070b200000, 0x000000070b400000|  0%| F|  |TAMS 0x000000070b200000, 0x000000070b200000| Untracked 
|  65|0x000000070b400000, 0x000000070b400000, 0x000000070b600000|  0%| F|  |TAMS 0x000000070b400000, 0x000000070b400000| Untracked 
|  66|0x000000070b600000, 0x000000070b600000, 0x000000070b800000|  0%| F|  |TAMS 0x000000070b600000, 0x000000070b600000| Untracked 
|  67|0x000000070b800000, 0x000000070b800000, 0x000000070ba00000|  0%| F|  |TAMS 0x000000070b800000, 0x000000070b800000| Untracked 
|  68|0x000000070ba00000, 0x000000070ba00000, 0x000000070bc00000|  0%| F|  |TAMS 0x000000070ba00000, 0x000000070ba00000| Untracked 
|  69|0x000000070bc00000, 0x000000070bc00000, 0x000000070be00000|  0%| F|  |TAMS 0x000000070bc00000, 0x000000070bc00000| Untracked 
|  70|0x000000070be00000, 0x000000070be00000, 0x000000070c000000|  0%| F|  |TAMS 0x000000070be00000, 0x000000070be00000| Untracked 
|  71|0x000000070c000000, 0x000000070c000000, 0x000000070c200000|  0%| F|  |TAMS 0x000000070c000000, 0x000000070c000000| Untracked 
|  72|0x000000070c200000, 0x000000070c200000, 0x000000070c400000|  0%| F|  |TAMS 0x000000070c200000, 0x000000070c200000| Untracked 
|  73|0x000000070c400000, 0x000000070c400000, 0x000000070c600000|  0%| F|  |TAMS 0x000000070c400000, 0x000000070c400000| Untracked 
|  74|0x000000070c600000, 0x000000070c600000, 0x000000070c800000|  0%| F|  |TAMS 0x000000070c600000, 0x000000070c600000| Untracked 
|  75|0x000000070c800000, 0x000000070c800000, 0x000000070ca00000|  0%| F|  |TAMS 0x000000070c800000, 0x000000070c800000| Untracked 
|  76|0x000000070ca00000, 0x000000070ca00000, 0x000000070cc00000|  0%| F|  |TAMS 0x000000070ca00000, 0x000000070ca00000| Untracked 
|  77|0x000000070cc00000, 0x000000070cc00000, 0x000000070ce00000|  0%| F|  |TAMS 0x000000070cc00000, 0x000000070cc00000| Untracked 
|  78|0x000000070ce00000, 0x000000070ce00000, 0x000000070d000000|  0%| F|  |TAMS 0x000000070ce00000, 0x000000070ce00000| Untracked 
|  79|0x000000070d000000, 0x000000070d000000, 0x000000070d200000|  0%| F|  |TAMS 0x000000070d000000, 0x000000070d000000| Untracked 
|  80|0x000000070d200000, 0x000000070d200000, 0x000000070d400000|  0%| F|  |TAMS 0x000000070d200000, 0x000000070d200000| Untracked 
|  81|0x000000070d400000, 0x000000070d400000, 0x000000070d600000|  0%| F|  |TAMS 0x000000070d400000, 0x000000070d400000| Untracked 
|  82|0x000000070d600000, 0x000000070d600000, 0x000000070d800000|  0%| F|  |TAMS 0x000000070d600000, 0x000000070d600000| Untracked 
|  83|0x000000070d800000, 0x000000070d800000, 0x000000070da00000|  0%| F|  |TAMS 0x000000070d800000, 0x000000070d800000| Untracked 
|  84|0x000000070da00000, 0x000000070da00000, 0x000000070dc00000|  0%| F|  |TAMS 0x000000070da00000, 0x000000070da00000| Untracked 
|  85|0x000000070dc00000, 0x000000070dc00000, 0x000000070de00000|  0%| F|  |TAMS 0x000000070dc00000, 0x000000070dc00000| Untracked 
|  86|0x000000070de00000, 0x000000070de00000, 0x000000070e000000|  0%| F|  |TAMS 0x000000070de00000, 0x000000070de00000| Untracked 
|  87|0x000000070e000000, 0x000000070e000000, 0x000000070e200000|  0%| F|  |TAMS 0x000000070e000000, 0x000000070e000000| Untracked 
|  88|0x000000070e200000, 0x000000070e200000, 0x000000070e400000|  0%| F|  |TAMS 0x000000070e200000, 0x000000070e200000| Untracked 
|  89|0x000000070e400000, 0x000000070e400000, 0x000000070e600000|  0%| F|  |TAMS 0x000000070e400000, 0x000000070e400000| Untracked 
|  90|0x000000070e600000, 0x000000070e600000, 0x000000070e800000|  0%| F|  |TAMS 0x000000070e600000, 0x000000070e600000| Untracked 
|  91|0x000000070e800000, 0x000000070e800000, 0x000000070ea00000|  0%| F|  |TAMS 0x000000070e800000, 0x000000070e800000| Untracked 
|  92|0x000000070ea00000, 0x000000070ea00000, 0x000000070ec00000|  0%| F|  |TAMS 0x000000070ea00000, 0x000000070ea00000| Untracked 
|  93|0x000000070ec00000, 0x000000070ec00000, 0x000000070ee00000|  0%| F|  |TAMS 0x000000070ec00000, 0x000000070ec00000| Untracked 
|  94|0x000000070ee00000, 0x000000070ee00000, 0x000000070f000000|  0%| F|  |TAMS 0x000000070ee00000, 0x000000070ee00000| Untracked 
|  95|0x000000070f000000, 0x000000070f000000, 0x000000070f200000|  0%| F|  |TAMS 0x000000070f000000, 0x000000070f000000| Untracked 
|  96|0x000000070f200000, 0x000000070f200000, 0x000000070f400000|  0%| F|  |TAMS 0x000000070f200000, 0x000000070f200000| Untracked 
|  97|0x000000070f400000, 0x000000070f400000, 0x000000070f600000|  0%| F|  |TAMS 0x000000070f400000, 0x000000070f400000| Untracked 
|  98|0x000000070f600000, 0x000000070f600000, 0x000000070f800000|  0%| F|  |TAMS 0x000000070f600000, 0x000000070f600000| Untracked 
|  99|0x000000070f800000, 0x000000070f800000, 0x000000070fa00000|  0%| F|  |TAMS 0x000000070f800000, 0x000000070f800000| Untracked 
| 100|0x000000070fa00000, 0x000000070fa00000, 0x000000070fc00000|  0%| F|  |TAMS 0x000000070fa00000, 0x000000070fa00000| Untracked 
| 101|0x000000070fc00000, 0x000000070fc00000, 0x000000070fe00000|  0%| F|  |TAMS 0x000000070fc00000, 0x000000070fc00000| Untracked 
| 102|0x000000070fe00000, 0x000000070fe00000, 0x0000000710000000|  0%| F|  |TAMS 0x000000070fe00000, 0x000000070fe00000| Untracked 
| 103|0x0000000710000000, 0x0000000710000000, 0x0000000710200000|  0%| F|  |TAMS 0x0000000710000000, 0x0000000710000000| Untracked 
| 104|0x0000000710200000, 0x0000000710200000, 0x0000000710400000|  0%| F|  |TAMS 0x0000000710200000, 0x0000000710200000| Untracked 
| 105|0x0000000710400000, 0x0000000710400000, 0x0000000710600000|  0%| F|  |TAMS 0x0000000710400000, 0x0000000710400000| Untracked 
| 106|0x0000000710600000, 0x0000000710600000, 0x0000000710800000|  0%| F|  |TAMS 0x0000000710600000, 0x0000000710600000| Untracked 
| 107|0x0000000710800000, 0x0000000710800000, 0x0000000710a00000|  0%| F|  |TAMS 0x0000000710800000, 0x0000000710800000| Untracked 
| 108|0x0000000710a00000, 0x0000000710a00000, 0x0000000710c00000|  0%| F|  |TAMS 0x0000000710a00000, 0x0000000710a00000| Untracked 
| 109|0x0000000710c00000, 0x0000000710c00000, 0x0000000710e00000|  0%| F|  |TAMS 0x0000000710c00000, 0x0000000710c00000| Untracked 
| 110|0x0000000710e00000, 0x0000000710e00000, 0x0000000711000000|  0%| F|  |TAMS 0x0000000710e00000, 0x0000000710e00000| Untracked 
| 111|0x0000000711000000, 0x0000000711000000, 0x0000000711200000|  0%| F|  |TAMS 0x0000000711000000, 0x0000000711000000| Untracked 
| 112|0x0000000711200000, 0x0000000711200000, 0x0000000711400000|  0%| F|  |TAMS 0x0000000711200000, 0x0000000711200000| Untracked 
| 113|0x0000000711400000, 0x0000000711400000, 0x0000000711600000|  0%| F|  |TAMS 0x0000000711400000, 0x0000000711400000| Untracked 
| 114|0x0000000711600000, 0x00000007117a0dd8, 0x0000000711800000| 81%| S|CS|TAMS 0x0000000711600000, 0x0000000711600000| Complete 
| 115|0x0000000711800000, 0x0000000711a00000, 0x0000000711a00000|100%| S|CS|TAMS 0x0000000711800000, 0x0000000711800000| Complete 
| 116|0x0000000711a00000, 0x0000000711a00000, 0x0000000711c00000|  0%| F|  |TAMS 0x0000000711a00000, 0x0000000711a00000| Untracked 
| 117|0x0000000711c00000, 0x0000000711c00000, 0x0000000711e00000|  0%| F|  |TAMS 0x0000000711c00000, 0x0000000711c00000| Untracked 
| 118|0x0000000711e00000, 0x0000000711e00000, 0x0000000712000000|  0%| F|  |TAMS 0x0000000711e00000, 0x0000000711e00000| Untracked 
| 119|0x0000000712000000, 0x0000000712000000, 0x0000000712200000|  0%| F|  |TAMS 0x0000000712000000, 0x0000000712000000| Untracked 
| 120|0x0000000712200000, 0x0000000712200000, 0x0000000712400000|  0%| F|  |TAMS 0x0000000712200000, 0x0000000712200000| Untracked 
| 121|0x0000000712400000, 0x0000000712400000, 0x0000000712600000|  0%| F|  |TAMS 0x0000000712400000, 0x0000000712400000| Untracked 
| 122|0x0000000712600000, 0x000000071279ec30, 0x0000000712800000| 81%| E|  |TAMS 0x0000000712600000, 0x0000000712600000| Complete 
| 123|0x0000000712800000, 0x0000000712a00000, 0x0000000712a00000|100%| E|CS|TAMS 0x0000000712800000, 0x0000000712800000| Complete 
| 124|0x0000000712a00000, 0x0000000712c00000, 0x0000000712c00000|100%| E|CS|TAMS 0x0000000712a00000, 0x0000000712a00000| Complete 
| 125|0x0000000712c00000, 0x0000000712e00000, 0x0000000712e00000|100%| E|  |TAMS 0x0000000712c00000, 0x0000000712c00000| Complete 
| 126|0x0000000712e00000, 0x0000000713000000, 0x0000000713000000|100%| E|CS|TAMS 0x0000000712e00000, 0x0000000712e00000| Complete 

Card table byte_map: [0x0000022ea31e0000,0x0000022ea39d0000] _byte_map_base: 0x0000022e9f9c7000

Marking Bits (Prev, Next): (CMBitMap*) 0x0000022e8a00d3f0, (CMBitMap*) 0x0000022e8a00d430
 Prev Bits: [0x0000022ea41c0000, 0x0000022ea80f8000)
 Next Bits: [0x0000022ea8100000, 0x0000022eac038000)

Polling page: 0x0000022e89e70000

Metaspace:

Usage:
  Non-class:      7.55 MB used.
      Class:    641.05 KB used.
       Both:      8.18 MB used.

Virtual space:
  Non-class space:       16.00 MB reserved,       7.62 MB ( 48%) committed,  2 nodes.
      Class space:        1.00 GB reserved,     704.00 KB ( <1%) committed,  1 nodes.
             Both:        1.02 GB reserved,       8.31 MB ( <1%) committed. 

Chunk freelists:
   Non-Class:  2.79 MB
       Class:  3.32 MB
        Both:  6.11 MB

MaxMetaspaceSize: unlimited
CompressedClassSpaceSize: 1.00 GB
Initial GC threshold: 21.00 MB
Current GC threshold: 21.00 MB
CDS: on
MetaspaceReclaimPolicy: balanced
 - commit_granule_bytes: 65536.
 - commit_granule_words: 8192.
 - virtual_space_node_default_size: 1048576.
 - enlarge_chunks_in_place: 1.
 - new_chunks_are_fully_committed: 0.
 - uncommit_free_chunks: 1.
 - use_allocation_guard: 0.
 - handle_deallocations: 1.


Internal statistics:

num_allocs_failed_limit: 0.
num_arena_births: 70.
num_arena_deaths: 0.
num_vsnodes_births: 3.
num_vsnodes_deaths: 0.
num_space_committed: 131.
num_space_uncommitted: 0.
num_chunks_returned_to_freelist: 0.
num_chunks_taken_from_freelist: 293.
num_chunk_merges: 0.
num_chunk_splits: 218.
num_chunks_enlarged: 177.
num_purges: 0.
num_inconsistent_stats: 0.

CodeHeap 'non-profiled nmethods': size=120000Kb used=788Kb max_used=788Kb free=119211Kb
 bounds [0x0000022e9aa40000, 0x0000022e9acb0000, 0x0000022ea1f70000]
CodeHeap 'profiled nmethods': size=120000Kb used=3074Kb max_used=3074Kb free=116925Kb
 bounds [0x0000022e93510000, 0x0000022e93820000, 0x0000022e9aa40000]
CodeHeap 'non-nmethods': size=5760Kb used=1689Kb max_used=1717Kb free=4070Kb
 bounds [0x0000022e92f70000, 0x0000022e931e0000, 0x0000022e93510000]
 total_blobs=2741 nmethods=1611 adapters=1043
 compilation: enabled
              stopped_count=0, restarted_count=0
 full_count=0

Compilation events (20 events):
Event: 12.299 Thread 0x0000022eaeb46700 1602       3       javazoom.jl.decoder.Bitstream::closeFrame (16 bytes)
Event: 12.299 Thread 0x0000022eaeb46700 nmethod 1602 0x0000022e93809090 code [0x0000022e93809220, 0x0000022e93809338]
Event: 12.299 Thread 0x0000022eaeb46700 1603       3       javazoom.jl.decoder.Header::read_header (510 bytes)
Event: 12.302 Thread 0x0000022eaeb46700 nmethod 1603 0x0000022e93809410 code [0x0000022e93809720, 0x0000022e9380ac78]
Event: 12.302 Thread 0x0000022eaeb46700 1604   !   3       javazoom.jl.decoder.Bitstream::readFully (80 bytes)
Event: 12.303 Thread 0x0000022eaeb46700 nmethod 1604 0x0000022e9380b210 code [0x0000022e9380b400, 0x0000022e9380b8f8]
Event: 12.303 Thread 0x0000022eaeb46700 1605   !   3       javazoom.jl.decoder.Bitstream::isSyncCurrentPosition (133 bytes)
Event: 12.304 Thread 0x0000022eaeb46700 nmethod 1605 0x0000022e9380bc10 code [0x0000022e9380bde0, 0x0000022e9380c188]
Event: 12.304 Thread 0x0000022eaeb46700 1606       3       java.io.PushbackInputStream::unread (47 bytes)
Event: 12.304 Thread 0x0000022eaeb46700 nmethod 1606 0x0000022e9380c390 code [0x0000022e9380c560, 0x0000022e9380c9c8]
Event: 12.304 Thread 0x0000022eaeb46700 1607       3       javazoom.jl.decoder.MP3Decoder::decodeFrame (38 bytes)
Event: 12.305 Thread 0x0000022eaeb46700 nmethod 1607 0x0000022e9380cb10 code [0x0000022e9380cce0, 0x0000022e9380cfe8]
Event: 12.305 Thread 0x0000022eaeb46700 1608       3       javazoom.jl.decoder.MP3Decoder::retrieveDecoder (186 bytes)
Event: 12.306 Thread 0x0000022eaeb46700 nmethod 1608 0x0000022e9380d190 code [0x0000022e9380d3c0, 0x0000022e9380dbd8]
Event: 12.311 Thread 0x0000022eaeb46700 1609       3       com.badlogic.gdx.utils.viewport.Viewport::unproject (70 bytes)
Event: 12.312 Thread 0x0000022eaeb46700 nmethod 1609 0x0000022e9380de10 code [0x0000022e9380dfc0, 0x0000022e9380e2e8]
Event: 12.312 Thread 0x0000022eaeb46700 1610       3       com.badlogic.gdx.scenes.scene2d.Stage::hit (40 bytes)
Event: 12.312 Thread 0x0000022eaeb46700 nmethod 1610 0x0000022e9380e490 code [0x0000022e9380e640, 0x0000022e9380e998]
Event: 12.312 Thread 0x0000022eaeb46700 1611   !   3       com.badlogic.gdx.scenes.scene2d.Actor::act (188 bytes)
Event: 12.313 Thread 0x0000022eaeb46700 nmethod 1611 0x0000022e9380eb90 code [0x0000022e9380eec0, 0x0000022e93810358]

GC Heap History (2 events):
Event: 2.801 GC heap before
{Heap before GC invocations=0 (full 0):
 garbage-first heap   total 260096K, used 24576K [0x0000000703200000, 0x0000000800000000)
  region size 2048K, 11 young (22528K), 0 survivors (0K)
 Metaspace       used 7277K, committed 7424K, reserved 1064960K
  class space    used 560K, committed 640K, reserved 1048576K
}
Event: 2.806 GC heap after
{Heap after GC invocations=1 (full 0):
 garbage-first heap   total 260096K, used 3715K [0x0000000703200000, 0x0000000800000000)
  region size 2048K, 2 young (4096K), 2 survivors (4096K)
 Metaspace       used 7277K, committed 7424K, reserved 1064960K
  class space    used 560K, committed 640K, reserved 1048576K
}

Deoptimization events (20 events):
Event: 3.728 Thread 0x0000022e89fb4550 DEOPT PACKING pc=0x0000022e93730833 sp=0x000000b1e66ff110
Event: 3.728 Thread 0x0000022e89fb4550 DEOPT UNPACKING pc=0x0000022e92fc6763 sp=0x000000b1e66fe5b8 mode 0
Event: 3.936 Thread 0x0000022e89fb4550 DEOPT PACKING pc=0x0000022e937457b4 sp=0x000000b1e66ff070
Event: 3.936 Thread 0x0000022e89fb4550 DEOPT UNPACKING pc=0x0000022e92fc6763 sp=0x000000b1e66fe518 mode 0
Event: 3.941 Thread 0x0000022e89fb4550 DEOPT PACKING pc=0x0000022e937457b4 sp=0x000000b1e66ff070
Event: 3.941 Thread 0x0000022e89fb4550 DEOPT UNPACKING pc=0x0000022e92fc6763 sp=0x000000b1e66fe518 mode 0
Event: 4.985 Thread 0x0000022e89fb4550 Uncommon trap: trap_request=0xffffff45 fr.pc=0x0000022e9aada6f4 relative=0x00000000000000f4
Event: 4.985 Thread 0x0000022e89fb4550 Uncommon trap: reason=unstable_if action=reinterpret pc=0x0000022e9aada6f4 method=javazoom.jl.decoder.BitReserve.hgetbits(I)I @ 22 c2
Event: 4.985 Thread 0x0000022e89fb4550 DEOPT PACKING pc=0x0000022e9aada6f4 sp=0x000000b1e66fee70
Event: 4.985 Thread 0x0000022e89fb4550 DEOPT UNPACKING pc=0x0000022e92fc5c23 sp=0x000000b1e66fedf8 mode 2
Event: 5.404 Thread 0x0000022e89fb4550 Uncommon trap: trap_request=0xffffff45 fr.pc=0x0000022e9aa9e178 relative=0x00000000000009b8
Event: 5.404 Thread 0x0000022e89fb4550 Uncommon trap: reason=unstable_if action=reinterpret pc=0x0000022e9aa9e178 method=javazoom.jl.decoder.huffcodetab.huffman_decoder(Ljavazoom/jl/decoder/huffcodetab;[I[I[I[ILjavazoom/jl/decoder/BitReserve;)I @ 27 c2
Event: 5.404 Thread 0x0000022e89fb4550 DEOPT PACKING pc=0x0000022e9aa9e178 sp=0x000000b1e66ff050
Event: 5.404 Thread 0x0000022e89fb4550 DEOPT UNPACKING pc=0x0000022e92fc5c23 sp=0x000000b1e66fefe0 mode 2
Event: 6.915 Thread 0x0000022e89fb4550 DEOPT PACKING pc=0x0000022e9378f622 sp=0x000000b1e66ff0b0
Event: 6.915 Thread 0x0000022e89fb4550 DEOPT UNPACKING pc=0x0000022e92fc6763 sp=0x000000b1e66fe4c8 mode 0
Event: 11.264 Thread 0x0000022e89fb4550 DEOPT PACKING pc=0x0000022e937ac9ea sp=0x000000b1e66ff0e0
Event: 11.264 Thread 0x0000022e89fb4550 DEOPT UNPACKING pc=0x0000022e92fc6763 sp=0x000000b1e66fe558 mode 0
Event: 11.481 Thread 0x0000022e89fb4550 DEOPT PACKING pc=0x0000022e93782b8f sp=0x000000b1e66ff0c0
Event: 11.481 Thread 0x0000022e89fb4550 DEOPT UNPACKING pc=0x0000022e92fc6763 sp=0x000000b1e66fe538 mode 0

Classes unloaded (0 events):
No events

Classes redefined (0 events):
No events

Internal exceptions (20 events):
Event: 0.173 Thread 0x0000022e89fb4550 Exception <a 'java/lang/NoSuchMethodError'{0x0000000712a05238}: 'int java.lang.invoke.DirectMethodHandle$Holder.invokeSpecial(java.lang.Object, java.lang.Object, java.lang.Object)'> (0x0000000712a05238) 
thrown [t:\workspace\open\src\hotspot\share\interpreter\linkResolver.cpp, line 766]
Event: 0.194 Thread 0x0000022e89fb4550 Exception <a 'sun/nio/fs/WindowsException'{0x0000000712a4cb38}> (0x0000000712a4cb38) 
thrown [t:\workspace\open\src\hotspot\share\prims\jni.cpp, line 516]
Event: 0.194 Thread 0x0000022e89fb4550 Exception <a 'sun/nio/fs/WindowsException'{0x0000000712a4d088}> (0x0000000712a4d088) 
thrown [t:\workspace\open\src\hotspot\share\prims\jni.cpp, line 516]
Event: 0.260 Thread 0x0000022e89fb4550 Exception <a 'java/lang/NoSuchMethodError'{0x00000007129092e8}: 'int java.lang.invoke.DirectMethodHandle$Holder.invokeStaticInit(java.lang.Object, java.lang.Object, int, long)'> (0x00000007129092e8) 
thrown [t:\workspace\open\src\hotspot\share\interpreter\linkResolver.cpp, line 766]
Event: 0.260 Thread 0x0000022e89fb4550 Exception <a 'java/lang/NoSuchMethodError'{0x000000071290ebb0}: 'java.lang.Object java.lang.invoke.DirectMethodHandle$Holder.newInvokeSpecial(java.lang.Object, java.lang.Object, int)'> (0x000000071290ebb0) 
thrown [t:\workspace\open\src\hotspot\share\interpreter\linkResolver.cpp, line 766]
Event: 0.262 Thread 0x0000022e89fb4550 Exception <a 'java/lang/NoSuchMethodError'{0x000000071291d800}: 'int java.lang.invoke.DirectMethodHandle$Holder.invokeStaticInit(java.lang.Object, java.lang.Object, long, long)'> (0x000000071291d800) 
thrown [t:\workspace\open\src\hotspot\share\interpreter\linkResolver.cpp, line 766]
Event: 0.262 Thread 0x0000022e89fb4550 Exception <a 'java/lang/NoSuchMethodError'{0x0000000712923910}: 'java.lang.Object java.lang.invoke.DirectMethodHandle$Holder.newInvokeSpecial(java.lang.Object, java.lang.Object, long)'> (0x0000000712923910) 
thrown [t:\workspace\open\src\hotspot\share\interpreter\linkResolver.cpp, line 766]
Event: 0.263 Thread 0x0000022e89fb4550 Exception <a 'java/lang/NoSuchMethodError'{0x0000000712927958}: 'java.lang.Object java.lang.invoke.Invokers$Holder.linkToTargetMethod(java.lang.Object, long, java.lang.Object)'> (0x0000000712927958) 
thrown [t:\workspace\open\src\hotspot\share\interpreter\linkResolver.cpp, line 766]
Event: 0.263 Thread 0x0000022e89fb4550 Exception <a 'java/lang/NoSuchMethodError'{0x000000071292f0d8}: 'int java.lang.invoke.DirectMethodHandle$Holder.invokeStaticInit(java.lang.Object, java.lang.Object, java.lang.Object, long)'> (0x000000071292f0d8) 
thrown [t:\workspace\open\src\hotspot\share\interpreter\linkResolver.cpp, line 766]
Event: 0.280 Thread 0x0000022e89fb4550 Exception <a 'sun/nio/fs/WindowsException'{0x00000007129965e8}> (0x00000007129965e8) 
thrown [t:\workspace\open\src\hotspot\share\prims\jni.cpp, line 516]
Event: 0.280 Thread 0x0000022e89fb4550 Exception <a 'sun/nio/fs/WindowsException'{0x0000000712996978}> (0x0000000712996978) 
thrown [t:\workspace\open\src\hotspot\share\prims\jni.cpp, line 516]
Event: 0.305 Thread 0x0000022e89fb4550 Exception <a 'sun/nio/fs/WindowsException'{0x0000000712634d78}> (0x0000000712634d78) 
thrown [t:\workspace\open\src\hotspot\share\prims\jni.cpp, line 516]
Event: 0.305 Thread 0x0000022e89fb4550 Exception <a 'sun/nio/fs/WindowsException'{0x00000007126350d8}> (0x00000007126350d8) 
thrown [t:\workspace\open\src\hotspot\share\prims\jni.cpp, line 516]
Event: 0.341 Thread 0x0000022e89fb4550 Exception <a 'sun/nio/fs/WindowsException'{0x00000007126c1468}> (0x00000007126c1468) 
thrown [t:\workspace\open\src\hotspot\share\prims\jni.cpp, line 516]
Event: 0.341 Thread 0x0000022e89fb4550 Exception <a 'sun/nio/fs/WindowsException'{0x00000007126c17e8}> (0x00000007126c17e8) 
thrown [t:\workspace\open\src\hotspot\share\prims\jni.cpp, line 516]
Event: 0.743 Thread 0x0000022e89fb4550 Exception <a 'java/lang/NoSuchMethodError'{0x0000000712706a58}: 'java.lang.Object java.lang.invoke.DirectMethodHandle$Holder.newInvokeSpecial(java.lang.Object, long)'> (0x0000000712706a58) 
thrown [t:\workspace\open\src\hotspot\share\interpreter\linkResolver.cpp, line 766]
Event: 0.846 Thread 0x0000022e89fb4550 Exception <a 'sun/nio/fs/WindowsException'{0x000000071247d400}> (0x000000071247d400) 
thrown [t:\workspace\open\src\hotspot\share\prims\jni.cpp, line 516]
Event: 0.846 Thread 0x0000022e89fb4550 Exception <a 'sun/nio/fs/WindowsException'{0x000000071247d7a0}> (0x000000071247d7a0) 
thrown [t:\workspace\open\src\hotspot\share\prims\jni.cpp, line 516]
Event: 0.849 Thread 0x0000022e89fb4550 Exception <a 'sun/nio/fs/WindowsException'{0x000000071248dc70}> (0x000000071248dc70) 
thrown [t:\workspace\open\src\hotspot\share\prims\jni.cpp, line 516]
Event: 0.849 Thread 0x0000022e89fb4550 Exception <a 'sun/nio/fs/WindowsException'{0x000000071248df40}> (0x000000071248df40) 
thrown [t:\workspace\open\src\hotspot\share\prims\jni.cpp, line 516]

VM Operations (20 events):
Event: 2.801 Executing VM operation: G1CollectForAllocation
Event: 2.806 Executing VM operation: G1CollectForAllocation done
Event: 2.815 Executing VM operation: HandshakeAllThreads
Event: 2.815 Executing VM operation: HandshakeAllThreads done
Event: 2.919 Executing VM operation: HandshakeAllThreads
Event: 2.919 Executing VM operation: HandshakeAllThreads done
Event: 3.931 Executing VM operation: Cleanup
Event: 3.931 Executing VM operation: Cleanup done
Event: 4.943 Executing VM operation: Cleanup
Event: 4.943 Executing VM operation: Cleanup done
Event: 5.951 Executing VM operation: Cleanup
Event: 5.951 Executing VM operation: Cleanup done
Event: 7.967 Executing VM operation: Cleanup
Event: 7.967 Executing VM operation: Cleanup done
Event: 9.987 Executing VM operation: Cleanup
Event: 9.987 Executing VM operation: Cleanup done
Event: 10.995 Executing VM operation: Cleanup
Event: 10.996 Executing VM operation: Cleanup done
Event: 12.003 Executing VM operation: Cleanup
Event: 12.004 Executing VM operation: Cleanup done

Events (20 events):
Event: 10.332 loading class jdk/internal/reflect/ByteVector
Event: 10.332 loading class jdk/internal/reflect/ByteVector done
Event: 10.332 loading class jdk/internal/reflect/ByteVectorImpl done
Event: 10.332 loading class jdk/internal/reflect/ClassFileAssembler
Event: 10.333 loading class jdk/internal/reflect/ClassFileAssembler done
Event: 10.333 loading class jdk/internal/reflect/UTF8
Event: 10.333 loading class jdk/internal/reflect/UTF8 done
Event: 10.333 loading class jdk/internal/reflect/Label
Event: 10.333 loading class jdk/internal/reflect/Label done
Event: 10.333 loading class jdk/internal/reflect/Label$PatchInfo
Event: 10.333 loading class jdk/internal/reflect/Label$PatchInfo done
Event: 10.333 loading class jdk/internal/reflect/MethodAccessorGenerator$1
Event: 10.333 loading class jdk/internal/reflect/MethodAccessorGenerator$1 done
Event: 10.333 loading class jdk/internal/reflect/ClassDefiner
Event: 10.333 loading class jdk/internal/reflect/ClassDefiner done
Event: 10.333 loading class jdk/internal/reflect/ClassDefiner$1
Event: 10.333 loading class jdk/internal/reflect/ClassDefiner$1 done
Event: 10.333 loading class jdk/internal/reflect/BootstrapConstructorAccessorImpl
Event: 10.333 loading class jdk/internal/reflect/BootstrapConstructorAccessorImpl done
Event: 12.299 Thread 0x0000022eb202cd00 Thread exited: 0x0000022eb202cd00


Dynamic libraries:
0x00007ff7198a0000 - 0x00007ff7198b0000 	C:\Program Files\Java\jdk-17.0.1\bin\java.exe
0x00007ffe36970000 - 0x00007ffe36b86000 	C:\WINDOWS\SYSTEM32\ntdll.dll
0x00007ffe35750000 - 0x00007ffe35814000 	C:\WINDOWS\System32\KERNEL32.DLL
0x00007ffe34060000 - 0x00007ffe34407000 	C:\WINDOWS\System32\KERNELBASE.dll
0x00007ffe344d0000 - 0x00007ffe345e1000 	C:\WINDOWS\System32\ucrtbase.dll
0x00007ffe28220000 - 0x00007ffe28238000 	C:\Program Files\Java\jdk-17.0.1\bin\jli.dll
0x00007ffe346a0000 - 0x00007ffe34752000 	C:\WINDOWS\System32\ADVAPI32.dll
0x00007ffe18de0000 - 0x00007ffe18dfa000 	C:\Program Files\Java\jdk-17.0.1\bin\VCRUNTIME140.dll
0x00007ffe35900000 - 0x00007ffe359a7000 	C:\WINDOWS\System32\msvcrt.dll
0x00007ffe35690000 - 0x00007ffe35738000 	C:\WINDOWS\System32\sechost.dll
0x00007ffe34670000 - 0x00007ffe34698000 	C:\WINDOWS\System32\bcrypt.dll
0x00007ffe35570000 - 0x00007ffe35685000 	C:\WINDOWS\System32\RPCRT4.dll
0x00007ffe35200000 - 0x00007ffe353ae000 	C:\WINDOWS\System32\USER32.dll
0x00007ffe33f90000 - 0x00007ffe33fb6000 	C:\WINDOWS\System32\win32u.dll
0x00007ffe34760000 - 0x00007ffe34789000 	C:\WINDOWS\System32\GDI32.dll
0x00007ffe224d0000 - 0x00007ffe22763000 	C:\WINDOWS\WinSxS\amd64_microsoft.windows.common-controls_6595b64144ccf1df_6.0.22621.3235_none_270f74e173860f98\COMCTL32.dll
0x00007ffe33e00000 - 0x00007ffe33f19000 	C:\WINDOWS\System32\gdi32full.dll
0x00007ffe33fc0000 - 0x00007ffe3405a000 	C:\WINDOWS\System32\msvcp_win.dll
0x00007ffe244e0000 - 0x00007ffe244ea000 	C:\WINDOWS\SYSTEM32\VERSION.dll
0x00007ffe34eb0000 - 0x00007ffe34ee1000 	C:\WINDOWS\System32\IMM32.DLL
0x00007ffe28210000 - 0x00007ffe2821c000 	C:\Program Files\Java\jdk-17.0.1\bin\vcruntime140_1.dll
0x00007ffe0d790000 - 0x00007ffe0d81d000 	C:\Program Files\Java\jdk-17.0.1\bin\msvcp140.dll
0x00007ffd7cb50000 - 0x00007ffd7d70e000 	C:\Program Files\Java\jdk-17.0.1\bin\server\jvm.dll
0x00007ffe35740000 - 0x00007ffe35748000 	C:\WINDOWS\System32\PSAPI.DLL
0x00007ffe2aa00000 - 0x00007ffe2aa34000 	C:\WINDOWS\SYSTEM32\WINMM.dll
0x00007ffe17410000 - 0x00007ffe17419000 	C:\WINDOWS\SYSTEM32\WSOCK32.dll
0x00007ffe359b0000 - 0x00007ffe35a21000 	C:\WINDOWS\System32\WS2_32.dll
0x00007ffe32c90000 - 0x00007ffe32ca8000 	C:\WINDOWS\SYSTEM32\kernel.appcore.dll
0x00007ffe242a0000 - 0x00007ffe242aa000 	C:\Program Files\Java\jdk-17.0.1\bin\jimage.dll
0x00007ffe313c0000 - 0x00007ffe315f3000 	C:\WINDOWS\SYSTEM32\DBGHELP.DLL
0x00007ffe363c0000 - 0x00007ffe36748000 	C:\WINDOWS\System32\combase.dll
0x00007ffe35820000 - 0x00007ffe358f7000 	C:\WINDOWS\System32\OLEAUT32.dll
0x00007ffe24550000 - 0x00007ffe24582000 	C:\WINDOWS\SYSTEM32\dbgcore.DLL
0x00007ffe345f0000 - 0x00007ffe34669000 	C:\WINDOWS\System32\bcryptPrimitives.dll
0x00007ffe0d760000 - 0x00007ffe0d785000 	C:\Program Files\Java\jdk-17.0.1\bin\java.dll
0x00007ffda4ab0000 - 0x00007ffda4b86000 	C:\Program Files\Java\jdk-17.0.1\bin\svml.dll
0x00007ffe35a30000 - 0x00007ffe3628c000 	C:\WINDOWS\System32\SHELL32.dll
0x00007ffe31ba0000 - 0x00007ffe32499000 	C:\WINDOWS\SYSTEM32\windows.storage.dll
0x00007ffe31a60000 - 0x00007ffe31b9e000 	C:\WINDOWS\SYSTEM32\wintypes.dll
0x00007ffe34db0000 - 0x00007ffe34ea3000 	C:\WINDOWS\System32\SHCORE.dll
0x00007ffe368d0000 - 0x00007ffe3692e000 	C:\WINDOWS\System32\shlwapi.dll
0x00007ffe33bc0000 - 0x00007ffe33be1000 	C:\WINDOWS\SYSTEM32\profapi.dll
0x00007ffe18d80000 - 0x00007ffe18d99000 	C:\Program Files\Java\jdk-17.0.1\bin\net.dll
0x00007ffe2dba0000 - 0x00007ffe2dcd6000 	C:\WINDOWS\SYSTEM32\WINHTTP.dll
0x00007ffe33100000 - 0x00007ffe33169000 	C:\WINDOWS\system32\mswsock.dll
0x00007ffe0d740000 - 0x00007ffe0d755000 	C:\Program Files\Java\jdk-17.0.1\bin\nio.dll
0x00007ffe0d720000 - 0x00007ffe0d738000 	C:\Program Files\Java\jdk-17.0.1\bin\zip.dll
0x000000006e700000 - 0x000000006e72d000 	C:\Users\henri\AppData\Local\Temp\libgdxhenri\2a9d7f76\gdx64.dll
0x00007ffe031e0000 - 0x00007ffe0325b000 	C:\Users\henri\AppData\Local\Temp\lwjgl_henri\3.3.3+5\x64\lwjgl.dll
0x00007ffd90fd0000 - 0x00007ffd91240000 	C:\Users\henri\AppData\Local\Temp\lwjgl_henri\3.3.3+5\x64\jemalloc.dll
0x00007ffe02970000 - 0x00007ffe029f2000 	C:\Users\henri\AppData\Local\Temp\lwjgl_henri\3.3.3+5\x64\glfw.dll
0x00007ffe022d0000 - 0x00007ffe02316000 	C:\WINDOWS\SYSTEM32\dinput8.dll
0x00007ffe282a0000 - 0x00007ffe282b1000 	C:\WINDOWS\SYSTEM32\xinput1_4.dll
0x00007ffe339a0000 - 0x00007ffe339ee000 	C:\WINDOWS\SYSTEM32\cfgmgr32.dll
0x00007ffe33950000 - 0x00007ffe3397c000 	C:\WINDOWS\SYSTEM32\DEVOBJ.dll
0x00007ffe30d70000 - 0x00007ffe30d9b000 	C:\WINDOWS\SYSTEM32\dwmapi.dll
0x00007ffe0f610000 - 0x00007ffe0f81a000 	C:\WINDOWS\SYSTEM32\inputhost.dll
0x00007ffe306c0000 - 0x00007ffe307f4000 	C:\WINDOWS\SYSTEM32\CoreMessaging.dll
0x00007ffe30ac0000 - 0x00007ffe30b6b000 	C:\WINDOWS\system32\uxtheme.dll
0x00007ffe36770000 - 0x00007ffe368c3000 	C:\WINDOWS\System32\MSCTF.dll
0x00007ffe333a0000 - 0x00007ffe333ac000 	C:\WINDOWS\SYSTEM32\CRYPTBASE.DLL
0x00007ffd88040000 - 0x00007ffd88207000 	C:\Users\henri\AppData\Local\Temp\lwjgl_henri\3.3.3+5\x64\OpenAL.dll
0x00007ffe353c0000 - 0x00007ffe35565000 	C:\WINDOWS\System32\ole32.dll
0x00007ffe36310000 - 0x00007ffe363c0000 	C:\WINDOWS\System32\clbcatq.dll
0x00007ffe23bc0000 - 0x00007ffe23c5d000 	C:\WINDOWS\System32\MMDevApi.dll
0x00007ffe15cb0000 - 0x00007ffe15e9c000 	C:\WINDOWS\SYSTEM32\AUDIOSES.DLL
0x00007ffe310b0000 - 0x00007ffe310c5000 	C:\WINDOWS\SYSTEM32\resourcepolicyclient.dll
0x00007ffe33510000 - 0x00007ffe3355d000 	C:\WINDOWS\SYSTEM32\powrprof.dll
0x00007ffe334f0000 - 0x00007ffe33503000 	C:\WINDOWS\SYSTEM32\UMPDC.dll
0x00007ffdf6be0000 - 0x00007ffdf6ce0000 	C:\WINDOWS\SYSTEM32\opengl32.dll
0x00007ffdf6b70000 - 0x00007ffdf6b9d000 	C:\WINDOWS\SYSTEM32\GLU32.dll
0x00007ffe30c00000 - 0x00007ffe30c39000 	C:\WINDOWS\SYSTEM32\dxcore.dll
0x00007ffe2d250000 - 0x00007ffe2d29a000 	C:\WINDOWS\SYSTEM32\directxdatabasehelper.dll
0x00007ffe2cbe0000 - 0x00007ffe2cd17000 	C:\Windows\System32\AppXDeploymentClient.dll
0x00007ffd78250000 - 0x00007ffd79223000 	C:\WINDOWS\System32\DriverStore\FileRepository\iigd_dch.inf_amd64_3a2f90c1eb2e1524\igxelpicd64.dll
0x00007ffe30c60000 - 0x00007ffe30d58000 	C:\WINDOWS\system32\dxgi.dll
0x00007ffd7c6c0000 - 0x00007ffd7cb47000 	C:\WINDOWS\System32\DriverStore\FileRepository\iigd_dch.inf_amd64_3a2f90c1eb2e1524\igdml64.dll
0x00007ffe27cb0000 - 0x00007ffe28071000 	C:\WINDOWS\System32\DriverStore\FileRepository\iigd_dch.inf_amd64_3a2f90c1eb2e1524\igdgmm64.dll
0x00007ffe24aa0000 - 0x00007ffe27ca6000 	C:\WINDOWS\System32\DriverStore\FileRepository\iigd_dch.inf_amd64_3a2f90c1eb2e1524\igc64.dll
0x00007ffddf660000 - 0x00007ffddf6be000 	C:\Users\henri\AppData\Local\Temp\lwjgl_henri\3.3.3+5\x64\lwjgl_opengl.dll
0x00007ffe0f420000 - 0x00007ffe0f56a000 	C:\WINDOWS\SYSTEM32\textinputframework.dll
0x00007ffe2c030000 - 0x00007ffe2c39c000 	C:\WINDOWS\SYSTEM32\CoreUIComponents.dll
0x0000000066b00000 - 0x0000000066b5a000 	C:\Users\henri\AppData\Local\Temp\libgdxhenri\5e84b8da\gdx-box2d64.dll

dbghelp: loaded successfully - version: 4.0.5 - missing functions: none
symbol engine: initialized successfully - sym options: 0x614 - pdb path: .;C:\Program Files\Java\jdk-17.0.1\bin;C:\WINDOWS\SYSTEM32;C:\WINDOWS\WinSxS\amd64_microsoft.windows.common-controls_6595b64144ccf1df_6.0.22621.3235_none_270f74e173860f98;C:\Program Files\Java\jdk-17.0.1\bin\server;C:\Users\henri\AppData\Local\Temp\libgdxhenri\2a9d7f76;C:\Users\henri\AppData\Local\Temp\lwjgl_henri\3.3.3+5\x64;C:\WINDOWS\System32\DriverStore\FileRepository\iigd_dch.inf_amd64_3a2f90c1eb2e1524;C:\Users\henri\AppData\Local\Temp\libgdxhenri\5e84b8da

VM Arguments:
jvm_args: -XX:+ShowCodeDetailsInExceptionMessages 
java_command: inf112.skeleton.app.Main
java_class_path (initial): C:\Users\henri\.vscode\ctrl-alt-defeat\target\classes;C:\Users\henri\.m2\repository\com\badlogicgames\gdx\gdx\1.12.1\gdx-1.12.1.jar;C:\Users\henri\.m2\repository\com\badlogicgames\gdx\gdx-jnigen-loader\2.3.1\gdx-jnigen-loader-2.3.1.jar;C:\Users\henri\.m2\repository\com\badlogicgames\gdx\gdx-platform\1.12.1\gdx-platform-1.12.1-natives-desktop.jar;C:\Users\henri\.m2\repository\com\badlogicgames\gdx\gdx-backend-lwjgl3\1.12.1\gdx-backend-lwjgl3-1.12.1.jar;C:\Users\henri\.m2\repository\org\lwjgl\lwjgl\3.3.3\lwjgl-3.3.3.jar;C:\Users\henri\.m2\repository\org\lwjgl\lwjgl\3.3.3\lwjgl-3.3.3-natives-linux.jar;C:\Users\henri\.m2\repository\org\lwjgl\lwjgl\3.3.3\lwjgl-3.3.3-natives-linux-arm32.jar;C:\Users\henri\.m2\repository\org\lwjgl\lwjgl\3.3.3\lwjgl-3.3.3-natives-linux-arm64.jar;C:\Users\henri\.m2\repository\org\lwjgl\lwjgl\3.3.3\lwjgl-3.3.3-natives-macos.jar;C:\Users\henri\.m2\repository\org\lwjgl\lwjgl\3.3.3\lwjgl-3.3.3-natives-macos-arm64.jar;C:\Users\henri\.m2\repository\org\lwjgl\lwjgl\3.3.3\lwjgl-3.3.3-natives-windows.jar;C:\Users\henri\.m2\repository\org\lwjgl\lwjgl\3.3.3\lwjgl-3.3.3-natives-windows-x86.jar;C:\Users\henri\.m2\repository\org\lwjgl\lwjgl-glfw\3.3.3\lwjgl-glfw-3.3.3.jar;C:\Users\henri\.m2\repository\org\lwjgl\lwjgl-glfw\3.3.3\lwjgl-glfw-3.3.3-natives-linux.jar;C:\Users\henri\.m2\repository\org\lwjgl\lwjgl-glfw\3.3.3\lwjgl-glfw-3.3.3-natives-linux-arm32.jar;C:\Users\henri\.m2\repository\org\lwjgl\lwjgl-glfw\3.3.3\lwjgl-glfw-3.3.3-natives-linux-arm64.jar;C:\Users\henri\.m2\repository\org\lwjgl\lwjgl-glfw\3.3.3\lwjgl-glfw-3.3.3-natives-macos.jar;C:\Users\henri\.m2\repository\org\lwjgl\lwjgl-glfw\3.3.3\lwjgl-glfw-3.3.3-natives-macos-arm64.jar;C:\Users\henri\.m2\repository\org\lwjgl\lwjgl-glfw\3.3.3\lwjgl-glfw-3.3.3-natives-windows.jar;C:\Users\henri\.m2\repository\org\lwjgl\lwjgl-glfw\3.3.3\lwjgl-glfw-3.3.3-natives-windows-x86.jar;C:\Users\henri\.m2\repository\org\lwjgl\lwjgl-jemalloc\3.3.3\lwjgl-jemalloc-3.3.3.jar;C:\Users\henr
Launcher Type: SUN_STANDARD

[Global flags]
     intx CICompilerCount                          = 4                                         {product} {ergonomic}
     uint ConcGCThreads                            = 2                                         {product} {ergonomic}
     uint G1ConcRefinementThreads                  = 8                                         {product} {ergonomic}
   size_t G1HeapRegionSize                         = 2097152                                   {product} {ergonomic}
    uintx GCDrainStackTargetSize                   = 64                                        {product} {ergonomic}
   size_t InitialHeapSize                          = 266338304                                 {product} {ergonomic}
   size_t MarkStackSize                            = 4194304                                   {product} {ergonomic}
   size_t MaxHeapSize                              = 4242538496                                {product} {ergonomic}
   size_t MaxNewSize                               = 2543845376                                {product} {ergonomic}
   size_t MinHeapDeltaBytes                        = 2097152                                   {product} {ergonomic}
   size_t MinHeapSize                              = 8388608                                   {product} {ergonomic}
    uintx NonNMethodCodeHeapSize                   = 5839372                                {pd product} {ergonomic}
    uintx NonProfiledCodeHeapSize                  = 122909434                              {pd product} {ergonomic}
    uintx ProfiledCodeHeapSize                     = 122909434                              {pd product} {ergonomic}
    uintx ReservedCodeCacheSize                    = 251658240                              {pd product} {ergonomic}
     bool SegmentedCodeCache                       = true                                      {product} {ergonomic}
     bool ShowCodeDetailsInExceptionMessages       = true                                   {manageable} {command line}
   size_t SoftMaxHeapSize                          = 4242538496                             {manageable} {ergonomic}
     bool UseCompressedClassPointers               = true                           {product lp64_product} {ergonomic}
     bool UseCompressedOops                        = true                           {product lp64_product} {ergonomic}
     bool UseG1GC                                  = true                                      {product} {ergonomic}
     bool UseLargePagesIndividualAllocation        = false                                  {pd product} {ergonomic}

Logging:
Log output configuration:
 #0: stdout all=warning uptime,level,tags
 #1: stderr all=off uptime,level,tags

Environment Variables:
PATH=C:\Program Files\Common Files\Oracle\Java\javapath;C:\Program Files (x86)\Common Files\Oracle\Java\javapath;C:\WINDOWS\system32;C:\WINDOWS;C:\WINDOWS\System32\Wbem;C:\WINDOWS\System32\WindowsPowerShell\v1.0\;C:\WINDOWS\System32\OpenSSH\;C:\Program Files (x86)\Calibre2\;C:\Program Files\Git\cmd;C:\Program Files\dotnet\;C:\Program Files\MATLAB\R2023a\bin;C:\Program Files\MATLAB\R2022b\bin;C:\Users\henri\AppData\Local\Programs\Python\Python39\Scripts\;C:\Users\henri\AppData\Local\Programs\Python\Python39\;C:\Users\henri\AppData\Local\Microsoft\WindowsApps;C:\Users\henri\AppData\Local\Programs\Microsoft VS Code\bin;C:\Users\henri\AppData\Local\GitHubDesktop\bin;C:\ghcup\bin;
USERNAME=henri
LANG=en_US.UTF-8
OS=Windows_NT
PROCESSOR_IDENTIFIER=Intel64 Family 6 Model 140 Stepping 1, GenuineIntel



---------------  S Y S T E M  ---------------

OS:
 Windows 10 , 64 bit Build 22621 (10.0.22621.3374)
OS uptime: 2 days 15:26 hours
Hyper-V role detected

CPU: total 8 (initial active 8) (4 cores per cpu, 2 threads per core) family 6 model 140 stepping 1 microcode 0x86, cx8, cmov, fxsr, ht, mmx, 3dnowpref, sse, sse2, sse3, ssse3, sse4.1, sse4.2, popcnt, lzcnt, tsc, tscinvbit, avx, avx2, aes, erms, clmul, bmi1, bmi2, adx, avx512f, avx512dq, avx512cd, avx512bw, avx512vl, sha, fma, vzeroupper, avx512_vpopcntdq, avx512_vpclmulqdq, avx512_vaes, avx512_vnni, clflush, clflushopt, clwb, avx512_vbmi2, avx512_vbmi, hv

Memory: 4k page, system-wide physical 16179M (6463M free)
TotalPageFile size 32563M (AvailPageFile size 18099M)
current process WorkingSet (physical memory assigned to process): 258M, peak: 258M
current process commit charge ("private bytes"): 479M, peak: 482M

vm_info: Java HotSpot(TM) 64-Bit Server VM (17.0.1+12-LTS-39) for windows-amd64 JRE (17.0.1+12-LTS-39), built on Sep 27 2021 18:41:35 by "mach5one" with MS VC++ 16.8 (VS2019)

END.
