#
# A fatal error has been detected by the Java Runtime Environment:
#
#  EXCEPTION_ACCESS_VIOLATION (0xc0000005) at pc=0x0000000066b20000, pid=14944, tid=8900
#
# JRE version: Java(TM) SE Runtime Environment (17.0.1+12) (build 17.0.1+12-LTS-39)
# Java VM: Java HotSpot(TM) 64-Bit Server VM (17.0.1+12-LTS-39, mixed mode, sharing, tiered, compressed oops, compressed class ptrs, g1 gc, windows-amd64)
# Problematic frame:
# C  [gdx-box2d64.dll+0x20000]
#
# No core dump will be written. Minidumps are not enabled by default on client versions of Windows
#
# If you would like to submit a bug report, please visit:
#   https://bugreport.java.com/bugreport/crash.jsp
# The crash happened outside the Java Virtual Machine in native code.
# See problematic frame for where to report the bug.
#

---------------  S U M M A R Y ------------

Command Line: -XX:+ShowCodeDetailsInExceptionMessages inf112.skeleton.app.Main

Host: 11th Gen Intel(R) Core(TM) i7-1165G7 @ 2.80GHz, 8 cores, 15G,  Windows 10 , 64 bit Build 22621 (10.0.22621.3374)
Time: Sun Apr 28 20:13:26 2024 Vest-Europa (sommertid) elapsed time: 8.933231 seconds (0d 0h 0m 8s)

---------------  T H R E A D  ---------------

Current thread (0x000001976aee60a0):  JavaThread "main" [_thread_in_native, id=8900, stack(0x0000004e3c000000,0x0000004e3c100000)]

Stack: [0x0000004e3c000000,0x0000004e3c100000],  sp=0x0000004e3c0ff158,  free space=1020k
Native frames: (J=compiled Java code, j=interpreted, Vv=VM code, C=native code)
C  [gdx-box2d64.dll+0x20000]

Java frames: (J=compiled Java code, j=interpreted, Vv=VM code)
j  com.badlogic.gdx.physics.box2d.World.jniStep(JFII)V+0
j  com.badlogic.gdx.physics.box2d.World.step(FII)V+8
j  inf112.Screens.ShowGame.update(F)V+53
j  inf112.Screens.ShowGame.updateState(F)V+2
j  inf112.Screens.ShowGame.render(F)V+2
J 1395 c1 com.badlogic.gdx.backends.lwjgl3.Lwjgl3Window.update()Z (217 bytes) @ 0x000001970083418c [0x0000019700833400+0x0000000000000d8c]
j  com.badlogic.gdx.backends.lwjgl3.Lwjgl3Application.loop()V+111
j  com.badlogic.gdx.backends.lwjgl3.Lwjgl3Application.<init>(Lcom/badlogic/gdx/ApplicationListener;Lcom/badlogic/gdx/backends/lwjgl3/Lwjgl3ApplicationConfiguration;)V+269
j  inf112.skeleton.app.Main.main([Ljava/lang/String;)V+17
v  ~StubRoutines::call_stub

siginfo: EXCEPTION_ACCESS_VIOLATION (0xc0000005), writing address 0x00000197113f1aa8


Register to memory mapping:

RIP=0x0000000066b20000 gdx-box2d64.dll
RAX=0x0000000066b46700 gdx-box2d64.dll
RBX={method} {0x000001971c884cb0} 'jniStep' '(JFII)V' in 'com/badlogic/gdx/physics/box2d/World'
RCX=0x00000197113d87a0 points into unknown readable memory: 0x0000019711429130 | 30 91 42 11 97 01 00 00
RDX=0x0000004e3c0ff180 is pointing into the stack for thread: 0x000001976aee60a0
RSP=0x0000004e3c0ff158 is pointing into the stack for thread: 0x000001976aee60a0
RBP=0x0000004e3c0ff278 is pointing into the stack for thread: 0x000001976aee60a0
RSI=0x000001977ede50a0 is pointing into metadata
RDI=0x00000000000001b0 is an unknown value
R8 =0x00000197113d87a0 points into unknown readable memory: 0x0000019711429130 | 30 91 42 11 97 01 00 00
R9 =0x0000000712c39430 is an oop: java.util.concurrent.atomic.AtomicInteger 
{0x0000000712c39430} - klass: 'java/util/concurrent/atomic/AtomicInteger'
 - ---- fields (total size 2 words):
 - private volatile 'value' 'I' @12  0
R10=0x000001970000d5f2 is at code_begin+946 in an Interpreter codelet
method entry point (kind = native)  [0x000001970000d240, 0x000001970000dbc0]  2432 bytes
R11=0x0000000000000102 is an unknown value
R12=0x00000197113d87a0 points into unknown readable memory: 0x0000019711429130 | 30 91 42 11 97 01 00 00
R13={method} {0x000001971c884cb0} 'jniStep' '(JFII)V' in 'com/badlogic/gdx/physics/box2d/World'
R14=0x0000004e3c0ff2c0 is pointing into the stack for thread: 0x000001976aee60a0
R15=0x000001976aee60a0 is a thread


Registers:
RAX=0x0000000066b46700, RBX=0x000001971c884ca8, RCX=0x00000197113d87a0, RDX=0x0000004e3c0ff180
RSP=0x0000004e3c0ff158, RBP=0x0000004e3c0ff278, RSI=0x000001977ede50a0, RDI=0x00000000000001b0
R8 =0x00000197113d87a0, R9 =0x0000000712c39430, R10=0x000001970000d5f2, R11=0x0000000000000102
R12=0x00000197113d87a0, R13=0x000001971c884ca8, R14=0x0000004e3c0ff2c0, R15=0x000001976aee60a0
RIP=0x0000000066b20000, EFLAGS=0x0000000000010206

Top of Stack: (sp=0x0000004e3c0ff158)
0x0000004e3c0ff158:   0000000066b263aa 00000197105ccf40
0x0000004e3c0ff168:   00007ffd89610b20 000000003c1d89d9
0x0000004e3c0ff178:   00007ffd89612e66 0000000066b466a0
0x0000004e3c0ff188:   000001976aee6348 0000004e3c0ff2c0
0x0000004e3c0ff198:   0000000000000001 0000000066b46700
0x0000004e3c0ff1a8:   000001976aee6348 0000004e3c0ff2c0
0x0000004e3c0ff1b8:   0000004e3c0ff1b8 0000000000000000
0x0000004e3c0ff1c8:   0000000000000000 0000000000000000
0x0000004e3c0ff1d8:   000001970000d621 000000071179dfb8
0x0000004e3c0ff1e8:   000000080038b280 0000000000000000
0x0000004e3c0ff1f8:   0000004e3c0ff210 0000004e00000006
0x0000004e3c0ff208:   0000019700000002 0000000712c39430
0x0000004e3c0ff218:   0000004e3c0ff218 000001977eda1a9c
0x0000004e3c0ff228:   0000004e3c0ff270 0000004e3c0ff230
0x0000004e3c0ff238:   0000000000000000 0000004e3c0ff2c0
0x0000004e3c0ff248:   000001971c894f20 0000000000000000 

Instructions: (pc=0x0000000066b20000)
0x0000000066b1ff00:   89 a4 24 18 93 01 00 49 c7 84 24 60 93 01 00 00
0x0000000066b1ff10:   00 00 00 49 c7 84 24 68 93 01 00 00 00 00 00 49
0x0000000066b1ff20:   c7 84 24 70 93 01 00 00 00 00 00 49 c7 84 24 78
0x0000000066b1ff30:   93 01 00 00 00 00 00 48 83 c4 20 5b 41 5c 41 5d
0x0000000066b1ff40:   c3 49 89 c5 4c 89 e1 e8 24 ae fe ff 4c 89 e9 e8
0x0000000066b1ff50:   7c 37 01 00 48 89 c3 4c 89 e9 e8 91 b7 fe ff 49
0x0000000066b1ff60:   89 dd eb e0 66 66 2e 0f 1f 84 00 00 00 00 00 90
0x0000000066b1ff70:   41 54 56 53 48 83 ec 20 48 8b b1 20 93 01 00 49
0x0000000066b1ff80:   89 cc 48 85 f6 74 39 48 89 f0 48 8b 76 68 48 8b
0x0000000066b1ff90:   58 70 48 85 db 74 eb 66 0f 1f 84 00 00 00 00 00
0x0000000066b1ffa0:   48 89 d9 48 8b 5b 08 4c 89 e2 c7 41 30 00 00 00
0x0000000066b1ffb0:   00 e8 5a e8 ff ff 48 85 db 75 e5 48 85 f6 75 c7
0x0000000066b1ffc0:   49 8d 8c 24 a0 92 01 00 e8 93 35 fe ff 49 8d 8c
0x0000000066b1ffd0:   24 80 00 00 00 e8 16 b7 fe ff 4c 89 e1 48 83 c4
0x0000000066b1ffe0:   20 5b 5e 41 5c e9 86 ad fe ff 66 0f 1f 44 00 00
0x0000000066b1fff0:   48 89 91 48 93 01 00 c3 0f 1f 84 00 00 00 00 00
0x0000000066b20000:   48 89 91 08 93 01 00 c3 0f 1f 84 00 00 00 00 00
0x0000000066b20010:   48 89 91 10 93 01 00 c3 0f 1f 84 00 00 00 00 00
0x0000000066b20020:   48 89 91 50 93 01 00 c3 0f 1f 84 00 00 00 00 00
0x0000000066b20030:   41 55 41 54 53 48 83 ec 20 48 89 cb 49 89 d5 f6
0x0000000066b20040:   81 98 92 01 00 02 75 58 ba b8 00 00 00 48 89 d9
0x0000000066b20050:   e8 6b ad fe ff 49 89 d8 4c 89 ea 49 89 c4 48 89
0x0000000066b20060:   c1 e8 4a cf ff ff 49 c7 44 24 60 00 00 00 00 48
0x0000000066b20070:   8b 83 20 93 01 00 49 89 44 24 68 48 85 c0 74 04
0x0000000066b20080:   4c 89 60 60 83 83 30 93 01 00 01 4c 89 e0 4c 89
0x0000000066b20090:   a3 20 93 01 00 48 83 c4 20 5b 41 5c 41 5d c3 90
0x0000000066b200a0:   41 b8 6d 00 00 00 48 8d 15 73 26 02 00 48 8d 0d
0x0000000066b200b0:   ca 26 02 00 45 31 e4 ff 15 f7 62 03 00 f6 83 98
0x0000000066b200c0:   92 01 00 02 74 82 4c 89 e0 48 83 c4 20 5b 41 5c
0x0000000066b200d0:   41 5d c3 90 66 66 2e 0f 1f 84 00 00 00 00 00 90
0x0000000066b200e0:   56 53 48 83 ec 28 48 89 cb 48 89 d6 f6 81 98 92
0x0000000066b200f0:   01 00 02 0f 85 e7 00 00 00 48 89 da 48 89 f1 e8 


Stack slot to memory mapping:
stack at sp + 0 slots: 0x0000000066b263aa gdx-box2d64.dll
stack at sp + 1 slots: 0x00000197105ccf40 points into unknown readable memory: 0x0000019710569d00 | 00 9d 56 10 97 01 00 00
stack at sp + 2 slots: 0x00007ffd89610b20 igxelpicd64.dll
stack at sp + 3 slots: 0x000000003c1d89d9 is an unknown value
stack at sp + 4 slots: 0x00007ffd89612e66 igxelpicd64.dll
stack at sp + 5 slots: 0x0000000066b466a0 gdx-box2d64.dll
stack at sp + 6 slots: 0x000001976aee6348 points into unknown readable memory: 0x000001977f8c1ea0 | a0 1e 8c 7f 97 01 00 00
stack at sp + 7 slots: 0x0000004e3c0ff2c0 is pointing into the stack for thread: 0x000001976aee60a0


---------------  P R O C E S S  ---------------

Threads class SMR info:
_java_thread_list=0x000001977fe96ff0, length=14, elements={
0x000001976aee60a0, 0x000001977eaa5960, 0x000001977eaa7430, 0x000001977eabcec0,
0x000001977eabd980, 0x000001977eac2360, 0x000001977eac2c20, 0x000001977eac38c0,
0x000001977eac4270, 0x000001977eac8b90, 0x000001977f527700, 0x000001977f530070,
0x00000197104fa560, 0x0000019710a94880
}

Java Threads: ( => current thread )
=>0x000001976aee60a0 JavaThread "main" [_thread_in_native, id=8900, stack(0x0000004e3c000000,0x0000004e3c100000)]
  0x000001977eaa5960 JavaThread "Reference Handler" daemon [_thread_blocked, id=23372, stack(0x0000004e3c700000,0x0000004e3c800000)]
  0x000001977eaa7430 JavaThread "Finalizer" daemon [_thread_blocked, id=18628, stack(0x0000004e3c800000,0x0000004e3c900000)]
  0x000001977eabcec0 JavaThread "Signal Dispatcher" daemon [_thread_blocked, id=20672, stack(0x0000004e3c900000,0x0000004e3ca00000)]
  0x000001977eabd980 JavaThread "Attach Listener" daemon [_thread_blocked, id=22796, stack(0x0000004e3ca00000,0x0000004e3cb00000)]
  0x000001977eac2360 JavaThread "Service Thread" daemon [_thread_blocked, id=11092, stack(0x0000004e3cb00000,0x0000004e3cc00000)]
  0x000001977eac2c20 JavaThread "Monitor Deflation Thread" daemon [_thread_blocked, id=20964, stack(0x0000004e3cc00000,0x0000004e3cd00000)]
  0x000001977eac38c0 JavaThread "C2 CompilerThread0" daemon [_thread_blocked, id=22196, stack(0x0000004e3cd00000,0x0000004e3ce00000)]
  0x000001977eac4270 JavaThread "C1 CompilerThread0" daemon [_thread_blocked, id=23032, stack(0x0000004e3ce00000,0x0000004e3cf00000)]
  0x000001977eac8b90 JavaThread "Sweeper thread" daemon [_thread_blocked, id=7316, stack(0x0000004e3cf00000,0x0000004e3d000000)]
  0x000001977f527700 JavaThread "Notification Thread" daemon [_thread_blocked, id=19992, stack(0x0000004e3d000000,0x0000004e3d100000)]
  0x000001977f530070 JavaThread "Common-Cleaner" daemon [_thread_blocked, id=23532, stack(0x0000004e3d200000,0x0000004e3d300000)]
  0x00000197104fa560 JavaThread "Thread-0" daemon [_thread_blocked, id=18300, stack(0x0000004e3d900000,0x0000004e3da00000)]
  0x0000019710a94880 JavaThread "AssetManager" daemon [_thread_blocked, id=24204, stack(0x0000004e3db00000,0x0000004e3dc00000)]

Other Threads:
  0x000001977eaa0310 VMThread "VM Thread" [stack: 0x0000004e3c600000,0x0000004e3c700000] [id=16156]
  0x000001977f52c400 WatcherThread [stack: 0x0000004e3d100000,0x0000004e3d200000] [id=3736]
  0x000001976af3d810 GCTaskThread "GC Thread#0" [stack: 0x0000004e3c100000,0x0000004e3c200000] [id=20556]
  0x0000019710b0f950 GCTaskThread "GC Thread#1" [stack: 0x0000004e3de00000,0x0000004e3df00000] [id=13520]
  0x0000019710ccd370 GCTaskThread "GC Thread#2" [stack: 0x0000004e3df00000,0x0000004e3e000000] [id=12756]
  0x0000019710c98310 GCTaskThread "GC Thread#3" [stack: 0x0000004e3e000000,0x0000004e3e100000] [id=10816]
  0x0000019710c985c0 GCTaskThread "GC Thread#4" [stack: 0x0000004e3e100000,0x0000004e3e200000] [id=21824]
  0x0000019710c969e0 GCTaskThread "GC Thread#5" [stack: 0x0000004e3e200000,0x0000004e3e300000] [id=17628]
  0x0000019710b92a20 GCTaskThread "GC Thread#6" [stack: 0x0000004e3e300000,0x0000004e3e400000] [id=19096]
  0x0000019710b91cb0 GCTaskThread "GC Thread#7" [stack: 0x0000004e3e400000,0x0000004e3e500000] [id=15920]
  0x000001976af4f340 ConcurrentGCThread "G1 Main Marker" [stack: 0x0000004e3c200000,0x0000004e3c300000] [id=936]
  0x000001976af52080 ConcurrentGCThread "G1 Conc#0" [stack: 0x0000004e3c300000,0x0000004e3c400000] [id=16512]
  0x000001977e9620d0 ConcurrentGCThread "G1 Refine#0" [stack: 0x0000004e3c400000,0x0000004e3c500000] [id=17080]
  0x000001977e962a00 ConcurrentGCThread "G1 Service" [stack: 0x0000004e3c500000,0x0000004e3c600000] [id=10800]

Threads with active compile tasks:

VM state: not at safepoint (normal execution)

VM Mutex/Monitor currently owned by a thread: None

Heap address: 0x0000000703200000, size: 4046 MB, Compressed Oops mode: Zero based, Oop shift amount: 3

CDS archive(s) mapped at: [0x0000000800000000-0x0000000800bc0000-0x0000000800bc0000), size 12320768, SharedBaseAddress: 0x0000000800000000, ArchiveRelocationMode: 0.
Compressed class space mapped at: 0x0000000800c00000-0x0000000840c00000, reserved size: 1073741824
Narrow klass base: 0x0000000800000000, Narrow klass shift: 0, Narrow klass range: 0x100000000

GC Precious Log:
 CPUs: 8 total, 8 available
 Memory: 16179M
 Large Page Support: Disabled
 NUMA Support: Disabled
 Compressed Oops: Enabled (Zero based)
 Heap Region Size: 2M
 Heap Min Capacity: 8M
 Heap Initial Capacity: 254M
 Heap Max Capacity: 4046M
 Pre-touch: Disabled
 Parallel Workers: 8
 Concurrent Workers: 2
 Concurrent Refinement Workers: 8
 Periodic GC: Disabled

Heap:
 garbage-first heap   total 260096K, used 7836K [0x0000000703200000, 0x0000000800000000)
  region size 2048K, 5 young (10240K), 2 survivors (4096K)
 Metaspace       used 8176K, committed 8320K, reserved 1064960K
  class space    used 631K, committed 704K, reserved 1048576K

Heap Regions: E=young(eden), S=young(survivor), O=old, HS=humongous(starts), HC=humongous(continues), CS=collection set, F=free, OA=open archive, CA=closed archive, TAMS=top-at-mark-start (previous, next)
|   0|0x0000000703200000, 0x0000000703200000, 0x0000000703400000|  0%| F|  |TAMS 0x0000000703200000, 0x0000000703200000| Untracked 
|   1|0x0000000703400000, 0x0000000703400000, 0x0000000703600000|  0%| F|  |TAMS 0x0000000703400000, 0x0000000703400000| Untracked 
|   2|0x0000000703600000, 0x0000000703600000, 0x0000000703800000|  0%| F|  |TAMS 0x0000000703600000, 0x0000000703600000| Untracked 
|   3|0x0000000703800000, 0x0000000703800000, 0x0000000703a00000|  0%| F|  |TAMS 0x0000000703800000, 0x0000000703800000| Untracked 
|   4|0x0000000703a00000, 0x0000000703a00000, 0x0000000703c00000|  0%| F|  |TAMS 0x0000000703a00000, 0x0000000703a00000| Untracked 
|   5|0x0000000703c00000, 0x0000000703c00000, 0x0000000703e00000|  0%| F|  |TAMS 0x0000000703c00000, 0x0000000703c00000| Untracked 
|   6|0x0000000703e00000, 0x0000000703e00000, 0x0000000704000000|  0%| F|  |TAMS 0x0000000703e00000, 0x0000000703e00000| Untracked 
|   7|0x0000000704000000, 0x0000000704000000, 0x0000000704200000|  0%| F|  |TAMS 0x0000000704000000, 0x0000000704000000| Untracked 
|   8|0x0000000704200000, 0x0000000704200000, 0x0000000704400000|  0%| F|  |TAMS 0x0000000704200000, 0x0000000704200000| Untracked 
|   9|0x0000000704400000, 0x0000000704400000, 0x0000000704600000|  0%| F|  |TAMS 0x0000000704400000, 0x0000000704400000| Untracked 
|  10|0x0000000704600000, 0x0000000704600000, 0x0000000704800000|  0%| F|  |TAMS 0x0000000704600000, 0x0000000704600000| Untracked 
|  11|0x0000000704800000, 0x0000000704800000, 0x0000000704a00000|  0%| F|  |TAMS 0x0000000704800000, 0x0000000704800000| Untracked 
|  12|0x0000000704a00000, 0x0000000704a00000, 0x0000000704c00000|  0%| F|  |TAMS 0x0000000704a00000, 0x0000000704a00000| Untracked 
|  13|0x0000000704c00000, 0x0000000704c00000, 0x0000000704e00000|  0%| F|  |TAMS 0x0000000704c00000, 0x0000000704c00000| Untracked 
|  14|0x0000000704e00000, 0x0000000704e00000, 0x0000000705000000|  0%| F|  |TAMS 0x0000000704e00000, 0x0000000704e00000| Untracked 
|  15|0x0000000705000000, 0x0000000705000000, 0x0000000705200000|  0%| F|  |TAMS 0x0000000705000000, 0x0000000705000000| Untracked 
|  16|0x0000000705200000, 0x0000000705200000, 0x0000000705400000|  0%| F|  |TAMS 0x0000000705200000, 0x0000000705200000| Untracked 
|  17|0x0000000705400000, 0x0000000705400000, 0x0000000705600000|  0%| F|  |TAMS 0x0000000705400000, 0x0000000705400000| Untracked 
|  18|0x0000000705600000, 0x0000000705600000, 0x0000000705800000|  0%| F|  |TAMS 0x0000000705600000, 0x0000000705600000| Untracked 
|  19|0x0000000705800000, 0x0000000705800000, 0x0000000705a00000|  0%| F|  |TAMS 0x0000000705800000, 0x0000000705800000| Untracked 
|  20|0x0000000705a00000, 0x0000000705a00000, 0x0000000705c00000|  0%| F|  |TAMS 0x0000000705a00000, 0x0000000705a00000| Untracked 
|  21|0x0000000705c00000, 0x0000000705c00000, 0x0000000705e00000|  0%| F|  |TAMS 0x0000000705c00000, 0x0000000705c00000| Untracked 
|  22|0x0000000705e00000, 0x0000000705e00000, 0x0000000706000000|  0%| F|  |TAMS 0x0000000705e00000, 0x0000000705e00000| Untracked 
|  23|0x0000000706000000, 0x0000000706000000, 0x0000000706200000|  0%| F|  |TAMS 0x0000000706000000, 0x0000000706000000| Untracked 
|  24|0x0000000706200000, 0x0000000706200000, 0x0000000706400000|  0%| F|  |TAMS 0x0000000706200000, 0x0000000706200000| Untracked 
|  25|0x0000000706400000, 0x0000000706400000, 0x0000000706600000|  0%| F|  |TAMS 0x0000000706400000, 0x0000000706400000| Untracked 
|  26|0x0000000706600000, 0x0000000706600000, 0x0000000706800000|  0%| F|  |TAMS 0x0000000706600000, 0x0000000706600000| Untracked 
|  27|0x0000000706800000, 0x0000000706800000, 0x0000000706a00000|  0%| F|  |TAMS 0x0000000706800000, 0x0000000706800000| Untracked 
|  28|0x0000000706a00000, 0x0000000706a00000, 0x0000000706c00000|  0%| F|  |TAMS 0x0000000706a00000, 0x0000000706a00000| Untracked 
|  29|0x0000000706c00000, 0x0000000706c00000, 0x0000000706e00000|  0%| F|  |TAMS 0x0000000706c00000, 0x0000000706c00000| Untracked 
|  30|0x0000000706e00000, 0x0000000706e00000, 0x0000000707000000|  0%| F|  |TAMS 0x0000000706e00000, 0x0000000706e00000| Untracked 
|  31|0x0000000707000000, 0x0000000707000000, 0x0000000707200000|  0%| F|  |TAMS 0x0000000707000000, 0x0000000707000000| Untracked 
|  32|0x0000000707200000, 0x0000000707200000, 0x0000000707400000|  0%| F|  |TAMS 0x0000000707200000, 0x0000000707200000| Untracked 
|  33|0x0000000707400000, 0x0000000707400000, 0x0000000707600000|  0%| F|  |TAMS 0x0000000707400000, 0x0000000707400000| Untracked 
|  34|0x0000000707600000, 0x0000000707600000, 0x0000000707800000|  0%| F|  |TAMS 0x0000000707600000, 0x0000000707600000| Untracked 
|  35|0x0000000707800000, 0x0000000707800000, 0x0000000707a00000|  0%| F|  |TAMS 0x0000000707800000, 0x0000000707800000| Untracked 
|  36|0x0000000707a00000, 0x0000000707a00000, 0x0000000707c00000|  0%| F|  |TAMS 0x0000000707a00000, 0x0000000707a00000| Untracked 
|  37|0x0000000707c00000, 0x0000000707c00000, 0x0000000707e00000|  0%| F|  |TAMS 0x0000000707c00000, 0x0000000707c00000| Untracked 
|  38|0x0000000707e00000, 0x0000000707e00000, 0x0000000708000000|  0%| F|  |TAMS 0x0000000707e00000, 0x0000000707e00000| Untracked 
|  39|0x0000000708000000, 0x0000000708000000, 0x0000000708200000|  0%| F|  |TAMS 0x0000000708000000, 0x0000000708000000| Untracked 
|  40|0x0000000708200000, 0x0000000708200000, 0x0000000708400000|  0%| F|  |TAMS 0x0000000708200000, 0x0000000708200000| Untracked 
|  41|0x0000000708400000, 0x0000000708400000, 0x0000000708600000|  0%| F|  |TAMS 0x0000000708400000, 0x0000000708400000| Untracked 
|  42|0x0000000708600000, 0x0000000708600000, 0x0000000708800000|  0%| F|  |TAMS 0x0000000708600000, 0x0000000708600000| Untracked 
|  43|0x0000000708800000, 0x0000000708800000, 0x0000000708a00000|  0%| F|  |TAMS 0x0000000708800000, 0x0000000708800000| Untracked 
|  44|0x0000000708a00000, 0x0000000708a00000, 0x0000000708c00000|  0%| F|  |TAMS 0x0000000708a00000, 0x0000000708a00000| Untracked 
|  45|0x0000000708c00000, 0x0000000708c00000, 0x0000000708e00000|  0%| F|  |TAMS 0x0000000708c00000, 0x0000000708c00000| Untracked 
|  46|0x0000000708e00000, 0x0000000708e00000, 0x0000000709000000|  0%| F|  |TAMS 0x0000000708e00000, 0x0000000708e00000| Untracked 
|  47|0x0000000709000000, 0x0000000709000000, 0x0000000709200000|  0%| F|  |TAMS 0x0000000709000000, 0x0000000709000000| Untracked 
|  48|0x0000000709200000, 0x0000000709200000, 0x0000000709400000|  0%| F|  |TAMS 0x0000000709200000, 0x0000000709200000| Untracked 
|  49|0x0000000709400000, 0x0000000709400000, 0x0000000709600000|  0%| F|  |TAMS 0x0000000709400000, 0x0000000709400000| Untracked 
|  50|0x0000000709600000, 0x0000000709600000, 0x0000000709800000|  0%| F|  |TAMS 0x0000000709600000, 0x0000000709600000| Untracked 
|  51|0x0000000709800000, 0x0000000709800000, 0x0000000709a00000|  0%| F|  |TAMS 0x0000000709800000, 0x0000000709800000| Untracked 
|  52|0x0000000709a00000, 0x0000000709a00000, 0x0000000709c00000|  0%| F|  |TAMS 0x0000000709a00000, 0x0000000709a00000| Untracked 
|  53|0x0000000709c00000, 0x0000000709c00000, 0x0000000709e00000|  0%| F|  |TAMS 0x0000000709c00000, 0x0000000709c00000| Untracked 
|  54|0x0000000709e00000, 0x0000000709e00000, 0x000000070a000000|  0%| F|  |TAMS 0x0000000709e00000, 0x0000000709e00000| Untracked 
|  55|0x000000070a000000, 0x000000070a000000, 0x000000070a200000|  0%| F|  |TAMS 0x000000070a000000, 0x000000070a000000| Untracked 
|  56|0x000000070a200000, 0x000000070a200000, 0x000000070a400000|  0%| F|  |TAMS 0x000000070a200000, 0x000000070a200000| Untracked 
|  57|0x000000070a400000, 0x000000070a400000, 0x000000070a600000|  0%| F|  |TAMS 0x000000070a400000, 0x000000070a400000| Untracked 
|  58|0x000000070a600000, 0x000000070a600000, 0x000000070a800000|  0%| F|  |TAMS 0x000000070a600000, 0x000000070a600000| Untracked 
|  59|0x000000070a800000, 0x000000070a800000, 0x000000070aa00000|  0%| F|  |TAMS 0x000000070a800000, 0x000000070a800000| Untracked 
|  60|0x000000070aa00000, 0x000000070aa00000, 0x000000070ac00000|  0%| F|  |TAMS 0x000000070aa00000, 0x000000070aa00000| Untracked 
|  61|0x000000070ac00000, 0x000000070ac00000, 0x000000070ae00000|  0%| F|  |TAMS 0x000000070ac00000, 0x000000070ac00000| Untracked 
|  62|0x000000070ae00000, 0x000000070ae00000, 0x000000070b000000|  0%| F|  |TAMS 0x000000070ae00000, 0x000000070ae00000| Untracked 
|  63|0x000000070b000000, 0x000000070b000000, 0x000000070b200000|  0%| F|  |TAMS 0x000000070b000000, 0x000000070b000000| Untracked 
|  64|0x000000070b200000, 0x000000070b200000, 0x000000070b400000|  0%| F|  |TAMS 0x000000070b200000, 0x000000070b200000| Untracked 
|  65|0x000000070b400000, 0x000000070b400000, 0x000000070b600000|  0%| F|  |TAMS 0x000000070b400000, 0x000000070b400000| Untracked 
|  66|0x000000070b600000, 0x000000070b600000, 0x000000070b800000|  0%| F|  |TAMS 0x000000070b600000, 0x000000070b600000| Untracked 
|  67|0x000000070b800000, 0x000000070b800000, 0x000000070ba00000|  0%| F|  |TAMS 0x000000070b800000, 0x000000070b800000| Untracked 
|  68|0x000000070ba00000, 0x000000070ba00000, 0x000000070bc00000|  0%| F|  |TAMS 0x000000070ba00000, 0x000000070ba00000| Untracked 
|  69|0x000000070bc00000, 0x000000070bc00000, 0x000000070be00000|  0%| F|  |TAMS 0x000000070bc00000, 0x000000070bc00000| Untracked 
|  70|0x000000070be00000, 0x000000070be00000, 0x000000070c000000|  0%| F|  |TAMS 0x000000070be00000, 0x000000070be00000| Untracked 
|  71|0x000000070c000000, 0x000000070c000000, 0x000000070c200000|  0%| F|  |TAMS 0x000000070c000000, 0x000000070c000000| Untracked 
|  72|0x000000070c200000, 0x000000070c200000, 0x000000070c400000|  0%| F|  |TAMS 0x000000070c200000, 0x000000070c200000| Untracked 
|  73|0x000000070c400000, 0x000000070c400000, 0x000000070c600000|  0%| F|  |TAMS 0x000000070c400000, 0x000000070c400000| Untracked 
|  74|0x000000070c600000, 0x000000070c600000, 0x000000070c800000|  0%| F|  |TAMS 0x000000070c600000, 0x000000070c600000| Untracked 
|  75|0x000000070c800000, 0x000000070c800000, 0x000000070ca00000|  0%| F|  |TAMS 0x000000070c800000, 0x000000070c800000| Untracked 
|  76|0x000000070ca00000, 0x000000070ca00000, 0x000000070cc00000|  0%| F|  |TAMS 0x000000070ca00000, 0x000000070ca00000| Untracked 
|  77|0x000000070cc00000, 0x000000070cc00000, 0x000000070ce00000|  0%| F|  |TAMS 0x000000070cc00000, 0x000000070cc00000| Untracked 
|  78|0x000000070ce00000, 0x000000070ce00000, 0x000000070d000000|  0%| F|  |TAMS 0x000000070ce00000, 0x000000070ce00000| Untracked 
|  79|0x000000070d000000, 0x000000070d000000, 0x000000070d200000|  0%| F|  |TAMS 0x000000070d000000, 0x000000070d000000| Untracked 
|  80|0x000000070d200000, 0x000000070d200000, 0x000000070d400000|  0%| F|  |TAMS 0x000000070d200000, 0x000000070d200000| Untracked 
|  81|0x000000070d400000, 0x000000070d400000, 0x000000070d600000|  0%| F|  |TAMS 0x000000070d400000, 0x000000070d400000| Untracked 
|  82|0x000000070d600000, 0x000000070d600000, 0x000000070d800000|  0%| F|  |TAMS 0x000000070d600000, 0x000000070d600000| Untracked 
|  83|0x000000070d800000, 0x000000070d800000, 0x000000070da00000|  0%| F|  |TAMS 0x000000070d800000, 0x000000070d800000| Untracked 
|  84|0x000000070da00000, 0x000000070da00000, 0x000000070dc00000|  0%| F|  |TAMS 0x000000070da00000, 0x000000070da00000| Untracked 
|  85|0x000000070dc00000, 0x000000070dc00000, 0x000000070de00000|  0%| F|  |TAMS 0x000000070dc00000, 0x000000070dc00000| Untracked 
|  86|0x000000070de00000, 0x000000070de00000, 0x000000070e000000|  0%| F|  |TAMS 0x000000070de00000, 0x000000070de00000| Untracked 
|  87|0x000000070e000000, 0x000000070e000000, 0x000000070e200000|  0%| F|  |TAMS 0x000000070e000000, 0x000000070e000000| Untracked 
|  88|0x000000070e200000, 0x000000070e200000, 0x000000070e400000|  0%| F|  |TAMS 0x000000070e200000, 0x000000070e200000| Untracked 
|  89|0x000000070e400000, 0x000000070e400000, 0x000000070e600000|  0%| F|  |TAMS 0x000000070e400000, 0x000000070e400000| Untracked 
|  90|0x000000070e600000, 0x000000070e600000, 0x000000070e800000|  0%| F|  |TAMS 0x000000070e600000, 0x000000070e600000| Untracked 
|  91|0x000000070e800000, 0x000000070e800000, 0x000000070ea00000|  0%| F|  |TAMS 0x000000070e800000, 0x000000070e800000| Untracked 
|  92|0x000000070ea00000, 0x000000070ea00000, 0x000000070ec00000|  0%| F|  |TAMS 0x000000070ea00000, 0x000000070ea00000| Untracked 
|  93|0x000000070ec00000, 0x000000070ec00000, 0x000000070ee00000|  0%| F|  |TAMS 0x000000070ec00000, 0x000000070ec00000| Untracked 
|  94|0x000000070ee00000, 0x000000070ee00000, 0x000000070f000000|  0%| F|  |TAMS 0x000000070ee00000, 0x000000070ee00000| Untracked 
|  95|0x000000070f000000, 0x000000070f000000, 0x000000070f200000|  0%| F|  |TAMS 0x000000070f000000, 0x000000070f000000| Untracked 
|  96|0x000000070f200000, 0x000000070f200000, 0x000000070f400000|  0%| F|  |TAMS 0x000000070f200000, 0x000000070f200000| Untracked 
|  97|0x000000070f400000, 0x000000070f400000, 0x000000070f600000|  0%| F|  |TAMS 0x000000070f400000, 0x000000070f400000| Untracked 
|  98|0x000000070f600000, 0x000000070f600000, 0x000000070f800000|  0%| F|  |TAMS 0x000000070f600000, 0x000000070f600000| Untracked 
|  99|0x000000070f800000, 0x000000070f800000, 0x000000070fa00000|  0%| F|  |TAMS 0x000000070f800000, 0x000000070f800000| Untracked 
| 100|0x000000070fa00000, 0x000000070fa00000, 0x000000070fc00000|  0%| F|  |TAMS 0x000000070fa00000, 0x000000070fa00000| Untracked 
| 101|0x000000070fc00000, 0x000000070fc00000, 0x000000070fe00000|  0%| F|  |TAMS 0x000000070fc00000, 0x000000070fc00000| Untracked 
| 102|0x000000070fe00000, 0x000000070fe00000, 0x0000000710000000|  0%| F|  |TAMS 0x000000070fe00000, 0x000000070fe00000| Untracked 
| 103|0x0000000710000000, 0x0000000710000000, 0x0000000710200000|  0%| F|  |TAMS 0x0000000710000000, 0x0000000710000000| Untracked 
| 104|0x0000000710200000, 0x0000000710200000, 0x0000000710400000|  0%| F|  |TAMS 0x0000000710200000, 0x0000000710200000| Untracked 
| 105|0x0000000710400000, 0x0000000710400000, 0x0000000710600000|  0%| F|  |TAMS 0x0000000710400000, 0x0000000710400000| Untracked 
| 106|0x0000000710600000, 0x0000000710600000, 0x0000000710800000|  0%| F|  |TAMS 0x0000000710600000, 0x0000000710600000| Untracked 
| 107|0x0000000710800000, 0x0000000710800000, 0x0000000710a00000|  0%| F|  |TAMS 0x0000000710800000, 0x0000000710800000| Untracked 
| 108|0x0000000710a00000, 0x0000000710a00000, 0x0000000710c00000|  0%| F|  |TAMS 0x0000000710a00000, 0x0000000710a00000| Untracked 
| 109|0x0000000710c00000, 0x0000000710c00000, 0x0000000710e00000|  0%| F|  |TAMS 0x0000000710c00000, 0x0000000710c00000| Untracked 
| 110|0x0000000710e00000, 0x0000000710e00000, 0x0000000711000000|  0%| F|  |TAMS 0x0000000710e00000, 0x0000000710e00000| Untracked 
| 111|0x0000000711000000, 0x0000000711000000, 0x0000000711200000|  0%| F|  |TAMS 0x0000000711000000, 0x0000000711000000| Untracked 
| 112|0x0000000711200000, 0x0000000711200000, 0x0000000711400000|  0%| F|  |TAMS 0x0000000711200000, 0x0000000711200000| Untracked 
| 113|0x0000000711400000, 0x0000000711400000, 0x0000000711600000|  0%| F|  |TAMS 0x0000000711400000, 0x0000000711400000| Untracked 
| 114|0x0000000711600000, 0x00000007117a70c8, 0x0000000711800000| 82%| S|CS|TAMS 0x0000000711600000, 0x0000000711600000| Complete 
| 115|0x0000000711800000, 0x0000000711a00000, 0x0000000711a00000|100%| S|CS|TAMS 0x0000000711800000, 0x0000000711800000| Complete 
| 116|0x0000000711a00000, 0x0000000711a00000, 0x0000000711c00000|  0%| F|  |TAMS 0x0000000711a00000, 0x0000000711a00000| Untracked 
| 117|0x0000000711c00000, 0x0000000711c00000, 0x0000000711e00000|  0%| F|  |TAMS 0x0000000711c00000, 0x0000000711c00000| Untracked 
| 118|0x0000000711e00000, 0x0000000711e00000, 0x0000000712000000|  0%| F|  |TAMS 0x0000000711e00000, 0x0000000711e00000| Untracked 
| 119|0x0000000712000000, 0x0000000712000000, 0x0000000712200000|  0%| F|  |TAMS 0x0000000712000000, 0x0000000712000000| Untracked 
| 120|0x0000000712200000, 0x0000000712200000, 0x0000000712400000|  0%| F|  |TAMS 0x0000000712200000, 0x0000000712200000| Untracked 
| 121|0x0000000712400000, 0x0000000712400000, 0x0000000712600000|  0%| F|  |TAMS 0x0000000712400000, 0x0000000712400000| Untracked 
| 122|0x0000000712600000, 0x0000000712600000, 0x0000000712800000|  0%| F|  |TAMS 0x0000000712600000, 0x0000000712600000| Untracked 
| 123|0x0000000712800000, 0x0000000712800000, 0x0000000712a00000|  0%| F|  |TAMS 0x0000000712800000, 0x0000000712800000| Untracked 
| 124|0x0000000712a00000, 0x0000000712a808c8, 0x0000000712c00000| 25%| E|  |TAMS 0x0000000712a00000, 0x0000000712a00000| Complete 
| 125|0x0000000712c00000, 0x0000000712e00000, 0x0000000712e00000|100%| E|CS|TAMS 0x0000000712c00000, 0x0000000712c00000| Complete 
| 126|0x0000000712e00000, 0x0000000713000000, 0x0000000713000000|100%| E|CS|TAMS 0x0000000712e00000, 0x0000000712e00000| Complete 

Card table byte_map: [0x0000019773200000,0x00000197739f0000] _byte_map_base: 0x000001976f9e7000

Marking Bits (Prev, Next): (CMBitMap*) 0x000001976af3dd30, (CMBitMap*) 0x000001976af3dd70
 Prev Bits: [0x00000197741e0000, 0x0000019778118000)
 Next Bits: [0x0000019778120000, 0x000001977c058000)

Polling page: 0x0000019768e20000

Metaspace:

Usage:
  Non-class:      7.37 MB used.
      Class:    631.69 KB used.
       Both:      7.99 MB used.

Virtual space:
  Non-class space:       16.00 MB reserved,       7.44 MB ( 46%) committed,  2 nodes.
      Class space:        1.00 GB reserved,     704.00 KB ( <1%) committed,  1 nodes.
             Both:        1.02 GB reserved,       8.12 MB ( <1%) committed. 

Chunk freelists:
   Non-Class:  2.88 MB
       Class:  3.32 MB
        Both:  6.19 MB

MaxMetaspaceSize: unlimited
CompressedClassSpaceSize: 1.00 GB
Initial GC threshold: 21.00 MB
Current GC threshold: 21.00 MB
CDS: on
MetaspaceReclaimPolicy: balanced
 - commit_granule_bytes: 65536.
 - commit_granule_words: 8192.
 - virtual_space_node_default_size: 1048576.
 - enlarge_chunks_in_place: 1.
 - new_chunks_are_fully_committed: 0.
 - uncommit_free_chunks: 1.
 - use_allocation_guard: 0.
 - handle_deallocations: 1.


Internal statistics:

num_allocs_failed_limit: 0.
num_arena_births: 68.
num_arena_deaths: 0.
num_vsnodes_births: 3.
num_vsnodes_deaths: 0.
num_space_committed: 128.
num_space_uncommitted: 0.
num_chunks_returned_to_freelist: 0.
num_chunks_taken_from_freelist: 288.
num_chunk_merges: 0.
num_chunk_splits: 213.
num_chunks_enlarged: 174.
num_purges: 0.
num_inconsistent_stats: 0.

CodeHeap 'non-profiled nmethods': size=120000Kb used=609Kb max_used=609Kb free=119390Kb
 bounds [0x0000019707ad0000, 0x0000019707d40000, 0x000001970f000000]
CodeHeap 'profiled nmethods': size=120000Kb used=2735Kb max_used=2735Kb free=117264Kb
 bounds [0x00000197005a0000, 0x0000019700850000, 0x0000019707ad0000]
CodeHeap 'non-nmethods': size=5760Kb used=1689Kb max_used=1713Kb free=4070Kb
 bounds [0x0000019700000000, 0x0000019700270000, 0x00000197005a0000]
 total_blobs=2571 nmethods=1442 adapters=1042
 compilation: enabled
              stopped_count=0, restarted_count=0
 full_count=0

Compilation events (20 events):
Event: 8.169 Thread 0x000001977eac4270 1433       3       com.badlogic.gdx.backends.lwjgl3.Lwjgl3Graphics::update (111 bytes)
Event: 8.170 Thread 0x000001977eac4270 nmethod 1433 0x0000019700849490 code [0x0000019700849660, 0x00000197008498d8]
Event: 8.170 Thread 0x000001977eac4270 1434       3       inf112.Screens.ScreenManager::clearScreen (24 bytes)
Event: 8.170 Thread 0x000001977eac4270 nmethod 1434 0x0000019700849990 code [0x0000019700849ba0, 0x0000019700849f78]
Event: 8.170 Thread 0x000001977eac4270 1435       3       com.badlogic.gdx.backends.lwjgl3.Lwjgl3GL20::glClearColor (9 bytes)
Event: 8.170 Thread 0x000001977eac4270 nmethod 1435 0x000001970084a190 code [0x000001970084a340, 0x000001970084a4c8]
Event: 8.170 Thread 0x000001977eac4270 1436       3       com.badlogic.gdx.backends.lwjgl3.Lwjgl3GL20::glClear (5 bytes)
Event: 8.170 Thread 0x000001977eac4270 nmethod 1436 0x000001970084a610 code [0x000001970084a7c0, 0x000001970084a948]
Event: 8.170 Thread 0x000001977eac4270 1437       3       com.badlogic.gdx.scenes.scene2d.Stage::draw (70 bytes)
Event: 8.171 Thread 0x000001977eac4270 nmethod 1437 0x000001970084aa10 code [0x000001970084ac80, 0x000001970084b4f8]
Event: 8.185 Thread 0x000001977eac4270 1438       3       org.lwjgl.glfw.GLFW::glfwPollEvents (9 bytes)
Event: 8.185 Thread 0x000001977eac4270 nmethod 1438 0x000001970084b910 code [0x000001970084baa0, 0x000001970084bbc8]
Event: 8.355 Thread 0x000001977eac38c0 1439       4       javazoom.jl.decoder.SynthesisFilter::compute_pcm_samples8 (265 bytes)
Event: 8.361 Thread 0x000001977eac38c0 nmethod 1439 0x0000019707b66f10 code [0x0000019707b67080, 0x0000019707b67338]
Event: 8.361 Thread 0x000001977eac38c0 1440       4       javazoom.jl.decoder.SynthesisFilter::compute_pcm_samples9 (265 bytes)
Event: 8.365 Thread 0x000001977eac38c0 nmethod 1440 0x0000019707b67490 code [0x0000019707b67600, 0x0000019707b678b8]
Event: 8.365 Thread 0x000001977eac38c0 1441       4       javazoom.jl.decoder.SynthesisFilter::compute_pcm_samples10 (265 bytes)
Event: 8.367 Thread 0x000001977eac38c0 nmethod 1441 0x0000019707b67a10 code [0x0000019707b67b80, 0x0000019707b67e38]
Event: 8.367 Thread 0x000001977eac38c0 1442       4       javazoom.jl.decoder.SynthesisFilter::compute_pcm_samples13 (265 bytes)
Event: 8.369 Thread 0x000001977eac38c0 nmethod 1442 0x0000019707b67f90 code [0x0000019707b68100, 0x0000019707b683b8]

GC Heap History (2 events):
Event: 4.315 GC heap before
{Heap before GC invocations=0 (full 0):
 garbage-first heap   total 260096K, used 24576K [0x0000000703200000, 0x0000000800000000)
  region size 2048K, 11 young (22528K), 0 survivors (0K)
 Metaspace       used 7284K, committed 7424K, reserved 1064960K
  class space    used 560K, committed 640K, reserved 1048576K
}
Event: 4.325 GC heap after
{Heap after GC invocations=1 (full 0):
 garbage-first heap   total 260096K, used 3740K [0x0000000703200000, 0x0000000800000000)
  region size 2048K, 2 young (4096K), 2 survivors (4096K)
 Metaspace       used 7284K, committed 7424K, reserved 1064960K
  class space    used 560K, committed 640K, reserved 1048576K
}

Deoptimization events (20 events):
Event: 5.223 Thread 0x000001976aee60a0 DEOPT PACKING pc=0x00000197007dba61 sp=0x0000004e3c0ff100
Event: 5.223 Thread 0x000001976aee60a0 DEOPT UNPACKING pc=0x0000019700056763 sp=0x0000004e3c0fe5a8 mode 0
Event: 5.438 Thread 0x000001976aee60a0 DEOPT PACKING pc=0x0000019700808b15 sp=0x0000004e3c0ff160
Event: 5.438 Thread 0x000001976aee60a0 DEOPT UNPACKING pc=0x0000019700056763 sp=0x0000004e3c0fe5f0 mode 0
Event: 5.440 Thread 0x000001976aee60a0 DEOPT PACKING pc=0x0000019700808b15 sp=0x0000004e3c0ff160
Event: 5.440 Thread 0x000001976aee60a0 DEOPT UNPACKING pc=0x0000019700056763 sp=0x0000004e3c0fe5f0 mode 0
Event: 5.441 Thread 0x000001976aee60a0 DEOPT PACKING pc=0x0000019700808b15 sp=0x0000004e3c0ff160
Event: 5.441 Thread 0x000001976aee60a0 DEOPT UNPACKING pc=0x0000019700056763 sp=0x0000004e3c0fe5f0 mode 0
Event: 5.637 Thread 0x000001976aee60a0 DEOPT PACKING pc=0x00000197007cd434 sp=0x0000004e3c0ff130
Event: 5.637 Thread 0x000001976aee60a0 DEOPT UNPACKING pc=0x0000019700056763 sp=0x0000004e3c0fe5d8 mode 0
Event: 5.637 Thread 0x000001976aee60a0 DEOPT PACKING pc=0x00000197007e062c sp=0x0000004e3c0ff180
Event: 5.637 Thread 0x000001976aee60a0 DEOPT UNPACKING pc=0x0000019700056763 sp=0x0000004e3c0fe5e0 mode 0
Event: 6.487 Thread 0x000001976aee60a0 Uncommon trap: trap_request=0xffffff45 fr.pc=0x0000019707b567f4 relative=0x00000000000000f4
Event: 6.487 Thread 0x000001976aee60a0 Uncommon trap: reason=unstable_if action=reinterpret pc=0x0000019707b567f4 method=javazoom.jl.decoder.BitReserve.hgetbits(I)I @ 22 c2
Event: 6.487 Thread 0x000001976aee60a0 DEOPT PACKING pc=0x0000019707b567f4 sp=0x0000004e3c0fef30
Event: 6.487 Thread 0x000001976aee60a0 DEOPT UNPACKING pc=0x0000019700055c23 sp=0x0000004e3c0feeb8 mode 2
Event: 6.905 Thread 0x000001976aee60a0 Uncommon trap: trap_request=0xffffff45 fr.pc=0x0000019707b321f8 relative=0x00000000000009b8
Event: 6.905 Thread 0x000001976aee60a0 Uncommon trap: reason=unstable_if action=reinterpret pc=0x0000019707b321f8 method=javazoom.jl.decoder.huffcodetab.huffman_decoder(Ljavazoom/jl/decoder/huffcodetab;[I[I[I[ILjavazoom/jl/decoder/BitReserve;)I @ 27 c2
Event: 6.905 Thread 0x000001976aee60a0 DEOPT PACKING pc=0x0000019707b321f8 sp=0x0000004e3c0ff110
Event: 6.905 Thread 0x000001976aee60a0 DEOPT UNPACKING pc=0x0000019700055c23 sp=0x0000004e3c0ff0a0 mode 2

Classes unloaded (0 events):
No events

Classes redefined (0 events):
No events

Internal exceptions (20 events):
Event: 0.119 Thread 0x000001976aee60a0 Exception <a 'java/lang/NoSuchMethodError'{0x0000000712a05238}: 'int java.lang.invoke.DirectMethodHandle$Holder.invokeSpecial(java.lang.Object, java.lang.Object, java.lang.Object)'> (0x0000000712a05238) 
thrown [t:\workspace\open\src\hotspot\share\interpreter\linkResolver.cpp, line 766]
Event: 0.134 Thread 0x000001976aee60a0 Exception <a 'sun/nio/fs/WindowsException'{0x0000000712a4cb38}> (0x0000000712a4cb38) 
thrown [t:\workspace\open\src\hotspot\share\prims\jni.cpp, line 516]
Event: 0.134 Thread 0x000001976aee60a0 Exception <a 'sun/nio/fs/WindowsException'{0x0000000712a4d088}> (0x0000000712a4d088) 
thrown [t:\workspace\open\src\hotspot\share\prims\jni.cpp, line 516]
Event: 0.187 Thread 0x000001976aee60a0 Exception <a 'java/lang/NoSuchMethodError'{0x0000000712907ba0}: 'int java.lang.invoke.DirectMethodHandle$Holder.invokeStaticInit(java.lang.Object, java.lang.Object, int, long)'> (0x0000000712907ba0) 
thrown [t:\workspace\open\src\hotspot\share\interpreter\linkResolver.cpp, line 766]
Event: 0.187 Thread 0x000001976aee60a0 Exception <a 'java/lang/NoSuchMethodError'{0x000000071290d468}: 'java.lang.Object java.lang.invoke.DirectMethodHandle$Holder.newInvokeSpecial(java.lang.Object, java.lang.Object, int)'> (0x000000071290d468) 
thrown [t:\workspace\open\src\hotspot\share\interpreter\linkResolver.cpp, line 766]
Event: 0.189 Thread 0x000001976aee60a0 Exception <a 'java/lang/NoSuchMethodError'{0x000000071291c0b8}: 'int java.lang.invoke.DirectMethodHandle$Holder.invokeStaticInit(java.lang.Object, java.lang.Object, long, long)'> (0x000000071291c0b8) 
thrown [t:\workspace\open\src\hotspot\share\interpreter\linkResolver.cpp, line 766]
Event: 0.190 Thread 0x000001976aee60a0 Exception <a 'java/lang/NoSuchMethodError'{0x00000007129221c8}: 'java.lang.Object java.lang.invoke.DirectMethodHandle$Holder.newInvokeSpecial(java.lang.Object, java.lang.Object, long)'> (0x00000007129221c8) 
thrown [t:\workspace\open\src\hotspot\share\interpreter\linkResolver.cpp, line 766]
Event: 0.191 Thread 0x000001976aee60a0 Exception <a 'java/lang/NoSuchMethodError'{0x0000000712926210}: 'java.lang.Object java.lang.invoke.Invokers$Holder.linkToTargetMethod(java.lang.Object, long, java.lang.Object)'> (0x0000000712926210) 
thrown [t:\workspace\open\src\hotspot\share\interpreter\linkResolver.cpp, line 766]
Event: 0.191 Thread 0x000001976aee60a0 Exception <a 'java/lang/NoSuchMethodError'{0x000000071292d990}: 'int java.lang.invoke.DirectMethodHandle$Holder.invokeStaticInit(java.lang.Object, java.lang.Object, java.lang.Object, long)'> (0x000000071292d990) 
thrown [t:\workspace\open\src\hotspot\share\interpreter\linkResolver.cpp, line 766]
Event: 0.205 Thread 0x000001976aee60a0 Exception <a 'sun/nio/fs/WindowsException'{0x00000007129955a0}> (0x00000007129955a0) 
thrown [t:\workspace\open\src\hotspot\share\prims\jni.cpp, line 516]
Event: 0.205 Thread 0x000001976aee60a0 Exception <a 'sun/nio/fs/WindowsException'{0x0000000712995930}> (0x0000000712995930) 
thrown [t:\workspace\open\src\hotspot\share\prims\jni.cpp, line 516]
Event: 0.227 Thread 0x000001976aee60a0 Exception <a 'sun/nio/fs/WindowsException'{0x0000000712633e48}> (0x0000000712633e48) 
thrown [t:\workspace\open\src\hotspot\share\prims\jni.cpp, line 516]
Event: 0.227 Thread 0x000001976aee60a0 Exception <a 'sun/nio/fs/WindowsException'{0x00000007126341a8}> (0x00000007126341a8) 
thrown [t:\workspace\open\src\hotspot\share\prims\jni.cpp, line 516]
Event: 0.256 Thread 0x000001976aee60a0 Exception <a 'sun/nio/fs/WindowsException'{0x00000007126c0ba0}> (0x00000007126c0ba0) 
thrown [t:\workspace\open\src\hotspot\share\prims\jni.cpp, line 516]
Event: 0.256 Thread 0x000001976aee60a0 Exception <a 'sun/nio/fs/WindowsException'{0x00000007126c0f20}> (0x00000007126c0f20) 
thrown [t:\workspace\open\src\hotspot\share\prims\jni.cpp, line 516]
Event: 1.285 Thread 0x000001976aee60a0 Exception <a 'java/lang/NoSuchMethodError'{0x0000000712705e78}: 'java.lang.Object java.lang.invoke.DirectMethodHandle$Holder.newInvokeSpecial(java.lang.Object, long)'> (0x0000000712705e78) 
thrown [t:\workspace\open\src\hotspot\share\interpreter\linkResolver.cpp, line 766]
Event: 1.394 Thread 0x000001976aee60a0 Exception <a 'sun/nio/fs/WindowsException'{0x000000071247d408}> (0x000000071247d408) 
thrown [t:\workspace\open\src\hotspot\share\prims\jni.cpp, line 516]
Event: 1.394 Thread 0x000001976aee60a0 Exception <a 'sun/nio/fs/WindowsException'{0x000000071247d7a8}> (0x000000071247d7a8) 
thrown [t:\workspace\open\src\hotspot\share\prims\jni.cpp, line 516]
Event: 1.398 Thread 0x000001976aee60a0 Exception <a 'sun/nio/fs/WindowsException'{0x000000071248dc78}> (0x000000071248dc78) 
thrown [t:\workspace\open\src\hotspot\share\prims\jni.cpp, line 516]
Event: 1.398 Thread 0x000001976aee60a0 Exception <a 'sun/nio/fs/WindowsException'{0x000000071248df48}> (0x000000071248df48) 
thrown [t:\workspace\open\src\hotspot\share\prims\jni.cpp, line 516]

VM Operations (20 events):
Event: 2.580 Executing VM operation: Cleanup
Event: 2.580 Executing VM operation: Cleanup done
Event: 4.219 Executing VM operation: HandshakeAllThreads
Event: 4.219 Executing VM operation: HandshakeAllThreads done
Event: 4.219 Executing VM operation: Cleanup
Event: 4.219 Executing VM operation: Cleanup done
Event: 4.259 Executing VM operation: HandshakeAllThreads
Event: 4.259 Executing VM operation: HandshakeAllThreads done
Event: 4.315 Executing VM operation: G1CollectForAllocation
Event: 4.325 Executing VM operation: G1CollectForAllocation done
Event: 4.336 Executing VM operation: HandshakeAllThreads
Event: 4.336 Executing VM operation: HandshakeAllThreads done
Event: 4.415 Executing VM operation: HandshakeAllThreads
Event: 4.415 Executing VM operation: HandshakeAllThreads done
Event: 5.414 Executing VM operation: Cleanup
Event: 5.414 Executing VM operation: Cleanup done
Event: 6.419 Executing VM operation: Cleanup
Event: 6.419 Executing VM operation: Cleanup done
Event: 7.430 Executing VM operation: Cleanup
Event: 7.430 Executing VM operation: Cleanup done

Events (20 events):
Event: 4.352 loading class java/io/ObjectStreamClass$WeakClassKey done
Event: 4.352 loading class java/io/ObjectStreamClass$EntryFuture
Event: 4.352 loading class java/io/ObjectStreamClass$EntryFuture done
Event: 4.352 loading class java/lang/reflect/Proxy
Event: 4.352 loading class java/lang/reflect/Proxy done
Event: 4.352 loading class java/lang/reflect/InvocationHandler
Event: 4.352 loading class java/lang/reflect/InvocationHandler done
Event: 4.352 loading class java/lang/reflect/Proxy$1
Event: 4.352 loading class java/lang/reflect/Proxy$1 done
Event: 4.352 loading class java/io/Externalizable
Event: 4.352 loading class java/io/Externalizable done
Event: 4.352 loading class java/io/ObjectStreamClass$2
Event: 4.352 loading class java/io/ObjectStreamClass$2 done
Event: 4.352 loading class java/io/ObjectStreamClass$FieldReflectorKey
Event: 4.353 loading class java/io/ObjectStreamClass$FieldReflectorKey done
Event: 4.353 loading class java/io/ObjectStreamClass$FieldReflector
Event: 4.353 loading class java/io/ObjectStreamClass$FieldReflector done
Event: 4.353 loading class java/io/ObjectStreamClass$ExceptionInfo
Event: 4.353 loading class java/io/ObjectStreamClass$ExceptionInfo done
Event: 4.522 Thread 0x0000019710b10e50 Thread exited: 0x0000019710b10e50


Dynamic libraries:
0x00007ff69e6e0000 - 0x00007ff69e6f0000 	C:\Program Files\Java\jdk-17.0.1\bin\java.exe
0x00007ffe36970000 - 0x00007ffe36b86000 	C:\WINDOWS\SYSTEM32\ntdll.dll
0x00007ffe35750000 - 0x00007ffe35814000 	C:\WINDOWS\System32\KERNEL32.DLL
0x00007ffe34060000 - 0x00007ffe34407000 	C:\WINDOWS\System32\KERNELBASE.dll
0x00007ffe344d0000 - 0x00007ffe345e1000 	C:\WINDOWS\System32\ucrtbase.dll
0x00007ffe18de0000 - 0x00007ffe18df8000 	C:\Program Files\Java\jdk-17.0.1\bin\jli.dll
0x00007ffe0d8c0000 - 0x00007ffe0d8da000 	C:\Program Files\Java\jdk-17.0.1\bin\VCRUNTIME140.dll
0x00007ffe346a0000 - 0x00007ffe34752000 	C:\WINDOWS\System32\ADVAPI32.dll
0x00007ffe35900000 - 0x00007ffe359a7000 	C:\WINDOWS\System32\msvcrt.dll
0x00007ffe35690000 - 0x00007ffe35738000 	C:\WINDOWS\System32\sechost.dll
0x00007ffe34670000 - 0x00007ffe34698000 	C:\WINDOWS\System32\bcrypt.dll
0x00007ffe35570000 - 0x00007ffe35685000 	C:\WINDOWS\System32\RPCRT4.dll
0x00007ffe35200000 - 0x00007ffe353ae000 	C:\WINDOWS\System32\USER32.dll
0x00007ffe33f90000 - 0x00007ffe33fb6000 	C:\WINDOWS\System32\win32u.dll
0x00007ffe224d0000 - 0x00007ffe22763000 	C:\WINDOWS\WinSxS\amd64_microsoft.windows.common-controls_6595b64144ccf1df_6.0.22621.3235_none_270f74e173860f98\COMCTL32.dll
0x00007ffe34760000 - 0x00007ffe34789000 	C:\WINDOWS\System32\GDI32.dll
0x00007ffe33e00000 - 0x00007ffe33f19000 	C:\WINDOWS\System32\gdi32full.dll
0x00007ffe33fc0000 - 0x00007ffe3405a000 	C:\WINDOWS\System32\msvcp_win.dll
0x00007ffe244e0000 - 0x00007ffe244ea000 	C:\WINDOWS\SYSTEM32\VERSION.dll
0x00007ffe34eb0000 - 0x00007ffe34ee1000 	C:\WINDOWS\System32\IMM32.DLL
0x00007ffe23ce0000 - 0x00007ffe23cec000 	C:\Program Files\Java\jdk-17.0.1\bin\vcruntime140_1.dll
0x00007ffda68b0000 - 0x00007ffda693d000 	C:\Program Files\Java\jdk-17.0.1\bin\msvcp140.dll
0x00007ffd8b260000 - 0x00007ffd8be1e000 	C:\Program Files\Java\jdk-17.0.1\bin\server\jvm.dll
0x00007ffe35740000 - 0x00007ffe35748000 	C:\WINDOWS\System32\PSAPI.DLL
0x00007ffe2aa00000 - 0x00007ffe2aa34000 	C:\WINDOWS\SYSTEM32\WINMM.dll
0x00007ffe17410000 - 0x00007ffe17419000 	C:\WINDOWS\SYSTEM32\WSOCK32.dll
0x00007ffe359b0000 - 0x00007ffe35a21000 	C:\WINDOWS\System32\WS2_32.dll
0x00007ffe32c90000 - 0x00007ffe32ca8000 	C:\WINDOWS\SYSTEM32\kernel.appcore.dll
0x00007ffe1cb40000 - 0x00007ffe1cb4a000 	C:\Program Files\Java\jdk-17.0.1\bin\jimage.dll
0x00007ffe313c0000 - 0x00007ffe315f3000 	C:\WINDOWS\SYSTEM32\DBGHELP.DLL
0x00007ffe363c0000 - 0x00007ffe36748000 	C:\WINDOWS\System32\combase.dll
0x00007ffe35820000 - 0x00007ffe358f7000 	C:\WINDOWS\System32\OLEAUT32.dll
0x00007ffe24550000 - 0x00007ffe24582000 	C:\WINDOWS\SYSTEM32\dbgcore.DLL
0x00007ffe345f0000 - 0x00007ffe34669000 	C:\WINDOWS\System32\bcryptPrimitives.dll
0x00007ffe0d890000 - 0x00007ffe0d8b5000 	C:\Program Files\Java\jdk-17.0.1\bin\java.dll
0x00007ffda6580000 - 0x00007ffda6656000 	C:\Program Files\Java\jdk-17.0.1\bin\svml.dll
0x00007ffe35a30000 - 0x00007ffe3628c000 	C:\WINDOWS\System32\SHELL32.dll
0x00007ffe31ba0000 - 0x00007ffe32499000 	C:\WINDOWS\SYSTEM32\windows.storage.dll
0x00007ffe31a60000 - 0x00007ffe31b9e000 	C:\WINDOWS\SYSTEM32\wintypes.dll
0x00007ffe34db0000 - 0x00007ffe34ea3000 	C:\WINDOWS\System32\SHCORE.dll
0x00007ffe368d0000 - 0x00007ffe3692e000 	C:\WINDOWS\System32\shlwapi.dll
0x00007ffe33bc0000 - 0x00007ffe33be1000 	C:\WINDOWS\SYSTEM32\profapi.dll
0x00007ffe0d870000 - 0x00007ffe0d889000 	C:\Program Files\Java\jdk-17.0.1\bin\net.dll
0x00007ffe2dba0000 - 0x00007ffe2dcd6000 	C:\WINDOWS\SYSTEM32\WINHTTP.dll
0x00007ffe33100000 - 0x00007ffe33169000 	C:\WINDOWS\system32\mswsock.dll
0x00007ffe0d700000 - 0x00007ffe0d715000 	C:\Program Files\Java\jdk-17.0.1\bin\nio.dll
0x00007ffe031a0000 - 0x00007ffe031b8000 	C:\Program Files\Java\jdk-17.0.1\bin\zip.dll
0x000000006e700000 - 0x000000006e72d000 	C:\Users\henri\AppData\Local\Temp\libgdxhenri\2a9d7f76\gdx64.dll
0x00007ffddbaa0000 - 0x00007ffddbb1b000 	C:\Users\henri\AppData\Local\Temp\lwjgl_henri\3.3.3+5\x64\lwjgl.dll
0x00007ffd90fd0000 - 0x00007ffd91240000 	C:\Users\henri\AppData\Local\Temp\lwjgl_henri\3.3.3+5\x64\jemalloc.dll
0x00007ffda6820000 - 0x00007ffda68a2000 	C:\Users\henri\AppData\Local\Temp\lwjgl_henri\3.3.3+5\x64\glfw.dll
0x00007ffe01fe0000 - 0x00007ffe02026000 	C:\WINDOWS\SYSTEM32\dinput8.dll
0x00007ffe282a0000 - 0x00007ffe282b1000 	C:\WINDOWS\SYSTEM32\xinput1_4.dll
0x00007ffe339a0000 - 0x00007ffe339ee000 	C:\WINDOWS\SYSTEM32\cfgmgr32.dll
0x00007ffe33950000 - 0x00007ffe3397c000 	C:\WINDOWS\SYSTEM32\DEVOBJ.dll
0x00007ffe30d70000 - 0x00007ffe30d9b000 	C:\WINDOWS\SYSTEM32\dwmapi.dll
0x00007ffe30ac0000 - 0x00007ffe30b6b000 	C:\WINDOWS\system32\uxtheme.dll
0x00007ffe0f610000 - 0x00007ffe0f81a000 	C:\WINDOWS\SYSTEM32\inputhost.dll
0x00007ffe306c0000 - 0x00007ffe307f4000 	C:\WINDOWS\SYSTEM32\CoreMessaging.dll
0x00007ffe36770000 - 0x00007ffe368c3000 	C:\WINDOWS\System32\MSCTF.dll
0x00007ffe333a0000 - 0x00007ffe333ac000 	C:\WINDOWS\SYSTEM32\CRYPTBASE.DLL
0x00007ffda4fe0000 - 0x00007ffda51a7000 	C:\Users\henri\AppData\Local\Temp\lwjgl_henri\3.3.3+5\x64\OpenAL.dll
0x00007ffe353c0000 - 0x00007ffe35565000 	C:\WINDOWS\System32\ole32.dll
0x00007ffe36310000 - 0x00007ffe363c0000 	C:\WINDOWS\System32\clbcatq.dll
0x00007ffe23bc0000 - 0x00007ffe23c5d000 	C:\WINDOWS\System32\MMDevApi.dll
0x00007ffe15cb0000 - 0x00007ffe15e9c000 	C:\WINDOWS\SYSTEM32\AUDIOSES.DLL
0x00007ffe310b0000 - 0x00007ffe310c5000 	C:\WINDOWS\SYSTEM32\resourcepolicyclient.dll
0x00007ffe33510000 - 0x00007ffe3355d000 	C:\WINDOWS\SYSTEM32\powrprof.dll
0x00007ffe334f0000 - 0x00007ffe33503000 	C:\WINDOWS\SYSTEM32\UMPDC.dll
0x00007ffdf6be0000 - 0x00007ffdf6ce0000 	C:\WINDOWS\SYSTEM32\opengl32.dll
0x00007ffdf6b70000 - 0x00007ffdf6b9d000 	C:\WINDOWS\SYSTEM32\GLU32.dll
0x00007ffe30c00000 - 0x00007ffe30c39000 	C:\WINDOWS\SYSTEM32\dxcore.dll
0x00007ffe2d250000 - 0x00007ffe2d29a000 	C:\WINDOWS\SYSTEM32\directxdatabasehelper.dll
0x00007ffe2cbe0000 - 0x00007ffe2cd17000 	C:\Windows\System32\AppXDeploymentClient.dll
0x00007ffd893a0000 - 0x00007ffd8a373000 	C:\WINDOWS\System32\DriverStore\FileRepository\iigd_dch.inf_amd64_3a2f90c1eb2e1524\igxelpicd64.dll
0x00007ffe30c60000 - 0x00007ffe30d58000 	C:\WINDOWS\system32\dxgi.dll
0x00007ffd88f10000 - 0x00007ffd89397000 	C:\WINDOWS\System32\DriverStore\FileRepository\iigd_dch.inf_amd64_3a2f90c1eb2e1524\igdml64.dll
0x00007ffe27cb0000 - 0x00007ffe28071000 	C:\WINDOWS\System32\DriverStore\FileRepository\iigd_dch.inf_amd64_3a2f90c1eb2e1524\igdgmm64.dll
0x00007ffe24aa0000 - 0x00007ffe27ca6000 	C:\WINDOWS\System32\DriverStore\FileRepository\iigd_dch.inf_amd64_3a2f90c1eb2e1524\igc64.dll
0x00007ffddd770000 - 0x00007ffddd7ce000 	C:\Users\henri\AppData\Local\Temp\lwjgl_henri\3.3.3+5\x64\lwjgl_opengl.dll
0x00007ffe0f420000 - 0x00007ffe0f56a000 	C:\WINDOWS\SYSTEM32\textinputframework.dll
0x00007ffe2c030000 - 0x00007ffe2c39c000 	C:\WINDOWS\SYSTEM32\CoreUIComponents.dll
0x0000000066b00000 - 0x0000000066b5a000 	C:\Users\henri\AppData\Local\Temp\libgdxhenri\5e84b8da\gdx-box2d64.dll

dbghelp: loaded successfully - version: 4.0.5 - missing functions: none
symbol engine: initialized successfully - sym options: 0x614 - pdb path: .;C:\Program Files\Java\jdk-17.0.1\bin;C:\WINDOWS\SYSTEM32;C:\WINDOWS\WinSxS\amd64_microsoft.windows.common-controls_6595b64144ccf1df_6.0.22621.3235_none_270f74e173860f98;C:\Program Files\Java\jdk-17.0.1\bin\server;C:\Users\henri\AppData\Local\Temp\libgdxhenri\2a9d7f76;C:\Users\henri\AppData\Local\Temp\lwjgl_henri\3.3.3+5\x64;C:\WINDOWS\System32\DriverStore\FileRepository\iigd_dch.inf_amd64_3a2f90c1eb2e1524;C:\Users\henri\AppData\Local\Temp\libgdxhenri\5e84b8da

VM Arguments:
jvm_args: -XX:+ShowCodeDetailsInExceptionMessages 
java_command: inf112.skeleton.app.Main
java_class_path (initial): C:\Users\henri\.vscode\ctrl-alt-defeat\target\classes;C:\Users\henri\.m2\repository\com\badlogicgames\gdx\gdx\1.12.1\gdx-1.12.1.jar;C:\Users\henri\.m2\repository\com\badlogicgames\gdx\gdx-jnigen-loader\2.3.1\gdx-jnigen-loader-2.3.1.jar;C:\Users\henri\.m2\repository\com\badlogicgames\gdx\gdx-platform\1.12.1\gdx-platform-1.12.1-natives-desktop.jar;C:\Users\henri\.m2\repository\com\badlogicgames\gdx\gdx-backend-lwjgl3\1.12.1\gdx-backend-lwjgl3-1.12.1.jar;C:\Users\henri\.m2\repository\org\lwjgl\lwjgl\3.3.3\lwjgl-3.3.3.jar;C:\Users\henri\.m2\repository\org\lwjgl\lwjgl\3.3.3\lwjgl-3.3.3-natives-linux.jar;C:\Users\henri\.m2\repository\org\lwjgl\lwjgl\3.3.3\lwjgl-3.3.3-natives-linux-arm32.jar;C:\Users\henri\.m2\repository\org\lwjgl\lwjgl\3.3.3\lwjgl-3.3.3-natives-linux-arm64.jar;C:\Users\henri\.m2\repository\org\lwjgl\lwjgl\3.3.3\lwjgl-3.3.3-natives-macos.jar;C:\Users\henri\.m2\repository\org\lwjgl\lwjgl\3.3.3\lwjgl-3.3.3-natives-macos-arm64.jar;C:\Users\henri\.m2\repository\org\lwjgl\lwjgl\3.3.3\lwjgl-3.3.3-natives-windows.jar;C:\Users\henri\.m2\repository\org\lwjgl\lwjgl\3.3.3\lwjgl-3.3.3-natives-windows-x86.jar;C:\Users\henri\.m2\repository\org\lwjgl\lwjgl-glfw\3.3.3\lwjgl-glfw-3.3.3.jar;C:\Users\henri\.m2\repository\org\lwjgl\lwjgl-glfw\3.3.3\lwjgl-glfw-3.3.3-natives-linux.jar;C:\Users\henri\.m2\repository\org\lwjgl\lwjgl-glfw\3.3.3\lwjgl-glfw-3.3.3-natives-linux-arm32.jar;C:\Users\henri\.m2\repository\org\lwjgl\lwjgl-glfw\3.3.3\lwjgl-glfw-3.3.3-natives-linux-arm64.jar;C:\Users\henri\.m2\repository\org\lwjgl\lwjgl-glfw\3.3.3\lwjgl-glfw-3.3.3-natives-macos.jar;C:\Users\henri\.m2\repository\org\lwjgl\lwjgl-glfw\3.3.3\lwjgl-glfw-3.3.3-natives-macos-arm64.jar;C:\Users\henri\.m2\repository\org\lwjgl\lwjgl-glfw\3.3.3\lwjgl-glfw-3.3.3-natives-windows.jar;C:\Users\henri\.m2\repository\org\lwjgl\lwjgl-glfw\3.3.3\lwjgl-glfw-3.3.3-natives-windows-x86.jar;C:\Users\henri\.m2\repository\org\lwjgl\lwjgl-jemalloc\3.3.3\lwjgl-jemalloc-3.3.3.jar;C:\Users\henr
Launcher Type: SUN_STANDARD

[Global flags]
     intx CICompilerCount                          = 4                                         {product} {ergonomic}
     uint ConcGCThreads                            = 2                                         {product} {ergonomic}
     uint G1ConcRefinementThreads                  = 8                                         {product} {ergonomic}
   size_t G1HeapRegionSize                         = 2097152                                   {product} {ergonomic}
    uintx GCDrainStackTargetSize                   = 64                                        {product} {ergonomic}
   size_t InitialHeapSize                          = 266338304                                 {product} {ergonomic}
   size_t MarkStackSize                            = 4194304                                   {product} {ergonomic}
   size_t MaxHeapSize                              = 4242538496                                {product} {ergonomic}
   size_t MaxNewSize                               = 2543845376                                {product} {ergonomic}
   size_t MinHeapDeltaBytes                        = 2097152                                   {product} {ergonomic}
   size_t MinHeapSize                              = 8388608                                   {product} {ergonomic}
    uintx NonNMethodCodeHeapSize                   = 5839372                                {pd product} {ergonomic}
    uintx NonProfiledCodeHeapSize                  = 122909434                              {pd product} {ergonomic}
    uintx ProfiledCodeHeapSize                     = 122909434                              {pd product} {ergonomic}
    uintx ReservedCodeCacheSize                    = 251658240                              {pd product} {ergonomic}
     bool SegmentedCodeCache                       = true                                      {product} {ergonomic}
     bool ShowCodeDetailsInExceptionMessages       = true                                   {manageable} {command line}
   size_t SoftMaxHeapSize                          = 4242538496                             {manageable} {ergonomic}
     bool UseCompressedClassPointers               = true                           {product lp64_product} {ergonomic}
     bool UseCompressedOops                        = true                           {product lp64_product} {ergonomic}
     bool UseG1GC                                  = true                                      {product} {ergonomic}
     bool UseLargePagesIndividualAllocation        = false                                  {pd product} {ergonomic}

Logging:
Log output configuration:
 #0: stdout all=warning uptime,level,tags
 #1: stderr all=off uptime,level,tags

Environment Variables:
PATH=C:\Program Files\Common Files\Oracle\Java\javapath;C:\Program Files (x86)\Common Files\Oracle\Java\javapath;C:\WINDOWS\system32;C:\WINDOWS;C:\WINDOWS\System32\Wbem;C:\WINDOWS\System32\WindowsPowerShell\v1.0\;C:\WINDOWS\System32\OpenSSH\;C:\Program Files (x86)\Calibre2\;C:\Program Files\Git\cmd;C:\Program Files\dotnet\;C:\Program Files\MATLAB\R2023a\bin;C:\Program Files\MATLAB\R2022b\bin;C:\Users\henri\AppData\Local\Programs\Python\Python39\Scripts\;C:\Users\henri\AppData\Local\Programs\Python\Python39\;C:\Users\henri\AppData\Local\Microsoft\WindowsApps;C:\Users\henri\AppData\Local\Programs\Microsoft VS Code\bin;C:\Users\henri\AppData\Local\GitHubDesktop\bin;C:\ghcup\bin;
USERNAME=henri
LANG=en_US.UTF-8
OS=Windows_NT
PROCESSOR_IDENTIFIER=Intel64 Family 6 Model 140 Stepping 1, GenuineIntel



---------------  S Y S T E M  ---------------

OS:
 Windows 10 , 64 bit Build 22621 (10.0.22621.3374)
OS uptime: 3 days 7:56 hours
Hyper-V role detected

CPU: total 8 (initial active 8) (4 cores per cpu, 2 threads per core) family 6 model 140 stepping 1 microcode 0x86, cx8, cmov, fxsr, ht, mmx, 3dnowpref, sse, sse2, sse3, ssse3, sse4.1, sse4.2, popcnt, lzcnt, tsc, tscinvbit, avx, avx2, aes, erms, clmul, bmi1, bmi2, adx, avx512f, avx512dq, avx512cd, avx512bw, avx512vl, sha, fma, vzeroupper, avx512_vpopcntdq, avx512_vpclmulqdq, avx512_vaes, avx512_vnni, clflush, clflushopt, clwb, avx512_vbmi2, avx512_vbmi, hv

Memory: 4k page, system-wide physical 16179M (5990M free)
TotalPageFile size 32563M (AvailPageFile size 17063M)
current process WorkingSet (physical memory assigned to process): 242M, peak: 242M
current process commit charge ("private bytes"): 469M, peak: 474M

vm_info: Java HotSpot(TM) 64-Bit Server VM (17.0.1+12-LTS-39) for windows-amd64 JRE (17.0.1+12-LTS-39), built on Sep 27 2021 18:41:35 by "mach5one" with MS VC++ 16.8 (VS2019)

END.
