#
# A fatal error has been detected by the Java Runtime Environment:
#
#  EXCEPTION_ACCESS_VIOLATION (0xc0000005) at pc=0x0000000066b2398d, pid=22756, tid=17764
#
# JRE version: Java(TM) SE Runtime Environment (17.0.1+12) (build 17.0.1+12-LTS-39)
# Java VM: Java HotSpot(TM) 64-Bit Server VM (17.0.1+12-LTS-39, mixed mode, sharing, tiered, compressed oops, compressed class ptrs, g1 gc, windows-amd64)
# Problematic frame:
# C  [gdx-box2d64.dll+0x2398d]
#
# No core dump will be written. Minidumps are not enabled by default on client versions of Windows
#
# If you would like to submit a bug report, please visit:
#   https://bugreport.java.com/bugreport/crash.jsp
# The crash happened outside the Java Virtual Machine in native code.
# See problematic frame for where to report the bug.
#

---------------  S U M M A R Y ------------

Command Line: -XX:+ShowCodeDetailsInExceptionMessages inf112.skeleton.app.Main

Host: 11th Gen Intel(R) Core(TM) i7-1165G7 @ 2.80GHz, 8 cores, 15G,  Windows 10 , 64 bit Build 22621 (10.0.22621.3374)
Time: Sat Apr 27 03:08:37 2024 Vest-Europa (sommertid) elapsed time: 6.402259 seconds (0d 0h 0m 6s)

---------------  T H R E A D  ---------------

Current thread (0x000002805f99b0e0):  JavaThread "main" [_thread_in_native, id=17764, stack(0x000000d308300000,0x000000d308400000)]

Stack: [0x000000d308300000,0x000000d308400000],  sp=0x000000d3083fec20,  free space=1019k
Native frames: (J=compiled Java code, j=interpreted, Vv=VM code, C=native code)
C  [gdx-box2d64.dll+0x2398d]

Java frames: (J=compiled Java code, j=interpreted, Vv=VM code)
J 1310  com.badlogic.gdx.physics.box2d.Body.jniGetPosition(J[F)V (0 bytes) @ 0x0000028070656677 [0x0000028070656620+0x0000000000000057]
J 1309 c1 com.badlogic.gdx.physics.box2d.Body.getPosition()Lcom/badlogic/gdx/math/Vector2; (43 bytes) @ 0x00000280692f434c [0x00000280692f42c0+0x000000000000008c]
j  inf112.skeleton.app.Marius.fallOfMap()Z+4
j  inf112.skeleton.app.Marius.update(F)V+21
j  inf112.Screens.ShowGame.update(F)V+86
j  inf112.Screens.ShowGame.render(F)V+2
j  com.badlogic.gdx.Game.render()V+19
j  com.badlogic.gdx.backends.lwjgl3.Lwjgl3Window.update()Z+187
j  com.badlogic.gdx.backends.lwjgl3.Lwjgl3Application.loop()V+111
j  com.badlogic.gdx.backends.lwjgl3.Lwjgl3Application.<init>(Lcom/badlogic/gdx/ApplicationListener;Lcom/badlogic/gdx/backends/lwjgl3/Lwjgl3ApplicationConfiguration;)V+269
j  inf112.skeleton.app.Main.main([Ljava/lang/String;)V+17
v  ~StubRoutines::call_stub

siginfo: EXCEPTION_ACCESS_VIOLATION (0xc0000005), reading address 0x000002800819ccec


Register to memory mapping:

RIP=0x0000000066b2398d gdx-box2d64.dll
RAX=0x0000000712fb5770 points into unknown readable memory: 0x3ec51ead3ea3d70a | 0a d7 a3 3e ad 1e c5 3e
RBX=0x000002800819cce0 is an unknown value
RCX=0x000002805f99b388 points into unknown readable memory: 0x000002800582c400 | 00 c4 82 05 80 02 00 00
RDX=0x000000d3083fec90 is pointing into the stack for thread: 0x000002805f99b0e0
RSP=0x000000d3083fec20 is pointing into the stack for thread: 0x000002805f99b0e0
RBP=0x000000d3083fecc0 is pointing into the stack for thread: 0x000002805f99b0e0
RSI=0x0000000712fb5708 is an oop: com.badlogic.gdx.physics.box2d.Body 
{0x0000000712fb5708} - klass: 'com/badlogic/gdx/physics/box2d/Body'
 - ---- fields (total size 11 words):
 - private final 'tmp' '[F' @12  [F{0x0000000712fb5760} (e25f6aec)
 - protected 'addr' 'J' @16  2748914978016 (819cce0 280)
 - private final 'world' 'Lcom/badlogic/gdx/physics/box2d/World;' @24  a 'com/badlogic/gdx/physics/box2d/World'{0x0000000712e29b18} (e25c5363)
 - private 'fixtures' 'Lcom/badlogic/gdx/utils/Array;' @28  a 'com/badlogic/gdx/utils/Array'{0x0000000712fb5780} (e25f6af0)
 - protected 'joints' 'Lcom/badlogic/gdx/utils/Array;' @32  a 'com/badlogic/gdx/utils/Array'{0x0000000712fb57b8} (e25f6af7)
 - private 'userData' 'Ljava/lang/Object;' @36  NULL (0)
 - private final 'transform' 'Lcom/badlogic/gdx/physics/box2d/Transform;' @40  a 'com/badlogic/gdx/physics/box2d/Transform'{0x0000000712fb57f0} (e25f6afe)
 - private final 'position' 'Lcom/badlogic/gdx/math/Vector2;' @44  a 'com/badlogic/gdx/math/Vector2'{0x0000000712fb5858} (e25f6b0b)
 - private final 'worldCenter' 'Lcom/badlogic/gdx/math/Vector2;' @48  a 'com/badlogic/gdx/math/Vector2'{0x0000000712fb5870} (e25f6b0e)
 - private final 'localCenter' 'Lcom/badlogic/gdx/math/Vector2;' @52  a 'com/badlogic/gdx/math/Vector2'{0x0000000712fb5888} (e25f6b11)
 - private final 'linearVelocity' 'Lcom/badlogic/gdx/math/Vector2;' @56  a 'com/badlogic/gdx/math/Vector2'{0x0000000712fb58a0} (e25f6b14)
 - private final 'massData' 'Lcom/badlogic/gdx/physics/box2d/MassData;' @60  a 'com/badlogic/gdx/physics/box2d/MassData'{0x0000000712fb58b8} (e25f6b17)
 - private final 'localPoint' 'Lcom/badlogic/gdx/math/Vector2;' @64  a 'com/badlogic/gdx/math/Vector2'{0x0000000712fb58e8} (e25f6b1d)
 - private final 'worldVector' 'Lcom/badlogic/gdx/math/Vector2;' @68  a 'com/badlogic/gdx/math/Vector2'{0x0000000712fb5900} (e25f6b20)
 - public final 'localPoint2' 'Lcom/badlogic/gdx/math/Vector2;' @72  a 'com/badlogic/gdx/math/Vector2'{0x0000000712fb5918} (e25f6b23)
 - public final 'localVector' 'Lcom/badlogic/gdx/math/Vector2;' @76  a 'com/badlogic/gdx/math/Vector2'{0x0000000712fb5930} (e25f6b26)
 - public final 'linVelWorld' 'Lcom/badlogic/gdx/math/Vector2;' @80  a 'com/badlogic/gdx/math/Vector2'{0x0000000712fb5948} (e25f6b29)
 - public final 'linVelLoc' 'Lcom/badlogic/gdx/math/Vector2;' @84  a 'com/badlogic/gdx/math/Vector2'{0x0000000712fb5960} (e25f6b2c)
RDI=0x0000028012d13c98 is pointing into metadata
R8 =0x0000000712fb5770 points into unknown readable memory: 0x3ec51ead3ea3d70a | 0a d7 a3 3e ad 1e c5 3e
R9 =0x0 is NULL
R10=0x0000000066b23960 gdx-box2d64.dll
R11=0x00000280692f42e0 is at entry_point+32 in (nmethod*)0x00000280692f4110
R12=0x000002805f99b388 points into unknown readable memory: 0x000002800582c400 | 00 c4 82 05 80 02 00 00
R13=0x000000d3083fec90 is pointing into the stack for thread: 0x000002805f99b0e0
R14=0x0 is NULL
R15=0x000002805f99b0e0 is a thread


Registers:
RAX=0x0000000712fb5770, RBX=0x000002800819cce0, RCX=0x000002805f99b388, RDX=0x000000d3083fec90
RSP=0x000000d3083fec20, RBP=0x000000d3083fecc0, RSI=0x0000000712fb5708, RDI=0x0000028012d13c98
R8 =0x0000000712fb5770, R9 =0x0000000000000000, R10=0x0000000066b23960, R11=0x00000280692f42e0
R12=0x000002805f99b388, R13=0x000000d3083fec90, R14=0x0000000000000000, R15=0x000002805f99b0e0
RIP=0x0000000066b2398d, EFLAGS=0x0000000000010246

Top of Stack: (sp=0x000000d3083fec20)
0x000000d3083fec20:   000002800819cce0 0000000712fb5708
0x000000d3083fec30:   0000000000000000 0000000000000001
0x000000d3083fec40:   0000028012cbbcc0 0000000000000000
0x000000d3083fec50:   000000d3083fed30 0000028070656717
0x000000d3083fec60:   0000000000000005 00007ffd866c7880
0x000000d3083fec70:   0000000000000000 000000d3083fec78
0x000000d3083fec80:   0000000712fb5708 000000d3083fecd0
0x000000d3083fec90:   0000000712fb5760 0000000000000000
0x000000d3083feca0:   00000007117b3c60 000000080038b280
0x000000d3083fecb0:   0000000000000000 000000d3083fecd0
0x000000d3083fecc0:   000000d3083fed80 00000280692f434c
0x000000d3083fecd0:   0000000712cd58a8 000000d3083fecd8
0x000000d3083fece0:   00000280049a1c04 000000d3083fed30
0x000000d3083fecf0:   00000280049c84a0 0000000712fb5708
0x000000d3083fed00:   0000000711815a58 00000280049a1c20
0x000000d3083fed10:   000000d3083fed80 0000028068b19657 

Instructions: (pc=0x0000000066b2398d)
0x0000000066b2388d:   48 83 c4 58 c3 66 66 2e 0f 1f 84 00 00 00 00 00
0x0000000066b2389d:   0f 1f 00 f3 0f 10 54 24 28 4c 89 c1 4c 89 ca e9
0x0000000066b238ad:   1f 9e ff ff 66 66 2e 0f 1f 84 00 00 00 00 00 0f
0x0000000066b238bd:   1f 40 00 48 83 ec 38 f3 0f 10 44 24 60 f3 0f 10
0x0000000066b238cd:   54 24 68 4c 89 c1 48 8d 54 24 28 f3 0f 11 5c 24
0x0000000066b238dd:   28 f3 0f 11 44 24 2c e8 27 a2 ff ff 90 48 83 c4
0x0000000066b238ed:   38 c3 90 41 55 41 54 53 48 83 ec 20 48 8b 01 4c
0x0000000066b238fd:   89 c3 49 89 cc 4d 89 cd 45 31 c0 4c 89 ca ff 90
0x0000000066b2390d:   f0 06 00 00 45 31 c9 4c 89 ea 4c 89 e1 49 89 c0
0x0000000066b2391d:   48 8b 43 0c f3 0f 10 43 14 f3 0f 10 4b 18 49 89
0x0000000066b2392d:   00 49 8b 04 24 f3 41 0f 11 48 08 48 8b 80 f8 06
0x0000000066b2393d:   00 00 f3 41 0f 11 40 0c 48 83 c4 20 5b 41 5c 41
0x0000000066b2394d:   5d 48 ff e0 66 66 2e 0f 1f 84 00 00 00 00 00 0f
0x0000000066b2395d:   1f 40 00 41 55 41 54 53 48 83 ec 20 48 8b 01 49
0x0000000066b2396d:   89 cc 4d 89 cd 4c 89 c3 4c 89 ca 45 31 c0 ff 90
0x0000000066b2397d:   f0 06 00 00 45 31 c9 4c 89 ea 4c 89 e1 49 89 c0
0x0000000066b2398d:   48 8b 43 0c 49 89 00 49 8b 04 24 48 8b 80 f8 06
0x0000000066b2399d:   00 00 48 83 c4 20 5b 41 5c 41 5d 48 ff e0 0f 1f
0x0000000066b239ad:   44 00 00 f3 41 0f 10 40 38 c3 66 0f 1f 84 00 00
0x0000000066b239bd:   00 00 00 41 55 41 54 53 48 83 ec 20 48 8b 01 49
0x0000000066b239cd:   89 cc 4d 89 cd 4c 89 c3 4c 89 ca 45 31 c0 ff 90
0x0000000066b239dd:   f0 06 00 00 45 31 c9 4c 89 ea 4c 89 e1 49 89 c0
0x0000000066b239ed:   48 8b 43 2c 49 89 00 49 8b 04 24 48 8b 80 f8 06
0x0000000066b239fd:   00 00 48 83 c4 20 5b 41 5c 41 5d 48 ff e0 0f 1f
0x0000000066b23a0d:   44 00 00 41 55 41 54 53 48 83 ec 20 48 8b 01 49
0x0000000066b23a1d:   89 cc 4d 89 cd 4c 89 c3 4c 89 ca 45 31 c0 ff 90
0x0000000066b23a2d:   f0 06 00 00 45 31 c9 4c 89 ea 4c 89 e1 49 89 c0
0x0000000066b23a3d:   48 8b 43 1c 49 89 00 49 8b 04 24 48 8b 80 f8 06
0x0000000066b23a4d:   00 00 48 83 c4 20 5b 41 5c 41 5d 48 ff e0 0f 1f
0x0000000066b23a5d:   44 00 00 41 8b 00 f3 0f 10 44 24 28 85 c0 74 43
0x0000000066b23a6d:   0f 10 cb 0f 10 d0 f3 0f 59 cb f3 0f 59 d0 f3 0f
0x0000000066b23a7d:   58 ca 0f 2f 0d aa f0 01 00 76 1c 41 0f b7 40 04 


Stack slot to memory mapping:
stack at sp + 0 slots: 0x000002800819cce0 is an unknown value
stack at sp + 1 slots: 0x0000000712fb5708 is an oop: com.badlogic.gdx.physics.box2d.Body 
{0x0000000712fb5708} - klass: 'com/badlogic/gdx/physics/box2d/Body'
 - ---- fields (total size 11 words):
 - private final 'tmp' '[F' @12  [F{0x0000000712fb5760} (e25f6aec)
 - protected 'addr' 'J' @16  2748914978016 (819cce0 280)
 - private final 'world' 'Lcom/badlogic/gdx/physics/box2d/World;' @24  a 'com/badlogic/gdx/physics/box2d/World'{0x0000000712e29b18} (e25c5363)
 - private 'fixtures' 'Lcom/badlogic/gdx/utils/Array;' @28  a 'com/badlogic/gdx/utils/Array'{0x0000000712fb5780} (e25f6af0)
 - protected 'joints' 'Lcom/badlogic/gdx/utils/Array;' @32  a 'com/badlogic/gdx/utils/Array'{0x0000000712fb57b8} (e25f6af7)
 - private 'userData' 'Ljava/lang/Object;' @36  NULL (0)
 - private final 'transform' 'Lcom/badlogic/gdx/physics/box2d/Transform;' @40  a 'com/badlogic/gdx/physics/box2d/Transform'{0x0000000712fb57f0} (e25f6afe)
 - private final 'position' 'Lcom/badlogic/gdx/math/Vector2;' @44  a 'com/badlogic/gdx/math/Vector2'{0x0000000712fb5858} (e25f6b0b)
 - private final 'worldCenter' 'Lcom/badlogic/gdx/math/Vector2;' @48  a 'com/badlogic/gdx/math/Vector2'{0x0000000712fb5870} (e25f6b0e)
 - private final 'localCenter' 'Lcom/badlogic/gdx/math/Vector2;' @52  a 'com/badlogic/gdx/math/Vector2'{0x0000000712fb5888} (e25f6b11)
 - private final 'linearVelocity' 'Lcom/badlogic/gdx/math/Vector2;' @56  a 'com/badlogic/gdx/math/Vector2'{0x0000000712fb58a0} (e25f6b14)
 - private final 'massData' 'Lcom/badlogic/gdx/physics/box2d/MassData;' @60  a 'com/badlogic/gdx/physics/box2d/MassData'{0x0000000712fb58b8} (e25f6b17)
 - private final 'localPoint' 'Lcom/badlogic/gdx/math/Vector2;' @64  a 'com/badlogic/gdx/math/Vector2'{0x0000000712fb58e8} (e25f6b1d)
 - private final 'worldVector' 'Lcom/badlogic/gdx/math/Vector2;' @68  a 'com/badlogic/gdx/math/Vector2'{0x0000000712fb5900} (e25f6b20)
 - public final 'localPoint2' 'Lcom/badlogic/gdx/math/Vector2;' @72  a 'com/badlogic/gdx/math/Vector2'{0x0000000712fb5918} (e25f6b23)
 - public final 'localVector' 'Lcom/badlogic/gdx/math/Vector2;' @76  a 'com/badlogic/gdx/math/Vector2'{0x0000000712fb5930} (e25f6b26)
 - public final 'linVelWorld' 'Lcom/badlogic/gdx/math/Vector2;' @80  a 'com/badlogic/gdx/math/Vector2'{0x0000000712fb5948} (e25f6b29)
 - public final 'linVelLoc' 'Lcom/badlogic/gdx/math/Vector2;' @84  a 'com/badlogic/gdx/math/Vector2'{0x0000000712fb5960} (e25f6b2c)
stack at sp + 2 slots: 0x0 is NULL
stack at sp + 3 slots: 0x0000000000000001 is an unknown value
stack at sp + 4 slots: {method} {0x0000028012cbbcc8} 'getPosition' '()Lcom/badlogic/gdx/math/Vector2;' in 'com/badlogic/gdx/physics/box2d/Body'
stack at sp + 5 slots: 0x0 is NULL
stack at sp + 6 slots: 0x000000d3083fed30 is pointing into the stack for thread: 0x000002805f99b0e0
stack at sp + 7 slots: 0x0000028070656717 is at entry_point+247 in (nmethod*)0x0000028070656490


---------------  P R O C E S S  ---------------

Threads class SMR info:
_java_thread_list=0x0000028007b65940, length=14, elements={
0x000002805f99b0e0, 0x00000280047633c0, 0x0000028004764f80, 0x0000028004779fd0,
0x000002800477ab80, 0x000002800477f650, 0x0000028004780000, 0x00000280047813a0,
0x0000028004782d60, 0x000002800478c290, 0x0000028005234fc0, 0x000002800523ce80,
0x000002800559b3d0, 0x00000280078dad30
}

Java Threads: ( => current thread )
=>0x000002805f99b0e0 JavaThread "main" [_thread_in_native, id=17764, stack(0x000000d308300000,0x000000d308400000)]
  0x00000280047633c0 JavaThread "Reference Handler" daemon [_thread_blocked, id=11920, stack(0x000000d308a00000,0x000000d308b00000)]
  0x0000028004764f80 JavaThread "Finalizer" daemon [_thread_blocked, id=20512, stack(0x000000d308b00000,0x000000d308c00000)]
  0x0000028004779fd0 JavaThread "Signal Dispatcher" daemon [_thread_blocked, id=24400, stack(0x000000d308c00000,0x000000d308d00000)]
  0x000002800477ab80 JavaThread "Attach Listener" daemon [_thread_blocked, id=19980, stack(0x000000d308d00000,0x000000d308e00000)]
  0x000002800477f650 JavaThread "Service Thread" daemon [_thread_blocked, id=11532, stack(0x000000d308e00000,0x000000d308f00000)]
  0x0000028004780000 JavaThread "Monitor Deflation Thread" daemon [_thread_blocked, id=5996, stack(0x000000d308f00000,0x000000d309000000)]
  0x00000280047813a0 JavaThread "C2 CompilerThread0" daemon [_thread_blocked, id=17560, stack(0x000000d309000000,0x000000d309100000)]
  0x0000028004782d60 JavaThread "C1 CompilerThread0" daemon [_thread_blocked, id=13240, stack(0x000000d309100000,0x000000d309200000)]
  0x000002800478c290 JavaThread "Sweeper thread" daemon [_thread_blocked, id=24084, stack(0x000000d309200000,0x000000d309300000)]
  0x0000028005234fc0 JavaThread "Notification Thread" daemon [_thread_blocked, id=22604, stack(0x000000d309300000,0x000000d309400000)]
  0x000002800523ce80 JavaThread "Common-Cleaner" daemon [_thread_blocked, id=21064, stack(0x000000d309500000,0x000000d309600000)]
  0x000002800559b3d0 JavaThread "Thread-0" daemon [_thread_blocked, id=19632, stack(0x000000d309600000,0x000000d309700000)]
  0x00000280078dad30 JavaThread "AssetManager" daemon [_thread_blocked, id=3512, stack(0x000000d309e00000,0x000000d309f00000)]

Other Threads:
  0x000002800475f320 VMThread "VM Thread" [stack: 0x000000d308900000,0x000000d308a00000] [id=23204]
  0x000002805fb56480 WatcherThread [stack: 0x000000d309400000,0x000000d309500000] [id=22216]
  0x000002805fb3ba90 GCTaskThread "GC Thread#0" [stack: 0x000000d308400000,0x000000d308500000] [id=22556]
  0x000002800791f6d0 GCTaskThread "GC Thread#1" [stack: 0x000000d30a100000,0x000000d30a200000] [id=15760]
  0x0000028007976390 GCTaskThread "GC Thread#2" [stack: 0x000000d30a200000,0x000000d30a300000] [id=14760]
  0x00000280079c32e0 GCTaskThread "GC Thread#3" [stack: 0x000000d30a300000,0x000000d30a400000] [id=16596]
  0x000002800790f960 GCTaskThread "GC Thread#4" [stack: 0x000000d30a400000,0x000000d30a500000] [id=16324]
  0x000002800790e3e0 GCTaskThread "GC Thread#5" [stack: 0x000000d30a500000,0x000000d30a600000] [id=5640]
  0x000002800790f400 GCTaskThread "GC Thread#6" [stack: 0x000000d30a600000,0x000000d30a700000] [id=24300]
  0x000002800790e690 GCTaskThread "GC Thread#7" [stack: 0x000000d30a700000,0x000000d30a800000] [id=10672]
  0x000002805fb4d6b0 ConcurrentGCThread "G1 Main Marker" [stack: 0x000000d308500000,0x000000d308600000] [id=23604]
  0x000002805fb500e0 ConcurrentGCThread "G1 Conc#0" [stack: 0x000000d308600000,0x000000d308700000] [id=20436]
  0x00000280046234e0 ConcurrentGCThread "G1 Refine#0" [stack: 0x000000d308700000,0x000000d308800000] [id=4712]
  0x0000028004623f00 ConcurrentGCThread "G1 Service" [stack: 0x000000d308800000,0x000000d308900000] [id=7288]

Threads with active compile tasks:

VM state: not at safepoint (normal execution)

VM Mutex/Monitor currently owned by a thread: None

Heap address: 0x0000000703200000, size: 4046 MB, Compressed Oops mode: Zero based, Oop shift amount: 3

CDS archive(s) mapped at: [0x0000000800000000-0x0000000800bc0000-0x0000000800bc0000), size 12320768, SharedBaseAddress: 0x0000000800000000, ArchiveRelocationMode: 0.
Compressed class space mapped at: 0x0000000800c00000-0x0000000840c00000, reserved size: 1073741824
Narrow klass base: 0x0000000800000000, Narrow klass shift: 0, Narrow klass range: 0x100000000

GC Precious Log:
 CPUs: 8 total, 8 available
 Memory: 16179M
 Large Page Support: Disabled
 NUMA Support: Disabled
 Compressed Oops: Enabled (Zero based)
 Heap Region Size: 2M
 Heap Min Capacity: 8M
 Heap Initial Capacity: 254M
 Heap Max Capacity: 4046M
 Pre-touch: Disabled
 Parallel Workers: 8
 Concurrent Workers: 2
 Concurrent Refinement Workers: 8
 Periodic GC: Disabled

Heap:
 garbage-first heap   total 260096K, used 7937K [0x0000000703200000, 0x0000000800000000)
  region size 2048K, 5 young (10240K), 2 survivors (4096K)
 Metaspace       used 8247K, committed 8448K, reserved 1064960K
  class space    used 642K, committed 768K, reserved 1048576K

Heap Regions: E=young(eden), S=young(survivor), O=old, HS=humongous(starts), HC=humongous(continues), CS=collection set, F=free, OA=open archive, CA=closed archive, TAMS=top-at-mark-start (previous, next)
|   0|0x0000000703200000, 0x0000000703200000, 0x0000000703400000|  0%| F|  |TAMS 0x0000000703200000, 0x0000000703200000| Untracked 
|   1|0x0000000703400000, 0x0000000703400000, 0x0000000703600000|  0%| F|  |TAMS 0x0000000703400000, 0x0000000703400000| Untracked 
|   2|0x0000000703600000, 0x0000000703600000, 0x0000000703800000|  0%| F|  |TAMS 0x0000000703600000, 0x0000000703600000| Untracked 
|   3|0x0000000703800000, 0x0000000703800000, 0x0000000703a00000|  0%| F|  |TAMS 0x0000000703800000, 0x0000000703800000| Untracked 
|   4|0x0000000703a00000, 0x0000000703a00000, 0x0000000703c00000|  0%| F|  |TAMS 0x0000000703a00000, 0x0000000703a00000| Untracked 
|   5|0x0000000703c00000, 0x0000000703c00000, 0x0000000703e00000|  0%| F|  |TAMS 0x0000000703c00000, 0x0000000703c00000| Untracked 
|   6|0x0000000703e00000, 0x0000000703e00000, 0x0000000704000000|  0%| F|  |TAMS 0x0000000703e00000, 0x0000000703e00000| Untracked 
|   7|0x0000000704000000, 0x0000000704000000, 0x0000000704200000|  0%| F|  |TAMS 0x0000000704000000, 0x0000000704000000| Untracked 
|   8|0x0000000704200000, 0x0000000704200000, 0x0000000704400000|  0%| F|  |TAMS 0x0000000704200000, 0x0000000704200000| Untracked 
|   9|0x0000000704400000, 0x0000000704400000, 0x0000000704600000|  0%| F|  |TAMS 0x0000000704400000, 0x0000000704400000| Untracked 
|  10|0x0000000704600000, 0x0000000704600000, 0x0000000704800000|  0%| F|  |TAMS 0x0000000704600000, 0x0000000704600000| Untracked 
|  11|0x0000000704800000, 0x0000000704800000, 0x0000000704a00000|  0%| F|  |TAMS 0x0000000704800000, 0x0000000704800000| Untracked 
|  12|0x0000000704a00000, 0x0000000704a00000, 0x0000000704c00000|  0%| F|  |TAMS 0x0000000704a00000, 0x0000000704a00000| Untracked 
|  13|0x0000000704c00000, 0x0000000704c00000, 0x0000000704e00000|  0%| F|  |TAMS 0x0000000704c00000, 0x0000000704c00000| Untracked 
|  14|0x0000000704e00000, 0x0000000704e00000, 0x0000000705000000|  0%| F|  |TAMS 0x0000000704e00000, 0x0000000704e00000| Untracked 
|  15|0x0000000705000000, 0x0000000705000000, 0x0000000705200000|  0%| F|  |TAMS 0x0000000705000000, 0x0000000705000000| Untracked 
|  16|0x0000000705200000, 0x0000000705200000, 0x0000000705400000|  0%| F|  |TAMS 0x0000000705200000, 0x0000000705200000| Untracked 
|  17|0x0000000705400000, 0x0000000705400000, 0x0000000705600000|  0%| F|  |TAMS 0x0000000705400000, 0x0000000705400000| Untracked 
|  18|0x0000000705600000, 0x0000000705600000, 0x0000000705800000|  0%| F|  |TAMS 0x0000000705600000, 0x0000000705600000| Untracked 
|  19|0x0000000705800000, 0x0000000705800000, 0x0000000705a00000|  0%| F|  |TAMS 0x0000000705800000, 0x0000000705800000| Untracked 
|  20|0x0000000705a00000, 0x0000000705a00000, 0x0000000705c00000|  0%| F|  |TAMS 0x0000000705a00000, 0x0000000705a00000| Untracked 
|  21|0x0000000705c00000, 0x0000000705c00000, 0x0000000705e00000|  0%| F|  |TAMS 0x0000000705c00000, 0x0000000705c00000| Untracked 
|  22|0x0000000705e00000, 0x0000000705e00000, 0x0000000706000000|  0%| F|  |TAMS 0x0000000705e00000, 0x0000000705e00000| Untracked 
|  23|0x0000000706000000, 0x0000000706000000, 0x0000000706200000|  0%| F|  |TAMS 0x0000000706000000, 0x0000000706000000| Untracked 
|  24|0x0000000706200000, 0x0000000706200000, 0x0000000706400000|  0%| F|  |TAMS 0x0000000706200000, 0x0000000706200000| Untracked 
|  25|0x0000000706400000, 0x0000000706400000, 0x0000000706600000|  0%| F|  |TAMS 0x0000000706400000, 0x0000000706400000| Untracked 
|  26|0x0000000706600000, 0x0000000706600000, 0x0000000706800000|  0%| F|  |TAMS 0x0000000706600000, 0x0000000706600000| Untracked 
|  27|0x0000000706800000, 0x0000000706800000, 0x0000000706a00000|  0%| F|  |TAMS 0x0000000706800000, 0x0000000706800000| Untracked 
|  28|0x0000000706a00000, 0x0000000706a00000, 0x0000000706c00000|  0%| F|  |TAMS 0x0000000706a00000, 0x0000000706a00000| Untracked 
|  29|0x0000000706c00000, 0x0000000706c00000, 0x0000000706e00000|  0%| F|  |TAMS 0x0000000706c00000, 0x0000000706c00000| Untracked 
|  30|0x0000000706e00000, 0x0000000706e00000, 0x0000000707000000|  0%| F|  |TAMS 0x0000000706e00000, 0x0000000706e00000| Untracked 
|  31|0x0000000707000000, 0x0000000707000000, 0x0000000707200000|  0%| F|  |TAMS 0x0000000707000000, 0x0000000707000000| Untracked 
|  32|0x0000000707200000, 0x0000000707200000, 0x0000000707400000|  0%| F|  |TAMS 0x0000000707200000, 0x0000000707200000| Untracked 
|  33|0x0000000707400000, 0x0000000707400000, 0x0000000707600000|  0%| F|  |TAMS 0x0000000707400000, 0x0000000707400000| Untracked 
|  34|0x0000000707600000, 0x0000000707600000, 0x0000000707800000|  0%| F|  |TAMS 0x0000000707600000, 0x0000000707600000| Untracked 
|  35|0x0000000707800000, 0x0000000707800000, 0x0000000707a00000|  0%| F|  |TAMS 0x0000000707800000, 0x0000000707800000| Untracked 
|  36|0x0000000707a00000, 0x0000000707a00000, 0x0000000707c00000|  0%| F|  |TAMS 0x0000000707a00000, 0x0000000707a00000| Untracked 
|  37|0x0000000707c00000, 0x0000000707c00000, 0x0000000707e00000|  0%| F|  |TAMS 0x0000000707c00000, 0x0000000707c00000| Untracked 
|  38|0x0000000707e00000, 0x0000000707e00000, 0x0000000708000000|  0%| F|  |TAMS 0x0000000707e00000, 0x0000000707e00000| Untracked 
|  39|0x0000000708000000, 0x0000000708000000, 0x0000000708200000|  0%| F|  |TAMS 0x0000000708000000, 0x0000000708000000| Untracked 
|  40|0x0000000708200000, 0x0000000708200000, 0x0000000708400000|  0%| F|  |TAMS 0x0000000708200000, 0x0000000708200000| Untracked 
|  41|0x0000000708400000, 0x0000000708400000, 0x0000000708600000|  0%| F|  |TAMS 0x0000000708400000, 0x0000000708400000| Untracked 
|  42|0x0000000708600000, 0x0000000708600000, 0x0000000708800000|  0%| F|  |TAMS 0x0000000708600000, 0x0000000708600000| Untracked 
|  43|0x0000000708800000, 0x0000000708800000, 0x0000000708a00000|  0%| F|  |TAMS 0x0000000708800000, 0x0000000708800000| Untracked 
|  44|0x0000000708a00000, 0x0000000708a00000, 0x0000000708c00000|  0%| F|  |TAMS 0x0000000708a00000, 0x0000000708a00000| Untracked 
|  45|0x0000000708c00000, 0x0000000708c00000, 0x0000000708e00000|  0%| F|  |TAMS 0x0000000708c00000, 0x0000000708c00000| Untracked 
|  46|0x0000000708e00000, 0x0000000708e00000, 0x0000000709000000|  0%| F|  |TAMS 0x0000000708e00000, 0x0000000708e00000| Untracked 
|  47|0x0000000709000000, 0x0000000709000000, 0x0000000709200000|  0%| F|  |TAMS 0x0000000709000000, 0x0000000709000000| Untracked 
|  48|0x0000000709200000, 0x0000000709200000, 0x0000000709400000|  0%| F|  |TAMS 0x0000000709200000, 0x0000000709200000| Untracked 
|  49|0x0000000709400000, 0x0000000709400000, 0x0000000709600000|  0%| F|  |TAMS 0x0000000709400000, 0x0000000709400000| Untracked 
|  50|0x0000000709600000, 0x0000000709600000, 0x0000000709800000|  0%| F|  |TAMS 0x0000000709600000, 0x0000000709600000| Untracked 
|  51|0x0000000709800000, 0x0000000709800000, 0x0000000709a00000|  0%| F|  |TAMS 0x0000000709800000, 0x0000000709800000| Untracked 
|  52|0x0000000709a00000, 0x0000000709a00000, 0x0000000709c00000|  0%| F|  |TAMS 0x0000000709a00000, 0x0000000709a00000| Untracked 
|  53|0x0000000709c00000, 0x0000000709c00000, 0x0000000709e00000|  0%| F|  |TAMS 0x0000000709c00000, 0x0000000709c00000| Untracked 
|  54|0x0000000709e00000, 0x0000000709e00000, 0x000000070a000000|  0%| F|  |TAMS 0x0000000709e00000, 0x0000000709e00000| Untracked 
|  55|0x000000070a000000, 0x000000070a000000, 0x000000070a200000|  0%| F|  |TAMS 0x000000070a000000, 0x000000070a000000| Untracked 
|  56|0x000000070a200000, 0x000000070a200000, 0x000000070a400000|  0%| F|  |TAMS 0x000000070a200000, 0x000000070a200000| Untracked 
|  57|0x000000070a400000, 0x000000070a400000, 0x000000070a600000|  0%| F|  |TAMS 0x000000070a400000, 0x000000070a400000| Untracked 
|  58|0x000000070a600000, 0x000000070a600000, 0x000000070a800000|  0%| F|  |TAMS 0x000000070a600000, 0x000000070a600000| Untracked 
|  59|0x000000070a800000, 0x000000070a800000, 0x000000070aa00000|  0%| F|  |TAMS 0x000000070a800000, 0x000000070a800000| Untracked 
|  60|0x000000070aa00000, 0x000000070aa00000, 0x000000070ac00000|  0%| F|  |TAMS 0x000000070aa00000, 0x000000070aa00000| Untracked 
|  61|0x000000070ac00000, 0x000000070ac00000, 0x000000070ae00000|  0%| F|  |TAMS 0x000000070ac00000, 0x000000070ac00000| Untracked 
|  62|0x000000070ae00000, 0x000000070ae00000, 0x000000070b000000|  0%| F|  |TAMS 0x000000070ae00000, 0x000000070ae00000| Untracked 
|  63|0x000000070b000000, 0x000000070b000000, 0x000000070b200000|  0%| F|  |TAMS 0x000000070b000000, 0x000000070b000000| Untracked 
|  64|0x000000070b200000, 0x000000070b200000, 0x000000070b400000|  0%| F|  |TAMS 0x000000070b200000, 0x000000070b200000| Untracked 
|  65|0x000000070b400000, 0x000000070b400000, 0x000000070b600000|  0%| F|  |TAMS 0x000000070b400000, 0x000000070b400000| Untracked 
|  66|0x000000070b600000, 0x000000070b600000, 0x000000070b800000|  0%| F|  |TAMS 0x000000070b600000, 0x000000070b600000| Untracked 
|  67|0x000000070b800000, 0x000000070b800000, 0x000000070ba00000|  0%| F|  |TAMS 0x000000070b800000, 0x000000070b800000| Untracked 
|  68|0x000000070ba00000, 0x000000070ba00000, 0x000000070bc00000|  0%| F|  |TAMS 0x000000070ba00000, 0x000000070ba00000| Untracked 
|  69|0x000000070bc00000, 0x000000070bc00000, 0x000000070be00000|  0%| F|  |TAMS 0x000000070bc00000, 0x000000070bc00000| Untracked 
|  70|0x000000070be00000, 0x000000070be00000, 0x000000070c000000|  0%| F|  |TAMS 0x000000070be00000, 0x000000070be00000| Untracked 
|  71|0x000000070c000000, 0x000000070c000000, 0x000000070c200000|  0%| F|  |TAMS 0x000000070c000000, 0x000000070c000000| Untracked 
|  72|0x000000070c200000, 0x000000070c200000, 0x000000070c400000|  0%| F|  |TAMS 0x000000070c200000, 0x000000070c200000| Untracked 
|  73|0x000000070c400000, 0x000000070c400000, 0x000000070c600000|  0%| F|  |TAMS 0x000000070c400000, 0x000000070c400000| Untracked 
|  74|0x000000070c600000, 0x000000070c600000, 0x000000070c800000|  0%| F|  |TAMS 0x000000070c600000, 0x000000070c600000| Untracked 
|  75|0x000000070c800000, 0x000000070c800000, 0x000000070ca00000|  0%| F|  |TAMS 0x000000070c800000, 0x000000070c800000| Untracked 
|  76|0x000000070ca00000, 0x000000070ca00000, 0x000000070cc00000|  0%| F|  |TAMS 0x000000070ca00000, 0x000000070ca00000| Untracked 
|  77|0x000000070cc00000, 0x000000070cc00000, 0x000000070ce00000|  0%| F|  |TAMS 0x000000070cc00000, 0x000000070cc00000| Untracked 
|  78|0x000000070ce00000, 0x000000070ce00000, 0x000000070d000000|  0%| F|  |TAMS 0x000000070ce00000, 0x000000070ce00000| Untracked 
|  79|0x000000070d000000, 0x000000070d000000, 0x000000070d200000|  0%| F|  |TAMS 0x000000070d000000, 0x000000070d000000| Untracked 
|  80|0x000000070d200000, 0x000000070d200000, 0x000000070d400000|  0%| F|  |TAMS 0x000000070d200000, 0x000000070d200000| Untracked 
|  81|0x000000070d400000, 0x000000070d400000, 0x000000070d600000|  0%| F|  |TAMS 0x000000070d400000, 0x000000070d400000| Untracked 
|  82|0x000000070d600000, 0x000000070d600000, 0x000000070d800000|  0%| F|  |TAMS 0x000000070d600000, 0x000000070d600000| Untracked 
|  83|0x000000070d800000, 0x000000070d800000, 0x000000070da00000|  0%| F|  |TAMS 0x000000070d800000, 0x000000070d800000| Untracked 
|  84|0x000000070da00000, 0x000000070da00000, 0x000000070dc00000|  0%| F|  |TAMS 0x000000070da00000, 0x000000070da00000| Untracked 
|  85|0x000000070dc00000, 0x000000070dc00000, 0x000000070de00000|  0%| F|  |TAMS 0x000000070dc00000, 0x000000070dc00000| Untracked 
|  86|0x000000070de00000, 0x000000070de00000, 0x000000070e000000|  0%| F|  |TAMS 0x000000070de00000, 0x000000070de00000| Untracked 
|  87|0x000000070e000000, 0x000000070e000000, 0x000000070e200000|  0%| F|  |TAMS 0x000000070e000000, 0x000000070e000000| Untracked 
|  88|0x000000070e200000, 0x000000070e200000, 0x000000070e400000|  0%| F|  |TAMS 0x000000070e200000, 0x000000070e200000| Untracked 
|  89|0x000000070e400000, 0x000000070e400000, 0x000000070e600000|  0%| F|  |TAMS 0x000000070e400000, 0x000000070e400000| Untracked 
|  90|0x000000070e600000, 0x000000070e600000, 0x000000070e800000|  0%| F|  |TAMS 0x000000070e600000, 0x000000070e600000| Untracked 
|  91|0x000000070e800000, 0x000000070e800000, 0x000000070ea00000|  0%| F|  |TAMS 0x000000070e800000, 0x000000070e800000| Untracked 
|  92|0x000000070ea00000, 0x000000070ea00000, 0x000000070ec00000|  0%| F|  |TAMS 0x000000070ea00000, 0x000000070ea00000| Untracked 
|  93|0x000000070ec00000, 0x000000070ec00000, 0x000000070ee00000|  0%| F|  |TAMS 0x000000070ec00000, 0x000000070ec00000| Untracked 
|  94|0x000000070ee00000, 0x000000070ee00000, 0x000000070f000000|  0%| F|  |TAMS 0x000000070ee00000, 0x000000070ee00000| Untracked 
|  95|0x000000070f000000, 0x000000070f000000, 0x000000070f200000|  0%| F|  |TAMS 0x000000070f000000, 0x000000070f000000| Untracked 
|  96|0x000000070f200000, 0x000000070f200000, 0x000000070f400000|  0%| F|  |TAMS 0x000000070f200000, 0x000000070f200000| Untracked 
|  97|0x000000070f400000, 0x000000070f400000, 0x000000070f600000|  0%| F|  |TAMS 0x000000070f400000, 0x000000070f400000| Untracked 
|  98|0x000000070f600000, 0x000000070f600000, 0x000000070f800000|  0%| F|  |TAMS 0x000000070f600000, 0x000000070f600000| Untracked 
|  99|0x000000070f800000, 0x000000070f800000, 0x000000070fa00000|  0%| F|  |TAMS 0x000000070f800000, 0x000000070f800000| Untracked 
| 100|0x000000070fa00000, 0x000000070fa00000, 0x000000070fc00000|  0%| F|  |TAMS 0x000000070fa00000, 0x000000070fa00000| Untracked 
| 101|0x000000070fc00000, 0x000000070fc00000, 0x000000070fe00000|  0%| F|  |TAMS 0x000000070fc00000, 0x000000070fc00000| Untracked 
| 102|0x000000070fe00000, 0x000000070fe00000, 0x0000000710000000|  0%| F|  |TAMS 0x000000070fe00000, 0x000000070fe00000| Untracked 
| 103|0x0000000710000000, 0x0000000710000000, 0x0000000710200000|  0%| F|  |TAMS 0x0000000710000000, 0x0000000710000000| Untracked 
| 104|0x0000000710200000, 0x0000000710200000, 0x0000000710400000|  0%| F|  |TAMS 0x0000000710200000, 0x0000000710200000| Untracked 
| 105|0x0000000710400000, 0x0000000710400000, 0x0000000710600000|  0%| F|  |TAMS 0x0000000710400000, 0x0000000710400000| Untracked 
| 106|0x0000000710600000, 0x0000000710600000, 0x0000000710800000|  0%| F|  |TAMS 0x0000000710600000, 0x0000000710600000| Untracked 
| 107|0x0000000710800000, 0x0000000710800000, 0x0000000710a00000|  0%| F|  |TAMS 0x0000000710800000, 0x0000000710800000| Untracked 
| 108|0x0000000710a00000, 0x0000000710a00000, 0x0000000710c00000|  0%| F|  |TAMS 0x0000000710a00000, 0x0000000710a00000| Untracked 
| 109|0x0000000710c00000, 0x0000000710c00000, 0x0000000710e00000|  0%| F|  |TAMS 0x0000000710c00000, 0x0000000710c00000| Untracked 
| 110|0x0000000710e00000, 0x0000000710e00000, 0x0000000711000000|  0%| F|  |TAMS 0x0000000710e00000, 0x0000000710e00000| Untracked 
| 111|0x0000000711000000, 0x0000000711000000, 0x0000000711200000|  0%| F|  |TAMS 0x0000000711000000, 0x0000000711000000| Untracked 
| 112|0x0000000711200000, 0x0000000711200000, 0x0000000711400000|  0%| F|  |TAMS 0x0000000711200000, 0x0000000711200000| Untracked 
| 113|0x0000000711400000, 0x0000000711400000, 0x0000000711600000|  0%| F|  |TAMS 0x0000000711400000, 0x0000000711400000| Untracked 
| 114|0x0000000711600000, 0x00000007117c0628, 0x0000000711800000| 87%| S|CS|TAMS 0x0000000711600000, 0x0000000711600000| Complete 
| 115|0x0000000711800000, 0x0000000711a00000, 0x0000000711a00000|100%| S|CS|TAMS 0x0000000711800000, 0x0000000711800000| Complete 
| 116|0x0000000711a00000, 0x0000000711a00000, 0x0000000711c00000|  0%| F|  |TAMS 0x0000000711a00000, 0x0000000711a00000| Untracked 
| 117|0x0000000711c00000, 0x0000000711c00000, 0x0000000711e00000|  0%| F|  |TAMS 0x0000000711c00000, 0x0000000711c00000| Untracked 
| 118|0x0000000711e00000, 0x0000000711e00000, 0x0000000712000000|  0%| F|  |TAMS 0x0000000711e00000, 0x0000000711e00000| Untracked 
| 119|0x0000000712000000, 0x0000000712000000, 0x0000000712200000|  0%| F|  |TAMS 0x0000000712000000, 0x0000000712000000| Untracked 
| 120|0x0000000712200000, 0x0000000712200000, 0x0000000712400000|  0%| F|  |TAMS 0x0000000712200000, 0x0000000712200000| Untracked 
| 121|0x0000000712400000, 0x0000000712400000, 0x0000000712600000|  0%| F|  |TAMS 0x0000000712400000, 0x0000000712400000| Untracked 
| 122|0x0000000712600000, 0x0000000712600000, 0x0000000712800000|  0%| F|  |TAMS 0x0000000712600000, 0x0000000712600000| Untracked 
| 123|0x0000000712800000, 0x0000000712800000, 0x0000000712a00000|  0%| F|  |TAMS 0x0000000712800000, 0x0000000712800000| Untracked 
| 124|0x0000000712a00000, 0x0000000712a808c8, 0x0000000712c00000| 25%| E|  |TAMS 0x0000000712a00000, 0x0000000712a00000| Complete 
| 125|0x0000000712c00000, 0x0000000712e00000, 0x0000000712e00000|100%| E|CS|TAMS 0x0000000712c00000, 0x0000000712c00000| Complete 
| 126|0x0000000712e00000, 0x0000000713000000, 0x0000000713000000|100%| E|CS|TAMS 0x0000000712e00000, 0x0000000712e00000| Complete 

Card table byte_map: [0x0000028078d60000,0x0000028079550000] _byte_map_base: 0x0000028075547000

Marking Bits (Prev, Next): (CMBitMap*) 0x000002805fb3c0a0, (CMBitMap*) 0x000002805fb3c0e0
 Prev Bits: [0x0000028079d40000, 0x000002807dc78000)
 Next Bits: [0x0000028000000000, 0x0000028003f38000)

Polling page: 0x000002805fbb0000

Metaspace:

Usage:
  Non-class:      7.43 MB used.
      Class:    642.78 KB used.
       Both:      8.05 MB used.

Virtual space:
  Non-class space:       16.00 MB reserved,       7.50 MB ( 47%) committed,  2 nodes.
      Class space:        1.00 GB reserved,     768.00 KB ( <1%) committed,  1 nodes.
             Both:        1.02 GB reserved,       8.25 MB ( <1%) committed. 

Chunk freelists:
   Non-Class:  2.83 MB
       Class:  3.30 MB
        Both:  6.12 MB

MaxMetaspaceSize: unlimited
CompressedClassSpaceSize: 1.00 GB
Initial GC threshold: 21.00 MB
Current GC threshold: 21.00 MB
CDS: on
MetaspaceReclaimPolicy: balanced
 - commit_granule_bytes: 65536.
 - commit_granule_words: 8192.
 - virtual_space_node_default_size: 1048576.
 - enlarge_chunks_in_place: 1.
 - new_chunks_are_fully_committed: 0.
 - uncommit_free_chunks: 1.
 - use_allocation_guard: 0.
 - handle_deallocations: 1.


Internal statistics:

num_allocs_failed_limit: 0.
num_arena_births: 94.
num_arena_deaths: 0.
num_vsnodes_births: 3.
num_vsnodes_deaths: 0.
num_space_committed: 130.
num_space_uncommitted: 0.
num_chunks_returned_to_freelist: 0.
num_chunks_taken_from_freelist: 319.
num_chunk_merges: 0.
num_chunk_splits: 231.
num_chunks_enlarged: 187.
num_purges: 0.
num_inconsistent_stats: 0.

CodeHeap 'non-profiled nmethods': size=120000Kb used=683Kb max_used=683Kb free=119316Kb
 bounds [0x00000280705e0000, 0x0000028070850000, 0x0000028077b10000]
CodeHeap 'profiled nmethods': size=120000Kb used=2761Kb max_used=2761Kb free=117238Kb
 bounds [0x00000280690b0000, 0x0000028069370000, 0x00000280705e0000]
CodeHeap 'non-nmethods': size=5760Kb used=1689Kb max_used=1709Kb free=4071Kb
 bounds [0x0000028068b10000, 0x0000028068d80000, 0x00000280690b0000]
 total_blobs=2657 nmethods=1525 adapters=1045
 compilation: enabled
              stopped_count=0, restarted_count=0
 full_count=0

Compilation events (20 events):
Event: 5.885 Thread 0x00000280047813a0 1515       4       com.badlogic.gdx.graphics.glutils.IndexArray::getBuffer (5 bytes)
Event: 5.885 Thread 0x00000280047813a0 nmethod 1515 0x000002807068a390 code [0x000002807068a500, 0x000002807068a578]
Event: 5.916 Thread 0x0000028004782d60 1516       3       javazoom.jl.decoder.LayerIIIDecoder::get_scale_factors (1671 bytes)
Event: 5.919 Thread 0x0000028004782d60 nmethod 1516 0x0000028069354a90 code [0x0000028069355540, 0x0000028069359b78]
Event: 5.919 Thread 0x0000028004782d60 1517   !   3       javazoom.jl.decoder.Bitstream::readBytes (66 bytes)
Event: 5.919 Thread 0x0000028004782d60 nmethod 1517 0x000002806935e990 code [0x000002806935eb60, 0x000002806935ef78]
Event: 5.981 Thread 0x0000028004782d60 1518       1       com.badlogic.gdx.scenes.scene2d.Actor::getTouchable (5 bytes)
Event: 5.981 Thread 0x0000028004782d60 nmethod 1518 0x000002807068a690 code [0x000002807068a820, 0x000002807068a8f8]
Event: 6.049 Thread 0x0000028004782d60 1519       3       org.lwjgl.system.MemoryStack::callocInt (30 bytes)
Event: 6.049 Thread 0x0000028004782d60 nmethod 1519 0x000002806935f190 code [0x000002806935f360, 0x000002806935f6a8]
Event: 6.049 Thread 0x0000028004782d60 1520       3       org.lwjgl.system.MemoryUtil::memSet (92 bytes)
Event: 6.049 Thread 0x0000028004782d60 nmethod 1520 0x000002806935f810 code [0x000002806935f9c0, 0x000002806935fbd8]
Event: 6.336 Thread 0x0000028004782d60 1522       3       javazoom.jl.decoder.Bitstream::parse_frame (149 bytes)
Event: 6.336 Thread 0x0000028004782d60 nmethod 1522 0x000002806935fc90 code [0x000002806935fe40, 0x00000280693601f8]
Event: 6.336 Thread 0x0000028004782d60 1523       3       javazoom.jl.decoder.BitReserve::hgetbits (105 bytes)
Event: 6.337 Thread 0x0000028004782d60 nmethod 1523 0x0000028069360390 code [0x0000028069360540, 0x0000028069360938]
Event: 6.383 Thread 0x0000028004782d60 1524   !   3       org.lwjgl.openal.AL10::alGetSourcei (52 bytes)
Event: 6.385 Thread 0x0000028004782d60 nmethod 1524 0x0000028069360b10 code [0x0000028069360d80, 0x0000028069361a48]
Event: 6.385 Thread 0x0000028004782d60 1525       3       org.lwjgl.openal.AL10::nalGetSourcei (17 bytes)
Event: 6.385 Thread 0x0000028004782d60 nmethod 1525 0x0000028069361f90 code [0x0000028069362160, 0x0000028069362408]

GC Heap History (2 events):
Event: 4.125 GC heap before
{Heap before GC invocations=0 (full 0):
 garbage-first heap   total 260096K, used 24576K [0x0000000703200000, 0x0000000800000000)
  region size 2048K, 11 young (22528K), 0 survivors (0K)
 Metaspace       used 7274K, committed 7488K, reserved 1064960K
  class space    used 562K, committed 640K, reserved 1048576K
}
Event: 4.129 GC heap after
{Heap after GC invocations=1 (full 0):
 garbage-first heap   total 260096K, used 3841K [0x0000000703200000, 0x0000000800000000)
  region size 2048K, 2 young (4096K), 2 survivors (4096K)
 Metaspace       used 7274K, committed 7488K, reserved 1064960K
  class space    used 562K, committed 640K, reserved 1048576K
}

Deoptimization events (20 events):
Event: 5.069 Thread 0x000002805f99b0e0 DEOPT PACKING pc=0x000002806931a361 sp=0x000000d3083febb0
Event: 5.069 Thread 0x000002805f99b0e0 DEOPT UNPACKING pc=0x0000028068b66763 sp=0x000000d3083fe058 mode 0
Event: 5.075 Thread 0x000002805f99b0e0 DEOPT PACKING pc=0x000002806931a361 sp=0x000000d3083febb0
Event: 5.075 Thread 0x000002805f99b0e0 DEOPT UNPACKING pc=0x0000028068b66763 sp=0x000000d3083fe058 mode 0
Event: 5.077 Thread 0x000002805f99b0e0 DEOPT PACKING pc=0x000002806931a361 sp=0x000000d3083febb0
Event: 5.077 Thread 0x000002805f99b0e0 DEOPT UNPACKING pc=0x0000028068b66763 sp=0x000000d3083fe058 mode 0
Event: 5.301 Thread 0x000002805f99b0e0 DEOPT PACKING pc=0x000002806930b0b4 sp=0x000000d3083febe0
Event: 5.301 Thread 0x000002805f99b0e0 DEOPT UNPACKING pc=0x0000028068b66763 sp=0x000000d3083fe088 mode 0
Event: 5.303 Thread 0x000002805f99b0e0 DEOPT PACKING pc=0x000002806930b0b4 sp=0x000000d3083febe0
Event: 5.303 Thread 0x000002805f99b0e0 DEOPT UNPACKING pc=0x0000028068b66763 sp=0x000000d3083fe088 mode 0
Event: 5.722 Thread 0x000002805f99b0e0 DEOPT PACKING pc=0x0000028069301bac sp=0x000000d3083fec30
Event: 5.722 Thread 0x000002805f99b0e0 DEOPT UNPACKING pc=0x0000028068b66763 sp=0x000000d3083fe090 mode 0
Event: 5.887 Thread 0x000002805f99b0e0 Uncommon trap: trap_request=0xffffff45 fr.pc=0x0000028070639e4c relative=0x000000000000040c
Event: 5.887 Thread 0x000002805f99b0e0 Uncommon trap: reason=unstable_if action=reinterpret pc=0x0000028070639e4c method=java.io.BufferedInputStream.read1([BII)I @ 68 c2
Event: 5.887 Thread 0x000002805f99b0e0 DEOPT PACKING pc=0x0000028070639e4c sp=0x000000d3083fe930
Event: 5.887 Thread 0x000002805f99b0e0 DEOPT UNPACKING pc=0x0000028068b65c23 sp=0x000000d3083fe7f0 mode 2
Event: 6.335 Thread 0x000002805f99b0e0 Uncommon trap: trap_request=0xffffff45 fr.pc=0x00000280706874f4 relative=0x00000000000000f4
Event: 6.335 Thread 0x000002805f99b0e0 Uncommon trap: reason=unstable_if action=reinterpret pc=0x00000280706874f4 method=javazoom.jl.decoder.BitReserve.hgetbits(I)I @ 22 c2
Event: 6.335 Thread 0x000002805f99b0e0 DEOPT PACKING pc=0x00000280706874f4 sp=0x000000d3083fe9e0
Event: 6.335 Thread 0x000002805f99b0e0 DEOPT UNPACKING pc=0x0000028068b65c23 sp=0x000000d3083fe968 mode 2

Classes unloaded (0 events):
No events

Classes redefined (0 events):
No events

Internal exceptions (20 events):
Event: 0.146 Thread 0x000002805f99b0e0 Exception <a 'java/lang/NoSuchMethodError'{0x0000000712a05238}: 'int java.lang.invoke.DirectMethodHandle$Holder.invokeSpecial(java.lang.Object, java.lang.Object, java.lang.Object)'> (0x0000000712a05238) 
thrown [t:\workspace\open\src\hotspot\share\interpreter\linkResolver.cpp, line 766]
Event: 0.165 Thread 0x000002805f99b0e0 Exception <a 'sun/nio/fs/WindowsException'{0x0000000712a4cb38}> (0x0000000712a4cb38) 
thrown [t:\workspace\open\src\hotspot\share\prims\jni.cpp, line 516]
Event: 0.165 Thread 0x000002805f99b0e0 Exception <a 'sun/nio/fs/WindowsException'{0x0000000712a4d088}> (0x0000000712a4d088) 
thrown [t:\workspace\open\src\hotspot\share\prims\jni.cpp, line 516]
Event: 0.244 Thread 0x000002805f99b0e0 Exception <a 'java/lang/NoSuchMethodError'{0x00000007129092e8}: 'int java.lang.invoke.DirectMethodHandle$Holder.invokeStaticInit(java.lang.Object, java.lang.Object, int, long)'> (0x00000007129092e8) 
thrown [t:\workspace\open\src\hotspot\share\interpreter\linkResolver.cpp, line 766]
Event: 0.245 Thread 0x000002805f99b0e0 Exception <a 'java/lang/NoSuchMethodError'{0x000000071290ebb0}: 'java.lang.Object java.lang.invoke.DirectMethodHandle$Holder.newInvokeSpecial(java.lang.Object, java.lang.Object, int)'> (0x000000071290ebb0) 
thrown [t:\workspace\open\src\hotspot\share\interpreter\linkResolver.cpp, line 766]
Event: 0.247 Thread 0x000002805f99b0e0 Exception <a 'java/lang/NoSuchMethodError'{0x000000071291d800}: 'int java.lang.invoke.DirectMethodHandle$Holder.invokeStaticInit(java.lang.Object, java.lang.Object, long, long)'> (0x000000071291d800) 
thrown [t:\workspace\open\src\hotspot\share\interpreter\linkResolver.cpp, line 766]
Event: 0.247 Thread 0x000002805f99b0e0 Exception <a 'java/lang/NoSuchMethodError'{0x0000000712923910}: 'java.lang.Object java.lang.invoke.DirectMethodHandle$Holder.newInvokeSpecial(java.lang.Object, java.lang.Object, long)'> (0x0000000712923910) 
thrown [t:\workspace\open\src\hotspot\share\interpreter\linkResolver.cpp, line 766]
Event: 0.248 Thread 0x000002805f99b0e0 Exception <a 'java/lang/NoSuchMethodError'{0x0000000712927958}: 'java.lang.Object java.lang.invoke.Invokers$Holder.linkToTargetMethod(java.lang.Object, long, java.lang.Object)'> (0x0000000712927958) 
thrown [t:\workspace\open\src\hotspot\share\interpreter\linkResolver.cpp, line 766]
Event: 0.249 Thread 0x000002805f99b0e0 Exception <a 'java/lang/NoSuchMethodError'{0x000000071292f0d8}: 'int java.lang.invoke.DirectMethodHandle$Holder.invokeStaticInit(java.lang.Object, java.lang.Object, java.lang.Object, long)'> (0x000000071292f0d8) 
thrown [t:\workspace\open\src\hotspot\share\interpreter\linkResolver.cpp, line 766]
Event: 0.269 Thread 0x000002805f99b0e0 Exception <a 'sun/nio/fs/WindowsException'{0x00000007129965e8}> (0x00000007129965e8) 
thrown [t:\workspace\open\src\hotspot\share\prims\jni.cpp, line 516]
Event: 0.269 Thread 0x000002805f99b0e0 Exception <a 'sun/nio/fs/WindowsException'{0x0000000712996978}> (0x0000000712996978) 
thrown [t:\workspace\open\src\hotspot\share\prims\jni.cpp, line 516]
Event: 0.295 Thread 0x000002805f99b0e0 Exception <a 'sun/nio/fs/WindowsException'{0x0000000712634d78}> (0x0000000712634d78) 
thrown [t:\workspace\open\src\hotspot\share\prims\jni.cpp, line 516]
Event: 0.295 Thread 0x000002805f99b0e0 Exception <a 'sun/nio/fs/WindowsException'{0x00000007126350d8}> (0x00000007126350d8) 
thrown [t:\workspace\open\src\hotspot\share\prims\jni.cpp, line 516]
Event: 0.329 Thread 0x000002805f99b0e0 Exception <a 'sun/nio/fs/WindowsException'{0x00000007126c1468}> (0x00000007126c1468) 
thrown [t:\workspace\open\src\hotspot\share\prims\jni.cpp, line 516]
Event: 0.329 Thread 0x000002805f99b0e0 Exception <a 'sun/nio/fs/WindowsException'{0x00000007126c17e8}> (0x00000007126c17e8) 
thrown [t:\workspace\open\src\hotspot\share\prims\jni.cpp, line 516]
Event: 1.543 Thread 0x000002805f99b0e0 Exception <a 'java/lang/NoSuchMethodError'{0x0000000712706750}: 'java.lang.Object java.lang.invoke.DirectMethodHandle$Holder.newInvokeSpecial(java.lang.Object, long)'> (0x0000000712706750) 
thrown [t:\workspace\open\src\hotspot\share\interpreter\linkResolver.cpp, line 766]
Event: 1.679 Thread 0x000002805f99b0e0 Exception <a 'sun/nio/fs/WindowsException'{0x000000071247d400}> (0x000000071247d400) 
thrown [t:\workspace\open\src\hotspot\share\prims\jni.cpp, line 516]
Event: 1.679 Thread 0x000002805f99b0e0 Exception <a 'sun/nio/fs/WindowsException'{0x000000071247d7a0}> (0x000000071247d7a0) 
thrown [t:\workspace\open\src\hotspot\share\prims\jni.cpp, line 516]
Event: 1.685 Thread 0x000002805f99b0e0 Exception <a 'sun/nio/fs/WindowsException'{0x000000071248dc70}> (0x000000071248dc70) 
thrown [t:\workspace\open\src\hotspot\share\prims\jni.cpp, line 516]
Event: 1.685 Thread 0x000002805f99b0e0 Exception <a 'sun/nio/fs/WindowsException'{0x000000071248df40}> (0x000000071248df40) 
thrown [t:\workspace\open\src\hotspot\share\prims\jni.cpp, line 516]

VM Operations (20 events):
Event: 1.912 Executing VM operation: HandshakeAllThreads
Event: 1.912 Executing VM operation: HandshakeAllThreads done
Event: 2.914 Executing VM operation: Cleanup
Event: 2.915 Executing VM operation: Cleanup done
Event: 3.928 Executing VM operation: Cleanup
Event: 3.929 Executing VM operation: Cleanup done
Event: 4.021 Executing VM operation: HandshakeAllThreads
Event: 4.021 Executing VM operation: HandshakeAllThreads done
Event: 4.062 Executing VM operation: HandshakeAllThreads
Event: 4.062 Executing VM operation: HandshakeAllThreads done
Event: 4.125 Executing VM operation: G1CollectForAllocation
Event: 4.129 Executing VM operation: G1CollectForAllocation done
Event: 4.155 Executing VM operation: HandshakeAllThreads
Event: 4.155 Executing VM operation: HandshakeAllThreads done
Event: 4.164 Executing VM operation: HandshakeAllThreads
Event: 4.164 Executing VM operation: HandshakeAllThreads done
Event: 5.170 Executing VM operation: Cleanup
Event: 5.170 Executing VM operation: Cleanup done
Event: 6.184 Executing VM operation: Cleanup
Event: 6.184 Executing VM operation: Cleanup done

Events (20 events):
Event: 4.179 loading class java/io/ObjectStreamClass$WeakClassKey done
Event: 4.179 loading class java/io/ObjectStreamClass$EntryFuture
Event: 4.179 loading class java/io/ObjectStreamClass$EntryFuture done
Event: 4.179 loading class java/lang/reflect/Proxy
Event: 4.180 loading class java/lang/reflect/Proxy done
Event: 4.180 loading class java/lang/reflect/InvocationHandler
Event: 4.180 loading class java/lang/reflect/InvocationHandler done
Event: 4.180 loading class java/lang/reflect/Proxy$1
Event: 4.180 loading class java/lang/reflect/Proxy$1 done
Event: 4.180 loading class java/io/Externalizable
Event: 4.180 loading class java/io/Externalizable done
Event: 4.180 loading class java/io/ObjectStreamClass$2
Event: 4.180 loading class java/io/ObjectStreamClass$2 done
Event: 4.180 loading class java/io/ObjectStreamClass$FieldReflectorKey
Event: 4.180 loading class java/io/ObjectStreamClass$FieldReflectorKey done
Event: 4.180 loading class java/io/ObjectStreamClass$FieldReflector
Event: 4.180 loading class java/io/ObjectStreamClass$FieldReflector done
Event: 4.180 loading class java/io/ObjectStreamClass$ExceptionInfo
Event: 4.180 loading class java/io/ObjectStreamClass$ExceptionInfo done
Event: 5.218 Thread 0x00000280078dd9b0 Thread exited: 0x00000280078dd9b0


Dynamic libraries:
0x00007ff7095e0000 - 0x00007ff7095f0000 	C:\Program Files\Java\jdk-17.0.1\bin\java.exe
0x00007ffe36970000 - 0x00007ffe36b86000 	C:\WINDOWS\SYSTEM32\ntdll.dll
0x00007ffe35750000 - 0x00007ffe35814000 	C:\WINDOWS\System32\KERNEL32.DLL
0x00007ffe34060000 - 0x00007ffe34407000 	C:\WINDOWS\System32\KERNELBASE.dll
0x00007ffe344d0000 - 0x00007ffe345e1000 	C:\WINDOWS\System32\ucrtbase.dll
0x00007ffe18d80000 - 0x00007ffe18d98000 	C:\Program Files\Java\jdk-17.0.1\bin\jli.dll
0x00007ffe346a0000 - 0x00007ffe34752000 	C:\WINDOWS\System32\ADVAPI32.dll
0x00007ffe35900000 - 0x00007ffe359a7000 	C:\WINDOWS\System32\msvcrt.dll
0x00007ffe35690000 - 0x00007ffe35738000 	C:\WINDOWS\System32\sechost.dll
0x00007ffe34670000 - 0x00007ffe34698000 	C:\WINDOWS\System32\bcrypt.dll
0x00007ffe029e0000 - 0x00007ffe029fa000 	C:\Program Files\Java\jdk-17.0.1\bin\VCRUNTIME140.dll
0x00007ffe35570000 - 0x00007ffe35685000 	C:\WINDOWS\System32\RPCRT4.dll
0x00007ffe35200000 - 0x00007ffe353ae000 	C:\WINDOWS\System32\USER32.dll
0x00007ffe33f90000 - 0x00007ffe33fb6000 	C:\WINDOWS\System32\win32u.dll
0x00007ffe224d0000 - 0x00007ffe22763000 	C:\WINDOWS\WinSxS\amd64_microsoft.windows.common-controls_6595b64144ccf1df_6.0.22621.3235_none_270f74e173860f98\COMCTL32.dll
0x00007ffe34760000 - 0x00007ffe34789000 	C:\WINDOWS\System32\GDI32.dll
0x00007ffe33e00000 - 0x00007ffe33f19000 	C:\WINDOWS\System32\gdi32full.dll
0x00007ffe33fc0000 - 0x00007ffe3405a000 	C:\WINDOWS\System32\msvcp_win.dll
0x00007ffe244e0000 - 0x00007ffe244ea000 	C:\WINDOWS\SYSTEM32\VERSION.dll
0x00007ffe34eb0000 - 0x00007ffe34ee1000 	C:\WINDOWS\System32\IMM32.DLL
0x00007ffe1ab80000 - 0x00007ffe1ab8c000 	C:\Program Files\Java\jdk-17.0.1\bin\vcruntime140_1.dll
0x00007ffe02950000 - 0x00007ffe029dd000 	C:\Program Files\Java\jdk-17.0.1\bin\msvcp140.dll
0x00007ffd87650000 - 0x00007ffd8820e000 	C:\Program Files\Java\jdk-17.0.1\bin\server\jvm.dll
0x00007ffe35740000 - 0x00007ffe35748000 	C:\WINDOWS\System32\PSAPI.DLL
0x00007ffe17410000 - 0x00007ffe17419000 	C:\WINDOWS\SYSTEM32\WSOCK32.dll
0x00007ffe359b0000 - 0x00007ffe35a21000 	C:\WINDOWS\System32\WS2_32.dll
0x00007ffe2aa00000 - 0x00007ffe2aa34000 	C:\WINDOWS\SYSTEM32\WINMM.dll
0x00007ffe32c90000 - 0x00007ffe32ca8000 	C:\WINDOWS\SYSTEM32\kernel.appcore.dll
0x00007ffe18db0000 - 0x00007ffe18dba000 	C:\Program Files\Java\jdk-17.0.1\bin\jimage.dll
0x00007ffe313c0000 - 0x00007ffe315f3000 	C:\WINDOWS\SYSTEM32\DBGHELP.DLL
0x00007ffe363c0000 - 0x00007ffe36748000 	C:\WINDOWS\System32\combase.dll
0x00007ffe35820000 - 0x00007ffe358f7000 	C:\WINDOWS\System32\OLEAUT32.dll
0x00007ffe24550000 - 0x00007ffe24582000 	C:\WINDOWS\SYSTEM32\dbgcore.DLL
0x00007ffe345f0000 - 0x00007ffe34669000 	C:\WINDOWS\System32\bcryptPrimitives.dll
0x00007ffe015e0000 - 0x00007ffe01605000 	C:\Program Files\Java\jdk-17.0.1\bin\java.dll
0x00007ffdbb390000 - 0x00007ffdbb466000 	C:\Program Files\Java\jdk-17.0.1\bin\svml.dll
0x00007ffe35a30000 - 0x00007ffe3628c000 	C:\WINDOWS\System32\SHELL32.dll
0x00007ffe31ba0000 - 0x00007ffe32499000 	C:\WINDOWS\SYSTEM32\windows.storage.dll
0x00007ffe31a60000 - 0x00007ffe31b9e000 	C:\WINDOWS\SYSTEM32\wintypes.dll
0x00007ffe34db0000 - 0x00007ffe34ea3000 	C:\WINDOWS\System32\SHCORE.dll
0x00007ffe368d0000 - 0x00007ffe3692e000 	C:\WINDOWS\System32\shlwapi.dll
0x00007ffe33bc0000 - 0x00007ffe33be1000 	C:\WINDOWS\SYSTEM32\profapi.dll
0x00007ffdff580000 - 0x00007ffdff599000 	C:\Program Files\Java\jdk-17.0.1\bin\net.dll
0x00007ffe2dba0000 - 0x00007ffe2dcd6000 	C:\WINDOWS\SYSTEM32\WINHTTP.dll
0x00007ffe33100000 - 0x00007ffe33169000 	C:\WINDOWS\system32\mswsock.dll
0x00007ffdff560000 - 0x00007ffdff575000 	C:\Program Files\Java\jdk-17.0.1\bin\nio.dll
0x00007ffdff0b0000 - 0x00007ffdff0c8000 	C:\Program Files\Java\jdk-17.0.1\bin\zip.dll
0x000000006e700000 - 0x000000006e72d000 	C:\Users\henri\AppData\Local\Temp\libgdxhenri\2a9d7f76\gdx64.dll
0x00007ffdfec10000 - 0x00007ffdfec8b000 	C:\Users\henri\AppData\Local\Temp\lwjgl_henri\3.3.3+5\x64\lwjgl.dll
0x00007ffda7ec0000 - 0x00007ffda8130000 	C:\Users\henri\AppData\Local\Temp\lwjgl_henri\3.3.3+5\x64\jemalloc.dll
0x00007ffdd93a0000 - 0x00007ffdd9422000 	C:\Users\henri\AppData\Local\Temp\lwjgl_henri\3.3.3+5\x64\glfw.dll
0x00007ffddf670000 - 0x00007ffddf6b6000 	C:\WINDOWS\SYSTEM32\dinput8.dll
0x00007ffe282a0000 - 0x00007ffe282b1000 	C:\WINDOWS\SYSTEM32\xinput1_4.dll
0x00007ffe339a0000 - 0x00007ffe339ee000 	C:\WINDOWS\SYSTEM32\cfgmgr32.dll
0x00007ffe33950000 - 0x00007ffe3397c000 	C:\WINDOWS\SYSTEM32\DEVOBJ.dll
0x00007ffe30d70000 - 0x00007ffe30d9b000 	C:\WINDOWS\SYSTEM32\dwmapi.dll
0x00007ffe0f610000 - 0x00007ffe0f81a000 	C:\WINDOWS\SYSTEM32\inputhost.dll
0x00007ffe306c0000 - 0x00007ffe307f4000 	C:\WINDOWS\SYSTEM32\CoreMessaging.dll
0x00007ffe30ac0000 - 0x00007ffe30b6b000 	C:\WINDOWS\system32\uxtheme.dll
0x00007ffe36770000 - 0x00007ffe368c3000 	C:\WINDOWS\System32\MSCTF.dll
0x00007ffe333a0000 - 0x00007ffe333ac000 	C:\WINDOWS\SYSTEM32\CRYPTBASE.DLL
0x00007ffda4fe0000 - 0x00007ffda51a7000 	C:\Users\henri\AppData\Local\Temp\lwjgl_henri\3.3.3+5\x64\OpenAL.dll
0x00007ffe353c0000 - 0x00007ffe35565000 	C:\WINDOWS\System32\ole32.dll
0x00007ffe36310000 - 0x00007ffe363c0000 	C:\WINDOWS\System32\clbcatq.dll
0x00007ffe23bc0000 - 0x00007ffe23c5d000 	C:\WINDOWS\System32\MMDevApi.dll
0x00007ffe15cb0000 - 0x00007ffe15e9c000 	C:\WINDOWS\SYSTEM32\AUDIOSES.DLL
0x00007ffe310b0000 - 0x00007ffe310c5000 	C:\WINDOWS\SYSTEM32\resourcepolicyclient.dll
0x00007ffe33510000 - 0x00007ffe3355d000 	C:\WINDOWS\SYSTEM32\powrprof.dll
0x00007ffe334f0000 - 0x00007ffe33503000 	C:\WINDOWS\SYSTEM32\UMPDC.dll
0x00007ffdf6be0000 - 0x00007ffdf6ce0000 	C:\WINDOWS\SYSTEM32\opengl32.dll
0x00007ffdf6b70000 - 0x00007ffdf6b9d000 	C:\WINDOWS\SYSTEM32\GLU32.dll
0x00007ffe30c00000 - 0x00007ffe30c39000 	C:\WINDOWS\SYSTEM32\dxcore.dll
0x00007ffe2d250000 - 0x00007ffe2d29a000 	C:\WINDOWS\SYSTEM32\directxdatabasehelper.dll
0x00007ffe2cbe0000 - 0x00007ffe2cd17000 	C:\Windows\System32\AppXDeploymentClient.dll
0x00007ffd86490000 - 0x00007ffd87463000 	C:\WINDOWS\System32\DriverStore\FileRepository\iigd_dch.inf_amd64_3a2f90c1eb2e1524\igxelpicd64.dll
0x00007ffe30c60000 - 0x00007ffe30d58000 	C:\WINDOWS\system32\dxgi.dll
0x00007ffd86000000 - 0x00007ffd86487000 	C:\WINDOWS\System32\DriverStore\FileRepository\iigd_dch.inf_amd64_3a2f90c1eb2e1524\igdml64.dll
0x00007ffe27cb0000 - 0x00007ffe28071000 	C:\WINDOWS\System32\DriverStore\FileRepository\iigd_dch.inf_amd64_3a2f90c1eb2e1524\igdgmm64.dll
0x00007ffe24aa0000 - 0x00007ffe27ca6000 	C:\WINDOWS\System32\DriverStore\FileRepository\iigd_dch.inf_amd64_3a2f90c1eb2e1524\igc64.dll
0x00007ffddd770000 - 0x00007ffddd7ce000 	C:\Users\henri\AppData\Local\Temp\lwjgl_henri\3.3.3+5\x64\lwjgl_opengl.dll
0x00007ffe0f420000 - 0x00007ffe0f56a000 	C:\WINDOWS\SYSTEM32\textinputframework.dll
0x00007ffe2c030000 - 0x00007ffe2c39c000 	C:\WINDOWS\SYSTEM32\CoreUIComponents.dll
0x0000000066b00000 - 0x0000000066b5a000 	C:\Users\henri\AppData\Local\Temp\libgdxhenri\5e84b8da\gdx-box2d64.dll

dbghelp: loaded successfully - version: 4.0.5 - missing functions: none
symbol engine: initialized successfully - sym options: 0x614 - pdb path: .;C:\Program Files\Java\jdk-17.0.1\bin;C:\WINDOWS\SYSTEM32;C:\WINDOWS\WinSxS\amd64_microsoft.windows.common-controls_6595b64144ccf1df_6.0.22621.3235_none_270f74e173860f98;C:\Program Files\Java\jdk-17.0.1\bin\server;C:\Users\henri\AppData\Local\Temp\libgdxhenri\2a9d7f76;C:\Users\henri\AppData\Local\Temp\lwjgl_henri\3.3.3+5\x64;C:\WINDOWS\System32\DriverStore\FileRepository\iigd_dch.inf_amd64_3a2f90c1eb2e1524;C:\Users\henri\AppData\Local\Temp\libgdxhenri\5e84b8da

VM Arguments:
jvm_args: -XX:+ShowCodeDetailsInExceptionMessages 
java_command: inf112.skeleton.app.Main
java_class_path (initial): C:\Users\henri\.vscode\ctrl-alt-defeat\target\classes;C:\Users\henri\.m2\repository\com\badlogicgames\gdx\gdx\1.12.1\gdx-1.12.1.jar;C:\Users\henri\.m2\repository\com\badlogicgames\gdx\gdx-jnigen-loader\2.3.1\gdx-jnigen-loader-2.3.1.jar;C:\Users\henri\.m2\repository\com\badlogicgames\gdx\gdx-platform\1.12.1\gdx-platform-1.12.1-natives-desktop.jar;C:\Users\henri\.m2\repository\com\badlogicgames\gdx\gdx-backend-lwjgl3\1.12.1\gdx-backend-lwjgl3-1.12.1.jar;C:\Users\henri\.m2\repository\org\lwjgl\lwjgl\3.3.3\lwjgl-3.3.3.jar;C:\Users\henri\.m2\repository\org\lwjgl\lwjgl\3.3.3\lwjgl-3.3.3-natives-linux.jar;C:\Users\henri\.m2\repository\org\lwjgl\lwjgl\3.3.3\lwjgl-3.3.3-natives-linux-arm32.jar;C:\Users\henri\.m2\repository\org\lwjgl\lwjgl\3.3.3\lwjgl-3.3.3-natives-linux-arm64.jar;C:\Users\henri\.m2\repository\org\lwjgl\lwjgl\3.3.3\lwjgl-3.3.3-natives-macos.jar;C:\Users\henri\.m2\repository\org\lwjgl\lwjgl\3.3.3\lwjgl-3.3.3-natives-macos-arm64.jar;C:\Users\henri\.m2\repository\org\lwjgl\lwjgl\3.3.3\lwjgl-3.3.3-natives-windows.jar;C:\Users\henri\.m2\repository\org\lwjgl\lwjgl\3.3.3\lwjgl-3.3.3-natives-windows-x86.jar;C:\Users\henri\.m2\repository\org\lwjgl\lwjgl-glfw\3.3.3\lwjgl-glfw-3.3.3.jar;C:\Users\henri\.m2\repository\org\lwjgl\lwjgl-glfw\3.3.3\lwjgl-glfw-3.3.3-natives-linux.jar;C:\Users\henri\.m2\repository\org\lwjgl\lwjgl-glfw\3.3.3\lwjgl-glfw-3.3.3-natives-linux-arm32.jar;C:\Users\henri\.m2\repository\org\lwjgl\lwjgl-glfw\3.3.3\lwjgl-glfw-3.3.3-natives-linux-arm64.jar;C:\Users\henri\.m2\repository\org\lwjgl\lwjgl-glfw\3.3.3\lwjgl-glfw-3.3.3-natives-macos.jar;C:\Users\henri\.m2\repository\org\lwjgl\lwjgl-glfw\3.3.3\lwjgl-glfw-3.3.3-natives-macos-arm64.jar;C:\Users\henri\.m2\repository\org\lwjgl\lwjgl-glfw\3.3.3\lwjgl-glfw-3.3.3-natives-windows.jar;C:\Users\henri\.m2\repository\org\lwjgl\lwjgl-glfw\3.3.3\lwjgl-glfw-3.3.3-natives-windows-x86.jar;C:\Users\henri\.m2\repository\org\lwjgl\lwjgl-jemalloc\3.3.3\lwjgl-jemalloc-3.3.3.jar;C:\Users\henr
Launcher Type: SUN_STANDARD

[Global flags]
     intx CICompilerCount                          = 4                                         {product} {ergonomic}
     uint ConcGCThreads                            = 2                                         {product} {ergonomic}
     uint G1ConcRefinementThreads                  = 8                                         {product} {ergonomic}
   size_t G1HeapRegionSize                         = 2097152                                   {product} {ergonomic}
    uintx GCDrainStackTargetSize                   = 64                                        {product} {ergonomic}
   size_t InitialHeapSize                          = 266338304                                 {product} {ergonomic}
   size_t MarkStackSize                            = 4194304                                   {product} {ergonomic}
   size_t MaxHeapSize                              = 4242538496                                {product} {ergonomic}
   size_t MaxNewSize                               = 2543845376                                {product} {ergonomic}
   size_t MinHeapDeltaBytes                        = 2097152                                   {product} {ergonomic}
   size_t MinHeapSize                              = 8388608                                   {product} {ergonomic}
    uintx NonNMethodCodeHeapSize                   = 5839372                                {pd product} {ergonomic}
    uintx NonProfiledCodeHeapSize                  = 122909434                              {pd product} {ergonomic}
    uintx ProfiledCodeHeapSize                     = 122909434                              {pd product} {ergonomic}
    uintx ReservedCodeCacheSize                    = 251658240                              {pd product} {ergonomic}
     bool SegmentedCodeCache                       = true                                      {product} {ergonomic}
     bool ShowCodeDetailsInExceptionMessages       = true                                   {manageable} {command line}
   size_t SoftMaxHeapSize                          = 4242538496                             {manageable} {ergonomic}
     bool UseCompressedClassPointers               = true                           {product lp64_product} {ergonomic}
     bool UseCompressedOops                        = true                           {product lp64_product} {ergonomic}
     bool UseG1GC                                  = true                                      {product} {ergonomic}
     bool UseLargePagesIndividualAllocation        = false                                  {pd product} {ergonomic}

Logging:
Log output configuration:
 #0: stdout all=warning uptime,level,tags
 #1: stderr all=off uptime,level,tags

Environment Variables:
PATH=C:\Program Files\Common Files\Oracle\Java\javapath;C:\Program Files (x86)\Common Files\Oracle\Java\javapath;C:\WINDOWS\system32;C:\WINDOWS;C:\WINDOWS\System32\Wbem;C:\WINDOWS\System32\WindowsPowerShell\v1.0\;C:\WINDOWS\System32\OpenSSH\;C:\Program Files (x86)\Calibre2\;C:\Program Files\Git\cmd;C:\Program Files\dotnet\;C:\Program Files\MATLAB\R2023a\bin;C:\Program Files\MATLAB\R2022b\bin;C:\Users\henri\AppData\Local\Programs\Python\Python39\Scripts\;C:\Users\henri\AppData\Local\Programs\Python\Python39\;C:\Users\henri\AppData\Local\Microsoft\WindowsApps;C:\Users\henri\AppData\Local\Programs\Microsoft VS Code\bin;C:\Users\henri\AppData\Local\GitHubDesktop\bin;C:\ghcup\bin;
USERNAME=henri
LANG=en_US.UTF-8
OS=Windows_NT
PROCESSOR_IDENTIFIER=Intel64 Family 6 Model 140 Stepping 1, GenuineIntel



---------------  S Y S T E M  ---------------

OS:
 Windows 10 , 64 bit Build 22621 (10.0.22621.3374)
OS uptime: 1 days 14:51 hours
Hyper-V role detected

CPU: total 8 (initial active 8) (4 cores per cpu, 2 threads per core) family 6 model 140 stepping 1 microcode 0x86, cx8, cmov, fxsr, ht, mmx, 3dnowpref, sse, sse2, sse3, ssse3, sse4.1, sse4.2, popcnt, lzcnt, tsc, tscinvbit, avx, avx2, aes, erms, clmul, bmi1, bmi2, adx, avx512f, avx512dq, avx512cd, avx512bw, avx512vl, sha, fma, vzeroupper, avx512_vpopcntdq, avx512_vpclmulqdq, avx512_vaes, avx512_vnni, clflush, clflushopt, clwb, avx512_vbmi2, avx512_vbmi, hv

Memory: 4k page, system-wide physical 16179M (6681M free)
TotalPageFile size 32563M (AvailPageFile size 18659M)
current process WorkingSet (physical memory assigned to process): 227M, peak: 234M
current process commit charge ("private bytes"): 449M, peak: 456M

vm_info: Java HotSpot(TM) 64-Bit Server VM (17.0.1+12-LTS-39) for windows-amd64 JRE (17.0.1+12-LTS-39), built on Sep 27 2021 18:41:35 by "mach5one" with MS VC++ 16.8 (VS2019)

END.
