#
# A fatal error has been detected by the Java Runtime Environment:
#
#  EXCEPTION_ACCESS_VIOLATION (0xc0000005) at pc=0x0000000066b0ae0a, pid=3020, tid=10768
#
# JRE version: Java(TM) SE Runtime Environment (17.0.1+12) (build 17.0.1+12-LTS-39)
# Java VM: Java HotSpot(TM) 64-Bit Server VM (17.0.1+12-LTS-39, mixed mode, sharing, tiered, compressed oops, compressed class ptrs, g1 gc, windows-amd64)
# Problematic frame:
# C  [gdx-box2d64.dll+0xae0a]
#
# No core dump will be written. Minidumps are not enabled by default on client versions of Windows
#
# If you would like to submit a bug report, please visit:
#   https://bugreport.java.com/bugreport/crash.jsp
# The crash happened outside the Java Virtual Machine in native code.
# See problematic frame for where to report the bug.
#

---------------  S U M M A R Y ------------

Command Line: -XX:+ShowCodeDetailsInExceptionMessages inf112.skeleton.app.Main

Host: 11th Gen Intel(R) Core(TM) i7-1165G7 @ 2.80GHz, 8 cores, 15G,  Windows 10 , 64 bit Build 22621 (10.0.22621.3235)
Time: Tue Apr 16 11:24:55 2024 Vest-Europa (sommertid) elapsed time: 45.990412 seconds (0d 0h 0m 45s)

---------------  T H R E A D  ---------------

Current thread (0x000001c440736460):  JavaThread "main" [_thread_in_native, id=10768, stack(0x000000667cc00000,0x000000667cd00000)]

Stack: [0x000000667cc00000,0x000000667cd00000],  sp=0x000000667ccfe7e0,  free space=1017k
Native frames: (J=compiled Java code, j=interpreted, Vv=VM code, C=native code)
C  [gdx-box2d64.dll+0xae0a]

Java frames: (J=compiled Java code, j=interpreted, Vv=VM code)
J 1657  com.badlogic.gdx.physics.box2d.World.jniCreateBody(JIFFFFFFFFZZZZZF)J (0 bytes) @ 0x000001c4512aa84e [0x000001c4512aa7a0+0x00000000000000ae]
J 1656 c1 com.badlogic.gdx.physics.box2d.World.createBody(Lcom/badlogic/gdx/physics/box2d/BodyDef;)Lcom/badlogic/gdx/physics/box2d/Body; (120 bytes) @ 0x000001c449fc0444 [0x000001c449fc0320+0x0000000000000124]
j  inf112.Entities.Blocks.CoinAnimation.defineItem()V+37
j  inf112.Entities.Item.<init>(Linf112/Screens/ShowGame;FF)V+24
j  inf112.Entities.Blocks.CoinAnimation.<init>(Linf112/Screens/ShowGame;FF)V+4
J 1585 c1 inf112.Screens.ShowGame.handleSpawningItems()V (98 bytes) @ 0x000001c449f916b4 [0x000001c449f910e0+0x00000000000005d4]
J 1392 c1 inf112.Screens.ShowGame.update(F)V (245 bytes) @ 0x000001c449f3baac [0x000001c449f3b9e0+0x00000000000000cc]
J 1772 c1 inf112.Screens.ShowGame.render(F)V (275 bytes) @ 0x000001c449fe1ec4 [0x000001c449fe1e40+0x0000000000000084]
J 1459 c1 com.badlogic.gdx.backends.lwjgl3.Lwjgl3Window.update()Z (217 bytes) @ 0x000001c449f54c54 [0x000001c449f53f00+0x0000000000000d54]
j  com.badlogic.gdx.backends.lwjgl3.Lwjgl3Application.loop()V+111
j  com.badlogic.gdx.backends.lwjgl3.Lwjgl3Application.<init>(Lcom/badlogic/gdx/ApplicationListener;Lcom/badlogic/gdx/backends/lwjgl3/Lwjgl3ApplicationConfiguration;)V+269
j  inf112.skeleton.app.Main.main([Ljava/lang/String;)V+37
v  ~StubRoutines::call_stub

siginfo: EXCEPTION_ACCESS_VIOLATION (0xc0000005), reading address 0x000001e468ccc550


Register to memory mapping:

RIP=0x0000000066b0ae0a gdx-box2d64.dll
RAX=0x0000000066b4f080 gdx-box2d64.dll
RBX=0x000001c468ca87a0 points into unknown readable memory: 0x000001c468cc1b30 | 30 1b cc 68 c4 01 00 00
RCX=0x000001c468ca87a0 points into unknown readable memory: 0x000001c468cc1b30 | 30 1b cc 68 c4 01 00 00
RDX=0x00000000000000b8 is an unknown value
RSP=0x000000667ccfe7e0 is pointing into the stack for thread: 0x000001c440736460
RBP=0x000001c468ca87d0 points into unknown readable memory: 0x0000000000000000 | 00 00 00 00 00 00 00 00
RSI=0x0000000000000006 is an unknown value
RDI=0x0000000000000001 is an unknown value
R8 =0x0 is NULL
R9 =0x0000000000000002 is an unknown value
R10=0x0 is NULL
R11=0x0000000000000001 is an unknown value
R12=0x000001e468ccc550 is an unknown value
R13=0x000000667ccfe8b0 is pointing into the stack for thread: 0x000001c440736460
R14=0x000000667ccfeb40 is pointing into the stack for thread: 0x000001c440736460
R15=0x000001c440736460 is a thread


Registers:
RAX=0x0000000066b4f080, RBX=0x000001c468ca87a0, RCX=0x000001c468ca87a0, RDX=0x00000000000000b8
RSP=0x000000667ccfe7e0, RBP=0x000001c468ca87d0, RSI=0x0000000000000006, RDI=0x0000000000000001
R8 =0x0000000000000000, R9 =0x0000000000000002, R10=0x0000000000000000, R11=0x0000000000000001
R12=0x000001e468ccc550, R13=0x000000667ccfe8b0, R14=0x000000667ccfeb40, R15=0x000001c440736460
RIP=0x0000000066b0ae0a, EFLAGS=0x0000000000010206

Top of Stack: (sp=0x000000667ccfe7e0)
0x000000667ccfe7e0:   0000000000000000 00007ffb1308f350
0x000000667ccfe7f0:   0000000000000000 0000000000000000
0x000000667ccfe800:   0000000000000000 0000000000000000
0x000000667ccfe810:   000001c468ca87a0 0000000000000001
0x000000667ccfe820:   0000000000000001 000000667ccfe9d0
0x000000667ccfe830:   0000000000000000 000000667ccfe8b0
0x000000667ccfe840:   000000667ccfeb40 0000000066b20055
0x000000667ccfe850:   000000003c1d89d9 0000000000000000
0x000000667ccfe860:   0000000000000000 0000000000000000
0x000000667ccfe870:   0000000000000001 0000000000000000
0x000000667ccfe880:   000001c4709278f8 0000000066b258e8
0x000000667ccfe890:   0000000000000000 00000000bca3d70a
0x000000667ccfe8a0:   0000000000000000 0000000000000000
0x000000667ccfe8b0:   419f5c2900000002 000000003f851eb8
0x000000667ccfe8c0:   0000000000000000 0000000000000000
0x000000667ccfe8d0:   0000010100000000 00007ffbaf0c5101 

Instructions: (pc=0x0000000066b0ae0a)
0x0000000066b0ad0a:   00 4c 8d 2d 3e 4e 03 00 4c 8d 25 9c 4e 03 00 eb
0x0000000066b0ad1a:   1c 0f 1f 44 00 00 83 fe 0d 7e 0e 41 b8 49 00 00
0x0000000066b0ad2a:   00 4c 89 ea 4c 89 e1 ff d5 48 83 c3 01 48 63 c6
0x0000000066b0ad3a:   41 39 1c 86 7d 03 83 c6 01 40 88 34 1f 48 81 fb
0x0000000066b0ad4a:   80 02 00 00 75 d0 c6 05 09 43 04 00 01 48 83 c4
0x0000000066b0ad5a:   20 5b 5e 5f 5d 41 5c 41 5d 41 5e c3 66 2e 0f 1f
0x0000000066b0ad6a:   84 00 00 00 00 00 56 53 48 83 ec 28 8b 41 08 48
0x0000000066b0ad7a:   89 ce 85 c0 7e 24 31 db 66 0f 1f 44 00 00 48 89
0x0000000066b0ad8a:   d8 48 83 c3 01 48 c1 e0 04 48 03 06 48 8b 48 08
0x0000000066b0ad9a:   e8 d1 08 00 00 39 5e 08 7f e4 48 8b 0e e8 c4 08
0x0000000066b0adaa:   00 00 90 48 83 c4 28 5b 5e c3 66 66 2e 0f 1f 84
0x0000000066b0adba:   00 00 00 00 00 90 41 56 41 55 41 54 55 57 56 53
0x0000000066b0adca:   48 83 ec 30 4c 63 e2 48 89 cb 45 85 e4 0f 84 43
0x0000000066b0adda:   01 00 00 7e 61 41 81 fc 80 02 00 00 7f 40 48 8d
0x0000000066b0adea:   05 91 42 04 00 42 0f b6 34 20 49 89 f4 40 80 fe
0x0000000066b0adfa:   0d 77 63 4a 8d 2c e3 4c 8b 65 10 4d 85 e4 74 7d
0x0000000066b0ae0a:   49 8b 04 24 48 89 45 10 4c 89 e0 48 83 c4 30 5b
0x0000000066b0ae1a:   5e 5f 5d 41 5c 41 5d 41 5e c3 0f 1f 40 00 44 89
0x0000000066b0ae2a:   e1 48 83 c4 30 5b 5e 5f 5d 41 5c 41 5d 41 5e e9
0x0000000066b0ae3a:   22 08 00 00 66 90 41 b8 68 00 00 00 48 8d 15 03
0x0000000066b0ae4a:   4d 03 00 48 8d 0d 73 4d 03 00 ff 15 5a b5 04 00
0x0000000066b0ae5a:   eb 8c 0f 1f 40 00 4a 8d 2c e3 41 b8 70 00 00 00
0x0000000066b0ae6a:   48 8d 15 df 4c 03 00 48 8d 0d 58 4d 03 00 ff 15
0x0000000066b0ae7a:   36 b5 04 00 4c 8b 65 10 4d 85 e4 75 83 48 63 43
0x0000000066b0ae8a:   08 4c 8b 2b 3b 43 0c 0f 84 c9 00 00 00 48 c1 e0
0x0000000066b0ae9a:   04 b9 00 40 00 00 48 63 f6 49 01 c5 e8 b5 07 00
0x0000000066b0aeaa:   00 49 89 45 08 49 89 c4 48 8d 05 67 31 03 00 8b
0x0000000066b0aeba:   3c b0 b8 00 40 00 00 99 f7 ff 41 89 7d 00 41 89
0x0000000066b0aeca:   fe 44 0f af f0 41 81 fe 00 40 00 00 7f 58 83 f8
0x0000000066b0aeda:   01 7e 23 4c 63 cf 4c 89 e1 83 e8 01 31 d2 0f 1f
0x0000000066b0aeea:   84 00 00 00 00 00 49 89 c8 83 c2 01 4c 01 c9 49
0x0000000066b0aefa:   89 08 39 c2 75 f0 41 29 fe 4d 63 f6 4b c7 04 34 


Stack slot to memory mapping:
stack at sp + 0 slots: 0x0 is NULL
stack at sp + 1 slots: 0x00007ffb1308f350 igxelpicd64.dll
stack at sp + 2 slots: 0x0 is NULL
stack at sp + 3 slots: 0x0 is NULL
stack at sp + 4 slots: 0x0 is NULL
stack at sp + 5 slots: 0x0 is NULL
stack at sp + 6 slots: 0x000001c468ca87a0 points into unknown readable memory: 0x000001c468cc1b30 | 30 1b cc 68 c4 01 00 00
stack at sp + 7 slots: 0x0000000000000001 is an unknown value


---------------  P R O C E S S  ---------------

Threads class SMR info:
_java_thread_list=0x000001c467995890, length=14, elements={
0x000001c440736460, 0x000001c464f96f10, 0x000001c464f988d0, 0x000001c465c102f0,
0x000001c465c11bc0, 0x000001c465c14490, 0x000001c465c14d50, 0x000001c465c15e00,
0x000001c465c29550, 0x000001c465c4a640, 0x000001c465d7af60, 0x000001c465d800e0,
0x000001c4671f1880, 0x000001c467733050
}

Java Threads: ( => current thread )
=>0x000001c440736460 JavaThread "main" [_thread_in_native, id=10768, stack(0x000000667cc00000,0x000000667cd00000)]
  0x000001c464f96f10 JavaThread "Reference Handler" daemon [_thread_blocked, id=17328, stack(0x000000667d300000,0x000000667d400000)]
  0x000001c464f988d0 JavaThread "Finalizer" daemon [_thread_blocked, id=2012, stack(0x000000667d400000,0x000000667d500000)]
  0x000001c465c102f0 JavaThread "Signal Dispatcher" daemon [_thread_blocked, id=15716, stack(0x000000667d500000,0x000000667d600000)]
  0x000001c465c11bc0 JavaThread "Attach Listener" daemon [_thread_blocked, id=32220, stack(0x000000667d600000,0x000000667d700000)]
  0x000001c465c14490 JavaThread "Service Thread" daemon [_thread_blocked, id=6656, stack(0x000000667d700000,0x000000667d800000)]
  0x000001c465c14d50 JavaThread "Monitor Deflation Thread" daemon [_thread_blocked, id=19184, stack(0x000000667d800000,0x000000667d900000)]
  0x000001c465c15e00 JavaThread "C2 CompilerThread0" daemon [_thread_blocked, id=16560, stack(0x000000667d900000,0x000000667da00000)]
  0x000001c465c29550 JavaThread "C1 CompilerThread0" daemon [_thread_blocked, id=6340, stack(0x000000667da00000,0x000000667db00000)]
  0x000001c465c4a640 JavaThread "Sweeper thread" daemon [_thread_blocked, id=2560, stack(0x000000667db00000,0x000000667dc00000)]
  0x000001c465d7af60 JavaThread "Notification Thread" daemon [_thread_blocked, id=32992, stack(0x000000667dc00000,0x000000667dd00000)]
  0x000001c465d800e0 JavaThread "Common-Cleaner" daemon [_thread_blocked, id=32196, stack(0x000000667de00000,0x000000667df00000)]
  0x000001c4671f1880 JavaThread "Thread-0" daemon [_thread_blocked, id=32256, stack(0x000000667e200000,0x000000667e300000)]
  0x000001c467733050 JavaThread "AssetManager" daemon [_thread_blocked, id=20564, stack(0x000000667e700000,0x000000667e800000)]

Other Threads:
  0x000001c464f918d0 VMThread "VM Thread" [stack: 0x000000667d200000,0x000000667d300000] [id=32684]
  0x000001c465d7bc50 WatcherThread [stack: 0x000000667dd00000,0x000000667de00000] [id=35440]
  0x000001c440796af0 GCTaskThread "GC Thread#0" [stack: 0x000000667cd00000,0x000000667ce00000] [id=25504]
  0x000001c4677ef420 GCTaskThread "GC Thread#1" [stack: 0x000000667ea00000,0x000000667eb00000] [id=33372]
  0x000001c467941570 GCTaskThread "GC Thread#2" [stack: 0x000000667eb00000,0x000000667ec00000] [id=27884]
  0x000001c46762e550 GCTaskThread "GC Thread#3" [stack: 0x000000667ec00000,0x000000667ed00000] [id=4420]
  0x000001c467920680 GCTaskThread "GC Thread#4" [stack: 0x000000667ed00000,0x000000667ee00000] [id=21384]
  0x000001c4679caa50 GCTaskThread "GC Thread#5" [stack: 0x000000667ee00000,0x000000667ef00000] [id=34740]
  0x000001c46796e700 GCTaskThread "GC Thread#6" [stack: 0x000000667ef00000,0x000000667f000000] [id=31924]
  0x000001c46796f1c0 GCTaskThread "GC Thread#7" [stack: 0x000000667f000000,0x000000667f100000] [id=34400]
  0x000001c4407a8610 ConcurrentGCThread "G1 Main Marker" [stack: 0x000000667ce00000,0x000000667cf00000] [id=18296]
  0x000001c4407a9f30 ConcurrentGCThread "G1 Conc#0" [stack: 0x000000667cf00000,0x000000667d000000] [id=28660]
  0x000001c4407ec9a0 ConcurrentGCThread "G1 Refine#0" [stack: 0x000000667d000000,0x000000667d100000] [id=28224]
  0x000001c4407ed2c0 ConcurrentGCThread "G1 Service" [stack: 0x000000667d100000,0x000000667d200000] [id=32348]

Threads with active compile tasks:

VM state: not at safepoint (normal execution)

VM Mutex/Monitor currently owned by a thread: None

Heap address: 0x0000000703200000, size: 4046 MB, Compressed Oops mode: Zero based, Oop shift amount: 3

CDS archive(s) mapped at: [0x0000000800000000-0x0000000800bc0000-0x0000000800bc0000), size 12320768, SharedBaseAddress: 0x0000000800000000, ArchiveRelocationMode: 0.
Compressed class space mapped at: 0x0000000800c00000-0x0000000840c00000, reserved size: 1073741824
Narrow klass base: 0x0000000800000000, Narrow klass shift: 0, Narrow klass range: 0x100000000

GC Precious Log:
 CPUs: 8 total, 8 available
 Memory: 16179M
 Large Page Support: Disabled
 NUMA Support: Disabled
 Compressed Oops: Enabled (Zero based)
 Heap Region Size: 2M
 Heap Min Capacity: 8M
 Heap Initial Capacity: 254M
 Heap Max Capacity: 4046M
 Pre-touch: Disabled
 Parallel Workers: 8
 Concurrent Workers: 2
 Concurrent Refinement Workers: 8
 Periodic GC: Disabled

Heap:
 garbage-first heap   total 260096K, used 10076K [0x0000000703200000, 0x0000000800000000)
  region size 2048K, 6 young (12288K), 2 survivors (4096K)
 Metaspace       used 8385K, committed 8640K, reserved 1064960K
  class space    used 646K, committed 768K, reserved 1048576K

Heap Regions: E=young(eden), S=young(survivor), O=old, HS=humongous(starts), HC=humongous(continues), CS=collection set, F=free, OA=open archive, CA=closed archive, TAMS=top-at-mark-start (previous, next)
|   0|0x0000000703200000, 0x0000000703200000, 0x0000000703400000|  0%| F|  |TAMS 0x0000000703200000, 0x0000000703200000| Untracked 
|   1|0x0000000703400000, 0x0000000703400000, 0x0000000703600000|  0%| F|  |TAMS 0x0000000703400000, 0x0000000703400000| Untracked 
|   2|0x0000000703600000, 0x0000000703600000, 0x0000000703800000|  0%| F|  |TAMS 0x0000000703600000, 0x0000000703600000| Untracked 
|   3|0x0000000703800000, 0x0000000703800000, 0x0000000703a00000|  0%| F|  |TAMS 0x0000000703800000, 0x0000000703800000| Untracked 
|   4|0x0000000703a00000, 0x0000000703a00000, 0x0000000703c00000|  0%| F|  |TAMS 0x0000000703a00000, 0x0000000703a00000| Untracked 
|   5|0x0000000703c00000, 0x0000000703c00000, 0x0000000703e00000|  0%| F|  |TAMS 0x0000000703c00000, 0x0000000703c00000| Untracked 
|   6|0x0000000703e00000, 0x0000000703e00000, 0x0000000704000000|  0%| F|  |TAMS 0x0000000703e00000, 0x0000000703e00000| Untracked 
|   7|0x0000000704000000, 0x0000000704000000, 0x0000000704200000|  0%| F|  |TAMS 0x0000000704000000, 0x0000000704000000| Untracked 
|   8|0x0000000704200000, 0x0000000704200000, 0x0000000704400000|  0%| F|  |TAMS 0x0000000704200000, 0x0000000704200000| Untracked 
|   9|0x0000000704400000, 0x0000000704400000, 0x0000000704600000|  0%| F|  |TAMS 0x0000000704400000, 0x0000000704400000| Untracked 
|  10|0x0000000704600000, 0x0000000704600000, 0x0000000704800000|  0%| F|  |TAMS 0x0000000704600000, 0x0000000704600000| Untracked 
|  11|0x0000000704800000, 0x0000000704800000, 0x0000000704a00000|  0%| F|  |TAMS 0x0000000704800000, 0x0000000704800000| Untracked 
|  12|0x0000000704a00000, 0x0000000704a00000, 0x0000000704c00000|  0%| F|  |TAMS 0x0000000704a00000, 0x0000000704a00000| Untracked 
|  13|0x0000000704c00000, 0x0000000704c00000, 0x0000000704e00000|  0%| F|  |TAMS 0x0000000704c00000, 0x0000000704c00000| Untracked 
|  14|0x0000000704e00000, 0x0000000704e00000, 0x0000000705000000|  0%| F|  |TAMS 0x0000000704e00000, 0x0000000704e00000| Untracked 
|  15|0x0000000705000000, 0x0000000705000000, 0x0000000705200000|  0%| F|  |TAMS 0x0000000705000000, 0x0000000705000000| Untracked 
|  16|0x0000000705200000, 0x0000000705200000, 0x0000000705400000|  0%| F|  |TAMS 0x0000000705200000, 0x0000000705200000| Untracked 
|  17|0x0000000705400000, 0x0000000705400000, 0x0000000705600000|  0%| F|  |TAMS 0x0000000705400000, 0x0000000705400000| Untracked 
|  18|0x0000000705600000, 0x0000000705600000, 0x0000000705800000|  0%| F|  |TAMS 0x0000000705600000, 0x0000000705600000| Untracked 
|  19|0x0000000705800000, 0x0000000705800000, 0x0000000705a00000|  0%| F|  |TAMS 0x0000000705800000, 0x0000000705800000| Untracked 
|  20|0x0000000705a00000, 0x0000000705a00000, 0x0000000705c00000|  0%| F|  |TAMS 0x0000000705a00000, 0x0000000705a00000| Untracked 
|  21|0x0000000705c00000, 0x0000000705c00000, 0x0000000705e00000|  0%| F|  |TAMS 0x0000000705c00000, 0x0000000705c00000| Untracked 
|  22|0x0000000705e00000, 0x0000000705e00000, 0x0000000706000000|  0%| F|  |TAMS 0x0000000705e00000, 0x0000000705e00000| Untracked 
|  23|0x0000000706000000, 0x0000000706000000, 0x0000000706200000|  0%| F|  |TAMS 0x0000000706000000, 0x0000000706000000| Untracked 
|  24|0x0000000706200000, 0x0000000706200000, 0x0000000706400000|  0%| F|  |TAMS 0x0000000706200000, 0x0000000706200000| Untracked 
|  25|0x0000000706400000, 0x0000000706400000, 0x0000000706600000|  0%| F|  |TAMS 0x0000000706400000, 0x0000000706400000| Untracked 
|  26|0x0000000706600000, 0x0000000706600000, 0x0000000706800000|  0%| F|  |TAMS 0x0000000706600000, 0x0000000706600000| Untracked 
|  27|0x0000000706800000, 0x0000000706800000, 0x0000000706a00000|  0%| F|  |TAMS 0x0000000706800000, 0x0000000706800000| Untracked 
|  28|0x0000000706a00000, 0x0000000706a00000, 0x0000000706c00000|  0%| F|  |TAMS 0x0000000706a00000, 0x0000000706a00000| Untracked 
|  29|0x0000000706c00000, 0x0000000706c00000, 0x0000000706e00000|  0%| F|  |TAMS 0x0000000706c00000, 0x0000000706c00000| Untracked 
|  30|0x0000000706e00000, 0x0000000706e00000, 0x0000000707000000|  0%| F|  |TAMS 0x0000000706e00000, 0x0000000706e00000| Untracked 
|  31|0x0000000707000000, 0x0000000707000000, 0x0000000707200000|  0%| F|  |TAMS 0x0000000707000000, 0x0000000707000000| Untracked 
|  32|0x0000000707200000, 0x0000000707200000, 0x0000000707400000|  0%| F|  |TAMS 0x0000000707200000, 0x0000000707200000| Untracked 
|  33|0x0000000707400000, 0x0000000707400000, 0x0000000707600000|  0%| F|  |TAMS 0x0000000707400000, 0x0000000707400000| Untracked 
|  34|0x0000000707600000, 0x0000000707600000, 0x0000000707800000|  0%| F|  |TAMS 0x0000000707600000, 0x0000000707600000| Untracked 
|  35|0x0000000707800000, 0x0000000707800000, 0x0000000707a00000|  0%| F|  |TAMS 0x0000000707800000, 0x0000000707800000| Untracked 
|  36|0x0000000707a00000, 0x0000000707a00000, 0x0000000707c00000|  0%| F|  |TAMS 0x0000000707a00000, 0x0000000707a00000| Untracked 
|  37|0x0000000707c00000, 0x0000000707c00000, 0x0000000707e00000|  0%| F|  |TAMS 0x0000000707c00000, 0x0000000707c00000| Untracked 
|  38|0x0000000707e00000, 0x0000000707e00000, 0x0000000708000000|  0%| F|  |TAMS 0x0000000707e00000, 0x0000000707e00000| Untracked 
|  39|0x0000000708000000, 0x0000000708000000, 0x0000000708200000|  0%| F|  |TAMS 0x0000000708000000, 0x0000000708000000| Untracked 
|  40|0x0000000708200000, 0x0000000708200000, 0x0000000708400000|  0%| F|  |TAMS 0x0000000708200000, 0x0000000708200000| Untracked 
|  41|0x0000000708400000, 0x0000000708400000, 0x0000000708600000|  0%| F|  |TAMS 0x0000000708400000, 0x0000000708400000| Untracked 
|  42|0x0000000708600000, 0x0000000708600000, 0x0000000708800000|  0%| F|  |TAMS 0x0000000708600000, 0x0000000708600000| Untracked 
|  43|0x0000000708800000, 0x0000000708800000, 0x0000000708a00000|  0%| F|  |TAMS 0x0000000708800000, 0x0000000708800000| Untracked 
|  44|0x0000000708a00000, 0x0000000708a00000, 0x0000000708c00000|  0%| F|  |TAMS 0x0000000708a00000, 0x0000000708a00000| Untracked 
|  45|0x0000000708c00000, 0x0000000708c00000, 0x0000000708e00000|  0%| F|  |TAMS 0x0000000708c00000, 0x0000000708c00000| Untracked 
|  46|0x0000000708e00000, 0x0000000708e00000, 0x0000000709000000|  0%| F|  |TAMS 0x0000000708e00000, 0x0000000708e00000| Untracked 
|  47|0x0000000709000000, 0x0000000709000000, 0x0000000709200000|  0%| F|  |TAMS 0x0000000709000000, 0x0000000709000000| Untracked 
|  48|0x0000000709200000, 0x0000000709200000, 0x0000000709400000|  0%| F|  |TAMS 0x0000000709200000, 0x0000000709200000| Untracked 
|  49|0x0000000709400000, 0x0000000709400000, 0x0000000709600000|  0%| F|  |TAMS 0x0000000709400000, 0x0000000709400000| Untracked 
|  50|0x0000000709600000, 0x0000000709600000, 0x0000000709800000|  0%| F|  |TAMS 0x0000000709600000, 0x0000000709600000| Untracked 
|  51|0x0000000709800000, 0x0000000709800000, 0x0000000709a00000|  0%| F|  |TAMS 0x0000000709800000, 0x0000000709800000| Untracked 
|  52|0x0000000709a00000, 0x0000000709a00000, 0x0000000709c00000|  0%| F|  |TAMS 0x0000000709a00000, 0x0000000709a00000| Untracked 
|  53|0x0000000709c00000, 0x0000000709c00000, 0x0000000709e00000|  0%| F|  |TAMS 0x0000000709c00000, 0x0000000709c00000| Untracked 
|  54|0x0000000709e00000, 0x0000000709e00000, 0x000000070a000000|  0%| F|  |TAMS 0x0000000709e00000, 0x0000000709e00000| Untracked 
|  55|0x000000070a000000, 0x000000070a000000, 0x000000070a200000|  0%| F|  |TAMS 0x000000070a000000, 0x000000070a000000| Untracked 
|  56|0x000000070a200000, 0x000000070a200000, 0x000000070a400000|  0%| F|  |TAMS 0x000000070a200000, 0x000000070a200000| Untracked 
|  57|0x000000070a400000, 0x000000070a400000, 0x000000070a600000|  0%| F|  |TAMS 0x000000070a400000, 0x000000070a400000| Untracked 
|  58|0x000000070a600000, 0x000000070a600000, 0x000000070a800000|  0%| F|  |TAMS 0x000000070a600000, 0x000000070a600000| Untracked 
|  59|0x000000070a800000, 0x000000070a800000, 0x000000070aa00000|  0%| F|  |TAMS 0x000000070a800000, 0x000000070a800000| Untracked 
|  60|0x000000070aa00000, 0x000000070aa00000, 0x000000070ac00000|  0%| F|  |TAMS 0x000000070aa00000, 0x000000070aa00000| Untracked 
|  61|0x000000070ac00000, 0x000000070ac00000, 0x000000070ae00000|  0%| F|  |TAMS 0x000000070ac00000, 0x000000070ac00000| Untracked 
|  62|0x000000070ae00000, 0x000000070ae00000, 0x000000070b000000|  0%| F|  |TAMS 0x000000070ae00000, 0x000000070ae00000| Untracked 
|  63|0x000000070b000000, 0x000000070b000000, 0x000000070b200000|  0%| F|  |TAMS 0x000000070b000000, 0x000000070b000000| Untracked 
|  64|0x000000070b200000, 0x000000070b200000, 0x000000070b400000|  0%| F|  |TAMS 0x000000070b200000, 0x000000070b200000| Untracked 
|  65|0x000000070b400000, 0x000000070b400000, 0x000000070b600000|  0%| F|  |TAMS 0x000000070b400000, 0x000000070b400000| Untracked 
|  66|0x000000070b600000, 0x000000070b600000, 0x000000070b800000|  0%| F|  |TAMS 0x000000070b600000, 0x000000070b600000| Untracked 
|  67|0x000000070b800000, 0x000000070b800000, 0x000000070ba00000|  0%| F|  |TAMS 0x000000070b800000, 0x000000070b800000| Untracked 
|  68|0x000000070ba00000, 0x000000070ba00000, 0x000000070bc00000|  0%| F|  |TAMS 0x000000070ba00000, 0x000000070ba00000| Untracked 
|  69|0x000000070bc00000, 0x000000070bc00000, 0x000000070be00000|  0%| F|  |TAMS 0x000000070bc00000, 0x000000070bc00000| Untracked 
|  70|0x000000070be00000, 0x000000070be00000, 0x000000070c000000|  0%| F|  |TAMS 0x000000070be00000, 0x000000070be00000| Untracked 
|  71|0x000000070c000000, 0x000000070c000000, 0x000000070c200000|  0%| F|  |TAMS 0x000000070c000000, 0x000000070c000000| Untracked 
|  72|0x000000070c200000, 0x000000070c200000, 0x000000070c400000|  0%| F|  |TAMS 0x000000070c200000, 0x000000070c200000| Untracked 
|  73|0x000000070c400000, 0x000000070c400000, 0x000000070c600000|  0%| F|  |TAMS 0x000000070c400000, 0x000000070c400000| Untracked 
|  74|0x000000070c600000, 0x000000070c600000, 0x000000070c800000|  0%| F|  |TAMS 0x000000070c600000, 0x000000070c600000| Untracked 
|  75|0x000000070c800000, 0x000000070c800000, 0x000000070ca00000|  0%| F|  |TAMS 0x000000070c800000, 0x000000070c800000| Untracked 
|  76|0x000000070ca00000, 0x000000070ca00000, 0x000000070cc00000|  0%| F|  |TAMS 0x000000070ca00000, 0x000000070ca00000| Untracked 
|  77|0x000000070cc00000, 0x000000070cc00000, 0x000000070ce00000|  0%| F|  |TAMS 0x000000070cc00000, 0x000000070cc00000| Untracked 
|  78|0x000000070ce00000, 0x000000070ce00000, 0x000000070d000000|  0%| F|  |TAMS 0x000000070ce00000, 0x000000070ce00000| Untracked 
|  79|0x000000070d000000, 0x000000070d000000, 0x000000070d200000|  0%| F|  |TAMS 0x000000070d000000, 0x000000070d000000| Untracked 
|  80|0x000000070d200000, 0x000000070d200000, 0x000000070d400000|  0%| F|  |TAMS 0x000000070d200000, 0x000000070d200000| Untracked 
|  81|0x000000070d400000, 0x000000070d400000, 0x000000070d600000|  0%| F|  |TAMS 0x000000070d400000, 0x000000070d400000| Untracked 
|  82|0x000000070d600000, 0x000000070d600000, 0x000000070d800000|  0%| F|  |TAMS 0x000000070d600000, 0x000000070d600000| Untracked 
|  83|0x000000070d800000, 0x000000070d800000, 0x000000070da00000|  0%| F|  |TAMS 0x000000070d800000, 0x000000070d800000| Untracked 
|  84|0x000000070da00000, 0x000000070da00000, 0x000000070dc00000|  0%| F|  |TAMS 0x000000070da00000, 0x000000070da00000| Untracked 
|  85|0x000000070dc00000, 0x000000070dc00000, 0x000000070de00000|  0%| F|  |TAMS 0x000000070dc00000, 0x000000070dc00000| Untracked 
|  86|0x000000070de00000, 0x000000070de00000, 0x000000070e000000|  0%| F|  |TAMS 0x000000070de00000, 0x000000070de00000| Untracked 
|  87|0x000000070e000000, 0x000000070e000000, 0x000000070e200000|  0%| F|  |TAMS 0x000000070e000000, 0x000000070e000000| Untracked 
|  88|0x000000070e200000, 0x000000070e200000, 0x000000070e400000|  0%| F|  |TAMS 0x000000070e200000, 0x000000070e200000| Untracked 
|  89|0x000000070e400000, 0x000000070e400000, 0x000000070e600000|  0%| F|  |TAMS 0x000000070e400000, 0x000000070e400000| Untracked 
|  90|0x000000070e600000, 0x000000070e600000, 0x000000070e800000|  0%| F|  |TAMS 0x000000070e600000, 0x000000070e600000| Untracked 
|  91|0x000000070e800000, 0x000000070e800000, 0x000000070ea00000|  0%| F|  |TAMS 0x000000070e800000, 0x000000070e800000| Untracked 
|  92|0x000000070ea00000, 0x000000070ea00000, 0x000000070ec00000|  0%| F|  |TAMS 0x000000070ea00000, 0x000000070ea00000| Untracked 
|  93|0x000000070ec00000, 0x000000070ec00000, 0x000000070ee00000|  0%| F|  |TAMS 0x000000070ec00000, 0x000000070ec00000| Untracked 
|  94|0x000000070ee00000, 0x000000070ee00000, 0x000000070f000000|  0%| F|  |TAMS 0x000000070ee00000, 0x000000070ee00000| Untracked 
|  95|0x000000070f000000, 0x000000070f000000, 0x000000070f200000|  0%| F|  |TAMS 0x000000070f000000, 0x000000070f000000| Untracked 
|  96|0x000000070f200000, 0x000000070f200000, 0x000000070f400000|  0%| F|  |TAMS 0x000000070f200000, 0x000000070f200000| Untracked 
|  97|0x000000070f400000, 0x000000070f400000, 0x000000070f600000|  0%| F|  |TAMS 0x000000070f400000, 0x000000070f400000| Untracked 
|  98|0x000000070f600000, 0x000000070f600000, 0x000000070f800000|  0%| F|  |TAMS 0x000000070f600000, 0x000000070f600000| Untracked 
|  99|0x000000070f800000, 0x000000070f800000, 0x000000070fa00000|  0%| F|  |TAMS 0x000000070f800000, 0x000000070f800000| Untracked 
| 100|0x000000070fa00000, 0x000000070fa00000, 0x000000070fc00000|  0%| F|  |TAMS 0x000000070fa00000, 0x000000070fa00000| Untracked 
| 101|0x000000070fc00000, 0x000000070fc00000, 0x000000070fe00000|  0%| F|  |TAMS 0x000000070fc00000, 0x000000070fc00000| Untracked 
| 102|0x000000070fe00000, 0x000000070fe00000, 0x0000000710000000|  0%| F|  |TAMS 0x000000070fe00000, 0x000000070fe00000| Untracked 
| 103|0x0000000710000000, 0x0000000710000000, 0x0000000710200000|  0%| F|  |TAMS 0x0000000710000000, 0x0000000710000000| Untracked 
| 104|0x0000000710200000, 0x0000000710200000, 0x0000000710400000|  0%| F|  |TAMS 0x0000000710200000, 0x0000000710200000| Untracked 
| 105|0x0000000710400000, 0x0000000710400000, 0x0000000710600000|  0%| F|  |TAMS 0x0000000710400000, 0x0000000710400000| Untracked 
| 106|0x0000000710600000, 0x0000000710600000, 0x0000000710800000|  0%| F|  |TAMS 0x0000000710600000, 0x0000000710600000| Untracked 
| 107|0x0000000710800000, 0x0000000710800000, 0x0000000710a00000|  0%| F|  |TAMS 0x0000000710800000, 0x0000000710800000| Untracked 
| 108|0x0000000710a00000, 0x0000000710a00000, 0x0000000710c00000|  0%| F|  |TAMS 0x0000000710a00000, 0x0000000710a00000| Untracked 
| 109|0x0000000710c00000, 0x0000000710c00000, 0x0000000710e00000|  0%| F|  |TAMS 0x0000000710c00000, 0x0000000710c00000| Untracked 
| 110|0x0000000710e00000, 0x0000000710e00000, 0x0000000711000000|  0%| F|  |TAMS 0x0000000710e00000, 0x0000000710e00000| Untracked 
| 111|0x0000000711000000, 0x0000000711000000, 0x0000000711200000|  0%| F|  |TAMS 0x0000000711000000, 0x0000000711000000| Untracked 
| 112|0x0000000711200000, 0x0000000711200000, 0x0000000711400000|  0%| F|  |TAMS 0x0000000711200000, 0x0000000711200000| Untracked 
| 113|0x0000000711400000, 0x0000000711400000, 0x0000000711600000|  0%| F|  |TAMS 0x0000000711400000, 0x0000000711400000| Untracked 
| 114|0x0000000711600000, 0x00000007117d7318, 0x0000000711800000| 92%| S|CS|TAMS 0x0000000711600000, 0x0000000711600000| Complete 
| 115|0x0000000711800000, 0x0000000711a00000, 0x0000000711a00000|100%| S|CS|TAMS 0x0000000711800000, 0x0000000711800000| Complete 
| 116|0x0000000711a00000, 0x0000000711a00000, 0x0000000711c00000|  0%| F|  |TAMS 0x0000000711a00000, 0x0000000711a00000| Untracked 
| 117|0x0000000711c00000, 0x0000000711c00000, 0x0000000711e00000|  0%| F|  |TAMS 0x0000000711c00000, 0x0000000711c00000| Untracked 
| 118|0x0000000711e00000, 0x0000000711e00000, 0x0000000712000000|  0%| F|  |TAMS 0x0000000711e00000, 0x0000000711e00000| Untracked 
| 119|0x0000000712000000, 0x0000000712000000, 0x0000000712200000|  0%| F|  |TAMS 0x0000000712000000, 0x0000000712000000| Untracked 
| 120|0x0000000712200000, 0x0000000712200000, 0x0000000712400000|  0%| F|  |TAMS 0x0000000712200000, 0x0000000712200000| Untracked 
| 121|0x0000000712400000, 0x0000000712400000, 0x0000000712600000|  0%| F|  |TAMS 0x0000000712400000, 0x0000000712400000| Untracked 
| 122|0x0000000712600000, 0x0000000712600000, 0x0000000712800000|  0%| F|  |TAMS 0x0000000712600000, 0x0000000712600000| Untracked 
| 123|0x0000000712800000, 0x00000007129cd520, 0x0000000712a00000| 90%| E|  |TAMS 0x0000000712800000, 0x0000000712800000| Complete 
| 124|0x0000000712a00000, 0x0000000712c00000, 0x0000000712c00000|100%| E|CS|TAMS 0x0000000712a00000, 0x0000000712a00000| Complete 
| 125|0x0000000712c00000, 0x0000000712e00000, 0x0000000712e00000|100%| E|CS|TAMS 0x0000000712c00000, 0x0000000712c00000| Complete 
| 126|0x0000000712e00000, 0x0000000713000000, 0x0000000713000000|100%| E|CS|TAMS 0x0000000712e00000, 0x0000000712e00000| Complete 

Card table byte_map: [0x000001c459960000,0x000001c45a150000] _byte_map_base: 0x000001c456147000

Marking Bits (Prev, Next): (CMBitMap*) 0x000001c440797000, (CMBitMap*) 0x000001c440797040
 Prev Bits: [0x000001c45a940000, 0x000001c45e878000)
 Next Bits: [0x000001c45e880000, 0x000001c4627b8000)

Polling page: 0x000001c440800000

Metaspace:

Usage:
  Non-class:      7.56 MB used.
      Class:    646.22 KB used.
       Both:      8.19 MB used.

Virtual space:
  Non-class space:       16.00 MB reserved,       7.69 MB ( 48%) committed,  2 nodes.
      Class space:        1.00 GB reserved,     768.00 KB ( <1%) committed,  1 nodes.
             Both:        1.02 GB reserved,       8.44 MB ( <1%) committed. 

Chunk freelists:
   Non-Class:  2.80 MB
       Class:  3.29 MB
        Both:  6.09 MB

MaxMetaspaceSize: unlimited
CompressedClassSpaceSize: 1.00 GB
Initial GC threshold: 21.00 MB
Current GC threshold: 21.00 MB
CDS: on
MetaspaceReclaimPolicy: balanced
 - commit_granule_bytes: 65536.
 - commit_granule_words: 8192.
 - virtual_space_node_default_size: 1048576.
 - enlarge_chunks_in_place: 1.
 - new_chunks_are_fully_committed: 0.
 - uncommit_free_chunks: 1.
 - use_allocation_guard: 0.
 - handle_deallocations: 1.


Internal statistics:

num_allocs_failed_limit: 0.
num_arena_births: 96.
num_arena_deaths: 0.
num_vsnodes_births: 3.
num_vsnodes_deaths: 0.
num_space_committed: 133.
num_space_uncommitted: 0.
num_chunks_returned_to_freelist: 0.
num_chunks_taken_from_freelist: 332.
num_chunk_merges: 0.
num_chunk_splits: 235.
num_chunks_enlarged: 178.
num_purges: 0.
num_inconsistent_stats: 0.

CodeHeap 'non-profiled nmethods': size=120000Kb used=1136Kb max_used=1136Kb free=118863Kb
 bounds [0x000001c4511e0000, 0x000001c451450000, 0x000001c458710000]
CodeHeap 'profiled nmethods': size=120000Kb used=3304Kb max_used=3304Kb free=116696Kb
 bounds [0x000001c449cb0000, 0x000001c449ff0000, 0x000001c4511e0000]
CodeHeap 'non-nmethods': size=5760Kb used=1683Kb max_used=1732Kb free=4077Kb
 bounds [0x000001c449710000, 0x000001c449980000, 0x000001c449cb0000]
 total_blobs=2908 nmethods=1785 adapters=1036
 compilation: enabled
              stopped_count=0, restarted_count=0
 full_count=0

Compilation events (20 events):
Event: 44.074 Thread 0x000001c465c29550 1779   !   3       jdk.internal.misc.ScopedMemoryAccess::putInt (25 bytes)
Event: 44.074 Thread 0x000001c465c29550 nmethod 1779 0x000001c449fe6c90 code [0x000001c449fe6e80, 0x000001c449fe73f8]
Event: 44.074 Thread 0x000001c465c29550 1780   !   3       jdk.internal.misc.ScopedMemoryAccess::putIntInternal (37 bytes)
Event: 44.074 Thread 0x000001c465c29550 nmethod 1780 0x000001c449fe7690 code [0x000001c449fe7840, 0x000001c449fe7b68]
Event: 44.823 Thread 0x000001c465c29550 1781       3       inf112.Entities.Item::update (31 bytes)
Event: 44.824 Thread 0x000001c465c29550 nmethod 1781 0x000001c449fe7d10 code [0x000001c449fe7ec0, 0x000001c449fe80a8]
Event: 44.824 Thread 0x000001c465c29550 1782       3       com.badlogic.gdx.graphics.g2d.Sprite::setCenter (21 bytes)
Event: 44.824 Thread 0x000001c465c29550 nmethod 1782 0x000001c449fe8190 code [0x000001c449fe8360, 0x000001c449fe8548]
Event: 45.058 Thread 0x000001c465c29550 1783       1       com.badlogic.gdx.utils.StringBuilder::length (5 bytes)
Event: 45.058 Thread 0x000001c465c29550 nmethod 1783 0x000001c4512fb510 code [0x000001c4512fb6a0, 0x000001c4512fb778]
Event: 45.058 Thread 0x000001c465c29550 1784       1       com.badlogic.gdx.graphics.g2d.BitmapFontCache::getColor (5 bytes)
Event: 45.058 Thread 0x000001c465c29550 nmethod 1784 0x000001c4512fb810 code [0x000001c4512fb9a0, 0x000001c4512fba78]
Event: 45.290 Thread 0x000001c465c15e00 1785   !   4       inf112.Entities.Enemies.Turtle::$SWITCH_TABLE$inf112$Entities$Enemies$Turtle$State (61 bytes)
Event: 45.291 Thread 0x000001c465c15e00 nmethod 1785 0x000001c4512fbb10 code [0x000001c4512fbc80, 0x000001c4512fbcf8]
Event: 45.607 Thread 0x000001c465c15e00 1786       4       org.lwjgl.system.MemoryStack::callocInt (30 bytes)
Event: 45.611 Thread 0x000001c465c15e00 nmethod 1786 0x000001c4512fbe10 code [0x000001c4512fbfa0, 0x000001c4512fc188]
Event: 45.739 Thread 0x000001c465c29550 1787   !   3       java.nio.DirectIntBufferU::put (37 bytes)
Event: 45.740 Thread 0x000001c465c29550 nmethod 1787 0x000001c449fe8610 code [0x000001c449fe8860, 0x000001c449fe9218]
Event: 45.922 Thread 0x000001c465c29550 1788       3       inf112.Entities.Blocks.Pepsi::update (58 bytes)
Event: 45.922 Thread 0x000001c465c29550 nmethod 1788 0x000001c449fe9710 code [0x000001c449fe9920, 0x000001c449fe9db8]

GC Heap History (2 events):
Event: 3.042 GC heap before
{Heap before GC invocations=0 (full 0):
 garbage-first heap   total 260096K, used 24576K [0x0000000703200000, 0x0000000800000000)
  region size 2048K, 11 young (22528K), 0 survivors (0K)
 Metaspace       used 7382K, committed 7552K, reserved 1064960K
  class space    used 577K, committed 640K, reserved 1048576K
}
Event: 3.045 GC heap after
{Heap after GC invocations=1 (full 0):
 garbage-first heap   total 260096K, used 3932K [0x0000000703200000, 0x0000000800000000)
  region size 2048K, 2 young (4096K), 2 survivors (4096K)
 Metaspace       used 7382K, committed 7552K, reserved 1064960K
  class space    used 577K, committed 640K, reserved 1048576K
}

Deoptimization events (20 events):
Event: 16.898 Thread 0x000001c440736460 DEOPT PACKING pc=0x000001c449fc8761 sp=0x000000667ccfebd0
Event: 16.898 Thread 0x000001c440736460 DEOPT UNPACKING pc=0x000001c449766763 sp=0x000000667ccfe078 mode 0
Event: 17.311 Thread 0x000001c440736460 DEOPT PACKING pc=0x000001c449fc97da sp=0x000000667ccfebd0
Event: 17.311 Thread 0x000001c440736460 DEOPT UNPACKING pc=0x000001c449766763 sp=0x000000667ccfe078 mode 0
Event: 24.824 Thread 0x000001c440736460 Uncommon trap: trap_request=0xffffff45 fr.pc=0x000001c45129ef3c relative=0x000000000000095c
Event: 24.824 Thread 0x000001c440736460 Uncommon trap: reason=unstable_if action=reinterpret pc=0x000001c45129ef3c method=inf112.Entities.Enemies.Spider.update(F)V @ 14 c2
Event: 24.824 Thread 0x000001c440736460 DEOPT PACKING pc=0x000001c45129ef3c sp=0x000000667ccfedc0
Event: 24.824 Thread 0x000001c440736460 DEOPT UNPACKING pc=0x000001c449765c23 sp=0x000000667ccfeda0 mode 2
Event: 24.825 Thread 0x000001c440736460 Uncommon trap: trap_request=0xffffff45 fr.pc=0x000001c45129fdbc relative=0x00000000000002dc
Event: 24.825 Thread 0x000001c440736460 Uncommon trap: reason=unstable_if action=reinterpret pc=0x000001c45129fdbc method=inf112.Entities.Enemies.Spider.draw(Lcom/badlogic/gdx/graphics/g2d/Batch;)V @ 4 c2
Event: 24.825 Thread 0x000001c440736460 DEOPT PACKING pc=0x000001c45129fdbc sp=0x000000667ccfedd0
Event: 24.825 Thread 0x000001c440736460 DEOPT UNPACKING pc=0x000001c449765c23 sp=0x000000667ccfeda0 mode 2
Event: 27.154 Thread 0x000001c440736460 Uncommon trap: trap_request=0xffffff45 fr.pc=0x000001c4512c61cc relative=0x00000000000049ac
Event: 27.154 Thread 0x000001c440736460 Uncommon trap: reason=unstable_if action=reinterpret pc=0x000001c4512c61cc method=inf112.Entities.Enemies.Turtle.getFrame(F)Lcom/badlogic/gdx/graphics/g2d/TextureRegion; @ 101 c2
Event: 27.154 Thread 0x000001c440736460 DEOPT PACKING pc=0x000001c4512c61cc sp=0x000000667ccfee40
Event: 27.154 Thread 0x000001c440736460 DEOPT UNPACKING pc=0x000001c449765c23 sp=0x000000667ccfecd8 mode 2
Event: 41.676 Thread 0x000001c440736460 Uncommon trap: trap_request=0xffffffad fr.pc=0x000001c4512f2070 relative=0x00000000000066b0
Event: 41.676 Thread 0x000001c440736460 Uncommon trap: reason=uninitialized action=reinterpret pc=0x000001c4512f2070 method=inf112.Screens.ShowGame.handleSpawningItems()V @ 34 c2
Event: 41.676 Thread 0x000001c440736460 DEOPT PACKING pc=0x000001c4512f2070 sp=0x000000667ccfee30
Event: 41.676 Thread 0x000001c440736460 DEOPT UNPACKING pc=0x000001c449765c23 sp=0x000000667ccfed50 mode 2

Classes unloaded (0 events):
No events

Classes redefined (0 events):
No events

Internal exceptions (20 events):
Event: 0.190 Thread 0x000001c440736460 Exception <a 'java/lang/NoSuchMethodError'{0x0000000712a02840}: 'int java.lang.invoke.DirectMethodHandle$Holder.invokeSpecial(java.lang.Object, java.lang.Object, java.lang.Object)'> (0x0000000712a02840) 
thrown [t:\workspace\open\src\hotspot\share\interpreter\linkResolver.cpp, line 766]
Event: 0.213 Thread 0x000001c440736460 Exception <a 'sun/nio/fs/WindowsException'{0x0000000712a4a140}> (0x0000000712a4a140) 
thrown [t:\workspace\open\src\hotspot\share\prims\jni.cpp, line 516]
Event: 0.213 Thread 0x000001c440736460 Exception <a 'sun/nio/fs/WindowsException'{0x0000000712a4a690}> (0x0000000712a4a690) 
thrown [t:\workspace\open\src\hotspot\share\prims\jni.cpp, line 516]
Event: 0.277 Thread 0x000001c440736460 Exception <a 'java/lang/NoSuchMethodError'{0x0000000712906278}: 'int java.lang.invoke.DirectMethodHandle$Holder.invokeStaticInit(java.lang.Object, java.lang.Object, int, long)'> (0x0000000712906278) 
thrown [t:\workspace\open\src\hotspot\share\interpreter\linkResolver.cpp, line 766]
Event: 0.277 Thread 0x000001c440736460 Exception <a 'java/lang/NoSuchMethodError'{0x000000071290bb40}: 'java.lang.Object java.lang.invoke.DirectMethodHandle$Holder.newInvokeSpecial(java.lang.Object, java.lang.Object, int)'> (0x000000071290bb40) 
thrown [t:\workspace\open\src\hotspot\share\interpreter\linkResolver.cpp, line 766]
Event: 0.279 Thread 0x000001c440736460 Exception <a 'java/lang/NoSuchMethodError'{0x000000071291a790}: 'int java.lang.invoke.DirectMethodHandle$Holder.invokeStaticInit(java.lang.Object, java.lang.Object, long, long)'> (0x000000071291a790) 
thrown [t:\workspace\open\src\hotspot\share\interpreter\linkResolver.cpp, line 766]
Event: 0.280 Thread 0x000001c440736460 Exception <a 'java/lang/NoSuchMethodError'{0x00000007129208a0}: 'java.lang.Object java.lang.invoke.DirectMethodHandle$Holder.newInvokeSpecial(java.lang.Object, java.lang.Object, long)'> (0x00000007129208a0) 
thrown [t:\workspace\open\src\hotspot\share\interpreter\linkResolver.cpp, line 766]
Event: 0.280 Thread 0x000001c440736460 Exception <a 'java/lang/NoSuchMethodError'{0x00000007129248e8}: 'java.lang.Object java.lang.invoke.Invokers$Holder.linkToTargetMethod(java.lang.Object, long, java.lang.Object)'> (0x00000007129248e8) 
thrown [t:\workspace\open\src\hotspot\share\interpreter\linkResolver.cpp, line 766]
Event: 0.280 Thread 0x000001c440736460 Exception <a 'java/lang/NoSuchMethodError'{0x000000071292c068}: 'int java.lang.invoke.DirectMethodHandle$Holder.invokeStaticInit(java.lang.Object, java.lang.Object, java.lang.Object, long)'> (0x000000071292c068) 
thrown [t:\workspace\open\src\hotspot\share\interpreter\linkResolver.cpp, line 766]
Event: 0.295 Thread 0x000001c440736460 Exception <a 'sun/nio/fs/WindowsException'{0x0000000712993558}> (0x0000000712993558) 
thrown [t:\workspace\open\src\hotspot\share\prims\jni.cpp, line 516]
Event: 0.295 Thread 0x000001c440736460 Exception <a 'sun/nio/fs/WindowsException'{0x00000007129938e8}> (0x00000007129938e8) 
thrown [t:\workspace\open\src\hotspot\share\prims\jni.cpp, line 516]
Event: 0.321 Thread 0x000001c440736460 Exception <a 'sun/nio/fs/WindowsException'{0x0000000712631fc8}> (0x0000000712631fc8) 
thrown [t:\workspace\open\src\hotspot\share\prims\jni.cpp, line 516]
Event: 0.321 Thread 0x000001c440736460 Exception <a 'sun/nio/fs/WindowsException'{0x0000000712632328}> (0x0000000712632328) 
thrown [t:\workspace\open\src\hotspot\share\prims\jni.cpp, line 516]
Event: 0.365 Thread 0x000001c440736460 Exception <a 'sun/nio/fs/WindowsException'{0x00000007126beeb8}> (0x00000007126beeb8) 
thrown [t:\workspace\open\src\hotspot\share\prims\jni.cpp, line 516]
Event: 0.365 Thread 0x000001c440736460 Exception <a 'sun/nio/fs/WindowsException'{0x00000007126bf238}> (0x00000007126bf238) 
thrown [t:\workspace\open\src\hotspot\share\prims\jni.cpp, line 516]
Event: 1.479 Thread 0x000001c440736460 Exception <a 'java/lang/NoSuchMethodError'{0x00000007127045b0}: 'java.lang.Object java.lang.invoke.DirectMethodHandle$Holder.newInvokeSpecial(java.lang.Object, long)'> (0x00000007127045b0) 
thrown [t:\workspace\open\src\hotspot\share\interpreter\linkResolver.cpp, line 766]
Event: 1.579 Thread 0x000001c440736460 Exception <a 'sun/nio/fs/WindowsException'{0x00000007124798a0}> (0x00000007124798a0) 
thrown [t:\workspace\open\src\hotspot\share\prims\jni.cpp, line 516]
Event: 1.579 Thread 0x000001c440736460 Exception <a 'sun/nio/fs/WindowsException'{0x0000000712479c40}> (0x0000000712479c40) 
thrown [t:\workspace\open\src\hotspot\share\prims\jni.cpp, line 516]
Event: 1.582 Thread 0x000001c440736460 Exception <a 'sun/nio/fs/WindowsException'{0x000000071248a110}> (0x000000071248a110) 
thrown [t:\workspace\open\src\hotspot\share\prims\jni.cpp, line 516]
Event: 1.582 Thread 0x000001c440736460 Exception <a 'sun/nio/fs/WindowsException'{0x000000071248a3e0}> (0x000000071248a3e0) 
thrown [t:\workspace\open\src\hotspot\share\prims\jni.cpp, line 516]

VM Operations (20 events):
Event: 36.242 Executing VM operation: Cleanup
Event: 36.243 Executing VM operation: Cleanup done
Event: 37.244 Executing VM operation: Cleanup
Event: 37.244 Executing VM operation: Cleanup done
Event: 38.250 Executing VM operation: Cleanup
Event: 38.250 Executing VM operation: Cleanup done
Event: 39.254 Executing VM operation: Cleanup
Event: 39.254 Executing VM operation: Cleanup done
Event: 40.263 Executing VM operation: Cleanup
Event: 40.264 Executing VM operation: Cleanup done
Event: 41.271 Executing VM operation: Cleanup
Event: 41.271 Executing VM operation: Cleanup done
Event: 42.277 Executing VM operation: Cleanup
Event: 42.277 Executing VM operation: Cleanup done
Event: 43.282 Executing VM operation: Cleanup
Event: 43.283 Executing VM operation: Cleanup done
Event: 44.288 Executing VM operation: Cleanup
Event: 44.288 Executing VM operation: Cleanup done
Event: 45.292 Executing VM operation: Cleanup
Event: 45.293 Executing VM operation: Cleanup done

Events (20 events):
Event: 7.083 loading class jdk/internal/reflect/Label done
Event: 7.083 loading class jdk/internal/reflect/Label$PatchInfo
Event: 7.083 loading class jdk/internal/reflect/Label$PatchInfo done
Event: 7.083 loading class jdk/internal/reflect/MethodAccessorGenerator$1
Event: 7.083 loading class jdk/internal/reflect/MethodAccessorGenerator$1 done
Event: 7.083 loading class jdk/internal/reflect/ClassDefiner
Event: 7.083 loading class jdk/internal/reflect/ClassDefiner done
Event: 7.083 loading class jdk/internal/reflect/ClassDefiner$1
Event: 7.083 loading class jdk/internal/reflect/ClassDefiner$1 done
Event: 7.084 loading class jdk/internal/reflect/BootstrapConstructorAccessorImpl
Event: 7.084 loading class jdk/internal/reflect/BootstrapConstructorAccessorImpl done
Event: 7.242 Thread 0x000001c4677876b0 Thread exited: 0x000001c4677876b0
Event: 8.761 Thread 0x000001c4677876b0 Thread added: 0x000001c4677876b0
Event: 8.761 Thread 0x000001c465fda760 Thread added: 0x000001c465fda760
Event: 8.953 Thread 0x000001c465fda760 Thread exited: 0x000001c465fda760
Event: 8.953 Thread 0x000001c4677876b0 Thread exited: 0x000001c4677876b0
Event: 15.793 Thread 0x000001c4679cf2f0 Thread added: 0x000001c4679cf2f0
Event: 15.793 Thread 0x000001c46788ab80 Thread added: 0x000001c46788ab80
Event: 16.046 Thread 0x000001c46788ab80 Thread exited: 0x000001c46788ab80
Event: 16.213 Thread 0x000001c4679cf2f0 Thread exited: 0x000001c4679cf2f0


Dynamic libraries:
0x00007ff789210000 - 0x00007ff789220000 	C:\Program Files\Java\jdk-17.0.1\bin\java.exe
0x00007ffc47710000 - 0x00007ffc47926000 	C:\WINDOWS\SYSTEM32\ntdll.dll
0x00007ffc467a0000 - 0x00007ffc46864000 	C:\WINDOWS\System32\KERNEL32.DLL
0x00007ffc44d90000 - 0x00007ffc45136000 	C:\WINDOWS\System32\KERNELBASE.dll
0x00007ffc44bd0000 - 0x00007ffc44ce1000 	C:\WINDOWS\System32\ucrtbase.dll
0x00007ffc35c80000 - 0x00007ffc35c9a000 	C:\Program Files\Java\jdk-17.0.1\bin\VCRUNTIME140.dll
0x00007ffc0e030000 - 0x00007ffc0e048000 	C:\Program Files\Java\jdk-17.0.1\bin\jli.dll
0x00007ffc46430000 - 0x00007ffc464e2000 	C:\WINDOWS\System32\ADVAPI32.dll
0x00007ffc46530000 - 0x00007ffc465d7000 	C:\WINDOWS\System32\msvcrt.dll
0x00007ffc46a60000 - 0x00007ffc46b08000 	C:\WINDOWS\System32\sechost.dll
0x00007ffc44a50000 - 0x00007ffc44a78000 	C:\WINDOWS\System32\bcrypt.dll
0x00007ffc47530000 - 0x00007ffc47645000 	C:\WINDOWS\System32\RPCRT4.dll
0x00007ffc465f0000 - 0x00007ffc4679d000 	C:\WINDOWS\System32\USER32.dll
0x00007ffc44a80000 - 0x00007ffc44aa6000 	C:\WINDOWS\System32\win32u.dll
0x00007ffc45e00000 - 0x00007ffc45e29000 	C:\WINDOWS\System32\GDI32.dll
0x00007ffc44ab0000 - 0x00007ffc44bc8000 	C:\WINDOWS\System32\gdi32full.dll
0x00007ffc44cf0000 - 0x00007ffc44d8a000 	C:\WINDOWS\System32\msvcp_win.dll
0x00007ffc387e0000 - 0x00007ffc38a73000 	C:\WINDOWS\WinSxS\amd64_microsoft.windows.common-controls_6595b64144ccf1df_6.0.22621.3235_none_270f74e173860f98\COMCTL32.dll
0x00007ffc38340000 - 0x00007ffc3834a000 	C:\WINDOWS\SYSTEM32\VERSION.dll
0x00007ffc464f0000 - 0x00007ffc46521000 	C:\WINDOWS\System32\IMM32.DLL
0x00007ffc37050000 - 0x00007ffc3705c000 	C:\Program Files\Java\jdk-17.0.1\bin\vcruntime140_1.dll
0x00007ffbea540000 - 0x00007ffbea5cd000 	C:\Program Files\Java\jdk-17.0.1\bin\msvcp140.dll
0x00007ffbaeb90000 - 0x00007ffbaf74e000 	C:\Program Files\Java\jdk-17.0.1\bin\server\jvm.dll
0x00007ffc46a50000 - 0x00007ffc46a58000 	C:\WINDOWS\System32\PSAPI.DLL
0x00007ffc3b280000 - 0x00007ffc3b2b4000 	C:\WINDOWS\SYSTEM32\WINMM.dll
0x00007ffc18e70000 - 0x00007ffc18e79000 	C:\WINDOWS\SYSTEM32\WSOCK32.dll
0x00007ffc47650000 - 0x00007ffc476c1000 	C:\WINDOWS\System32\WS2_32.dll
0x00007ffc43ae0000 - 0x00007ffc43af8000 	C:\WINDOWS\SYSTEM32\kernel.appcore.dll
0x00007ffc36100000 - 0x00007ffc3610a000 	C:\Program Files\Java\jdk-17.0.1\bin\jimage.dll
0x00007ffc42150000 - 0x00007ffc42383000 	C:\WINDOWS\SYSTEM32\DBGHELP.DLL
0x00007ffc47000000 - 0x00007ffc47388000 	C:\WINDOWS\System32\combase.dll
0x00007ffc46bd0000 - 0x00007ffc46ca7000 	C:\WINDOWS\System32\OLEAUT32.dll
0x00007ffc37010000 - 0x00007ffc37042000 	C:\WINDOWS\SYSTEM32\dbgcore.DLL
0x00007ffc45320000 - 0x00007ffc4539a000 	C:\WINDOWS\System32\bcryptPrimitives.dll
0x00007ffbfefa0000 - 0x00007ffbfefc5000 	C:\Program Files\Java\jdk-17.0.1\bin\java.dll
0x00007ffbe84c0000 - 0x00007ffbe8596000 	C:\Program Files\Java\jdk-17.0.1\bin\svml.dll
0x00007ffc45460000 - 0x00007ffc45cbd000 	C:\WINDOWS\System32\SHELL32.dll
0x00007ffc42960000 - 0x00007ffc43258000 	C:\WINDOWS\SYSTEM32\windows.storage.dll
0x00007ffc42820000 - 0x00007ffc4295e000 	C:\WINDOWS\SYSTEM32\wintypes.dll
0x00007ffc46f00000 - 0x00007ffc46ff3000 	C:\WINDOWS\System32\SHCORE.dll
0x00007ffc463b0000 - 0x00007ffc4640e000 	C:\WINDOWS\System32\shlwapi.dll
0x00007ffc44980000 - 0x00007ffc449a6000 	C:\WINDOWS\SYSTEM32\profapi.dll
0x00007ffc07640000 - 0x00007ffc07659000 	C:\Program Files\Java\jdk-17.0.1\bin\net.dll
0x00007ffc3e260000 - 0x00007ffc3e397000 	C:\WINDOWS\SYSTEM32\WINHTTP.dll
0x00007ffc44000000 - 0x00007ffc44069000 	C:\WINDOWS\system32\mswsock.dll
0x00007ffc03b70000 - 0x00007ffc03b85000 	C:\Program Files\Java\jdk-17.0.1\bin\nio.dll
0x00007ffc00af0000 - 0x00007ffc00b08000 	C:\Program Files\Java\jdk-17.0.1\bin\zip.dll
0x000000006e700000 - 0x000000006e72d000 	C:\Users\henri\AppData\Local\Temp\libgdxhenri\2a9d7f76\gdx64.dll
0x00007ffbe87d0000 - 0x00007ffbe884b000 	C:\Users\henri\AppData\Local\Temp\lwjgl_henri\3.3.3+5\x64\lwjgl.dll
0x00007ffbe64d0000 - 0x00007ffbe6740000 	C:\Users\henri\AppData\Local\Temp\lwjgl_henri\3.3.3+5\x64\jemalloc.dll
0x00007ffbe8310000 - 0x00007ffbe8392000 	C:\Users\henri\AppData\Local\Temp\lwjgl_henri\3.3.3+5\x64\glfw.dll
0x00007ffbf1610000 - 0x00007ffbf1656000 	C:\WINDOWS\SYSTEM32\dinput8.dll
0x00007ffc39000000 - 0x00007ffc39011000 	C:\WINDOWS\SYSTEM32\xinput1_4.dll
0x00007ffc44710000 - 0x00007ffc4473c000 	C:\WINDOWS\SYSTEM32\DEVOBJ.dll
0x00007ffc44740000 - 0x00007ffc4478e000 	C:\WINDOWS\SYSTEM32\cfgmgr32.dll
0x00007ffc41b30000 - 0x00007ffc41b5b000 	C:\WINDOWS\SYSTEM32\dwmapi.dll
0x00007ffc2b970000 - 0x00007ffc2bb7a000 	C:\WINDOWS\SYSTEM32\inputhost.dll
0x00007ffc41420000 - 0x00007ffc41554000 	C:\WINDOWS\SYSTEM32\CoreMessaging.dll
0x00007ffc418e0000 - 0x00007ffc4198b000 	C:\WINDOWS\system32\uxtheme.dll
0x00007ffc44250000 - 0x00007ffc4425c000 	C:\WINDOWS\SYSTEM32\CRYPTBASE.DLL
0x00007ffc468f0000 - 0x00007ffc46a44000 	C:\WINDOWS\System32\MSCTF.dll
0x00007ffbe7320000 - 0x00007ffbe74e7000 	C:\Users\henri\AppData\Local\Temp\lwjgl_henri\3.3.3+5\x64\OpenAL.dll
0x00007ffc47390000 - 0x00007ffc4752f000 	C:\WINDOWS\System32\ole32.dll
0x00007ffc45cc0000 - 0x00007ffc45d70000 	C:\WINDOWS\System32\clbcatq.dll
0x00007ffc372f0000 - 0x00007ffc3738d000 	C:\WINDOWS\System32\MMDevApi.dll
0x00007ffc2ea40000 - 0x00007ffc2ec2c000 	C:\WINDOWS\SYSTEM32\AUDIOSES.DLL
0x00007ffc41f40000 - 0x00007ffc41f55000 	C:\WINDOWS\SYSTEM32\resourcepolicyclient.dll
0x00007ffc43c80000 - 0x00007ffc43ccd000 	C:\WINDOWS\SYSTEM32\powrprof.dll
0x00007ffc43c60000 - 0x00007ffc43c73000 	C:\WINDOWS\SYSTEM32\UMPDC.dll
0x00007ffc1fe90000 - 0x00007ffc1ff90000 	C:\WINDOWS\SYSTEM32\opengl32.dll
0x00007ffc200f0000 - 0x00007ffc2011d000 	C:\WINDOWS\SYSTEM32\GLU32.dll
0x00007ffc419e0000 - 0x00007ffc41a19000 	C:\WINDOWS\SYSTEM32\dxcore.dll
0x00007ffc3e430000 - 0x00007ffc3e47a000 	C:\WINDOWS\SYSTEM32\directxdatabasehelper.dll
0x00007ffc3ad50000 - 0x00007ffc3ae85000 	C:\Windows\System32\AppXDeploymentClient.dll
0x00007ffb12780000 - 0x00007ffb13753000 	C:\WINDOWS\System32\DriverStore\FileRepository\iigd_dch.inf_amd64_3a2f90c1eb2e1524\igxelpicd64.dll
0x00007ffc41a20000 - 0x00007ffc41b18000 	C:\WINDOWS\system32\dxgi.dll
0x00007ffb122f0000 - 0x00007ffb12777000 	C:\WINDOWS\System32\DriverStore\FileRepository\iigd_dch.inf_amd64_3a2f90c1eb2e1524\igdml64.dll
0x00007ffc38bb0000 - 0x00007ffc38f71000 	C:\WINDOWS\System32\DriverStore\FileRepository\iigd_dch.inf_amd64_3a2f90c1eb2e1524\igdgmm64.dll
0x00007ffc32980000 - 0x00007ffc35b86000 	C:\WINDOWS\System32\DriverStore\FileRepository\iigd_dch.inf_amd64_3a2f90c1eb2e1524\igc64.dll
0x00007ffbea4e0000 - 0x00007ffbea53e000 	C:\Users\henri\AppData\Local\Temp\lwjgl_henri\3.3.3+5\x64\lwjgl_opengl.dll
0x00007ffc2e430000 - 0x00007ffc2e57a000 	C:\WINDOWS\SYSTEM32\textinputframework.dll
0x00007ffc3db90000 - 0x00007ffc3defc000 	C:\WINDOWS\SYSTEM32\CoreUIComponents.dll
0x0000000066b00000 - 0x0000000066b5a000 	C:\Users\henri\AppData\Local\Temp\libgdxhenri\5e84b8da\gdx-box2d64.dll

dbghelp: loaded successfully - version: 4.0.5 - missing functions: none
symbol engine: initialized successfully - sym options: 0x614 - pdb path: .;C:\Program Files\Java\jdk-17.0.1\bin;C:\WINDOWS\SYSTEM32;C:\WINDOWS\WinSxS\amd64_microsoft.windows.common-controls_6595b64144ccf1df_6.0.22621.3235_none_270f74e173860f98;C:\Program Files\Java\jdk-17.0.1\bin\server;C:\Users\henri\AppData\Local\Temp\libgdxhenri\2a9d7f76;C:\Users\henri\AppData\Local\Temp\lwjgl_henri\3.3.3+5\x64;C:\WINDOWS\System32\DriverStore\FileRepository\iigd_dch.inf_amd64_3a2f90c1eb2e1524;C:\Users\henri\AppData\Local\Temp\libgdxhenri\5e84b8da

VM Arguments:
jvm_args: -XX:+ShowCodeDetailsInExceptionMessages 
java_command: inf112.skeleton.app.Main
java_class_path (initial): C:\Users\henri\.vscode\ctrl-alt-defeat\target\classes;C:\Users\henri\.m2\repository\com\badlogicgames\gdx\gdx\1.12.1\gdx-1.12.1.jar;C:\Users\henri\.m2\repository\com\badlogicgames\gdx\gdx-jnigen-loader\2.3.1\gdx-jnigen-loader-2.3.1.jar;C:\Users\henri\.m2\repository\com\badlogicgames\gdx\gdx-platform\1.12.1\gdx-platform-1.12.1-natives-desktop.jar;C:\Users\henri\.m2\repository\com\badlogicgames\gdx\gdx-backend-lwjgl3\1.12.1\gdx-backend-lwjgl3-1.12.1.jar;C:\Users\henri\.m2\repository\org\lwjgl\lwjgl\3.3.3\lwjgl-3.3.3.jar;C:\Users\henri\.m2\repository\org\lwjgl\lwjgl\3.3.3\lwjgl-3.3.3-natives-linux.jar;C:\Users\henri\.m2\repository\org\lwjgl\lwjgl\3.3.3\lwjgl-3.3.3-natives-linux-arm32.jar;C:\Users\henri\.m2\repository\org\lwjgl\lwjgl\3.3.3\lwjgl-3.3.3-natives-linux-arm64.jar;C:\Users\henri\.m2\repository\org\lwjgl\lwjgl\3.3.3\lwjgl-3.3.3-natives-macos.jar;C:\Users\henri\.m2\repository\org\lwjgl\lwjgl\3.3.3\lwjgl-3.3.3-natives-macos-arm64.jar;C:\Users\henri\.m2\repository\org\lwjgl\lwjgl\3.3.3\lwjgl-3.3.3-natives-windows.jar;C:\Users\henri\.m2\repository\org\lwjgl\lwjgl\3.3.3\lwjgl-3.3.3-natives-windows-x86.jar;C:\Users\henri\.m2\repository\org\lwjgl\lwjgl-glfw\3.3.3\lwjgl-glfw-3.3.3.jar;C:\Users\henri\.m2\repository\org\lwjgl\lwjgl-glfw\3.3.3\lwjgl-glfw-3.3.3-natives-linux.jar;C:\Users\henri\.m2\repository\org\lwjgl\lwjgl-glfw\3.3.3\lwjgl-glfw-3.3.3-natives-linux-arm32.jar;C:\Users\henri\.m2\repository\org\lwjgl\lwjgl-glfw\3.3.3\lwjgl-glfw-3.3.3-natives-linux-arm64.jar;C:\Users\henri\.m2\repository\org\lwjgl\lwjgl-glfw\3.3.3\lwjgl-glfw-3.3.3-natives-macos.jar;C:\Users\henri\.m2\repository\org\lwjgl\lwjgl-glfw\3.3.3\lwjgl-glfw-3.3.3-natives-macos-arm64.jar;C:\Users\henri\.m2\repository\org\lwjgl\lwjgl-glfw\3.3.3\lwjgl-glfw-3.3.3-natives-windows.jar;C:\Users\henri\.m2\repository\org\lwjgl\lwjgl-glfw\3.3.3\lwjgl-glfw-3.3.3-natives-windows-x86.jar;C:\Users\henri\.m2\repository\org\lwjgl\lwjgl-jemalloc\3.3.3\lwjgl-jemalloc-3.3.3.jar;C:\Users\henr
Launcher Type: SUN_STANDARD

[Global flags]
     intx CICompilerCount                          = 4                                         {product} {ergonomic}
     uint ConcGCThreads                            = 2                                         {product} {ergonomic}
     uint G1ConcRefinementThreads                  = 8                                         {product} {ergonomic}
   size_t G1HeapRegionSize                         = 2097152                                   {product} {ergonomic}
    uintx GCDrainStackTargetSize                   = 64                                        {product} {ergonomic}
   size_t InitialHeapSize                          = 266338304                                 {product} {ergonomic}
   size_t MarkStackSize                            = 4194304                                   {product} {ergonomic}
   size_t MaxHeapSize                              = 4242538496                                {product} {ergonomic}
   size_t MaxNewSize                               = 2543845376                                {product} {ergonomic}
   size_t MinHeapDeltaBytes                        = 2097152                                   {product} {ergonomic}
   size_t MinHeapSize                              = 8388608                                   {product} {ergonomic}
    uintx NonNMethodCodeHeapSize                   = 5839372                                {pd product} {ergonomic}
    uintx NonProfiledCodeHeapSize                  = 122909434                              {pd product} {ergonomic}
    uintx ProfiledCodeHeapSize                     = 122909434                              {pd product} {ergonomic}
    uintx ReservedCodeCacheSize                    = 251658240                              {pd product} {ergonomic}
     bool SegmentedCodeCache                       = true                                      {product} {ergonomic}
     bool ShowCodeDetailsInExceptionMessages       = true                                   {manageable} {command line}
   size_t SoftMaxHeapSize                          = 4242538496                             {manageable} {ergonomic}
     bool UseCompressedClassPointers               = true                           {product lp64_product} {ergonomic}
     bool UseCompressedOops                        = true                           {product lp64_product} {ergonomic}
     bool UseG1GC                                  = true                                      {product} {ergonomic}
     bool UseLargePagesIndividualAllocation        = false                                  {pd product} {ergonomic}

Logging:
Log output configuration:
 #0: stdout all=warning uptime,level,tags
 #1: stderr all=off uptime,level,tags

Environment Variables:
PATH=C:\Program Files\Common Files\Oracle\Java\javapath;C:\Program Files (x86)\Common Files\Oracle\Java\javapath;C:\WINDOWS\system32;C:\WINDOWS;C:\WINDOWS\System32\Wbem;C:\WINDOWS\System32\WindowsPowerShell\v1.0\;C:\WINDOWS\System32\OpenSSH\;C:\Program Files (x86)\Calibre2\;C:\Program Files\Git\cmd;C:\Program Files\dotnet\;C:\Program Files\MATLAB\R2023a\bin;C:\Program Files\MATLAB\R2022b\bin;C:\Users\henri\AppData\Local\Programs\Python\Python39\Scripts\;C:\Users\henri\AppData\Local\Programs\Python\Python39\;C:\Users\henri\AppData\Local\Microsoft\WindowsApps;C:\Users\henri\AppData\Local\Programs\Microsoft VS Code\bin;C:\Users\henri\AppData\Local\GitHubDesktop\bin;C:\ghcup\bin;
USERNAME=henri
LANG=en_US.UTF-8
OS=Windows_NT
PROCESSOR_IDENTIFIER=Intel64 Family 6 Model 140 Stepping 1, GenuineIntel



---------------  S Y S T E M  ---------------

OS:
 Windows 10 , 64 bit Build 22621 (10.0.22621.3235)
OS uptime: 6 days 16:58 hours
Hyper-V role detected

CPU: total 8 (initial active 8) (4 cores per cpu, 2 threads per core) family 6 model 140 stepping 1 microcode 0x86, cx8, cmov, fxsr, ht, mmx, 3dnowpref, sse, sse2, sse3, ssse3, sse4.1, sse4.2, popcnt, lzcnt, tsc, tscinvbit, avx, avx2, aes, erms, clmul, bmi1, bmi2, adx, avx512f, avx512dq, avx512cd, avx512bw, avx512vl, sha, fma, vzeroupper, avx512_vpopcntdq, avx512_vpclmulqdq, avx512_vaes, avx512_vnni, clflush, clflushopt, clwb, avx512_vbmi2, avx512_vbmi, hv

Memory: 4k page, system-wide physical 16179M (3293M free)
TotalPageFile size 29422M (AvailPageFile size 4477M)
current process WorkingSet (physical memory assigned to process): 199M, peak: 230M
current process commit charge ("private bytes"): 421M, peak: 452M

vm_info: Java HotSpot(TM) 64-Bit Server VM (17.0.1+12-LTS-39) for windows-amd64 JRE (17.0.1+12-LTS-39), built on Sep 27 2021 18:41:35 by "mach5one" with MS VC++ 16.8 (VS2019)

END.
