#
# A fatal error has been detected by the Java Runtime Environment:
#
#  EXCEPTION_ACCESS_VIOLATION (0xc0000005) at pc=0x0000000066b2398d, pid=5072, tid=21932
#
# JRE version: Java(TM) SE Runtime Environment (17.0.1+12) (build 17.0.1+12-LTS-39)
# Java VM: Java HotSpot(TM) 64-Bit Server VM (17.0.1+12-LTS-39, mixed mode, sharing, tiered, compressed oops, compressed class ptrs, g1 gc, windows-amd64)
# Problematic frame:
# C  [gdx-box2d64.dll+0x2398d]
#
# No core dump will be written. Minidumps are not enabled by default on client versions of Windows
#
# If you would like to submit a bug report, please visit:
#   https://bugreport.java.com/bugreport/crash.jsp
# The crash happened outside the Java Virtual Machine in native code.
# See problematic frame for where to report the bug.
#

---------------  S U M M A R Y ------------

Command Line: -XX:+ShowCodeDetailsInExceptionMessages inf112.skeleton.app.Main

Host: 11th Gen Intel(R) Core(TM) i7-1165G7 @ 2.80GHz, 8 cores, 15G,  Windows 10 , 64 bit Build 22621 (10.0.22621.3235)
Time: Mon Apr  8 18:22:50 2024 Vest-Europa (sommertid) elapsed time: 0.937655 seconds (0d 0h 0m 0s)

---------------  T H R E A D  ---------------

Current thread (0x000001d55c936230):  JavaThread "main" [_thread_in_native, id=21932, stack(0x0000004fad100000,0x0000004fad200000)]

Stack: [0x0000004fad100000,0x0000004fad200000],  sp=0x0000004fad1feb00,  free space=1018k
Native frames: (J=compiled Java code, j=interpreted, Vv=VM code, C=native code)
C  [gdx-box2d64.dll+0x2398d]

Java frames: (J=compiled Java code, j=interpreted, Vv=VM code)
j  com.badlogic.gdx.physics.box2d.Body.jniGetPosition(J[F)V+0
j  com.badlogic.gdx.physics.box2d.Body.getPosition()Lcom/badlogic/gdx/math/Vector2;+9
j  inf112.skeleton.app.Marius.fallOfMap()Z+4
j  inf112.skeleton.app.Marius.update(F)V+21
j  inf112.Screens.ShowGame.update(F)V+67
j  inf112.Screens.ShowGame.render(F)V+34
j  com.badlogic.gdx.Game.render()V+19
j  inf112.skeleton.app.MegaMarius.render()V+1
j  com.badlogic.gdx.backends.lwjgl3.Lwjgl3Window.update()Z+187
j  com.badlogic.gdx.backends.lwjgl3.Lwjgl3Application.loop()V+111
j  com.badlogic.gdx.backends.lwjgl3.Lwjgl3Application.<init>(Lcom/badlogic/gdx/ApplicationListener;Lcom/badlogic/gdx/backends/lwjgl3/Lwjgl3ApplicationConfiguration;)V+269
j  inf112.skeleton.app.Main.main([Ljava/lang/String;)V+37
v  ~StubRoutines::call_stub

siginfo: EXCEPTION_ACCESS_VIOLATION (0xc0000005), reading address 0x000001d5039dc42c


Register to memory mapping:

RIP=0x0000000066b2398d gdx-box2d64.dll
RAX=0x0000000711df6bb0 is pointing into object: [F 
{0x0000000711df6ba0} - klass: {type array float}
 - length: 4
RBX=0x000001d5039dc420 is an unknown value
RCX=0x000001d55c9364d8 points into unknown readable memory: 0x000001d500dddcf0 | f0 dc dd 00 d5 01 00 00
RDX=0x0000004fad1febe8 is pointing into the stack for thread: 0x000001d55c936230
RSP=0x0000004fad1feb00 is pointing into the stack for thread: 0x000001d55c936230
RBP=0x0000004fad1febc8 is pointing into the stack for thread: 0x000001d55c936230
RSI=0x0000000000000001 is an unknown value
RDI=0x0000000000000001 is an unknown value
R8 =0x0000000711df6bb0 is pointing into object: [F 
{0x0000000711df6ba0} - klass: {type array float}
 - length: 4
R9 =0x0 is NULL
R10=0x000001d56413d5f2 is at code_begin+946 in an Interpreter codelet
method entry point (kind = native)  [0x000001d56413d240, 0x000001d56413dbc0]  2432 bytes
R11=0x0000000000000102 is an unknown value
R12=0x000001d55c9364d8 points into unknown readable memory: 0x000001d500dddcf0 | f0 dc dd 00 d5 01 00 00
R13=0x0000004fad1febe8 is pointing into the stack for thread: 0x000001d55c936230
R14=0x0000004fad1fec00 is pointing into the stack for thread: 0x000001d55c936230
R15=0x000001d55c936230 is a thread


Registers:
RAX=0x0000000711df6bb0, RBX=0x000001d5039dc420, RCX=0x000001d55c9364d8, RDX=0x0000004fad1febe8
RSP=0x0000004fad1feb00, RBP=0x0000004fad1febc8, RSI=0x0000000000000001, RDI=0x0000000000000001
R8 =0x0000000711df6bb0, R9 =0x0000000000000000, R10=0x000001d56413d5f2, R11=0x0000000000000102
R12=0x000001d55c9364d8, R13=0x0000004fad1febe8, R14=0x0000004fad1fec00, R15=0x000001d55c936230
RIP=0x0000000066b2398d, EFLAGS=0x0000000000010246

Top of Stack: (sp=0x0000004fad1feb00)
0x0000004fad1feb00:   000001d5039dc420 0000000000000001
0x0000004fad1feb10:   000001d50b047f68 000001d50b047f68
0x0000004fad1feb20:   000001d50b047f68 0000000000000000
0x0000004fad1feb30:   000001d50b047f68 000001d56413d621
0x0000004fad1feb40:   0000000000000001 000001d56413d33c
0x0000004fad1feb50:   000001d50b047f68 0000000000000001
0x0000004fad1feb60:   3ff0000000000000 000001d55c936230
0x0000004fad1feb70:   0000000000000001 000001d56413d2f6
0x0000004fad1feb80:   0000004fad1feb80 000001d50b047f68
0x0000004fad1feb90:   0000004fad1fec00 000001d50b04bdd0
0x0000004fad1feba0:   0000000000000000 0000000711d9c108
0x0000004fad1febb0:   000001d50b047f68 0000000000000000
0x0000004fad1febc0:   0000004fad1febe8 0000004fad1fec50
0x0000004fad1febd0:   000001d5641394fe 0000000000000000
0x0000004fad1febe0:   000001d56413af78 0000000711df6ba0
0x0000004fad1febf0:   000001d5039dc420 0000000000000000 

Instructions: (pc=0x0000000066b2398d)
0x0000000066b2388d:   48 83 c4 58 c3 66 66 2e 0f 1f 84 00 00 00 00 00
0x0000000066b2389d:   0f 1f 00 f3 0f 10 54 24 28 4c 89 c1 4c 89 ca e9
0x0000000066b238ad:   1f 9e ff ff 66 66 2e 0f 1f 84 00 00 00 00 00 0f
0x0000000066b238bd:   1f 40 00 48 83 ec 38 f3 0f 10 44 24 60 f3 0f 10
0x0000000066b238cd:   54 24 68 4c 89 c1 48 8d 54 24 28 f3 0f 11 5c 24
0x0000000066b238dd:   28 f3 0f 11 44 24 2c e8 27 a2 ff ff 90 48 83 c4
0x0000000066b238ed:   38 c3 90 41 55 41 54 53 48 83 ec 20 48 8b 01 4c
0x0000000066b238fd:   89 c3 49 89 cc 4d 89 cd 45 31 c0 4c 89 ca ff 90
0x0000000066b2390d:   f0 06 00 00 45 31 c9 4c 89 ea 4c 89 e1 49 89 c0
0x0000000066b2391d:   48 8b 43 0c f3 0f 10 43 14 f3 0f 10 4b 18 49 89
0x0000000066b2392d:   00 49 8b 04 24 f3 41 0f 11 48 08 48 8b 80 f8 06
0x0000000066b2393d:   00 00 f3 41 0f 11 40 0c 48 83 c4 20 5b 41 5c 41
0x0000000066b2394d:   5d 48 ff e0 66 66 2e 0f 1f 84 00 00 00 00 00 0f
0x0000000066b2395d:   1f 40 00 41 55 41 54 53 48 83 ec 20 48 8b 01 49
0x0000000066b2396d:   89 cc 4d 89 cd 4c 89 c3 4c 89 ca 45 31 c0 ff 90
0x0000000066b2397d:   f0 06 00 00 45 31 c9 4c 89 ea 4c 89 e1 49 89 c0
0x0000000066b2398d:   48 8b 43 0c 49 89 00 49 8b 04 24 48 8b 80 f8 06
0x0000000066b2399d:   00 00 48 83 c4 20 5b 41 5c 41 5d 48 ff e0 0f 1f
0x0000000066b239ad:   44 00 00 f3 41 0f 10 40 38 c3 66 0f 1f 84 00 00
0x0000000066b239bd:   00 00 00 41 55 41 54 53 48 83 ec 20 48 8b 01 49
0x0000000066b239cd:   89 cc 4d 89 cd 4c 89 c3 4c 89 ca 45 31 c0 ff 90
0x0000000066b239dd:   f0 06 00 00 45 31 c9 4c 89 ea 4c 89 e1 49 89 c0
0x0000000066b239ed:   48 8b 43 2c 49 89 00 49 8b 04 24 48 8b 80 f8 06
0x0000000066b239fd:   00 00 48 83 c4 20 5b 41 5c 41 5d 48 ff e0 0f 1f
0x0000000066b23a0d:   44 00 00 41 55 41 54 53 48 83 ec 20 48 8b 01 49
0x0000000066b23a1d:   89 cc 4d 89 cd 4c 89 c3 4c 89 ca 45 31 c0 ff 90
0x0000000066b23a2d:   f0 06 00 00 45 31 c9 4c 89 ea 4c 89 e1 49 89 c0
0x0000000066b23a3d:   48 8b 43 1c 49 89 00 49 8b 04 24 48 8b 80 f8 06
0x0000000066b23a4d:   00 00 48 83 c4 20 5b 41 5c 41 5d 48 ff e0 0f 1f
0x0000000066b23a5d:   44 00 00 41 8b 00 f3 0f 10 44 24 28 85 c0 74 43
0x0000000066b23a6d:   0f 10 cb 0f 10 d0 f3 0f 59 cb f3 0f 59 d0 f3 0f
0x0000000066b23a7d:   58 ca 0f 2f 0d aa f0 01 00 76 1c 41 0f b7 40 04 


Stack slot to memory mapping:
stack at sp + 0 slots: 0x000001d5039dc420 is an unknown value
stack at sp + 1 slots: 0x0000000000000001 is an unknown value
stack at sp + 2 slots: {method} {0x000001d50b047f70} 'jniGetPosition' '(J[F)V' in 'com/badlogic/gdx/physics/box2d/Body'
stack at sp + 3 slots: {method} {0x000001d50b047f70} 'jniGetPosition' '(J[F)V' in 'com/badlogic/gdx/physics/box2d/Body'
stack at sp + 4 slots: {method} {0x000001d50b047f70} 'jniGetPosition' '(J[F)V' in 'com/badlogic/gdx/physics/box2d/Body'
stack at sp + 5 slots: 0x0 is NULL
stack at sp + 6 slots: {method} {0x000001d50b047f70} 'jniGetPosition' '(J[F)V' in 'com/badlogic/gdx/physics/box2d/Body'
stack at sp + 7 slots: 0x000001d56413d621 is at code_begin+993 in an Interpreter codelet
method entry point (kind = native)  [0x000001d56413d240, 0x000001d56413dbc0]  2432 bytes


---------------  P R O C E S S  ---------------

Threads class SMR info:
_java_thread_list=0x000001d5024a3710, length=14, elements={
0x000001d55c936230, 0x000001d57f4f16d0, 0x000001d57f4f3290, 0x000001d57f50cf20,
0x000001d57f50dad0, 0x000001d57f5125a0, 0x000001d57f512f50, 0x000001d57f5143d0,
0x000001d57f515ce0, 0x000001d57f51bcf0, 0x000001d500a6fd00, 0x000001d500a7bbd0,
0x000001d501f3c020, 0x000001d5023f4210
}

Java Threads: ( => current thread )
=>0x000001d55c936230 JavaThread "main" [_thread_in_native, id=21932, stack(0x0000004fad100000,0x0000004fad200000)]
  0x000001d57f4f16d0 JavaThread "Reference Handler" daemon [_thread_blocked, id=2912, stack(0x0000004fad800000,0x0000004fad900000)]
  0x000001d57f4f3290 JavaThread "Finalizer" daemon [_thread_blocked, id=17544, stack(0x0000004fad900000,0x0000004fada00000)]
  0x000001d57f50cf20 JavaThread "Signal Dispatcher" daemon [_thread_blocked, id=19964, stack(0x0000004fada00000,0x0000004fadb00000)]
  0x000001d57f50dad0 JavaThread "Attach Listener" daemon [_thread_blocked, id=6812, stack(0x0000004fadb00000,0x0000004fadc00000)]
  0x000001d57f5125a0 JavaThread "Service Thread" daemon [_thread_blocked, id=21240, stack(0x0000004fadc00000,0x0000004fadd00000)]
  0x000001d57f512f50 JavaThread "Monitor Deflation Thread" daemon [_thread_blocked, id=21384, stack(0x0000004fadd00000,0x0000004fade00000)]
  0x000001d57f5143d0 JavaThread "C2 CompilerThread0" daemon [_thread_blocked, id=20728, stack(0x0000004fade00000,0x0000004fadf00000)]
  0x000001d57f515ce0 JavaThread "C1 CompilerThread0" daemon [_thread_blocked, id=20224, stack(0x0000004fadf00000,0x0000004fae000000)]
  0x000001d57f51bcf0 JavaThread "Sweeper thread" daemon [_thread_blocked, id=19036, stack(0x0000004fae000000,0x0000004fae100000)]
  0x000001d500a6fd00 JavaThread "Notification Thread" daemon [_thread_blocked, id=7384, stack(0x0000004fae100000,0x0000004fae200000)]
  0x000001d500a7bbd0 JavaThread "Common-Cleaner" daemon [_thread_blocked, id=2736, stack(0x0000004fae300000,0x0000004fae400000)]
  0x000001d501f3c020 JavaThread "Thread-0" daemon [_thread_blocked, id=19896, stack(0x0000004fae400000,0x0000004fae500000)]
  0x000001d5023f4210 JavaThread "C2 CompilerThread1" daemon [_thread_blocked, id=9324, stack(0x0000004faed00000,0x0000004faee00000)]

Other Threads:
  0x000001d57f4ed4a0 VMThread "VM Thread" [stack: 0x0000004fad700000,0x0000004fad800000] [id=10796]
  0x000001d57f4f9e30 WatcherThread [stack: 0x0000004fae200000,0x0000004fae300000] [id=20880]
  0x000001d55c98eba0 GCTaskThread "GC Thread#0" [stack: 0x0000004fad200000,0x0000004fad300000] [id=10048]
  0x000001d55c9a17d0 ConcurrentGCThread "G1 Main Marker" [stack: 0x0000004fad300000,0x0000004fad400000] [id=10476]
  0x000001d55c9a31f0 ConcurrentGCThread "G1 Conc#0" [stack: 0x0000004fad400000,0x0000004fad500000] [id=10732]
  0x000001d57f3b34e0 ConcurrentGCThread "G1 Refine#0" [stack: 0x0000004fad500000,0x0000004fad600000] [id=22024]
  0x000001d57f3b3f00 ConcurrentGCThread "G1 Service" [stack: 0x0000004fad600000,0x0000004fad700000] [id=13684]

Threads with active compile tasks:

VM state: not at safepoint (normal execution)

VM Mutex/Monitor currently owned by a thread: None

Heap address: 0x0000000703200000, size: 4046 MB, Compressed Oops mode: Zero based, Oop shift amount: 3

CDS archive(s) mapped at: [0x0000000800000000-0x0000000800bc0000-0x0000000800bc0000), size 12320768, SharedBaseAddress: 0x0000000800000000, ArchiveRelocationMode: 0.
Compressed class space mapped at: 0x0000000800c00000-0x0000000840c00000, reserved size: 1073741824
Narrow klass base: 0x0000000800000000, Narrow klass shift: 0, Narrow klass range: 0x100000000

GC Precious Log:
 CPUs: 8 total, 8 available
 Memory: 16179M
 Large Page Support: Disabled
 NUMA Support: Disabled
 Compressed Oops: Enabled (Zero based)
 Heap Region Size: 2M
 Heap Min Capacity: 8M
 Heap Initial Capacity: 254M
 Heap Max Capacity: 4046M
 Pre-touch: Disabled
 Parallel Workers: 8
 Concurrent Workers: 2
 Concurrent Refinement Workers: 8
 Periodic GC: Disabled

Heap:
 garbage-first heap   total 260096K, used 20480K [0x0000000703200000, 0x0000000800000000)
  region size 2048K, 11 young (22528K), 0 survivors (0K)
 Metaspace       used 6940K, committed 7168K, reserved 1064960K
  class space    used 532K, committed 640K, reserved 1048576K

Heap Regions: E=young(eden), S=young(survivor), O=old, HS=humongous(starts), HC=humongous(continues), CS=collection set, F=free, OA=open archive, CA=closed archive, TAMS=top-at-mark-start (previous, next)
|   0|0x0000000703200000, 0x0000000703200000, 0x0000000703400000|  0%| F|  |TAMS 0x0000000703200000, 0x0000000703200000| Untracked 
|   1|0x0000000703400000, 0x0000000703400000, 0x0000000703600000|  0%| F|  |TAMS 0x0000000703400000, 0x0000000703400000| Untracked 
|   2|0x0000000703600000, 0x0000000703600000, 0x0000000703800000|  0%| F|  |TAMS 0x0000000703600000, 0x0000000703600000| Untracked 
|   3|0x0000000703800000, 0x0000000703800000, 0x0000000703a00000|  0%| F|  |TAMS 0x0000000703800000, 0x0000000703800000| Untracked 
|   4|0x0000000703a00000, 0x0000000703a00000, 0x0000000703c00000|  0%| F|  |TAMS 0x0000000703a00000, 0x0000000703a00000| Untracked 
|   5|0x0000000703c00000, 0x0000000703c00000, 0x0000000703e00000|  0%| F|  |TAMS 0x0000000703c00000, 0x0000000703c00000| Untracked 
|   6|0x0000000703e00000, 0x0000000703e00000, 0x0000000704000000|  0%| F|  |TAMS 0x0000000703e00000, 0x0000000703e00000| Untracked 
|   7|0x0000000704000000, 0x0000000704000000, 0x0000000704200000|  0%| F|  |TAMS 0x0000000704000000, 0x0000000704000000| Untracked 
|   8|0x0000000704200000, 0x0000000704200000, 0x0000000704400000|  0%| F|  |TAMS 0x0000000704200000, 0x0000000704200000| Untracked 
|   9|0x0000000704400000, 0x0000000704400000, 0x0000000704600000|  0%| F|  |TAMS 0x0000000704400000, 0x0000000704400000| Untracked 
|  10|0x0000000704600000, 0x0000000704600000, 0x0000000704800000|  0%| F|  |TAMS 0x0000000704600000, 0x0000000704600000| Untracked 
|  11|0x0000000704800000, 0x0000000704800000, 0x0000000704a00000|  0%| F|  |TAMS 0x0000000704800000, 0x0000000704800000| Untracked 
|  12|0x0000000704a00000, 0x0000000704a00000, 0x0000000704c00000|  0%| F|  |TAMS 0x0000000704a00000, 0x0000000704a00000| Untracked 
|  13|0x0000000704c00000, 0x0000000704c00000, 0x0000000704e00000|  0%| F|  |TAMS 0x0000000704c00000, 0x0000000704c00000| Untracked 
|  14|0x0000000704e00000, 0x0000000704e00000, 0x0000000705000000|  0%| F|  |TAMS 0x0000000704e00000, 0x0000000704e00000| Untracked 
|  15|0x0000000705000000, 0x0000000705000000, 0x0000000705200000|  0%| F|  |TAMS 0x0000000705000000, 0x0000000705000000| Untracked 
|  16|0x0000000705200000, 0x0000000705200000, 0x0000000705400000|  0%| F|  |TAMS 0x0000000705200000, 0x0000000705200000| Untracked 
|  17|0x0000000705400000, 0x0000000705400000, 0x0000000705600000|  0%| F|  |TAMS 0x0000000705400000, 0x0000000705400000| Untracked 
|  18|0x0000000705600000, 0x0000000705600000, 0x0000000705800000|  0%| F|  |TAMS 0x0000000705600000, 0x0000000705600000| Untracked 
|  19|0x0000000705800000, 0x0000000705800000, 0x0000000705a00000|  0%| F|  |TAMS 0x0000000705800000, 0x0000000705800000| Untracked 
|  20|0x0000000705a00000, 0x0000000705a00000, 0x0000000705c00000|  0%| F|  |TAMS 0x0000000705a00000, 0x0000000705a00000| Untracked 
|  21|0x0000000705c00000, 0x0000000705c00000, 0x0000000705e00000|  0%| F|  |TAMS 0x0000000705c00000, 0x0000000705c00000| Untracked 
|  22|0x0000000705e00000, 0x0000000705e00000, 0x0000000706000000|  0%| F|  |TAMS 0x0000000705e00000, 0x0000000705e00000| Untracked 
|  23|0x0000000706000000, 0x0000000706000000, 0x0000000706200000|  0%| F|  |TAMS 0x0000000706000000, 0x0000000706000000| Untracked 
|  24|0x0000000706200000, 0x0000000706200000, 0x0000000706400000|  0%| F|  |TAMS 0x0000000706200000, 0x0000000706200000| Untracked 
|  25|0x0000000706400000, 0x0000000706400000, 0x0000000706600000|  0%| F|  |TAMS 0x0000000706400000, 0x0000000706400000| Untracked 
|  26|0x0000000706600000, 0x0000000706600000, 0x0000000706800000|  0%| F|  |TAMS 0x0000000706600000, 0x0000000706600000| Untracked 
|  27|0x0000000706800000, 0x0000000706800000, 0x0000000706a00000|  0%| F|  |TAMS 0x0000000706800000, 0x0000000706800000| Untracked 
|  28|0x0000000706a00000, 0x0000000706a00000, 0x0000000706c00000|  0%| F|  |TAMS 0x0000000706a00000, 0x0000000706a00000| Untracked 
|  29|0x0000000706c00000, 0x0000000706c00000, 0x0000000706e00000|  0%| F|  |TAMS 0x0000000706c00000, 0x0000000706c00000| Untracked 
|  30|0x0000000706e00000, 0x0000000706e00000, 0x0000000707000000|  0%| F|  |TAMS 0x0000000706e00000, 0x0000000706e00000| Untracked 
|  31|0x0000000707000000, 0x0000000707000000, 0x0000000707200000|  0%| F|  |TAMS 0x0000000707000000, 0x0000000707000000| Untracked 
|  32|0x0000000707200000, 0x0000000707200000, 0x0000000707400000|  0%| F|  |TAMS 0x0000000707200000, 0x0000000707200000| Untracked 
|  33|0x0000000707400000, 0x0000000707400000, 0x0000000707600000|  0%| F|  |TAMS 0x0000000707400000, 0x0000000707400000| Untracked 
|  34|0x0000000707600000, 0x0000000707600000, 0x0000000707800000|  0%| F|  |TAMS 0x0000000707600000, 0x0000000707600000| Untracked 
|  35|0x0000000707800000, 0x0000000707800000, 0x0000000707a00000|  0%| F|  |TAMS 0x0000000707800000, 0x0000000707800000| Untracked 
|  36|0x0000000707a00000, 0x0000000707a00000, 0x0000000707c00000|  0%| F|  |TAMS 0x0000000707a00000, 0x0000000707a00000| Untracked 
|  37|0x0000000707c00000, 0x0000000707c00000, 0x0000000707e00000|  0%| F|  |TAMS 0x0000000707c00000, 0x0000000707c00000| Untracked 
|  38|0x0000000707e00000, 0x0000000707e00000, 0x0000000708000000|  0%| F|  |TAMS 0x0000000707e00000, 0x0000000707e00000| Untracked 
|  39|0x0000000708000000, 0x0000000708000000, 0x0000000708200000|  0%| F|  |TAMS 0x0000000708000000, 0x0000000708000000| Untracked 
|  40|0x0000000708200000, 0x0000000708200000, 0x0000000708400000|  0%| F|  |TAMS 0x0000000708200000, 0x0000000708200000| Untracked 
|  41|0x0000000708400000, 0x0000000708400000, 0x0000000708600000|  0%| F|  |TAMS 0x0000000708400000, 0x0000000708400000| Untracked 
|  42|0x0000000708600000, 0x0000000708600000, 0x0000000708800000|  0%| F|  |TAMS 0x0000000708600000, 0x0000000708600000| Untracked 
|  43|0x0000000708800000, 0x0000000708800000, 0x0000000708a00000|  0%| F|  |TAMS 0x0000000708800000, 0x0000000708800000| Untracked 
|  44|0x0000000708a00000, 0x0000000708a00000, 0x0000000708c00000|  0%| F|  |TAMS 0x0000000708a00000, 0x0000000708a00000| Untracked 
|  45|0x0000000708c00000, 0x0000000708c00000, 0x0000000708e00000|  0%| F|  |TAMS 0x0000000708c00000, 0x0000000708c00000| Untracked 
|  46|0x0000000708e00000, 0x0000000708e00000, 0x0000000709000000|  0%| F|  |TAMS 0x0000000708e00000, 0x0000000708e00000| Untracked 
|  47|0x0000000709000000, 0x0000000709000000, 0x0000000709200000|  0%| F|  |TAMS 0x0000000709000000, 0x0000000709000000| Untracked 
|  48|0x0000000709200000, 0x0000000709200000, 0x0000000709400000|  0%| F|  |TAMS 0x0000000709200000, 0x0000000709200000| Untracked 
|  49|0x0000000709400000, 0x0000000709400000, 0x0000000709600000|  0%| F|  |TAMS 0x0000000709400000, 0x0000000709400000| Untracked 
|  50|0x0000000709600000, 0x0000000709600000, 0x0000000709800000|  0%| F|  |TAMS 0x0000000709600000, 0x0000000709600000| Untracked 
|  51|0x0000000709800000, 0x0000000709800000, 0x0000000709a00000|  0%| F|  |TAMS 0x0000000709800000, 0x0000000709800000| Untracked 
|  52|0x0000000709a00000, 0x0000000709a00000, 0x0000000709c00000|  0%| F|  |TAMS 0x0000000709a00000, 0x0000000709a00000| Untracked 
|  53|0x0000000709c00000, 0x0000000709c00000, 0x0000000709e00000|  0%| F|  |TAMS 0x0000000709c00000, 0x0000000709c00000| Untracked 
|  54|0x0000000709e00000, 0x0000000709e00000, 0x000000070a000000|  0%| F|  |TAMS 0x0000000709e00000, 0x0000000709e00000| Untracked 
|  55|0x000000070a000000, 0x000000070a000000, 0x000000070a200000|  0%| F|  |TAMS 0x000000070a000000, 0x000000070a000000| Untracked 
|  56|0x000000070a200000, 0x000000070a200000, 0x000000070a400000|  0%| F|  |TAMS 0x000000070a200000, 0x000000070a200000| Untracked 
|  57|0x000000070a400000, 0x000000070a400000, 0x000000070a600000|  0%| F|  |TAMS 0x000000070a400000, 0x000000070a400000| Untracked 
|  58|0x000000070a600000, 0x000000070a600000, 0x000000070a800000|  0%| F|  |TAMS 0x000000070a600000, 0x000000070a600000| Untracked 
|  59|0x000000070a800000, 0x000000070a800000, 0x000000070aa00000|  0%| F|  |TAMS 0x000000070a800000, 0x000000070a800000| Untracked 
|  60|0x000000070aa00000, 0x000000070aa00000, 0x000000070ac00000|  0%| F|  |TAMS 0x000000070aa00000, 0x000000070aa00000| Untracked 
|  61|0x000000070ac00000, 0x000000070ac00000, 0x000000070ae00000|  0%| F|  |TAMS 0x000000070ac00000, 0x000000070ac00000| Untracked 
|  62|0x000000070ae00000, 0x000000070ae00000, 0x000000070b000000|  0%| F|  |TAMS 0x000000070ae00000, 0x000000070ae00000| Untracked 
|  63|0x000000070b000000, 0x000000070b000000, 0x000000070b200000|  0%| F|  |TAMS 0x000000070b000000, 0x000000070b000000| Untracked 
|  64|0x000000070b200000, 0x000000070b200000, 0x000000070b400000|  0%| F|  |TAMS 0x000000070b200000, 0x000000070b200000| Untracked 
|  65|0x000000070b400000, 0x000000070b400000, 0x000000070b600000|  0%| F|  |TAMS 0x000000070b400000, 0x000000070b400000| Untracked 
|  66|0x000000070b600000, 0x000000070b600000, 0x000000070b800000|  0%| F|  |TAMS 0x000000070b600000, 0x000000070b600000| Untracked 
|  67|0x000000070b800000, 0x000000070b800000, 0x000000070ba00000|  0%| F|  |TAMS 0x000000070b800000, 0x000000070b800000| Untracked 
|  68|0x000000070ba00000, 0x000000070ba00000, 0x000000070bc00000|  0%| F|  |TAMS 0x000000070ba00000, 0x000000070ba00000| Untracked 
|  69|0x000000070bc00000, 0x000000070bc00000, 0x000000070be00000|  0%| F|  |TAMS 0x000000070bc00000, 0x000000070bc00000| Untracked 
|  70|0x000000070be00000, 0x000000070be00000, 0x000000070c000000|  0%| F|  |TAMS 0x000000070be00000, 0x000000070be00000| Untracked 
|  71|0x000000070c000000, 0x000000070c000000, 0x000000070c200000|  0%| F|  |TAMS 0x000000070c000000, 0x000000070c000000| Untracked 
|  72|0x000000070c200000, 0x000000070c200000, 0x000000070c400000|  0%| F|  |TAMS 0x000000070c200000, 0x000000070c200000| Untracked 
|  73|0x000000070c400000, 0x000000070c400000, 0x000000070c600000|  0%| F|  |TAMS 0x000000070c400000, 0x000000070c400000| Untracked 
|  74|0x000000070c600000, 0x000000070c600000, 0x000000070c800000|  0%| F|  |TAMS 0x000000070c600000, 0x000000070c600000| Untracked 
|  75|0x000000070c800000, 0x000000070c800000, 0x000000070ca00000|  0%| F|  |TAMS 0x000000070c800000, 0x000000070c800000| Untracked 
|  76|0x000000070ca00000, 0x000000070ca00000, 0x000000070cc00000|  0%| F|  |TAMS 0x000000070ca00000, 0x000000070ca00000| Untracked 
|  77|0x000000070cc00000, 0x000000070cc00000, 0x000000070ce00000|  0%| F|  |TAMS 0x000000070cc00000, 0x000000070cc00000| Untracked 
|  78|0x000000070ce00000, 0x000000070ce00000, 0x000000070d000000|  0%| F|  |TAMS 0x000000070ce00000, 0x000000070ce00000| Untracked 
|  79|0x000000070d000000, 0x000000070d000000, 0x000000070d200000|  0%| F|  |TAMS 0x000000070d000000, 0x000000070d000000| Untracked 
|  80|0x000000070d200000, 0x000000070d200000, 0x000000070d400000|  0%| F|  |TAMS 0x000000070d200000, 0x000000070d200000| Untracked 
|  81|0x000000070d400000, 0x000000070d400000, 0x000000070d600000|  0%| F|  |TAMS 0x000000070d400000, 0x000000070d400000| Untracked 
|  82|0x000000070d600000, 0x000000070d600000, 0x000000070d800000|  0%| F|  |TAMS 0x000000070d600000, 0x000000070d600000| Untracked 
|  83|0x000000070d800000, 0x000000070d800000, 0x000000070da00000|  0%| F|  |TAMS 0x000000070d800000, 0x000000070d800000| Untracked 
|  84|0x000000070da00000, 0x000000070da00000, 0x000000070dc00000|  0%| F|  |TAMS 0x000000070da00000, 0x000000070da00000| Untracked 
|  85|0x000000070dc00000, 0x000000070dc00000, 0x000000070de00000|  0%| F|  |TAMS 0x000000070dc00000, 0x000000070dc00000| Untracked 
|  86|0x000000070de00000, 0x000000070de00000, 0x000000070e000000|  0%| F|  |TAMS 0x000000070de00000, 0x000000070de00000| Untracked 
|  87|0x000000070e000000, 0x000000070e000000, 0x000000070e200000|  0%| F|  |TAMS 0x000000070e000000, 0x000000070e000000| Untracked 
|  88|0x000000070e200000, 0x000000070e200000, 0x000000070e400000|  0%| F|  |TAMS 0x000000070e200000, 0x000000070e200000| Untracked 
|  89|0x000000070e400000, 0x000000070e400000, 0x000000070e600000|  0%| F|  |TAMS 0x000000070e400000, 0x000000070e400000| Untracked 
|  90|0x000000070e600000, 0x000000070e600000, 0x000000070e800000|  0%| F|  |TAMS 0x000000070e600000, 0x000000070e600000| Untracked 
|  91|0x000000070e800000, 0x000000070e800000, 0x000000070ea00000|  0%| F|  |TAMS 0x000000070e800000, 0x000000070e800000| Untracked 
|  92|0x000000070ea00000, 0x000000070ea00000, 0x000000070ec00000|  0%| F|  |TAMS 0x000000070ea00000, 0x000000070ea00000| Untracked 
|  93|0x000000070ec00000, 0x000000070ec00000, 0x000000070ee00000|  0%| F|  |TAMS 0x000000070ec00000, 0x000000070ec00000| Untracked 
|  94|0x000000070ee00000, 0x000000070ee00000, 0x000000070f000000|  0%| F|  |TAMS 0x000000070ee00000, 0x000000070ee00000| Untracked 
|  95|0x000000070f000000, 0x000000070f000000, 0x000000070f200000|  0%| F|  |TAMS 0x000000070f000000, 0x000000070f000000| Untracked 
|  96|0x000000070f200000, 0x000000070f200000, 0x000000070f400000|  0%| F|  |TAMS 0x000000070f200000, 0x000000070f200000| Untracked 
|  97|0x000000070f400000, 0x000000070f400000, 0x000000070f600000|  0%| F|  |TAMS 0x000000070f400000, 0x000000070f400000| Untracked 
|  98|0x000000070f600000, 0x000000070f600000, 0x000000070f800000|  0%| F|  |TAMS 0x000000070f600000, 0x000000070f600000| Untracked 
|  99|0x000000070f800000, 0x000000070f800000, 0x000000070fa00000|  0%| F|  |TAMS 0x000000070f800000, 0x000000070f800000| Untracked 
| 100|0x000000070fa00000, 0x000000070fa00000, 0x000000070fc00000|  0%| F|  |TAMS 0x000000070fa00000, 0x000000070fa00000| Untracked 
| 101|0x000000070fc00000, 0x000000070fc00000, 0x000000070fe00000|  0%| F|  |TAMS 0x000000070fc00000, 0x000000070fc00000| Untracked 
| 102|0x000000070fe00000, 0x000000070fe00000, 0x0000000710000000|  0%| F|  |TAMS 0x000000070fe00000, 0x000000070fe00000| Untracked 
| 103|0x0000000710000000, 0x0000000710000000, 0x0000000710200000|  0%| F|  |TAMS 0x0000000710000000, 0x0000000710000000| Untracked 
| 104|0x0000000710200000, 0x0000000710200000, 0x0000000710400000|  0%| F|  |TAMS 0x0000000710200000, 0x0000000710200000| Untracked 
| 105|0x0000000710400000, 0x0000000710400000, 0x0000000710600000|  0%| F|  |TAMS 0x0000000710400000, 0x0000000710400000| Untracked 
| 106|0x0000000710600000, 0x0000000710600000, 0x0000000710800000|  0%| F|  |TAMS 0x0000000710600000, 0x0000000710600000| Untracked 
| 107|0x0000000710800000, 0x0000000710800000, 0x0000000710a00000|  0%| F|  |TAMS 0x0000000710800000, 0x0000000710800000| Untracked 
| 108|0x0000000710a00000, 0x0000000710a00000, 0x0000000710c00000|  0%| F|  |TAMS 0x0000000710a00000, 0x0000000710a00000| Untracked 
| 109|0x0000000710c00000, 0x0000000710c00000, 0x0000000710e00000|  0%| F|  |TAMS 0x0000000710c00000, 0x0000000710c00000| Untracked 
| 110|0x0000000710e00000, 0x0000000710e00000, 0x0000000711000000|  0%| F|  |TAMS 0x0000000710e00000, 0x0000000710e00000| Untracked 
| 111|0x0000000711000000, 0x0000000711000000, 0x0000000711200000|  0%| F|  |TAMS 0x0000000711000000, 0x0000000711000000| Untracked 
| 112|0x0000000711200000, 0x0000000711200000, 0x0000000711400000|  0%| F|  |TAMS 0x0000000711200000, 0x0000000711200000| Untracked 
| 113|0x0000000711400000, 0x0000000711400000, 0x0000000711600000|  0%| F|  |TAMS 0x0000000711400000, 0x0000000711400000| Untracked 
| 114|0x0000000711600000, 0x0000000711600000, 0x0000000711800000|  0%| F|  |TAMS 0x0000000711600000, 0x0000000711600000| Untracked 
| 115|0x0000000711800000, 0x0000000711800000, 0x0000000711a00000|  0%| F|  |TAMS 0x0000000711800000, 0x0000000711800000| Untracked 
| 116|0x0000000711a00000, 0x0000000711a71b48, 0x0000000711c00000| 22%| E|  |TAMS 0x0000000711a00000, 0x0000000711a00000| Complete 
| 117|0x0000000711c00000, 0x0000000711e00000, 0x0000000711e00000|100%| E|CS|TAMS 0x0000000711c00000, 0x0000000711c00000| Complete 
| 118|0x0000000711e00000, 0x0000000712000000, 0x0000000712000000|100%| E|CS|TAMS 0x0000000711e00000, 0x0000000711e00000| Complete 
| 119|0x0000000712000000, 0x0000000712200000, 0x0000000712200000|100%| E|CS|TAMS 0x0000000712000000, 0x0000000712000000| Complete 
| 120|0x0000000712200000, 0x0000000712400000, 0x0000000712400000|100%| E|CS|TAMS 0x0000000712200000, 0x0000000712200000| Complete 
| 121|0x0000000712400000, 0x0000000712600000, 0x0000000712600000|100%| E|CS|TAMS 0x0000000712400000, 0x0000000712400000| Complete 
| 122|0x0000000712600000, 0x0000000712800000, 0x0000000712800000|100%| E|CS|TAMS 0x0000000712600000, 0x0000000712600000| Complete 
| 123|0x0000000712800000, 0x0000000712a00000, 0x0000000712a00000|100%| E|CS|TAMS 0x0000000712800000, 0x0000000712800000| Complete 
| 124|0x0000000712a00000, 0x0000000712c00000, 0x0000000712c00000|100%| E|CS|TAMS 0x0000000712a00000, 0x0000000712a00000| Complete 
| 125|0x0000000712c00000, 0x0000000712e00000, 0x0000000712e00000|100%| E|CS|TAMS 0x0000000712c00000, 0x0000000712c00000| Complete 
| 126|0x0000000712e00000, 0x0000000713000000, 0x0000000713000000|100%| E|CS|TAMS 0x0000000712e00000, 0x0000000712e00000| Complete 

Card table byte_map: [0x000001d573c50000,0x000001d574440000] _byte_map_base: 0x000001d570437000

Marking Bits (Prev, Next): (CMBitMap*) 0x000001d55c9901c0, (CMBitMap*) 0x000001d55c990200
 Prev Bits: [0x000001d574c30000, 0x000001d578b68000)
 Next Bits: [0x000001d578b70000, 0x000001d57caa8000)

Polling page: 0x000001d55a830000

Metaspace:

Usage:
  Non-class:      6.26 MB used.
      Class:    532.94 KB used.
       Both:      6.78 MB used.

Virtual space:
  Non-class space:       16.00 MB reserved,       6.38 MB ( 40%) committed,  2 nodes.
      Class space:        1.00 GB reserved,     640.00 KB ( <1%) committed,  1 nodes.
             Both:        1.02 GB reserved,       7.00 MB ( <1%) committed. 

Chunk freelists:
   Non-Class:  3.61 MB
       Class:  3.36 MB
        Both:  6.97 MB

MaxMetaspaceSize: unlimited
CompressedClassSpaceSize: 1.00 GB
Initial GC threshold: 21.00 MB
Current GC threshold: 21.00 MB
CDS: on
MetaspaceReclaimPolicy: balanced
 - commit_granule_bytes: 65536.
 - commit_granule_words: 8192.
 - virtual_space_node_default_size: 1048576.
 - enlarge_chunks_in_place: 1.
 - new_chunks_are_fully_committed: 0.
 - uncommit_free_chunks: 1.
 - use_allocation_guard: 0.
 - handle_deallocations: 1.


Internal statistics:

num_allocs_failed_limit: 0.
num_arena_births: 66.
num_arena_deaths: 0.
num_vsnodes_births: 3.
num_vsnodes_deaths: 0.
num_space_committed: 110.
num_space_uncommitted: 0.
num_chunks_returned_to_freelist: 0.
num_chunks_taken_from_freelist: 259.
num_chunk_merges: 0.
num_chunk_splits: 187.
num_chunks_enlarged: 151.
num_purges: 0.
num_inconsistent_stats: 0.

CodeHeap 'non-profiled nmethods': size=120000Kb used=327Kb max_used=327Kb free=119673Kb
 bounds [0x000001d56bc00000, 0x000001d56be70000, 0x000001d573130000]
CodeHeap 'profiled nmethods': size=120000Kb used=1834Kb max_used=1834Kb free=118165Kb
 bounds [0x000001d5646d0000, 0x000001d564940000, 0x000001d56bc00000]
CodeHeap 'non-nmethods': size=5760Kb used=1685Kb max_used=1705Kb free=4074Kb
 bounds [0x000001d564130000, 0x000001d5643a0000, 0x000001d5646d0000]
 total_blobs=2122 nmethods=996 adapters=1039
 compilation: enabled
              stopped_count=0, restarted_count=0
 full_count=0

Compilation events (20 events):
Event: 0.923 Thread 0x000001d57f5143d0  989       4       java.lang.String::startsWith (7 bytes)
Event: 0.923 Thread 0x000001d57f515ce0 nmethod 987 0x000001d564895c10 code [0x000001d564895e80, 0x000001d564896c38]
Event: 0.923 Thread 0x000001d57f515ce0  988       3       java.lang.AbstractStringBuilder::appendChars (130 bytes)
Event: 0.924 Thread 0x000001d57f515ce0 nmethod 988 0x000001d564897190 code [0x000001d564897380, 0x000001d564897928]
Event: 0.924 Thread 0x000001d57f515ce0  986       3       java.util.StringTokenizer::<init> (52 bytes)
Event: 0.924 Thread 0x000001d57f515ce0 nmethod 986 0x000001d564897b90 code [0x000001d564897d60, 0x000001d5648980e8]
Event: 0.924 Thread 0x000001d57f515ce0  993       3       java.util.StringTokenizer::<init> (8 bytes)
Event: 0.924 Thread 0x000001d57f515ce0 nmethod 993 0x000001d564898290 code [0x000001d564898420, 0x000001d564898568]
Event: 0.924 Thread 0x000001d57f515ce0  991       3       java.nio.CharBuffer::position (8 bytes)
Event: 0.924 Thread 0x000001d57f515ce0 nmethod 991 0x000001d564898610 code [0x000001d5648987a0, 0x000001d5648988e8]
Event: 0.924 Thread 0x000001d57f515ce0  992       3       java.nio.CharBuffer::position (6 bytes)
Event: 0.924 Thread 0x000001d57f515ce0 nmethod 992 0x000001d564898990 code [0x000001d564898b40, 0x000001d564898ce8]
Event: 0.925 Thread 0x000001d57f515ce0  994       3       com.badlogic.gdx.graphics.g2d.BitmapFont$BitmapFontData::setGlyphRegion (402 bytes)
Event: 0.926 Thread 0x000001d57f5143d0 nmethod 989 0x000001d56bc4e790 code [0x000001d56bc4e920, 0x000001d56bc4eb38]
Event: 0.926 Thread 0x000001d57f5143d0  990       4       java.util.StringTokenizer::skipDelimiters (116 bytes)
Event: 0.926 Thread 0x000001d57f515ce0 nmethod 994 0x000001d564898d90 code [0x000001d564899000, 0x000001d564899bd8]
Event: 0.926 Thread 0x000001d57f515ce0  995       3       java.util.concurrent.ConcurrentHashMap::values (25 bytes)
Event: 0.926 Thread 0x000001d57f515ce0 nmethod 995 0x000001d564899e90 code [0x000001d56489a040, 0x000001d56489a3f8]
Event: 0.926 Thread 0x000001d57f515ce0  996       3       java.util.concurrent.ConcurrentHashMap$ValuesView::iterator (34 bytes)
Event: 0.926 Thread 0x000001d57f515ce0 nmethod 996 0x000001d56489a510 code [0x000001d56489a6c0, 0x000001d56489a908]

GC Heap History (0 events):
No events

Deoptimization events (20 events):
Event: 0.267 Thread 0x000001d55c936230 DEOPT PACKING pc=0x000001d564783681 sp=0x0000004fad1fb990
Event: 0.267 Thread 0x000001d55c936230 DEOPT UNPACKING pc=0x000001d564186763 sp=0x0000004fad1fae08 mode 0
Event: 0.303 Thread 0x000001d55c936230 DEOPT PACKING pc=0x000001d5646f36e5 sp=0x0000004fad1fdcb0
Event: 0.303 Thread 0x000001d55c936230 DEOPT UNPACKING pc=0x000001d564186763 sp=0x0000004fad1fd100 mode 0
Event: 0.679 Thread 0x000001d55c936230 Uncommon trap: trap_request=0xffffff5c fr.pc=0x000001d56bc373d8 relative=0x0000000000000058
Event: 0.679 Thread 0x000001d55c936230 Uncommon trap: reason=speculate_null_check action=make_not_entrant pc=0x000001d56bc373d8 method=sun.misc.Unsafe.getLong(Ljava/lang/Object;J)J @ 5 c2
Event: 0.679 Thread 0x000001d55c936230 DEOPT PACKING pc=0x000001d56bc373d8 sp=0x0000004fad1feb20
Event: 0.679 Thread 0x000001d55c936230 DEOPT UNPACKING pc=0x000001d564185c23 sp=0x0000004fad1fea98 mode 2
Event: 0.687 Thread 0x000001d55c936230 DEOPT PACKING pc=0x000001d5646f833e sp=0x0000004fad1fc5c0
Event: 0.687 Thread 0x000001d55c936230 DEOPT UNPACKING pc=0x000001d564186763 sp=0x0000004fad1fba38 mode 0
Event: 0.808 Thread 0x000001d55c936230 Uncommon trap: trap_request=0xffffff45 fr.pc=0x000001d56bc3d544 relative=0x0000000000000b44
Event: 0.808 Thread 0x000001d55c936230 Uncommon trap: reason=unstable_if action=reinterpret pc=0x000001d56bc3d544 method=java.io.BufferedReader.readLine(Z[Z)Ljava/lang/String; @ 161 c2
Event: 0.808 Thread 0x000001d55c936230 DEOPT PACKING pc=0x000001d56bc3d544 sp=0x0000004fad1fe960
Event: 0.808 Thread 0x000001d55c936230 DEOPT UNPACKING pc=0x000001d564185c23 sp=0x0000004fad1fe8f8 mode 2
Event: 0.833 Thread 0x000001d55c936230 Uncommon trap: trap_request=0xffffff45 fr.pc=0x000001d56bc407c8 relative=0x0000000000000048
Event: 0.833 Thread 0x000001d55c936230 Uncommon trap: reason=unstable_if action=reinterpret pc=0x000001d56bc407c8 method=java.lang.CharacterData.of(I)Ljava/lang/CharacterData; @ 4 c2
Event: 0.833 Thread 0x000001d55c936230 DEOPT PACKING pc=0x000001d56bc407c8 sp=0x0000004fad1fe000
Event: 0.833 Thread 0x000001d55c936230 DEOPT UNPACKING pc=0x000001d564185c23 sp=0x0000004fad1fdfa0 mode 2
Event: 0.842 Thread 0x000001d55c936230 DEOPT PACKING pc=0x000001d56480823b sp=0x0000004fad1fdda0
Event: 0.842 Thread 0x000001d55c936230 DEOPT UNPACKING pc=0x000001d564186763 sp=0x0000004fad1fd200 mode 0

Classes unloaded (0 events):
No events

Classes redefined (0 events):
No events

Internal exceptions (20 events):
Event: 0.154 Thread 0x000001d55c936230 Exception <a 'java/lang/NoSuchMethodError'{0x0000000712a02858}: 'int java.lang.invoke.DirectMethodHandle$Holder.invokeSpecial(java.lang.Object, java.lang.Object, java.lang.Object)'> (0x0000000712a02858) 
thrown [t:\workspace\open\src\hotspot\share\interpreter\linkResolver.cpp, line 766]
Event: 0.171 Thread 0x000001d55c936230 Exception <a 'sun/nio/fs/WindowsException'{0x0000000712a4a158}> (0x0000000712a4a158) 
thrown [t:\workspace\open\src\hotspot\share\prims\jni.cpp, line 516]
Event: 0.171 Thread 0x000001d55c936230 Exception <a 'sun/nio/fs/WindowsException'{0x0000000712a4a6a8}> (0x0000000712a4a6a8) 
thrown [t:\workspace\open\src\hotspot\share\prims\jni.cpp, line 516]
Event: 0.238 Thread 0x000001d55c936230 Exception <a 'java/lang/NoSuchMethodError'{0x00000007128feef0}: 'int java.lang.invoke.DirectMethodHandle$Holder.invokeStaticInit(java.lang.Object, java.lang.Object, int, long)'> (0x00000007128feef0) 
thrown [t:\workspace\open\src\hotspot\share\interpreter\linkResolver.cpp, line 766]
Event: 0.238 Thread 0x000001d55c936230 Exception <a 'java/lang/NoSuchMethodError'{0x00000007129047b8}: 'java.lang.Object java.lang.invoke.DirectMethodHandle$Holder.newInvokeSpecial(java.lang.Object, java.lang.Object, int)'> (0x00000007129047b8) 
thrown [t:\workspace\open\src\hotspot\share\interpreter\linkResolver.cpp, line 766]
Event: 0.240 Thread 0x000001d55c936230 Exception <a 'java/lang/NoSuchMethodError'{0x0000000712913408}: 'int java.lang.invoke.DirectMethodHandle$Holder.invokeStaticInit(java.lang.Object, java.lang.Object, long, long)'> (0x0000000712913408) 
thrown [t:\workspace\open\src\hotspot\share\interpreter\linkResolver.cpp, line 766]
Event: 0.240 Thread 0x000001d55c936230 Exception <a 'java/lang/NoSuchMethodError'{0x0000000712919518}: 'java.lang.Object java.lang.invoke.DirectMethodHandle$Holder.newInvokeSpecial(java.lang.Object, java.lang.Object, long)'> (0x0000000712919518) 
thrown [t:\workspace\open\src\hotspot\share\interpreter\linkResolver.cpp, line 766]
Event: 0.240 Thread 0x000001d55c936230 Exception <a 'java/lang/NoSuchMethodError'{0x000000071291d560}: 'java.lang.Object java.lang.invoke.Invokers$Holder.linkToTargetMethod(java.lang.Object, long, java.lang.Object)'> (0x000000071291d560) 
thrown [t:\workspace\open\src\hotspot\share\interpreter\linkResolver.cpp, line 766]
Event: 0.241 Thread 0x000001d55c936230 Exception <a 'java/lang/NoSuchMethodError'{0x0000000712924ce0}: 'int java.lang.invoke.DirectMethodHandle$Holder.invokeStaticInit(java.lang.Object, java.lang.Object, java.lang.Object, long)'> (0x0000000712924ce0) 
thrown [t:\workspace\open\src\hotspot\share\interpreter\linkResolver.cpp, line 766]
Event: 0.260 Thread 0x000001d55c936230 Exception <a 'sun/nio/fs/WindowsException'{0x000000071298c1c0}> (0x000000071298c1c0) 
thrown [t:\workspace\open\src\hotspot\share\prims\jni.cpp, line 516]
Event: 0.260 Thread 0x000001d55c936230 Exception <a 'sun/nio/fs/WindowsException'{0x000000071298c550}> (0x000000071298c550) 
thrown [t:\workspace\open\src\hotspot\share\prims\jni.cpp, line 516]
Event: 0.285 Thread 0x000001d55c936230 Exception <a 'sun/nio/fs/WindowsException'{0x000000071262a380}> (0x000000071262a380) 
thrown [t:\workspace\open\src\hotspot\share\prims\jni.cpp, line 516]
Event: 0.285 Thread 0x000001d55c936230 Exception <a 'sun/nio/fs/WindowsException'{0x000000071262a6e0}> (0x000000071262a6e0) 
thrown [t:\workspace\open\src\hotspot\share\prims\jni.cpp, line 516]
Event: 0.316 Thread 0x000001d55c936230 Exception <a 'sun/nio/fs/WindowsException'{0x00000007126b6a28}> (0x00000007126b6a28) 
thrown [t:\workspace\open\src\hotspot\share\prims\jni.cpp, line 516]
Event: 0.316 Thread 0x000001d55c936230 Exception <a 'sun/nio/fs/WindowsException'{0x00000007126b6da8}> (0x00000007126b6da8) 
thrown [t:\workspace\open\src\hotspot\share\prims\jni.cpp, line 516]
Event: 0.536 Thread 0x000001d55c936230 Exception <a 'java/lang/NoSuchMethodError'{0x00000007126fc058}: 'java.lang.Object java.lang.invoke.DirectMethodHandle$Holder.newInvokeSpecial(java.lang.Object, long)'> (0x00000007126fc058) 
thrown [t:\workspace\open\src\hotspot\share\interpreter\linkResolver.cpp, line 766]
Event: 0.635 Thread 0x000001d55c936230 Exception <a 'sun/nio/fs/WindowsException'{0x0000000712473308}> (0x0000000712473308) 
thrown [t:\workspace\open\src\hotspot\share\prims\jni.cpp, line 516]
Event: 0.635 Thread 0x000001d55c936230 Exception <a 'sun/nio/fs/WindowsException'{0x00000007124736a8}> (0x00000007124736a8) 
thrown [t:\workspace\open\src\hotspot\share\prims\jni.cpp, line 516]
Event: 0.638 Thread 0x000001d55c936230 Exception <a 'sun/nio/fs/WindowsException'{0x0000000712483dc0}> (0x0000000712483dc0) 
thrown [t:\workspace\open\src\hotspot\share\prims\jni.cpp, line 516]
Event: 0.638 Thread 0x000001d55c936230 Exception <a 'sun/nio/fs/WindowsException'{0x0000000712484090}> (0x0000000712484090) 
thrown [t:\workspace\open\src\hotspot\share\prims\jni.cpp, line 516]

VM Operations (8 events):
Event: 0.086 Executing VM operation: HandshakeAllThreads
Event: 0.086 Executing VM operation: HandshakeAllThreads done
Event: 0.206 Executing VM operation: HandshakeAllThreads
Event: 0.206 Executing VM operation: HandshakeAllThreads done
Event: 0.834 Executing VM operation: HandshakeAllThreads
Event: 0.834 Executing VM operation: HandshakeAllThreads done
Event: 0.919 Executing VM operation: HandshakeAllThreads
Event: 0.919 Executing VM operation: HandshakeAllThreads done

Events (20 events):
Event: 0.826 loading class sun/net/www/protocol/jrt/Handler
Event: 0.826 loading class sun/net/www/protocol/jrt/Handler done
Event: 0.829 loading class sun/util/resources/LocaleData$CommonResourceBundleProvider
Event: 0.829 loading class sun/util/resources/LocaleData$LocaleDataResourceBundleProvider
Event: 0.829 loading class java/util/spi/ResourceBundleProvider
Event: 0.829 loading class java/util/spi/ResourceBundleProvider done
Event: 0.829 loading class sun/util/resources/LocaleData$LocaleDataResourceBundleProvider done
Event: 0.829 loading class sun/util/resources/LocaleData$CommonResourceBundleProvider done
Event: 0.829 loading class java/util/LinkedList$ListItr
Event: 0.829 loading class java/util/LinkedList$ListItr done
Event: 0.830 loading class sun/util/resources/Bundles$2
Event: 0.830 loading class sun/util/resources/Bundles$2 done
Event: 0.835 loading class java/lang/NegativeArraySizeException
Event: 0.836 loading class java/lang/NegativeArraySizeException done
Event: 0.836 loading class java/lang/StringIndexOutOfBoundsException
Event: 0.836 loading class java/lang/StringIndexOutOfBoundsException done
Event: 0.840 loading class java/util/zip/GZIPInputStream
Event: 0.840 loading class java/util/zip/GZIPInputStream done
Event: 0.861 Thread 0x000001d5023f4210 Thread added: 0x000001d5023f4210
Event: 0.890 Loaded shared library C:\Users\henri\AppData\Local\Temp\libgdxhenri\5e84b8da\gdx-box2d64.dll


Dynamic libraries:
0x00007ff6ef770000 - 0x00007ff6ef780000 	C:\Program Files\Java\jdk-17.0.1\bin\java.exe
0x00007ffc5d4d0000 - 0x00007ffc5d6e6000 	C:\WINDOWS\SYSTEM32\ntdll.dll
0x00007ffc5c450000 - 0x00007ffc5c514000 	C:\WINDOWS\System32\KERNEL32.DLL
0x00007ffc5a9b0000 - 0x00007ffc5ad56000 	C:\WINDOWS\System32\KERNELBASE.dll
0x00007ffc5ae00000 - 0x00007ffc5af11000 	C:\WINDOWS\System32\ucrtbase.dll
0x00007ffc444e0000 - 0x00007ffc444f8000 	C:\Program Files\Java\jdk-17.0.1\bin\jli.dll
0x00007ffc5cc70000 - 0x00007ffc5cd22000 	C:\WINDOWS\System32\ADVAPI32.dll
0x00007ffc44240000 - 0x00007ffc4425a000 	C:\Program Files\Java\jdk-17.0.1\bin\VCRUNTIME140.dll
0x00007ffc5c9a0000 - 0x00007ffc5ca47000 	C:\WINDOWS\System32\msvcrt.dll
0x00007ffc5b780000 - 0x00007ffc5b828000 	C:\WINDOWS\System32\sechost.dll
0x00007ffc5b060000 - 0x00007ffc5b088000 	C:\WINDOWS\System32\bcrypt.dll
0x00007ffc5d1c0000 - 0x00007ffc5d2d5000 	C:\WINDOWS\System32\RPCRT4.dll
0x00007ffc5d2e0000 - 0x00007ffc5d48d000 	C:\WINDOWS\System32\USER32.dll
0x00007ffc5a810000 - 0x00007ffc5a836000 	C:\WINDOWS\System32\win32u.dll
0x00007ffc4b1e0000 - 0x00007ffc4b473000 	C:\WINDOWS\WinSxS\amd64_microsoft.windows.common-controls_6595b64144ccf1df_6.0.22621.3235_none_270f74e173860f98\COMCTL32.dll
0x00007ffc5cb20000 - 0x00007ffc5cb49000 	C:\WINDOWS\System32\GDI32.dll
0x00007ffc5b100000 - 0x00007ffc5b218000 	C:\WINDOWS\System32\gdi32full.dll
0x00007ffc5ad60000 - 0x00007ffc5adfa000 	C:\WINDOWS\System32\msvcp_win.dll
0x00007ffc4a3f0000 - 0x00007ffc4a3fa000 	C:\WINDOWS\SYSTEM32\VERSION.dll
0x00007ffc5cea0000 - 0x00007ffc5ced1000 	C:\WINDOWS\System32\IMM32.DLL
0x00007ffc44320000 - 0x00007ffc4432c000 	C:\Program Files\Java\jdk-17.0.1\bin\vcruntime140_1.dll
0x00007ffc22180000 - 0x00007ffc2220d000 	C:\Program Files\Java\jdk-17.0.1\bin\msvcp140.dll
0x00007ffbdea30000 - 0x00007ffbdf5ee000 	C:\Program Files\Java\jdk-17.0.1\bin\server\jvm.dll
0x00007ffc5d130000 - 0x00007ffc5d138000 	C:\WINDOWS\System32\PSAPI.DLL
0x00007ffc34030000 - 0x00007ffc34039000 	C:\WINDOWS\SYSTEM32\WSOCK32.dll
0x00007ffc5c0a0000 - 0x00007ffc5c111000 	C:\WINDOWS\System32\WS2_32.dll
0x00007ffc4bfa0000 - 0x00007ffc4bfd4000 	C:\WINDOWS\SYSTEM32\WINMM.dll
0x00007ffc59890000 - 0x00007ffc598a8000 	C:\WINDOWS\SYSTEM32\kernel.appcore.dll
0x00007ffc42e20000 - 0x00007ffc42e2a000 	C:\Program Files\Java\jdk-17.0.1\bin\jimage.dll
0x00007ffc57c60000 - 0x00007ffc57e93000 	C:\WINDOWS\SYSTEM32\DBGHELP.DLL
0x00007ffc5b220000 - 0x00007ffc5b5a8000 	C:\WINDOWS\System32\combase.dll
0x00007ffc5cd30000 - 0x00007ffc5ce07000 	C:\WINDOWS\System32\OLEAUT32.dll
0x00007ffc4a360000 - 0x00007ffc4a392000 	C:\WINDOWS\SYSTEM32\dbgcore.DLL
0x00007ffc5afe0000 - 0x00007ffc5b05a000 	C:\WINDOWS\System32\bcryptPrimitives.dll
0x00007ffc40750000 - 0x00007ffc40775000 	C:\Program Files\Java\jdk-17.0.1\bin\java.dll
0x00007ffbfb3d0000 - 0x00007ffbfb4a6000 	C:\Program Files\Java\jdk-17.0.1\bin\svml.dll
0x00007ffc5b830000 - 0x00007ffc5c08d000 	C:\WINDOWS\System32\SHELL32.dll
0x00007ffc58720000 - 0x00007ffc59018000 	C:\WINDOWS\SYSTEM32\windows.storage.dll
0x00007ffc585e0000 - 0x00007ffc5871e000 	C:\WINDOWS\SYSTEM32\wintypes.dll
0x00007ffc5c120000 - 0x00007ffc5c213000 	C:\WINDOWS\System32\SHCORE.dll
0x00007ffc5c220000 - 0x00007ffc5c27e000 	C:\WINDOWS\System32\shlwapi.dll
0x00007ffc5a740000 - 0x00007ffc5a766000 	C:\WINDOWS\SYSTEM32\profapi.dll
0x00007ffc40730000 - 0x00007ffc40749000 	C:\Program Files\Java\jdk-17.0.1\bin\net.dll
0x00007ffc4f8d0000 - 0x00007ffc4fa07000 	C:\WINDOWS\SYSTEM32\WINHTTP.dll
0x00007ffc59dc0000 - 0x00007ffc59e29000 	C:\WINDOWS\system32\mswsock.dll
0x00007ffc40420000 - 0x00007ffc40435000 	C:\Program Files\Java\jdk-17.0.1\bin\nio.dll
0x00007ffc3b2c0000 - 0x00007ffc3b2d8000 	C:\Program Files\Java\jdk-17.0.1\bin\zip.dll
0x000000006e700000 - 0x000000006e72d000 	C:\Users\henri\AppData\Local\Temp\libgdxhenri\2a9d7f76\gdx64.dll
0x00007ffc193e0000 - 0x00007ffc1945b000 	C:\Users\henri\AppData\Local\Temp\lwjgl_henri\3.3.3+5\x64\lwjgl.dll
0x00007ffbfa9b0000 - 0x00007ffbfac20000 	C:\Users\henri\AppData\Local\Temp\lwjgl_henri\3.3.3+5\x64\jemalloc.dll
0x00007ffbfb550000 - 0x00007ffbfb5d2000 	C:\Users\henri\AppData\Local\Temp\lwjgl_henri\3.3.3+5\x64\glfw.dll
0x00007ffc34130000 - 0x00007ffc34176000 	C:\WINDOWS\SYSTEM32\dinput8.dll
0x00007ffc4ba40000 - 0x00007ffc4ba51000 	C:\WINDOWS\SYSTEM32\xinput1_4.dll
0x00007ffc5a520000 - 0x00007ffc5a56e000 	C:\WINDOWS\SYSTEM32\cfgmgr32.dll
0x00007ffc5a4d0000 - 0x00007ffc5a4fc000 	C:\WINDOWS\SYSTEM32\DEVOBJ.dll
0x00007ffc57ea0000 - 0x00007ffc57ecb000 	C:\WINDOWS\SYSTEM32\dwmapi.dll
0x00007ffc57980000 - 0x00007ffc57a2b000 	C:\WINDOWS\system32\uxtheme.dll
0x00007ffc146b0000 - 0x00007ffc148ba000 	C:\WINDOWS\SYSTEM32\inputhost.dll
0x00007ffc573e0000 - 0x00007ffc57514000 	C:\WINDOWS\SYSTEM32\CoreMessaging.dll
0x00007ffc5c290000 - 0x00007ffc5c3e4000 	C:\WINDOWS\System32\MSCTF.dll
0x00007ffc5a010000 - 0x00007ffc5a01c000 	C:\WINDOWS\SYSTEM32\CRYPTBASE.DLL
0x00007ffbfa7e0000 - 0x00007ffbfa9a7000 	C:\Users\henri\AppData\Local\Temp\lwjgl_henri\3.3.3+5\x64\OpenAL.dll
0x00007ffc5cee0000 - 0x00007ffc5d07f000 	C:\WINDOWS\System32\ole32.dll
0x00007ffc5d080000 - 0x00007ffc5d130000 	C:\WINDOWS\System32\clbcatq.dll
0x00007ffc4a2c0000 - 0x00007ffc4a35d000 	C:\WINDOWS\System32\MMDevApi.dll
0x00007ffc44d60000 - 0x00007ffc44f4c000 	C:\WINDOWS\SYSTEM32\AUDIOSES.DLL
0x00007ffc58220000 - 0x00007ffc58235000 	C:\WINDOWS\SYSTEM32\resourcepolicyclient.dll
0x00007ffc59a20000 - 0x00007ffc59a6d000 	C:\WINDOWS\SYSTEM32\powrprof.dll
0x00007ffc59910000 - 0x00007ffc59923000 	C:\WINDOWS\SYSTEM32\UMPDC.dll
0x00007ffc22bb0000 - 0x00007ffc22cb0000 	C:\WINDOWS\SYSTEM32\opengl32.dll
0x00007ffc42a90000 - 0x00007ffc42abd000 	C:\WINDOWS\SYSTEM32\GLU32.dll
0x00007ffc57b10000 - 0x00007ffc57b49000 	C:\WINDOWS\SYSTEM32\dxcore.dll
0x00007ffc517c0000 - 0x00007ffc5180a000 	C:\WINDOWS\SYSTEM32\directxdatabasehelper.dll
0x00007ffc4bdc0000 - 0x00007ffc4bef5000 	C:\Windows\System32\AppXDeploymentClient.dll
0x00007ffbdda50000 - 0x00007ffbdea23000 	C:\WINDOWS\System32\DriverStore\FileRepository\iigd_dch.inf_amd64_3a2f90c1eb2e1524\igxelpicd64.dll
0x00007ffc57b50000 - 0x00007ffc57c48000 	C:\WINDOWS\system32\dxgi.dll
0x00007ffbe21c0000 - 0x00007ffbe2647000 	C:\WINDOWS\System32\DriverStore\FileRepository\iigd_dch.inf_amd64_3a2f90c1eb2e1524\igdml64.dll
0x00007ffc4c3d0000 - 0x00007ffc4c791000 	C:\WINDOWS\System32\DriverStore\FileRepository\iigd_dch.inf_amd64_3a2f90c1eb2e1524\igdgmm64.dll
0x00007ffc459e0000 - 0x00007ffc48be6000 	C:\WINDOWS\System32\DriverStore\FileRepository\iigd_dch.inf_amd64_3a2f90c1eb2e1524\igc64.dll
0x00007ffc18890000 - 0x00007ffc188ee000 	C:\Users\henri\AppData\Local\Temp\lwjgl_henri\3.3.3+5\x64\lwjgl_opengl.dll
0x00007ffc13570000 - 0x00007ffc136ba000 	C:\WINDOWS\SYSTEM32\textinputframework.dll
0x00007ffc50a40000 - 0x00007ffc50dac000 	C:\WINDOWS\SYSTEM32\CoreUIComponents.dll
0x0000000066b00000 - 0x0000000066b5a000 	C:\Users\henri\AppData\Local\Temp\libgdxhenri\5e84b8da\gdx-box2d64.dll

dbghelp: loaded successfully - version: 4.0.5 - missing functions: none
symbol engine: initialized successfully - sym options: 0x614 - pdb path: .;C:\Program Files\Java\jdk-17.0.1\bin;C:\WINDOWS\SYSTEM32;C:\WINDOWS\WinSxS\amd64_microsoft.windows.common-controls_6595b64144ccf1df_6.0.22621.3235_none_270f74e173860f98;C:\Program Files\Java\jdk-17.0.1\bin\server;C:\Users\henri\AppData\Local\Temp\libgdxhenri\2a9d7f76;C:\Users\henri\AppData\Local\Temp\lwjgl_henri\3.3.3+5\x64;C:\WINDOWS\System32\DriverStore\FileRepository\iigd_dch.inf_amd64_3a2f90c1eb2e1524;C:\Users\henri\AppData\Local\Temp\libgdxhenri\5e84b8da

VM Arguments:
jvm_args: -XX:+ShowCodeDetailsInExceptionMessages 
java_command: inf112.skeleton.app.Main
java_class_path (initial): C:\Users\henri\.vscode\ctrl-alt-defeat\target\classes;C:\Users\henri\.m2\repository\com\badlogicgames\gdx\gdx\1.12.1\gdx-1.12.1.jar;C:\Users\henri\.m2\repository\com\badlogicgames\gdx\gdx-jnigen-loader\2.3.1\gdx-jnigen-loader-2.3.1.jar;C:\Users\henri\.m2\repository\com\badlogicgames\gdx\gdx-platform\1.12.1\gdx-platform-1.12.1-natives-desktop.jar;C:\Users\henri\.m2\repository\com\badlogicgames\gdx\gdx-backend-lwjgl3\1.12.1\gdx-backend-lwjgl3-1.12.1.jar;C:\Users\henri\.m2\repository\org\lwjgl\lwjgl\3.3.3\lwjgl-3.3.3.jar;C:\Users\henri\.m2\repository\org\lwjgl\lwjgl\3.3.3\lwjgl-3.3.3-natives-linux.jar;C:\Users\henri\.m2\repository\org\lwjgl\lwjgl\3.3.3\lwjgl-3.3.3-natives-linux-arm32.jar;C:\Users\henri\.m2\repository\org\lwjgl\lwjgl\3.3.3\lwjgl-3.3.3-natives-linux-arm64.jar;C:\Users\henri\.m2\repository\org\lwjgl\lwjgl\3.3.3\lwjgl-3.3.3-natives-macos.jar;C:\Users\henri\.m2\repository\org\lwjgl\lwjgl\3.3.3\lwjgl-3.3.3-natives-macos-arm64.jar;C:\Users\henri\.m2\repository\org\lwjgl\lwjgl\3.3.3\lwjgl-3.3.3-natives-windows.jar;C:\Users\henri\.m2\repository\org\lwjgl\lwjgl\3.3.3\lwjgl-3.3.3-natives-windows-x86.jar;C:\Users\henri\.m2\repository\org\lwjgl\lwjgl-glfw\3.3.3\lwjgl-glfw-3.3.3.jar;C:\Users\henri\.m2\repository\org\lwjgl\lwjgl-glfw\3.3.3\lwjgl-glfw-3.3.3-natives-linux.jar;C:\Users\henri\.m2\repository\org\lwjgl\lwjgl-glfw\3.3.3\lwjgl-glfw-3.3.3-natives-linux-arm32.jar;C:\Users\henri\.m2\repository\org\lwjgl\lwjgl-glfw\3.3.3\lwjgl-glfw-3.3.3-natives-linux-arm64.jar;C:\Users\henri\.m2\repository\org\lwjgl\lwjgl-glfw\3.3.3\lwjgl-glfw-3.3.3-natives-macos.jar;C:\Users\henri\.m2\repository\org\lwjgl\lwjgl-glfw\3.3.3\lwjgl-glfw-3.3.3-natives-macos-arm64.jar;C:\Users\henri\.m2\repository\org\lwjgl\lwjgl-glfw\3.3.3\lwjgl-glfw-3.3.3-natives-windows.jar;C:\Users\henri\.m2\repository\org\lwjgl\lwjgl-glfw\3.3.3\lwjgl-glfw-3.3.3-natives-windows-x86.jar;C:\Users\henri\.m2\repository\org\lwjgl\lwjgl-jemalloc\3.3.3\lwjgl-jemalloc-3.3.3.jar;C:\Users\henr
Launcher Type: SUN_STANDARD

[Global flags]
     intx CICompilerCount                          = 4                                         {product} {ergonomic}
     uint ConcGCThreads                            = 2                                         {product} {ergonomic}
     uint G1ConcRefinementThreads                  = 8                                         {product} {ergonomic}
   size_t G1HeapRegionSize                         = 2097152                                   {product} {ergonomic}
    uintx GCDrainStackTargetSize                   = 64                                        {product} {ergonomic}
   size_t InitialHeapSize                          = 266338304                                 {product} {ergonomic}
   size_t MarkStackSize                            = 4194304                                   {product} {ergonomic}
   size_t MaxHeapSize                              = 4242538496                                {product} {ergonomic}
   size_t MaxNewSize                               = 2543845376                                {product} {ergonomic}
   size_t MinHeapDeltaBytes                        = 2097152                                   {product} {ergonomic}
   size_t MinHeapSize                              = 8388608                                   {product} {ergonomic}
    uintx NonNMethodCodeHeapSize                   = 5839372                                {pd product} {ergonomic}
    uintx NonProfiledCodeHeapSize                  = 122909434                              {pd product} {ergonomic}
    uintx ProfiledCodeHeapSize                     = 122909434                              {pd product} {ergonomic}
    uintx ReservedCodeCacheSize                    = 251658240                              {pd product} {ergonomic}
     bool SegmentedCodeCache                       = true                                      {product} {ergonomic}
     bool ShowCodeDetailsInExceptionMessages       = true                                   {manageable} {command line}
   size_t SoftMaxHeapSize                          = 4242538496                             {manageable} {ergonomic}
     bool UseCompressedClassPointers               = true                           {product lp64_product} {ergonomic}
     bool UseCompressedOops                        = true                           {product lp64_product} {ergonomic}
     bool UseG1GC                                  = true                                      {product} {ergonomic}
     bool UseLargePagesIndividualAllocation        = false                                  {pd product} {ergonomic}

Logging:
Log output configuration:
 #0: stdout all=warning uptime,level,tags
 #1: stderr all=off uptime,level,tags

Environment Variables:
PATH=C:\Program Files\Common Files\Oracle\Java\javapath;C:\Program Files (x86)\Common Files\Oracle\Java\javapath;C:\WINDOWS\system32;C:\WINDOWS;C:\WINDOWS\System32\Wbem;C:\WINDOWS\System32\WindowsPowerShell\v1.0\;C:\WINDOWS\System32\OpenSSH\;C:\Program Files (x86)\Calibre2\;C:\Program Files\Git\cmd;C:\Program Files\dotnet\;C:\Program Files\MATLAB\R2023a\bin;C:\Program Files\MATLAB\R2022b\bin;C:\Users\henri\AppData\Local\Programs\Python\Python39\Scripts\;C:\Users\henri\AppData\Local\Programs\Python\Python39\;C:\Users\henri\AppData\Local\Microsoft\WindowsApps;C:\Users\henri\AppData\Local\Programs\Microsoft VS Code\bin;C:\Users\henri\AppData\Local\GitHubDesktop\bin;C:\ghcup\bin;
USERNAME=henri
LANG=en_US.UTF-8
OS=Windows_NT
PROCESSOR_IDENTIFIER=Intel64 Family 6 Model 140 Stepping 1, GenuineIntel



---------------  S Y S T E M  ---------------

OS:
 Windows 10 , 64 bit Build 22621 (10.0.22621.3235)
OS uptime: 2 days 14:03 hours
Hyper-V role detected

CPU: total 8 (initial active 8) (4 cores per cpu, 2 threads per core) family 6 model 140 stepping 1 microcode 0x86, cx8, cmov, fxsr, ht, mmx, 3dnowpref, sse, sse2, sse3, ssse3, sse4.1, sse4.2, popcnt, lzcnt, tsc, tscinvbit, avx, avx2, aes, erms, clmul, bmi1, bmi2, adx, avx512f, avx512dq, avx512cd, avx512bw, avx512vl, sha, fma, vzeroupper, avx512_vpopcntdq, avx512_vpclmulqdq, avx512_vaes, avx512_vnni, clflush, clflushopt, clwb, avx512_vbmi2, avx512_vbmi, hv

Memory: 4k page, system-wide physical 16179M (7793M free)
TotalPageFile size 27955M (AvailPageFile size 15971M)
current process WorkingSet (physical memory assigned to process): 186M, peak: 186M
current process commit charge ("private bytes"): 419M, peak: 420M

vm_info: Java HotSpot(TM) 64-Bit Server VM (17.0.1+12-LTS-39) for windows-amd64 JRE (17.0.1+12-LTS-39), built on Sep 27 2021 18:41:35 by "mach5one" with MS VC++ 16.8 (VS2019)

END.
